#
# There is insufficient memory for the Java Runtime Environment to continue.
# Native memory allocation (malloc) failed to allocate 32744 bytes for Chunk::new
# Possible reasons:
#   The system is out of physical RAM or swap space
#   The process is running with CompressedOops enabled, and the Java Heap may be blocking the growth of the native heap
# Possible solutions:
#   Reduce memory load on the system
#   Increase physical memory or swap space
#   Check if swap backing store is full
#   Decrease Java heap size (-Xmx/-Xms)
#   Decrease number of Java threads
#   Decrease Java thread stack sizes (-Xss)
#   Set larger code cache with -XX:ReservedCodeCacheSize=
#   JVM is running with Zero Based Compressed Oops mode in which the Java heap is
#     placed in the first 32GB address space. The Java Heap base address is the
#     maximum limit for the native heap growth. Please use -XX:HeapBaseMinAddress
#     to set the Java Heap base and to place the Java Heap above 32GB virtual address.
# This output file may be truncated or incomplete.
#
#  Out of Memory Error (arena.cpp:168), pid=40344, tid=44752
#
# JRE version: Java(TM) SE Runtime Environment (21.0.2+13) (build 21.0.2+13-LTS-58)
# Java VM: Java HotSpot(TM) 64-Bit Server VM (21.0.2+13-LTS-58, mixed mode, sharing, tiered, compressed oops, compressed class ptrs, g1 gc, windows-amd64)
# No core dump will be written. Minidumps are not enabled by default on client versions of Windows
#

---------------  S U M M A R Y ------------

Command Line: -Dfile.encoding=UTF-8 -Dstdout.encoding=UTF-8 -Dstderr.encoding=UTF-8 -XX:+ShowCodeDetailsInExceptionMessages BankManagementSystem.Pinchange

Host: 12th Gen Intel(R) Core(TM) i7-12700, 20 cores, 15G,  Windows 11 , 64 bit Build 22621 (10.0.22621.3085)
Time: Thu Mar 14 12:43:45 2024 Central Daylight Time elapsed time: 0.363423 seconds (0d 0h 0m 0s)

---------------  T H R E A D  ---------------

Current thread (0x000001f2111455f0):  JavaThread "C1 CompilerThread1" daemon [_thread_in_native, id=44752, stack(0x00000008ec600000,0x00000008ec700000) (1024K)]


Current CompileTask:
C1:    363 1270   !   3       sun.font.TrueTypeFont::getAllFamilyNames (30 bytes)

Stack: [0x00000008ec600000,0x00000008ec700000]
Native frames: (J=compiled Java code, j=interpreted, Vv=VM code, C=native code)
V  [jvm.dll+0x6cade9]
V  [jvm.dll+0x8569c1]
V  [jvm.dll+0x858d2e]
V  [jvm.dll+0x859413]
V  [jvm.dll+0x280e56]
V  [jvm.dll+0xc3f3d]
V  [jvm.dll+0xc4473]
V  [jvm.dll+0x166e3f]
V  [jvm.dll+0x1668b6]
V  [jvm.dll+0x15e3d8]
V  [jvm.dll+0x16064d]
V  [jvm.dll+0x15eb7c]
V  [jvm.dll+0x167422]
V  [jvm.dll+0x1668b6]
V  [jvm.dll+0x15e3d8]
V  [jvm.dll+0x16064d]
V  [jvm.dll+0x15ec75]
V  [jvm.dll+0x1589ce]
V  [jvm.dll+0x168576]
V  [jvm.dll+0x153e00]
V  [jvm.dll+0x154183]
V  [jvm.dll+0x154444]
V  [jvm.dll+0x153886]
V  [jvm.dll+0x1555ed]
V  [jvm.dll+0x258859]
V  [jvm.dll+0x256e3a]
V  [jvm.dll+0x3ef6c6]
V  [jvm.dll+0x7ff568]
V  [jvm.dll+0x6c953d]
C  [ucrtbase.dll+0x29363]
C  [KERNEL32.DLL+0x1257d]
C  [ntdll.dll+0x5aa58]


---------------  P R O C E S S  ---------------

Threads class SMR info:
_java_thread_list=0x000001f21462c4e0, length=21, elements={
0x000001f1cbf56ec0, 0x000001f1cbf57de0, 0x000001f1cbf5d3a0, 0x000001f1cbf5e3e0,
0x000001f1cbf5f990, 0x000001f1cbf63190, 0x000001f1cbf73c50, 0x000001f1cbf77860,
0x000001f2111455f0, 0x000001f211338c50, 0x000001f211336b80, 0x000001f211337210,
0x000001f211337f30, 0x000001f2113385c0, 0x000001f2113392e0, 0x000001f214298430,
0x000001f21429c5d0, 0x000001f21441b930, 0x000001f2113378a0, 0x000001f211339970,
0x000001f214628680
}

Java Threads: ( => current thread )
  0x000001f1cbf56ec0 JavaThread "Reference Handler"          daemon [_thread_blocked, id=27144, stack(0x00000008ebe00000,0x00000008ebf00000) (1024K)]
  0x000001f1cbf57de0 JavaThread "Finalizer"                  daemon [_thread_blocked, id=14832, stack(0x00000008ebf00000,0x00000008ec000000) (1024K)]
  0x000001f1cbf5d3a0 JavaThread "Signal Dispatcher"          daemon [_thread_blocked, id=11400, stack(0x00000008ec000000,0x00000008ec100000) (1024K)]
  0x000001f1cbf5e3e0 JavaThread "Attach Listener"            daemon [_thread_blocked, id=45652, stack(0x00000008ec100000,0x00000008ec200000) (1024K)]
  0x000001f1cbf5f990 JavaThread "Service Thread"             daemon [_thread_blocked, id=48208, stack(0x00000008ec200000,0x00000008ec300000) (1024K)]
  0x000001f1cbf63190 JavaThread "Monitor Deflation Thread"   daemon [_thread_blocked, id=14172, stack(0x00000008ec300000,0x00000008ec400000) (1024K)]
  0x000001f1cbf73c50 JavaThread "C2 CompilerThread0"         daemon [_thread_in_native, id=26800, stack(0x00000008ec400000,0x00000008ec500000) (1024K)]
  0x000001f1cbf77860 JavaThread "C1 CompilerThread0"         daemon [_thread_in_native, id=46472, stack(0x00000008ec500000,0x00000008ec600000) (1024K)]
=>0x000001f2111455f0 JavaThread "C1 CompilerThread1"         daemon [_thread_in_native, id=44752, stack(0x00000008ec600000,0x00000008ec700000) (1024K)]
  0x000001f211338c50 JavaThread "Notification Thread"        daemon [_thread_blocked, id=42184, stack(0x00000008ec700000,0x00000008ec800000) (1024K)]
  0x000001f211336b80 JavaThread "Common-Cleaner"             daemon [_thread_blocked, id=16800, stack(0x00000008ec800000,0x00000008ec900000) (1024K)]
  0x000001f211337210 JavaThread "Java2D Disposer"            daemon [_thread_blocked, id=48764, stack(0x00000008ec900000,0x00000008eca00000) (1024K)]
  0x000001f211337f30 JavaThread "AWT-Shutdown"                      [_thread_blocked, id=34856, stack(0x00000008eca00000,0x00000008ecb00000) (1024K)]
  0x000001f2113385c0 JavaThread "AWT-Windows"                daemon [_thread_in_native, id=43768, stack(0x00000008ecb00000,0x00000008ecc00000) (1024K)]
  0x000001f2113392e0 JavaThread "Image Fetcher 0"            daemon [_thread_blocked, id=20668, stack(0x00000008ecc00000,0x00000008ecd00000) (1024K)]
  0x000001f214298430 JavaThread "C1 CompilerThread2"         daemon [_thread_blocked, id=46416, stack(0x00000008ecd00000,0x00000008ece00000) (1024K)]
  0x000001f21429c5d0 JavaThread "C1 CompilerThread3"         daemon [_thread_blocked, id=26652, stack(0x00000008ece00000,0x00000008ecf00000) (1024K)]
  0x000001f21441b930 JavaThread "C2 CompilerThread1"         daemon [_thread_in_native, id=484, stack(0x00000008ecf00000,0x00000008ed000000) (1024K)]
  0x000001f2113378a0 JavaThread "AWT-EventQueue-0"                  [_thread_in_vm, id=47844, stack(0x00000008ed000000,0x00000008ed100000) (1024K)]
  0x000001f211339970 JavaThread "DestroyJavaVM"                     [_thread_blocked, id=19128, stack(0x00000008eb600000,0x00000008eb700000) (1024K)]
  0x000001f214628680 JavaThread "C2 CompilerThread2"         daemon [_thread_in_native, id=45716, stack(0x00000008eda00000,0x00000008edb00000) (1024K)]
Total: 21

Other Threads:
  0x000001f1cbf35b20 VMThread "VM Thread"                           [id=10568, stack(0x00000008ebd00000,0x00000008ebe00000) (1024K)]
  0x000001f1cbf1d610 WatcherThread "VM Periodic Task Thread"        [id=34284, stack(0x00000008ebc00000,0x00000008ebd00000) (1024K)]
  0x000001f1abf4c790 WorkerThread "GC Thread#0"                     [id=35232, stack(0x00000008eb700000,0x00000008eb800000) (1024K)]
  0x000001f2146175c0 WorkerThread "GC Thread#1"                     [id=42296, stack(0x00000008ed400000,0x00000008ed500000) (1024K)]
  0x000001f214617d70 WorkerThread "GC Thread#2"                     [id=43408, stack(0x00000008ed500000,0x00000008ed600000) (1024K)]
  0x000001f214618110 WorkerThread "GC Thread#3"                     [id=23316, stack(0x00000008ed600000,0x00000008ed700000) (1024K)]
  0x000001f2146188c0 WorkerThread "GC Thread#4"                     [id=39372, stack(0x00000008ed700000,0x00000008ed800000) (1024K)]
  0x000001f21461bb30 WorkerThread "GC Thread#5"                     [id=28376, stack(0x00000008ed800000,0x00000008ed900000) (1024K)]
  0x000001f21463b2b0 WorkerThread "GC Thread#6"                     [id=46088, stack(0x00000008ed900000,0x00000008eda00000) (1024K)]
  0x000001f1abf5e3e0 ConcurrentGCThread "G1 Main Marker"            [id=48260, stack(0x00000008eb800000,0x00000008eb900000) (1024K)]
  0x000001f1abf5eee0 WorkerThread "G1 Conc#0"                       [id=25428, stack(0x00000008eb900000,0x00000008eba00000) (1024K)]
  0x000001f1cbdf07e0 ConcurrentGCThread "G1 Refine#0"               [id=15364, stack(0x00000008eba00000,0x00000008ebb00000) (1024K)]
  0x000001f1cbdf2170 ConcurrentGCThread "G1 Service"                [id=7908, stack(0x00000008ebb00000,0x00000008ebc00000) (1024K)]
Total: 13

Threads with active compile tasks:
C2 CompilerThread0      377 1260   !   4       sun.font.TrueTypeFont::getTableBuffer (208 bytes)
C1 CompilerThread0      377 1271  s    3       sun.font.FontFamily::addLocaleNames (45 bytes)
C1 CompilerThread1      377 1270   !   3       sun.font.TrueTypeFont::getAllFamilyNames (30 bytes)
C2 CompilerThread1      377 1264   !   4       sun.nio.cs.UnicodeDecoder::decodeLoop (304 bytes)
C2 CompilerThread2      377 1273       4       java.lang.String::hashCode (60 bytes)
Total: 5

VM state: not at safepoint (normal execution)

VM Mutex/Monitor currently owned by a thread:  ([mutex/lock_event])
[0x00007ffc34feace8] Metaspace_lock - owner thread: 0x000001f2113378a0

Heap address: 0x0000000704e00000, size: 4018 MB, Compressed Oops mode: Zero based, Oop shift amount: 3

CDS archive(s) mapped at: [0x000001f1cc000000-0x000001f1ccc90000-0x000001f1ccc90000), size 13172736, SharedBaseAddress: 0x000001f1cc000000, ArchiveRelocationMode: 1.
Compressed class space mapped at: 0x000001f1cd000000-0x000001f20d000000, reserved size: 1073741824
Narrow klass base: 0x000001f1cc000000, Narrow klass shift: 0, Narrow klass range: 0x100000000

GC Precious Log:
 CardTable entry size: 512
 Card Set container configuration: InlinePtr #cards 4 size 8 Array Of Cards #cards 16 size 48 Howl #buckets 8 coarsen threshold 3686 Howl Bitmap #cards 512 size 80 coarsen threshold 460 Card regions per heap region 1 cards per card region 4096
 CPUs: 20 total, 20 available
 Memory: 16065M
 Large Page Support: Disabled
 NUMA Support: Disabled
 Compressed Oops: Enabled (Zero based)
 Heap Region Size: 2M
 Heap Min Capacity: 8M
 Heap Initial Capacity: 252M
 Heap Max Capacity: 4018M
 Pre-touch: Disabled
 Parallel Workers: 15
 Concurrent Workers: 4
 Concurrent Refinement Workers: 15
 Periodic GC: Disabled

Heap:
 garbage-first heap   total 258048K, used 22112K [0x0000000704e00000, 0x0000000800000000)
  region size 2048K, 4 young (8192K), 2 survivors (4096K)
 Metaspace       used 8210K, committed 8448K, reserved 1114112K
  class space    used 879K, committed 1024K, reserved 1048576K

Heap Regions: E=young(eden), S=young(survivor), O=old, HS=humongous(starts), HC=humongous(continues), CS=collection set, F=free, TAMS=top-at-mark-start, PB=parsable bottom
|   0|0x0000000704e00000, 0x0000000705000000, 0x0000000705000000|100%|HS|  |TAMS 0x0000000704e00000| PB 0x0000000704e00000| Complete 
|   1|0x0000000705000000, 0x0000000705200000, 0x0000000705200000|100%|HC|  |TAMS 0x0000000705000000| PB 0x0000000705000000| Complete 
|   2|0x0000000705200000, 0x0000000705400000, 0x0000000705400000|100%|HS|  |TAMS 0x0000000705200000| PB 0x0000000705200000| Complete 
|   3|0x0000000705400000, 0x0000000705600000, 0x0000000705600000|100%|HC|  |TAMS 0x0000000705400000| PB 0x0000000705400000| Complete 
|   4|0x0000000705600000, 0x0000000705800000, 0x0000000705800000|100%|HS|  |TAMS 0x0000000705600000| PB 0x0000000705600000| Complete 
|   5|0x0000000705800000, 0x0000000705a00000, 0x0000000705a00000|100%|HC|  |TAMS 0x0000000705800000| PB 0x0000000705800000| Complete 
|   6|0x0000000705a00000, 0x0000000705c00000, 0x0000000705c00000|100%|HC|  |TAMS 0x0000000705a00000| PB 0x0000000705a00000| Complete 
|   7|0x0000000705c00000, 0x0000000705e00000, 0x0000000705e00000|100%|HC|  |TAMS 0x0000000705c00000| PB 0x0000000705c00000| Complete 
|   8|0x0000000705e00000, 0x0000000705e00000, 0x0000000706000000|  0%| F|  |TAMS 0x0000000705e00000| PB 0x0000000705e00000| Untracked 
|   9|0x0000000706000000, 0x0000000706000000, 0x0000000706200000|  0%| F|  |TAMS 0x0000000706000000| PB 0x0000000706000000| Untracked 
|  10|0x0000000706200000, 0x0000000706200000, 0x0000000706400000|  0%| F|  |TAMS 0x0000000706200000| PB 0x0000000706200000| Untracked 
|  11|0x0000000706400000, 0x0000000706400000, 0x0000000706600000|  0%| F|  |TAMS 0x0000000706400000| PB 0x0000000706400000| Untracked 
|  12|0x0000000706600000, 0x0000000706600000, 0x0000000706800000|  0%| F|  |TAMS 0x0000000706600000| PB 0x0000000706600000| Untracked 
|  13|0x0000000706800000, 0x0000000706800000, 0x0000000706a00000|  0%| F|  |TAMS 0x0000000706800000| PB 0x0000000706800000| Untracked 
|  14|0x0000000706a00000, 0x0000000706a00000, 0x0000000706c00000|  0%| F|  |TAMS 0x0000000706a00000| PB 0x0000000706a00000| Untracked 
|  15|0x0000000706c00000, 0x0000000706c00000, 0x0000000706e00000|  0%| F|  |TAMS 0x0000000706c00000| PB 0x0000000706c00000| Untracked 
|  16|0x0000000706e00000, 0x0000000706e00000, 0x0000000707000000|  0%| F|  |TAMS 0x0000000706e00000| PB 0x0000000706e00000| Untracked 
|  17|0x0000000707000000, 0x0000000707000000, 0x0000000707200000|  0%| F|  |TAMS 0x0000000707000000| PB 0x0000000707000000| Untracked 
|  18|0x0000000707200000, 0x0000000707200000, 0x0000000707400000|  0%| F|  |TAMS 0x0000000707200000| PB 0x0000000707200000| Untracked 
|  19|0x0000000707400000, 0x0000000707400000, 0x0000000707600000|  0%| F|  |TAMS 0x0000000707400000| PB 0x0000000707400000| Untracked 
|  20|0x0000000707600000, 0x0000000707600000, 0x0000000707800000|  0%| F|  |TAMS 0x0000000707600000| PB 0x0000000707600000| Untracked 
|  21|0x0000000707800000, 0x0000000707800000, 0x0000000707a00000|  0%| F|  |TAMS 0x0000000707800000| PB 0x0000000707800000| Untracked 
|  22|0x0000000707a00000, 0x0000000707a00000, 0x0000000707c00000|  0%| F|  |TAMS 0x0000000707a00000| PB 0x0000000707a00000| Untracked 
|  23|0x0000000707c00000, 0x0000000707c00000, 0x0000000707e00000|  0%| F|  |TAMS 0x0000000707c00000| PB 0x0000000707c00000| Untracked 
|  24|0x0000000707e00000, 0x0000000707e00000, 0x0000000708000000|  0%| F|  |TAMS 0x0000000707e00000| PB 0x0000000707e00000| Untracked 
|  25|0x0000000708000000, 0x0000000708000000, 0x0000000708200000|  0%| F|  |TAMS 0x0000000708000000| PB 0x0000000708000000| Untracked 
|  26|0x0000000708200000, 0x0000000708200000, 0x0000000708400000|  0%| F|  |TAMS 0x0000000708200000| PB 0x0000000708200000| Untracked 
|  27|0x0000000708400000, 0x0000000708400000, 0x0000000708600000|  0%| F|  |TAMS 0x0000000708400000| PB 0x0000000708400000| Untracked 
|  28|0x0000000708600000, 0x0000000708600000, 0x0000000708800000|  0%| F|  |TAMS 0x0000000708600000| PB 0x0000000708600000| Untracked 
|  29|0x0000000708800000, 0x0000000708800000, 0x0000000708a00000|  0%| F|  |TAMS 0x0000000708800000| PB 0x0000000708800000| Untracked 
|  30|0x0000000708a00000, 0x0000000708a00000, 0x0000000708c00000|  0%| F|  |TAMS 0x0000000708a00000| PB 0x0000000708a00000| Untracked 
|  31|0x0000000708c00000, 0x0000000708c00000, 0x0000000708e00000|  0%| F|  |TAMS 0x0000000708c00000| PB 0x0000000708c00000| Untracked 
|  32|0x0000000708e00000, 0x0000000708e00000, 0x0000000709000000|  0%| F|  |TAMS 0x0000000708e00000| PB 0x0000000708e00000| Untracked 
|  33|0x0000000709000000, 0x0000000709000000, 0x0000000709200000|  0%| F|  |TAMS 0x0000000709000000| PB 0x0000000709000000| Untracked 
|  34|0x0000000709200000, 0x0000000709200000, 0x0000000709400000|  0%| F|  |TAMS 0x0000000709200000| PB 0x0000000709200000| Untracked 
|  35|0x0000000709400000, 0x0000000709400000, 0x0000000709600000|  0%| F|  |TAMS 0x0000000709400000| PB 0x0000000709400000| Untracked 
|  36|0x0000000709600000, 0x0000000709600000, 0x0000000709800000|  0%| F|  |TAMS 0x0000000709600000| PB 0x0000000709600000| Untracked 
|  37|0x0000000709800000, 0x0000000709800000, 0x0000000709a00000|  0%| F|  |TAMS 0x0000000709800000| PB 0x0000000709800000| Untracked 
|  38|0x0000000709a00000, 0x0000000709a00000, 0x0000000709c00000|  0%| F|  |TAMS 0x0000000709a00000| PB 0x0000000709a00000| Untracked 
|  39|0x0000000709c00000, 0x0000000709c00000, 0x0000000709e00000|  0%| F|  |TAMS 0x0000000709c00000| PB 0x0000000709c00000| Untracked 
|  40|0x0000000709e00000, 0x0000000709e00000, 0x000000070a000000|  0%| F|  |TAMS 0x0000000709e00000| PB 0x0000000709e00000| Untracked 
|  41|0x000000070a000000, 0x000000070a000000, 0x000000070a200000|  0%| F|  |TAMS 0x000000070a000000| PB 0x000000070a000000| Untracked 
|  42|0x000000070a200000, 0x000000070a200000, 0x000000070a400000|  0%| F|  |TAMS 0x000000070a200000| PB 0x000000070a200000| Untracked 
|  43|0x000000070a400000, 0x000000070a400000, 0x000000070a600000|  0%| F|  |TAMS 0x000000070a400000| PB 0x000000070a400000| Untracked 
|  44|0x000000070a600000, 0x000000070a600000, 0x000000070a800000|  0%| F|  |TAMS 0x000000070a600000| PB 0x000000070a600000| Untracked 
|  45|0x000000070a800000, 0x000000070a800000, 0x000000070aa00000|  0%| F|  |TAMS 0x000000070a800000| PB 0x000000070a800000| Untracked 
|  46|0x000000070aa00000, 0x000000070aa00000, 0x000000070ac00000|  0%| F|  |TAMS 0x000000070aa00000| PB 0x000000070aa00000| Untracked 
|  47|0x000000070ac00000, 0x000000070ac00000, 0x000000070ae00000|  0%| F|  |TAMS 0x000000070ac00000| PB 0x000000070ac00000| Untracked 
|  48|0x000000070ae00000, 0x000000070ae00000, 0x000000070b000000|  0%| F|  |TAMS 0x000000070ae00000| PB 0x000000070ae00000| Untracked 
|  49|0x000000070b000000, 0x000000070b000000, 0x000000070b200000|  0%| F|  |TAMS 0x000000070b000000| PB 0x000000070b000000| Untracked 
|  50|0x000000070b200000, 0x000000070b200000, 0x000000070b400000|  0%| F|  |TAMS 0x000000070b200000| PB 0x000000070b200000| Untracked 
|  51|0x000000070b400000, 0x000000070b400000, 0x000000070b600000|  0%| F|  |TAMS 0x000000070b400000| PB 0x000000070b400000| Untracked 
|  52|0x000000070b600000, 0x000000070b600000, 0x000000070b800000|  0%| F|  |TAMS 0x000000070b600000| PB 0x000000070b600000| Untracked 
|  53|0x000000070b800000, 0x000000070b800000, 0x000000070ba00000|  0%| F|  |TAMS 0x000000070b800000| PB 0x000000070b800000| Untracked 
|  54|0x000000070ba00000, 0x000000070ba00000, 0x000000070bc00000|  0%| F|  |TAMS 0x000000070ba00000| PB 0x000000070ba00000| Untracked 
|  55|0x000000070bc00000, 0x000000070bc00000, 0x000000070be00000|  0%| F|  |TAMS 0x000000070bc00000| PB 0x000000070bc00000| Untracked 
|  56|0x000000070be00000, 0x000000070be00000, 0x000000070c000000|  0%| F|  |TAMS 0x000000070be00000| PB 0x000000070be00000| Untracked 
|  57|0x000000070c000000, 0x000000070c000000, 0x000000070c200000|  0%| F|  |TAMS 0x000000070c000000| PB 0x000000070c000000| Untracked 
|  58|0x000000070c200000, 0x000000070c200000, 0x000000070c400000|  0%| F|  |TAMS 0x000000070c200000| PB 0x000000070c200000| Untracked 
|  59|0x000000070c400000, 0x000000070c400000, 0x000000070c600000|  0%| F|  |TAMS 0x000000070c400000| PB 0x000000070c400000| Untracked 
|  60|0x000000070c600000, 0x000000070c600000, 0x000000070c800000|  0%| F|  |TAMS 0x000000070c600000| PB 0x000000070c600000| Untracked 
|  61|0x000000070c800000, 0x000000070c800000, 0x000000070ca00000|  0%| F|  |TAMS 0x000000070c800000| PB 0x000000070c800000| Untracked 
|  62|0x000000070ca00000, 0x000000070ca00000, 0x000000070cc00000|  0%| F|  |TAMS 0x000000070ca00000| PB 0x000000070ca00000| Untracked 
|  63|0x000000070cc00000, 0x000000070cc00000, 0x000000070ce00000|  0%| F|  |TAMS 0x000000070cc00000| PB 0x000000070cc00000| Untracked 
|  64|0x000000070ce00000, 0x000000070ce00000, 0x000000070d000000|  0%| F|  |TAMS 0x000000070ce00000| PB 0x000000070ce00000| Untracked 
|  65|0x000000070d000000, 0x000000070d000000, 0x000000070d200000|  0%| F|  |TAMS 0x000000070d000000| PB 0x000000070d000000| Untracked 
|  66|0x000000070d200000, 0x000000070d200000, 0x000000070d400000|  0%| F|  |TAMS 0x000000070d200000| PB 0x000000070d200000| Untracked 
|  67|0x000000070d400000, 0x000000070d400000, 0x000000070d600000|  0%| F|  |TAMS 0x000000070d400000| PB 0x000000070d400000| Untracked 
|  68|0x000000070d600000, 0x000000070d600000, 0x000000070d800000|  0%| F|  |TAMS 0x000000070d600000| PB 0x000000070d600000| Untracked 
|  69|0x000000070d800000, 0x000000070d800000, 0x000000070da00000|  0%| F|  |TAMS 0x000000070d800000| PB 0x000000070d800000| Untracked 
|  70|0x000000070da00000, 0x000000070da00000, 0x000000070dc00000|  0%| F|  |TAMS 0x000000070da00000| PB 0x000000070da00000| Untracked 
|  71|0x000000070dc00000, 0x000000070dc00000, 0x000000070de00000|  0%| F|  |TAMS 0x000000070dc00000| PB 0x000000070dc00000| Untracked 
|  72|0x000000070de00000, 0x000000070de00000, 0x000000070e000000|  0%| F|  |TAMS 0x000000070de00000| PB 0x000000070de00000| Untracked 
|  73|0x000000070e000000, 0x000000070e000000, 0x000000070e200000|  0%| F|  |TAMS 0x000000070e000000| PB 0x000000070e000000| Untracked 
|  74|0x000000070e200000, 0x000000070e200000, 0x000000070e400000|  0%| F|  |TAMS 0x000000070e200000| PB 0x000000070e200000| Untracked 
|  75|0x000000070e400000, 0x000000070e400000, 0x000000070e600000|  0%| F|  |TAMS 0x000000070e400000| PB 0x000000070e400000| Untracked 
|  76|0x000000070e600000, 0x000000070e600000, 0x000000070e800000|  0%| F|  |TAMS 0x000000070e600000| PB 0x000000070e600000| Untracked 
|  77|0x000000070e800000, 0x000000070e800000, 0x000000070ea00000|  0%| F|  |TAMS 0x000000070e800000| PB 0x000000070e800000| Untracked 
|  78|0x000000070ea00000, 0x000000070ea00000, 0x000000070ec00000|  0%| F|  |TAMS 0x000000070ea00000| PB 0x000000070ea00000| Untracked 
|  79|0x000000070ec00000, 0x000000070ec00000, 0x000000070ee00000|  0%| F|  |TAMS 0x000000070ec00000| PB 0x000000070ec00000| Untracked 
|  80|0x000000070ee00000, 0x000000070ee00000, 0x000000070f000000|  0%| F|  |TAMS 0x000000070ee00000| PB 0x000000070ee00000| Untracked 
|  81|0x000000070f000000, 0x000000070f000000, 0x000000070f200000|  0%| F|  |TAMS 0x000000070f000000| PB 0x000000070f000000| Untracked 
|  82|0x000000070f200000, 0x000000070f200000, 0x000000070f400000|  0%| F|  |TAMS 0x000000070f200000| PB 0x000000070f200000| Untracked 
|  83|0x000000070f400000, 0x000000070f400000, 0x000000070f600000|  0%| F|  |TAMS 0x000000070f400000| PB 0x000000070f400000| Untracked 
|  84|0x000000070f600000, 0x000000070f600000, 0x000000070f800000|  0%| F|  |TAMS 0x000000070f600000| PB 0x000000070f600000| Untracked 
|  85|0x000000070f800000, 0x000000070f800000, 0x000000070fa00000|  0%| F|  |TAMS 0x000000070f800000| PB 0x000000070f800000| Untracked 
|  86|0x000000070fa00000, 0x000000070fa00000, 0x000000070fc00000|  0%| F|  |TAMS 0x000000070fa00000| PB 0x000000070fa00000| Untracked 
|  87|0x000000070fc00000, 0x000000070fc00000, 0x000000070fe00000|  0%| F|  |TAMS 0x000000070fc00000| PB 0x000000070fc00000| Untracked 
|  88|0x000000070fe00000, 0x000000070fe00000, 0x0000000710000000|  0%| F|  |TAMS 0x000000070fe00000| PB 0x000000070fe00000| Untracked 
|  89|0x0000000710000000, 0x0000000710000000, 0x0000000710200000|  0%| F|  |TAMS 0x0000000710000000| PB 0x0000000710000000| Untracked 
|  90|0x0000000710200000, 0x0000000710200000, 0x0000000710400000|  0%| F|  |TAMS 0x0000000710200000| PB 0x0000000710200000| Untracked 
|  91|0x0000000710400000, 0x0000000710400000, 0x0000000710600000|  0%| F|  |TAMS 0x0000000710400000| PB 0x0000000710400000| Untracked 
|  92|0x0000000710600000, 0x0000000710600000, 0x0000000710800000|  0%| F|  |TAMS 0x0000000710600000| PB 0x0000000710600000| Untracked 
|  93|0x0000000710800000, 0x0000000710800000, 0x0000000710a00000|  0%| F|  |TAMS 0x0000000710800000| PB 0x0000000710800000| Untracked 
|  94|0x0000000710a00000, 0x0000000710a00000, 0x0000000710c00000|  0%| F|  |TAMS 0x0000000710a00000| PB 0x0000000710a00000| Untracked 
|  95|0x0000000710c00000, 0x0000000710c00000, 0x0000000710e00000|  0%| F|  |TAMS 0x0000000710c00000| PB 0x0000000710c00000| Untracked 
|  96|0x0000000710e00000, 0x0000000710e00000, 0x0000000711000000|  0%| F|  |TAMS 0x0000000710e00000| PB 0x0000000710e00000| Untracked 
|  97|0x0000000711000000, 0x0000000711000000, 0x0000000711200000|  0%| F|  |TAMS 0x0000000711000000| PB 0x0000000711000000| Untracked 
|  98|0x0000000711200000, 0x0000000711200000, 0x0000000711400000|  0%| F|  |TAMS 0x0000000711200000| PB 0x0000000711200000| Untracked 
|  99|0x0000000711400000, 0x0000000711400000, 0x0000000711600000|  0%| F|  |TAMS 0x0000000711400000| PB 0x0000000711400000| Untracked 
| 100|0x0000000711600000, 0x0000000711600000, 0x0000000711800000|  0%| F|  |TAMS 0x0000000711600000| PB 0x0000000711600000| Untracked 
| 101|0x0000000711800000, 0x0000000711800000, 0x0000000711a00000|  0%| F|  |TAMS 0x0000000711800000| PB 0x0000000711800000| Untracked 
| 102|0x0000000711a00000, 0x0000000711a00000, 0x0000000711c00000|  0%| F|  |TAMS 0x0000000711a00000| PB 0x0000000711a00000| Untracked 
| 103|0x0000000711c00000, 0x0000000711c00000, 0x0000000711e00000|  0%| F|  |TAMS 0x0000000711c00000| PB 0x0000000711c00000| Untracked 
| 104|0x0000000711e00000, 0x0000000711e00000, 0x0000000712000000|  0%| F|  |TAMS 0x0000000711e00000| PB 0x0000000711e00000| Untracked 
| 105|0x0000000712000000, 0x0000000712000000, 0x0000000712200000|  0%| F|  |TAMS 0x0000000712000000| PB 0x0000000712000000| Untracked 
| 106|0x0000000712200000, 0x0000000712200000, 0x0000000712400000|  0%| F|  |TAMS 0x0000000712200000| PB 0x0000000712200000| Untracked 
| 107|0x0000000712400000, 0x0000000712400000, 0x0000000712600000|  0%| F|  |TAMS 0x0000000712400000| PB 0x0000000712400000| Untracked 
| 108|0x0000000712600000, 0x0000000712600000, 0x0000000712800000|  0%| F|  |TAMS 0x0000000712600000| PB 0x0000000712600000| Untracked 
| 109|0x0000000712800000, 0x0000000712800000, 0x0000000712a00000|  0%| F|  |TAMS 0x0000000712800000| PB 0x0000000712800000| Untracked 
| 110|0x0000000712a00000, 0x0000000712a00000, 0x0000000712c00000|  0%| F|  |TAMS 0x0000000712a00000| PB 0x0000000712a00000| Untracked 
| 111|0x0000000712c00000, 0x0000000712c00000, 0x0000000712e00000|  0%| F|  |TAMS 0x0000000712c00000| PB 0x0000000712c00000| Untracked 
| 112|0x0000000712e00000, 0x0000000712e00000, 0x0000000713000000|  0%| F|  |TAMS 0x0000000712e00000| PB 0x0000000712e00000| Untracked 
| 113|0x0000000713000000, 0x0000000713198020, 0x0000000713200000| 79%| S|CS|TAMS 0x0000000713000000| PB 0x0000000713000000| Complete 
| 114|0x0000000713200000, 0x0000000713400000, 0x0000000713400000|100%| S|CS|TAMS 0x0000000713200000| PB 0x0000000713200000| Complete 
| 115|0x0000000713400000, 0x0000000713400000, 0x0000000713600000|  0%| F|  |TAMS 0x0000000713400000| PB 0x0000000713400000| Untracked 
| 116|0x0000000713600000, 0x0000000713600000, 0x0000000713800000|  0%| F|  |TAMS 0x0000000713600000| PB 0x0000000713600000| Untracked 
| 117|0x0000000713800000, 0x0000000713800000, 0x0000000713a00000|  0%| F|  |TAMS 0x0000000713800000| PB 0x0000000713800000| Untracked 
| 118|0x0000000713a00000, 0x0000000713a00000, 0x0000000713c00000|  0%| F|  |TAMS 0x0000000713a00000| PB 0x0000000713a00000| Untracked 
| 119|0x0000000713c00000, 0x0000000713c00000, 0x0000000713e00000|  0%| F|  |TAMS 0x0000000713c00000| PB 0x0000000713c00000| Untracked 
| 120|0x0000000713e00000, 0x0000000713e00000, 0x0000000714000000|  0%| F|  |TAMS 0x0000000713e00000| PB 0x0000000713e00000| Untracked 
| 121|0x0000000714000000, 0x0000000714000000, 0x0000000714200000|  0%| F|  |TAMS 0x0000000714000000| PB 0x0000000714000000| Untracked 
| 122|0x0000000714200000, 0x0000000714200000, 0x0000000714400000|  0%| F|  |TAMS 0x0000000714200000| PB 0x0000000714200000| Untracked 
| 123|0x0000000714400000, 0x0000000714400000, 0x0000000714600000|  0%| F|  |TAMS 0x0000000714400000| PB 0x0000000714400000| Untracked 
| 124|0x0000000714600000, 0x00000007147f30a8, 0x0000000714800000| 97%| E|  |TAMS 0x0000000714600000| PB 0x0000000714600000| Complete 
| 125|0x0000000714800000, 0x0000000714a00000, 0x0000000714a00000|100%| E|CS|TAMS 0x0000000714800000| PB 0x0000000714800000| Complete 

Card table byte_map: [0x000001f1c45e0000,0x000001f1c4dc0000] _byte_map_base: 0x000001f1c0db9000

Marking Bits: (CMBitMap*) 0x000001f1abf4ce90
 Bits: [0x000001f1c4dc0000, 0x000001f1c8c88000)

Polling page: 0x000001f1ab6b0000

Metaspace:

Usage:
  Non-class:      7.16 MB used.
      Class:    879.06 KB used.
       Both:      8.02 MB used.

Virtual space:
  Non-class space:       64.00 MB reserved,       7.25 MB ( 11%) committed,  1 nodes.
      Class space:        1.00 GB reserved,       1.00 MB ( <1%) committed,  1 nodes.
             Both:        1.06 GB reserved,       8.25 MB ( <1%) committed. 

Chunk freelists:
   Non-Class:  8.48 MB
       Class:  15.04 MB
        Both:  23.52 MB

MaxMetaspaceSize: unlimited
CompressedClassSpaceSize: 1.00 GB
Initial GC threshold: 21.00 MB
Current GC threshold: 21.00 MB
CDS: on
 - commit_granule_bytes: 65536.
 - commit_granule_words: 8192.
 - virtual_space_node_default_size: 8388608.
 - enlarge_chunks_in_place: 1.
 - use_allocation_guard: 0.


Internal statistics:

num_allocs_failed_limit: 0.
num_arena_births: 152.
num_arena_deaths: 0.
num_vsnodes_births: 2.
num_vsnodes_deaths: 0.
num_space_committed: 132.
num_space_uncommitted: 0.
num_chunks_returned_to_freelist: 0.
num_chunks_taken_from_freelist: 193.
num_chunk_merges: 0.
num_chunk_splits: 113.
num_chunks_enlarged: 41.
num_inconsistent_stats: 0.

CodeHeap 'non-profiled nmethods': size=119168Kb used=312Kb max_used=312Kb free=118855Kb
 bounds [0x000001f1bbef0000, 0x000001f1bc160000, 0x000001f1c3350000]
CodeHeap 'profiled nmethods': size=119104Kb used=2254Kb max_used=2254Kb free=116849Kb
 bounds [0x000001f1b4350000, 0x000001f1b45c0000, 0x000001f1bb7a0000]
CodeHeap 'non-nmethods': size=7488Kb used=3251Kb max_used=3268Kb free=4236Kb
 bounds [0x000001f1bb7a0000, 0x000001f1bbae0000, 0x000001f1bbef0000]
 total_blobs=1902 nmethods=1271 adapters=533
 compilation: enabled
              stopped_count=0, restarted_count=0
 full_count=0

Compilation events (20 events):
Event: 0.355 Thread 0x000001f2111455f0 nmethod 1255 0x000001f1b457c810 code [0x000001f1b457ca00, 0x000001f1b457d010]
Event: 0.355 Thread 0x000001f21441b930 nmethod 1257 0x000001f1bbf3cf90 code [0x000001f1bbf3d120, 0x000001f1bbf3d1c0]
Event: 0.356 Thread 0x000001f21441b930 1258       4       java.lang.ThreadLocal::getCarrierThreadLocal (29 bytes)
Event: 0.356 Thread 0x000001f1cbf77860 1259       3       java.lang.StringUTF16::newBytesFor (61 bytes)
Event: 0.356 Thread 0x000001f1cbf77860 nmethod 1259 0x000001f1b457d210 code [0x000001f1b457d480, 0x000001f1b457dcc0]
Event: 0.356 Thread 0x000001f1cbf73c50 1260   !   4       sun.font.TrueTypeFont::getTableBuffer (208 bytes)
Event: 0.356 Thread 0x000001f21441b930 nmethod 1258 0x000001f1bbf3d290 code [0x000001f1bbf3d440, 0x000001f1bbf3d5d8]
Event: 0.357 Thread 0x000001f2111455f0 1261       3       java.lang.StringUTF16::hashCode (52 bytes)
Event: 0.357 Thread 0x000001f2111455f0 nmethod 1261 0x000001f1b457e010 code [0x000001f1b457e1e0, 0x000001f1b457e400]
Event: 0.358 Thread 0x000001f21441b930 1262       4       java.nio.ByteBuffer::<init> (47 bytes)
Event: 0.360 Thread 0x000001f21441b930 nmethod 1262 0x000001f1bbf3d790 code [0x000001f1bbf3d920, 0x000001f1bbf3dc58]
Event: 0.360 Thread 0x000001f21441b930 1264   !   4       sun.nio.cs.UnicodeDecoder::decodeLoop (304 bytes)
Event: 0.360 Thread 0x000001f21429c5d0 1267       3       java.util.Locale::getDefault (4 bytes)
Event: 0.360 Thread 0x000001f21429c5d0 nmethod 1267 0x000001f1b457e510 code [0x000001f1b457e6a0, 0x000001f1b457e7a0]
Event: 0.360 Thread 0x000001f21429c5d0 1268       3       java.lang.String::toLowerCase (8 bytes)
Event: 0.360 Thread 0x000001f21429c5d0 nmethod 1268 0x000001f1b457e810 code [0x000001f1b457ea00, 0x000001f1b457ed98]
Event: 0.362 Thread 0x000001f21429c5d0 1269   !   3       sun.font.TrueTypeFont::getAllFullNames (30 bytes)
Event: 0.362 Thread 0x000001f2111455f0 1270   !   3       sun.font.TrueTypeFont::getAllFamilyNames (30 bytes)
Event: 0.362 Thread 0x000001f1cbf77860 1271  s    3       sun.font.FontFamily::addLocaleNames (45 bytes)
Event: 0.362 Thread 0x000001f21429c5d0 nmethod 1269 0x000001f1b457ef10 code [0x000001f1b457f140, 0x000001f1b457fa30]

GC Heap History (2 events):
Event: 0.350 GC heap before
{Heap before GC invocations=0 (full 0):
 garbage-first heap   total 258048K, used 38912K [0x0000000704e00000, 0x0000000800000000)
  region size 2048K, 11 young (22528K), 0 survivors (0K)
 Metaspace       used 8119K, committed 8320K, reserved 1114112K
  class space    used 871K, committed 960K, reserved 1048576K
}
Event: 0.353 GC heap after
{Heap after GC invocations=1 (full 0):
 garbage-first heap   total 258048K, used 20064K [0x0000000704e00000, 0x0000000800000000)
  region size 2048K, 2 young (4096K), 2 survivors (4096K)
 Metaspace       used 8119K, committed 8320K, reserved 1114112K
  class space    used 871K, committed 960K, reserved 1048576K
}

Dll operation events (10 events):
Event: 0.004 Loaded shared library C:\Program Files\Java\jdk-21\bin\java.dll
Event: 0.023 Loaded shared library C:\Program Files\Java\jdk-21\bin\jsvml.dll
Event: 0.042 Loaded shared library C:\Program Files\Java\jdk-21\bin\jimage.dll
Event: 0.045 Loaded shared library C:\Program Files\Java\jdk-21\bin\net.dll
Event: 0.045 Loaded shared library C:\Program Files\Java\jdk-21\bin\nio.dll
Event: 0.047 Loaded shared library C:\Program Files\Java\jdk-21\bin\zip.dll
Event: 0.058 Loaded shared library C:\Program Files\Java\jdk-21\bin\awt.dll
Event: 0.161 Loaded shared library C:\Program Files\Java\jdk-21\bin\javajpeg.dll
Event: 0.216 Loaded shared library C:\Program Files\Java\jdk-21\bin\freetype.dll
Event: 0.216 Loaded shared library C:\Program Files\Java\jdk-21\bin\fontmanager.dll

Deoptimization events (20 events):
Event: 0.185 Thread 0x000001f2113392e0 DEOPT PACKING pc=0x000001f1b4496cdc sp=0x00000008eccfe350
Event: 0.185 Thread 0x000001f2113392e0 DEOPT UNPACKING pc=0x000001f1bb7f4e42 sp=0x00000008eccfd7e0 mode 0
Event: 0.272 Thread 0x000001f2113378a0 Uncommon trap: trap_request=0xffffff45 fr.pc=0x000001f1bbf28980 relative=0x0000000000000a40
Event: 0.272 Thread 0x000001f2113378a0 Uncommon trap: reason=unstable_if action=reinterpret pc=0x000001f1bbf28980 method=java.util.HashMap.putVal(ILjava/lang/Object;Ljava/lang/Object;ZZ)Ljava/lang/Object; @ 181 c2
Event: 0.272 Thread 0x000001f2113378a0 DEOPT PACKING pc=0x000001f1bbf28980 sp=0x00000008ed0fcb90
Event: 0.272 Thread 0x000001f2113378a0 DEOPT UNPACKING pc=0x000001f1bb7f46a2 sp=0x00000008ed0fcb30 mode 2
Event: 0.295 Thread 0x000001f2113378a0 DEOPT PACKING pc=0x000001f1b43712f8 sp=0x00000008ed0fc980
Event: 0.295 Thread 0x000001f2113378a0 DEOPT UNPACKING pc=0x000001f1bb7f4e42 sp=0x00000008ed0fbda0 mode 0
Event: 0.343 Thread 0x000001f2113378a0 Uncommon trap: trap_request=0xffffff45 fr.pc=0x000001f1bbefc4d8 relative=0x00000000000000b8
Event: 0.343 Thread 0x000001f2113378a0 Uncommon trap: reason=unstable_if action=reinterpret pc=0x000001f1bbefc4d8 method=java.lang.String.hashCode()I @ 20 c2
Event: 0.343 Thread 0x000001f2113378a0 DEOPT PACKING pc=0x000001f1bbefc4d8 sp=0x00000008ed0fcb70
Event: 0.343 Thread 0x000001f2113378a0 DEOPT UNPACKING pc=0x000001f1bb7f46a2 sp=0x00000008ed0fcb00 mode 2
Event: 0.343 Thread 0x000001f2113378a0 Uncommon trap: trap_request=0xffffff45 fr.pc=0x000001f1bbf15fb0 relative=0x0000000000000190
Event: 0.343 Thread 0x000001f2113378a0 Uncommon trap: reason=unstable_if action=reinterpret pc=0x000001f1bbf15fb0 method=jdk.internal.util.ArraysSupport.vectorizedHashCode(Ljava/lang/Object;IIII)I @ 2 c2
Event: 0.343 Thread 0x000001f2113378a0 DEOPT PACKING pc=0x000001f1bbf15fb0 sp=0x00000008ed0fca70
Event: 0.343 Thread 0x000001f2113378a0 DEOPT UNPACKING pc=0x000001f1bb7f46a2 sp=0x00000008ed0fca20 mode 2
Event: 0.354 Thread 0x000001f2113378a0 Uncommon trap: trap_request=0xffffff45 fr.pc=0x000001f1bbf3aed4 relative=0x00000000000003f4
Event: 0.354 Thread 0x000001f2113378a0 Uncommon trap: reason=unstable_if action=reinterpret pc=0x000001f1bbf3aed4 method=java.lang.Character.isSurrogate(C)Z @ 3 c2
Event: 0.354 Thread 0x000001f2113378a0 DEOPT PACKING pc=0x000001f1bbf3aed4 sp=0x00000008ed0fc730
Event: 0.354 Thread 0x000001f2113378a0 DEOPT UNPACKING pc=0x000001f1bb7f46a2 sp=0x00000008ed0fc648 mode 2

Classes loaded (20 events):
Event: 0.278 Loading class javax/swing/text/Segment done
Event: 0.278 Loading class javax/swing/text/SegmentCache$CachedSegment done
Event: 0.278 Loading class javax/swing/text/Utilities
Event: 0.278 Loading class javax/swing/text/Utilities done
Event: 0.278 Loading class sun/font/CompositeGlyphMapper
Event: 0.278 Loading class sun/font/CompositeGlyphMapper done
Event: 0.279 Loading class sun/font/CMap$CMapFormat12
Event: 0.279 Loading class sun/font/CMap$CMapFormat12 done
Event: 0.280 Loading class javax/swing/event/ChangeEvent
Event: 0.280 Loading class javax/swing/event/ChangeEvent done
Event: 0.280 Loading class javax/swing/plaf/metal/MetalUtils
Event: 0.280 Loading class javax/swing/plaf/metal/MetalUtils done
Event: 0.280 Loading class sun/font/SunFontManager$FamilyDescription
Event: 0.280 Loading class sun/font/SunFontManager$FamilyDescription done
Event: 0.286 Loading class sun/font/SunFontManager$8
Event: 0.286 Loading class sun/font/SunFontManager$8 done
Event: 0.286 Loading class sun/font/SunFontManager$9
Event: 0.286 Loading class sun/font/SunFontManager$9 done
Event: 0.345 Loading class java/lang/foreign/MemorySegment
Event: 0.345 Loading class java/lang/foreign/MemorySegment done

Classes unloaded (0 events):
No events

Classes redefined (0 events):
No events

Internal exceptions (12 events):
Event: 0.051 Thread 0x000001f1a9cf6760 Exception <a 'java/lang/ClassNotFoundException'{0x00000007146e8600}: sun/awt/resources/spi/awtProvider> (0x00000007146e8600) 
thrown [s\open\src\hotspot\share\classfile\systemDictionary.cpp, line 312]
Event: 0.065 Thread 0x000001f1a9cf6760 Exception <a 'java/io/FileNotFoundException'{0x0000000714741f50}> (0x0000000714741f50) 
thrown [s\open\src\hotspot\share\prims\jni.cpp, line 520]
Event: 0.069 Thread 0x000001f1a9cf6760 Exception <a 'java/io/FileNotFoundException'{0x000000071476c190}> (0x000000071476c190) 
thrown [s\open\src\hotspot\share\prims\jni.cpp, line 520]
Event: 0.111 Thread 0x000001f1a9cf6760 Exception <a 'java/lang/NoSuchMethodError'{0x00000007144e62d8}: 'void java.lang.invoke.DirectMethodHandle$Holder.invokeSpecial(java.lang.Object, java.lang.Object, java.lang.Object)'> (0x00000007144e62d8) 
thrown [s\open\src\hotspot\share\interpreter\linkResolver.cpp, line 773]
Event: 0.115 Thread 0x000001f1a9cf6760 Exception <a 'java/lang/NoSuchMethodError'{0x000000071450bcc8}: 'java.lang.Object java.lang.invoke.DirectMethodHandle$Holder.newInvokeSpecial(java.lang.Object, java.lang.Object, java.lang.Object, java.lang.Object, java.lang.Object)'> (0x000000071450bcc8) 
thrown [s\open\src\hotspot\share\interpreter\linkResolver.cpp, line 773]
Event: 0.118 Thread 0x000001f1a9cf6760 Exception <a 'java/lang/NoSuchMethodError'{0x0000000714537850}: 'java.lang.Object java.lang.invoke.DirectMethodHandle$Holder.invokeStatic(java.lang.Object, int, java.lang.Object)'> (0x0000000714537850) 
thrown [s\open\src\hotspot\share\interpreter\linkResolver.cpp, line 773]
Event: 0.128 Thread 0x000001f1a9cf6760 Exception <a 'java/lang/ClassNotFoundException'{0x00000007145d71b8}: com/sun/swing/internal/plaf/metal/resources/spi/metalProvider> (0x00000007145d71b8) 
thrown [s\open\src\hotspot\share\classfile\systemDictionary.cpp, line 312]
Event: 0.129 Thread 0x000001f1a9cf6760 Exception <a 'java/lang/ClassNotFoundException'{0x00000007145db0f8}: com/sun/swing/internal/plaf/basic/resources/spi/basicProvider> (0x00000007145db0f8) 
thrown [s\open\src\hotspot\share\classfile\systemDictionary.cpp, line 312]
Event: 0.134 Thread 0x000001f1a9cf6760 Exception <a 'java/lang/NoSuchMethodError'{0x00000007145fa870}: 'int java.lang.invoke.Invokers$Holder.invokeExact_MT(java.lang.Object, java.lang.Object)'> (0x00000007145fa870) 
thrown [s\open\src\hotspot\share\interpreter\linkResolver.cpp, line 773]
Event: 0.161 Thread 0x000001f2113392e0 Exception <a 'java/lang/NoSuchMethodError'{0x00000007140c5cf0}: 'java.lang.Object java.lang.invoke.DirectMethodHandle$Holder.newInvokeSpecial(java.lang.Object, java.lang.Object, java.lang.Object, int, int, int, int, int)'> (0x00000007140c5cf0) 
thrown [s\open\src\hotspot\share\interpreter\linkResolver.cpp, line 773]
Event: 0.205 Thread 0x000001f2113385c0 Exception <a 'java/lang/NoSuchMethodError'{0x000000071447f6d0}: 'void java.lang.invoke.DirectMethodHandle$Holder.invokeVirtual(java.lang.Object, java.lang.Object)'> (0x000000071447f6d0) 
thrown [s\open\src\hotspot\share\interpreter\linkResolver.cpp, line 773]
Event: 0.213 Thread 0x000001f1a9cf6760 Exception <a 'java/lang/NoSuchMethodError'{0x0000000714243a88}: 'void java.lang.invoke.DirectMethodHandle$Holder.invokeStaticInit(java.lang.Object)'> (0x0000000714243a88) 
thrown [s\open\src\hotspot\share\interpreter\linkResolver.cpp, line 773]

ZGC Phase Switch (0 events):
No events

VM Operations (16 events):
Event: 0.073 Executing VM operation: HandshakeAllThreads (Deoptimize)
Event: 0.073 Executing VM operation: HandshakeAllThreads (Deoptimize) done
Event: 0.128 Executing VM operation: HandshakeAllThreads (Deoptimize)
Event: 0.128 Executing VM operation: HandshakeAllThreads (Deoptimize) done
Event: 0.155 Executing VM operation: HandshakeAllThreads (Deoptimize)
Event: 0.155 Executing VM operation: HandshakeAllThreads (Deoptimize) done
Event: 0.173 Executing VM operation: HandshakeAllThreads (Deoptimize)
Event: 0.173 Executing VM operation: HandshakeAllThreads (Deoptimize) done
Event: 0.193 Executing VM operation: HandshakeAllThreads (Deoptimize)
Event: 0.193 Executing VM operation: HandshakeAllThreads (Deoptimize) done
Event: 0.195 Executing VM operation: HandshakeAllThreads (Deoptimize)
Event: 0.195 Executing VM operation: HandshakeAllThreads (Deoptimize) done
Event: 0.196 Executing VM operation: HandshakeAllThreads (Deoptimize)
Event: 0.196 Executing VM operation: HandshakeAllThreads (Deoptimize) done
Event: 0.350 Executing VM operation: G1CollectForAllocation (G1 Evacuation Pause)
Event: 0.353 Executing VM operation: G1CollectForAllocation (G1 Evacuation Pause) done

Events (20 events):
Event: 0.022 Thread 0x000001f1cbf57de0 Thread added: 0x000001f1cbf57de0
Event: 0.022 Thread 0x000001f1cbf5d3a0 Thread added: 0x000001f1cbf5d3a0
Event: 0.022 Thread 0x000001f1cbf5e3e0 Thread added: 0x000001f1cbf5e3e0
Event: 0.022 Thread 0x000001f1cbf5f990 Thread added: 0x000001f1cbf5f990
Event: 0.022 Thread 0x000001f1cbf63190 Thread added: 0x000001f1cbf63190
Event: 0.022 Thread 0x000001f1cbf73c50 Thread added: 0x000001f1cbf73c50
Event: 0.022 Thread 0x000001f1cbf77860 Thread added: 0x000001f1cbf77860
Event: 0.024 Thread 0x000001f2111455f0 Thread added: 0x000001f2111455f0
Event: 0.031 Thread 0x000001f211338c50 Thread added: 0x000001f211338c50
Event: 0.032 Thread 0x000001f211336b80 Thread added: 0x000001f211336b80
Event: 0.094 Thread 0x000001f211337210 Thread added: 0x000001f211337210
Event: 0.095 Thread 0x000001f211337f30 Thread added: 0x000001f211337f30
Event: 0.096 Thread 0x000001f2113385c0 Thread added: 0x000001f2113385c0
Event: 0.137 Thread 0x000001f2113392e0 Thread added: 0x000001f2113392e0
Event: 0.142 Thread 0x000001f214298430 Thread added: 0x000001f214298430
Event: 0.142 Thread 0x000001f21429c5d0 Thread added: 0x000001f21429c5d0
Event: 0.151 Thread 0x000001f21441b930 Thread added: 0x000001f21441b930
Event: 0.206 Thread 0x000001f2113378a0 Thread added: 0x000001f2113378a0
Event: 0.261 Thread 0x000001f1a9cf6760 Thread exited: 0x000001f1a9cf6760
Event: 0.261 Thread 0x000001f211339970 Thread added: 0x000001f211339970


Dynamic libraries:
0x00007ff6dee10000 - 0x00007ff6dee20000 	C:\Program Files\Java\jdk-21\bin\javaw.exe
0x00007ffcfd3d0000 - 0x00007ffcfd5e7000 	C:\WINDOWS\SYSTEM32\ntdll.dll
0x00007ffcfc490000 - 0x00007ffcfc554000 	C:\WINDOWS\System32\KERNEL32.DLL
0x00007ffcfaac0000 - 0x00007ffcfae66000 	C:\WINDOWS\System32\KERNELBASE.dll
0x00007ffcfaee0000 - 0x00007ffcfaff1000 	C:\WINDOWS\System32\ucrtbase.dll
0x00007ffcee580000 - 0x00007ffcee599000 	C:\Program Files\Java\jdk-21\bin\jli.dll
0x00007ffcee560000 - 0x00007ffcee57b000 	C:\Program Files\Java\jdk-21\bin\VCRUNTIME140.dll
0x00007ffcfb1b0000 - 0x00007ffcfb263000 	C:\WINDOWS\System32\ADVAPI32.dll
0x00007ffcfb610000 - 0x00007ffcfb6b7000 	C:\WINDOWS\System32\msvcrt.dll
0x00007ffcfb6c0000 - 0x00007ffcfb768000 	C:\WINDOWS\System32\sechost.dll
0x00007ffcfaa90000 - 0x00007ffcfaab8000 	C:\WINDOWS\System32\bcrypt.dll
0x00007ffcfd270000 - 0x00007ffcfd387000 	C:\WINDOWS\System32\RPCRT4.dll
0x00007ffcfc9e0000 - 0x00007ffcfcb8e000 	C:\WINDOWS\System32\USER32.dll
0x00007ffcfa710000 - 0x00007ffcfa736000 	C:\WINDOWS\System32\win32u.dll
0x00007ffcfb860000 - 0x00007ffcfb889000 	C:\WINDOWS\System32\GDI32.dll
0x00007ffcd9000000 - 0x00007ffcd9293000 	C:\WINDOWS\WinSxS\amd64_microsoft.windows.common-controls_6595b64144ccf1df_6.0.22621.2506_none_270c5ae97388e100\COMCTL32.dll
0x00007ffcfb000000 - 0x00007ffcfb118000 	C:\WINDOWS\System32\gdi32full.dll
0x00007ffcfa740000 - 0x00007ffcfa7da000 	C:\WINDOWS\System32\msvcp_win.dll
0x00007ffcee850000 - 0x00007ffcee85a000 	C:\WINDOWS\SYSTEM32\VERSION.dll
0x00007ffcfc830000 - 0x00007ffcfc861000 	C:\WINDOWS\System32\IMM32.DLL
0x00007ffcf2bf0000 - 0x00007ffcf2bfc000 	C:\Program Files\Java\jdk-21\bin\vcruntime140_1.dll
0x00007ffcd6160000 - 0x00007ffcd61ee000 	C:\Program Files\Java\jdk-21\bin\msvcp140.dll
0x00007ffc343b0000 - 0x00007ffc350c7000 	C:\Program Files\Java\jdk-21\bin\server\jvm.dll
0x00007ffcfc7b0000 - 0x00007ffcfc821000 	C:\WINDOWS\System32\WS2_32.dll
0x00007ffcf9560000 - 0x00007ffcf95ad000 	C:\WINDOWS\SYSTEM32\POWRPROF.dll
0x00007ffcee1d0000 - 0x00007ffcee204000 	C:\WINDOWS\SYSTEM32\WINMM.dll
0x00007ffcf9540000 - 0x00007ffcf9553000 	C:\WINDOWS\SYSTEM32\UMPDC.dll
0x00007ffcf9810000 - 0x00007ffcf9828000 	C:\WINDOWS\SYSTEM32\kernel.appcore.dll
0x00007ffcf2ad0000 - 0x00007ffcf2ada000 	C:\Program Files\Java\jdk-21\bin\jimage.dll
0x00007ffcf7cb0000 - 0x00007ffcf7ee3000 	C:\WINDOWS\SYSTEM32\DBGHELP.DLL
0x00007ffcfc100000 - 0x00007ffcfc489000 	C:\WINDOWS\System32\combase.dll
0x00007ffcfb770000 - 0x00007ffcfb847000 	C:\WINDOWS\System32\OLEAUT32.dll
0x00007ffcec3b0000 - 0x00007ffcec3e2000 	C:\WINDOWS\SYSTEM32\dbgcore.DLL
0x00007ffcfa8a0000 - 0x00007ffcfa91a000 	C:\WINDOWS\System32\bcryptPrimitives.dll
0x00007ffcec510000 - 0x00007ffcec52f000 	C:\Program Files\Java\jdk-21\bin\java.dll
0x00007ffcfb890000 - 0x00007ffcfc0eb000 	C:\WINDOWS\System32\SHELL32.dll
0x00007ffcf8630000 - 0x00007ffcf8f26000 	C:\WINDOWS\SYSTEM32\windows.storage.dll
0x00007ffcf84f0000 - 0x00007ffcf862e000 	C:\WINDOWS\SYSTEM32\wintypes.dll
0x00007ffcfb370000 - 0x00007ffcfb463000 	C:\WINDOWS\System32\SHCORE.dll
0x00007ffcfc720000 - 0x00007ffcfc77e000 	C:\WINDOWS\System32\shlwapi.dll
0x00007ffcfa640000 - 0x00007ffcfa666000 	C:\WINDOWS\SYSTEM32\profapi.dll
0x00007ffccf5a0000 - 0x00007ffccf677000 	C:\Program Files\Java\jdk-21\bin\jsvml.dll
0x00007ffcf2a40000 - 0x00007ffcf2a50000 	C:\Program Files\Java\jdk-21\bin\net.dll
0x00007ffcf1180000 - 0x00007ffcf12b7000 	C:\WINDOWS\SYSTEM32\WINHTTP.dll
0x00007ffcf9c80000 - 0x00007ffcf9ce9000 	C:\WINDOWS\system32\mswsock.dll
0x00007ffcddba0000 - 0x00007ffcddbb6000 	C:\Program Files\Java\jdk-21\bin\nio.dll
0x00007ffcddb00000 - 0x00007ffcddb18000 	C:\Program Files\Java\jdk-21\bin\zip.dll
0x00007ffca55e0000 - 0x00007ffca576f000 	C:\Program Files\Java\jdk-21\bin\awt.dll
0x00007ffcf4940000 - 0x00007ffcf49d7000 	C:\WINDOWS\SYSTEM32\apphelp.dll
0x00007ffcf7280000 - 0x00007ffcf72ab000 	C:\WINDOWS\system32\DWMAPI.DLL
0x00007ffcf4a80000 - 0x00007ffcf4b2b000 	C:\WINDOWS\system32\uxtheme.dll
0x00007ffca3740000 - 0x00007ffca3840000 	C:\WINDOWS\system32\opengl32.dll
0x00007ffcd81e0000 - 0x00007ffcd820d000 	C:\WINDOWS\SYSTEM32\GLU32.dll
0x00007ffcf79a0000 - 0x00007ffcf79d9000 	C:\WINDOWS\SYSTEM32\dxcore.dll
0x00007ffcfc880000 - 0x00007ffcfc9d1000 	C:\WINDOWS\System32\MSCTF.dll
0x00007ffcfb470000 - 0x00007ffcfb610000 	C:\WINDOWS\System32\ole32.dll
0x00007ffcd6540000 - 0x00007ffcd656e000 	C:\Program Files\Java\jdk-21\bin\javajpeg.dll
0x00007ffcc0870000 - 0x00007ffcc08f7000 	C:\Program Files\Java\jdk-21\bin\freetype.dll
0x00007ffca5340000 - 0x00007ffca5422000 	C:\Program Files\Java\jdk-21\bin\fontmanager.dll
0x00007ffcfd110000 - 0x00007ffcfd1c0000 	C:\WINDOWS\System32\clbcatq.dll
0x00007ffcf3360000 - 0x00007ffcf3510000 	C:\WINDOWS\SYSTEM32\WindowsCodecs.dll
0x00007ffcbc890000 - 0x00007ffcbc8ee000 	C:\WINDOWS\system32\dataexchange.dll
0x00007ffcf2ce0000 - 0x00007ffcf2f67000 	C:\WINDOWS\system32\twinapi.appcore.dll
0x00007ffcdb4c0000 - 0x00007ffcdb60a000 	C:\WINDOWS\SYSTEM32\textinputframework.dll

dbghelp: loaded successfully - version: 4.0.5 - missing functions: none
symbol engine: initialized successfully - sym options: 0x614 - pdb path: .;C:\Program Files\Java\jdk-21\bin;C:\WINDOWS\SYSTEM32;C:\WINDOWS\WinSxS\amd64_microsoft.windows.common-controls_6595b64144ccf1df_6.0.22621.2506_none_270c5ae97388e100;C:\Program Files\Java\jdk-21\bin\server

VM Arguments:
jvm_args: -Dfile.encoding=UTF-8 -Dstdout.encoding=UTF-8 -Dstderr.encoding=UTF-8 -XX:+ShowCodeDetailsInExceptionMessages 
java_command: BankManagementSystem.Pinchange
java_class_path (initial): C:\Users\amrit\git\JavaBankManagement\BankManagementSystem\bin;C:\Users\amrit\Downloads\jcalendar-tz-1.3.3-4.jar;C:\Users\amrit\Downloads\mysql-connector-java-8.0.28.jar
Launcher Type: SUN_STANDARD

[Global flags]
     intx CICompilerCount                          = 12                                        {product} {ergonomic}
     uint ConcGCThreads                            = 4                                         {product} {ergonomic}
     uint G1ConcRefinementThreads                  = 15                                        {product} {ergonomic}
   size_t G1HeapRegionSize                         = 2097152                                   {product} {ergonomic}
    uintx GCDrainStackTargetSize                   = 64                                        {product} {ergonomic}
   size_t InitialHeapSize                          = 264241152                                 {product} {ergonomic}
   size_t MarkStackSize                            = 4194304                                   {product} {ergonomic}
   size_t MaxHeapSize                              = 4213178368                                {product} {ergonomic}
   size_t MaxNewSize                               = 2527068160                                {product} {ergonomic}
   size_t MinHeapDeltaBytes                        = 2097152                                   {product} {ergonomic}
   size_t MinHeapSize                              = 8388608                                   {product} {ergonomic}
    uintx NonNMethodCodeHeapSize                   = 7602480                                {pd product} {ergonomic}
    uintx NonProfiledCodeHeapSize                  = 122027880                              {pd product} {ergonomic}
    uintx ProfiledCodeHeapSize                     = 122027880                              {pd product} {ergonomic}
    uintx ReservedCodeCacheSize                    = 251658240                              {pd product} {ergonomic}
     bool SegmentedCodeCache                       = true                                      {product} {ergonomic}
     bool ShowCodeDetailsInExceptionMessages       = true                                   {manageable} {command line}
   size_t SoftMaxHeapSize                          = 4213178368                             {manageable} {ergonomic}
     bool UseCompressedOops                        = true                           {product lp64_product} {ergonomic}
     bool UseG1GC                                  = true                                      {product} {ergonomic}
     bool UseLargePagesIndividualAllocation        = false                                  {pd product} {ergonomic}

Logging:
Log output configuration:
 #0: stdout all=warning uptime,level,tags foldmultilines=false
 #1: stderr all=off uptime,level,tags foldmultilines=false

Environment Variables:
JAVA_HOME=C:\Program Files\Java\jdk-21
PATH=C:\Program Files\Common Files\Oracle\Java\javapath;C:\windows\system32;C:\windows;C:\windows\System32\Wbem;C:\windows\System32\WindowsPowerShell\v1.0\;C:\windows\System32\OpenSSH\;C:\Program Files (x86)\NVIDIA Corporation\PhysX\Common;C:\Program Files\NVIDIA Corporation\NVIDIA NvDLISR;C:\WINDOWS\system32;C:\WINDOWS;C:\WINDOWS\System32\Wbem;C:\WINDOWS\System32\WindowsPowerShell\v1.0\;C:\WINDOWS\System32\OpenSSH\;C:\Program Files\MySQL\MySQL Shell 8.0\bin\;C:\Users\amrit\AppData\Local\Microsoft\WindowsApps;
USERNAME=amrit
OS=Windows_NT
PROCESSOR_IDENTIFIER=Intel64 Family 6 Model 151 Stepping 2, GenuineIntel
TMP=C:\Users\amrit\AppData\Local\Temp
TEMP=C:\Users\amrit\AppData\Local\Temp




Periodic native trim disabled

---------------  S Y S T E M  ---------------

OS:
 Windows 11 , 64 bit Build 22621 (10.0.22621.3085)
OS uptime: 15 days 16:38 hours
Hyper-V role detected

CPU: total 20 (initial active 20) (10 cores per cpu, 2 threads per core) family 6 model 151 stepping 2 microcode 0x2e, cx8, cmov, fxsr, ht, mmx, 3dnowpref, sse, sse2, sse3, ssse3, sse4.1, sse4.2, popcnt, lzcnt, tsc, tscinvbit, avx, avx2, aes, erms, clmul, bmi1, bmi2, adx, sha, fma, vzeroupper, clflush, clflushopt, clwb, hv, serialize, rdtscp, rdpid, fsrm, f16c, cet_ibt, cet_ss
Processor Information for processor 0
  Max Mhz: 2100, Current Mhz: 2100, Mhz Limit: 2100
Processor Information for processor 1
  Max Mhz: 2100, Current Mhz: 2100, Mhz Limit: 2100
Processor Information for processor 2
  Max Mhz: 2100, Current Mhz: 2100, Mhz Limit: 2100
Processor Information for processor 3
  Max Mhz: 2100, Current Mhz: 2100, Mhz Limit: 2100
Processor Information for processor 4
  Max Mhz: 2100, Current Mhz: 2100, Mhz Limit: 2100
Processor Information for processor 5
  Max Mhz: 2100, Current Mhz: 2100, Mhz Limit: 2100
Processor Information for processor 6
  Max Mhz: 2100, Current Mhz: 2100, Mhz Limit: 2100
Processor Information for processor 7
  Max Mhz: 2100, Current Mhz: 2100, Mhz Limit: 2100
Processor Information for processor 8
  Max Mhz: 2100, Current Mhz: 2100, Mhz Limit: 2100
Processor Information for processor 9
  Max Mhz: 2100, Current Mhz: 2100, Mhz Limit: 2100
Processor Information for processor 10
  Max Mhz: 2100, Current Mhz: 2100, Mhz Limit: 2100
Processor Information for processor 11
  Max Mhz: 2100, Current Mhz: 2100, Mhz Limit: 2100
Processor Information for processor 12
  Max Mhz: 2100, Current Mhz: 2100, Mhz Limit: 2100
Processor Information for processor 13
  Max Mhz: 2100, Current Mhz: 2100, Mhz Limit: 2100
Processor Information for processor 14
  Max Mhz: 2100, Current Mhz: 2100, Mhz Limit: 2100
Processor Information for processor 15
  Max Mhz: 2100, Current Mhz: 2100, Mhz Limit: 2100
Processor Information for processor 16
  Max Mhz: 2100, Current Mhz: 1600, Mhz Limit: 1596
Processor Information for processor 17
  Max Mhz: 2100, Current Mhz: 1600, Mhz Limit: 1596
Processor Information for processor 18
  Max Mhz: 2100, Current Mhz: 1600, Mhz Limit: 1596
Processor Information for processor 19
  Max Mhz: 2100, Current Mhz: 1600, Mhz Limit: 1596

Memory: 4k page, system-wide physical 16065M (1856M free)
TotalPageFile size 65217M (AvailPageFile size 0M)
current process WorkingSet (physical memory assigned to process): 101M, peak: 101M
current process commit charge ("private bytes"): 370M, peak: 377M

vm_info: Java HotSpot(TM) 64-Bit Server VM (21.0.2+13-LTS-58) for windows-amd64 JRE (21.0.2+13-LTS-58), built on 2024-01-05T18:32:24Z by "mach5one" with MS VC++ 17.1 (VS2022)

END.
