#
# There is insufficient memory for the Java Runtime Environment to continue.
# Native memory allocation (malloc) failed to allocate 32744 bytes for Chunk::new
# Possible reasons:
#   The system is out of physical RAM or swap space
#   The process is running with CompressedOops enabled, and the Java Heap may be blocking the growth of the native heap
# Possible solutions:
#   Reduce memory load on the system
#   Increase physical memory or swap space
#   Check if swap backing store is full
#   Decrease Java heap size (-Xmx/-Xms)
#   Decrease number of Java threads
#   Decrease Java thread stack sizes (-Xss)
#   Set larger code cache with -XX:ReservedCodeCacheSize=
#   JVM is running with Zero Based Compressed Oops mode in which the Java heap is
#     placed in the first 32GB address space. The Java Heap base address is the
#     maximum limit for the native heap growth. Please use -XX:HeapBaseMinAddress
#     to set the Java Heap base and to place the Java Heap above 32GB virtual address.
# This output file may be truncated or incomplete.
#
#  Out of Memory Error (arena.cpp:168), pid=36340, tid=35724
#
# JRE version: Java(TM) SE Runtime Environment (21.0.2+13) (build 21.0.2+13-LTS-58)
# Java VM: Java HotSpot(TM) 64-Bit Server VM (21.0.2+13-LTS-58, mixed mode, sharing, tiered, compressed oops, compressed class ptrs, g1 gc, windows-amd64)
# No core dump will be written. Minidumps are not enabled by default on client versions of Windows
#

---------------  S U M M A R Y ------------

Command Line: -Dfile.encoding=UTF-8 -Dstdout.encoding=UTF-8 -Dstderr.encoding=UTF-8 -XX:+ShowCodeDetailsInExceptionMessages BankManagementSystem.SignUp3

Host: 12th Gen Intel(R) Core(TM) i7-12700, 20 cores, 15G,  Windows 11 , 64 bit Build 22621 (10.0.22621.3085)
Time: Thu Mar 14 17:26:06 2024 Central Daylight Time elapsed time: 164795.288966 seconds (1d 21h 46m 35s)

---------------  T H R E A D  ---------------

Current thread (0x000001a3fad3afb0):  JavaThread "C1 CompilerThread0" daemon [_thread_in_native, id=35724, stack(0x00000040b8d00000,0x00000040b8e00000) (1024K)]


Current CompileTask:
C1:164795289 1909       3       java.util.WeakHashMap::maskNull (12 bytes)

Stack: [0x00000040b8d00000,0x00000040b8e00000]
Native frames: (J=compiled Java code, j=interpreted, Vv=VM code, C=native code)
V  [jvm.dll+0x6cade9]
V  [jvm.dll+0x8569c1]
V  [jvm.dll+0x858d2e]
V  [jvm.dll+0x859413]
V  [jvm.dll+0x280e56]
V  [jvm.dll+0xc3f3d]
V  [jvm.dll+0xc4473]
V  [jvm.dll+0x282ab0]
V  [jvm.dll+0x154330]
V  [jvm.dll+0x153886]
V  [jvm.dll+0x1555ed]
V  [jvm.dll+0x258859]
V  [jvm.dll+0x256e3a]
V  [jvm.dll+0x3ef6c6]
V  [jvm.dll+0x7ff568]
V  [jvm.dll+0x6c953d]
C  [ucrtbase.dll+0x29363]
C  [KERNEL32.DLL+0x1257d]
C  [ntdll.dll+0x5aa58]


---------------  P R O C E S S  ---------------

Threads class SMR info:
_java_thread_list=0x000001a3ff277690, length=15, elements={
0x000001a3fad25c20, 0x000001a3fad26b40, 0x000001a3fad29440, 0x000001a3fad2c460,
0x000001a3fad31660, 0x000001a3fad32a30, 0x000001a3fad36d40, 0x000001a3fad3afb0,
0x000001a3ff216c90, 0x000001a3ff21c970, 0x000001a3ff3a4460, 0x000001a3ff38ec70,
0x000001a3ff3ad5c0, 0x000001a3ff638610, 0x000001a3e79f8000
}

Java Threads: ( => current thread )
  0x000001a3fad25c20 JavaThread "Reference Handler"          daemon [_thread_blocked, id=20700, stack(0x00000040b8600000,0x00000040b8700000) (1024K)]
  0x000001a3fad26b40 JavaThread "Finalizer"                  daemon [_thread_blocked, id=15844, stack(0x00000040b8700000,0x00000040b8800000) (1024K)]
  0x000001a3fad29440 JavaThread "Signal Dispatcher"          daemon [_thread_blocked, id=12804, stack(0x00000040b8800000,0x00000040b8900000) (1024K)]
  0x000001a3fad2c460 JavaThread "Attach Listener"            daemon [_thread_blocked, id=35188, stack(0x00000040b8900000,0x00000040b8a00000) (1024K)]
  0x000001a3fad31660 JavaThread "Service Thread"             daemon [_thread_blocked, id=33312, stack(0x00000040b8a00000,0x00000040b8b00000) (1024K)]
  0x000001a3fad32a30 JavaThread "Monitor Deflation Thread"   daemon [_thread_blocked, id=6852, stack(0x00000040b8b00000,0x00000040b8c00000) (1024K)]
  0x000001a3fad36d40 JavaThread "C2 CompilerThread0"         daemon [_thread_in_native, id=35688, stack(0x00000040b8c00000,0x00000040b8d00000) (1024K)]
=>0x000001a3fad3afb0 JavaThread "C1 CompilerThread0"         daemon [_thread_in_native, id=35724, stack(0x00000040b8d00000,0x00000040b8e00000) (1024K)]
  0x000001a3ff216c90 JavaThread "Notification Thread"        daemon [_thread_blocked, id=27240, stack(0x00000040b8f00000,0x00000040b9000000) (1024K)]
  0x000001a3ff21c970 JavaThread "Common-Cleaner"             daemon [_thread_blocked, id=6180, stack(0x00000040b9000000,0x00000040b9100000) (1024K)]
  0x000001a3ff3a4460 JavaThread "Java2D Disposer"            daemon [_thread_blocked, id=30020, stack(0x00000040b9100000,0x00000040b9200000) (1024K)]
  0x000001a3ff38ec70 JavaThread "AWT-Shutdown"                      [_thread_blocked, id=34976, stack(0x00000040b9200000,0x00000040b9300000) (1024K)]
  0x000001a3ff3ad5c0 JavaThread "AWT-Windows"                daemon [_thread_in_native, id=32980, stack(0x00000040b9300000,0x00000040b9400000) (1024K)]
  0x000001a3ff638610 JavaThread "AWT-EventQueue-0"                  [_thread_in_vm, id=29784, stack(0x00000040b9400000,0x00000040b9500000) (1024K)]
  0x000001a3e79f8000 JavaThread "DestroyJavaVM"                     [_thread_blocked, id=35252, stack(0x00000040b7e00000,0x00000040b7f00000) (1024K)]
Total: 15

Other Threads:
  0x000001a3fad089e0 VMThread "VM Thread"                           [id=32620, stack(0x00000040b8500000,0x00000040b8600000) (1024K)]
  0x000001a3facf0840 WatcherThread "VM Periodic Task Thread"        [id=26708, stack(0x00000040b8400000,0x00000040b8500000) (1024K)]
  0x000001a3e9d1c1c0 WorkerThread "GC Thread#0"                     [id=16232, stack(0x00000040b7f00000,0x00000040b8000000) (1024K)]
  0x000001a3ff361ce0 WorkerThread "GC Thread#1"                     [id=33664, stack(0x00000040b7b00000,0x00000040b7c00000) (1024K)]
  0x000001a3ff362080 WorkerThread "GC Thread#2"                     [id=30252, stack(0x00000040b7c00000,0x00000040b7d00000) (1024K)]
  0x000001a3ff048510 WorkerThread "GC Thread#3"                     [id=21640, stack(0x00000040b7d00000,0x00000040b7e00000) (1024K)]
  0x000001a3ff0c46d0 WorkerThread "GC Thread#4"                     [id=39208, stack(0x00000040b8e00000,0x00000040b8f00000) (1024K)]
  0x000001a3d2e7dd80 WorkerThread "GC Thread#5"                     [id=39972, stack(0x00000040b9500000,0x00000040b9600000) (1024K)]
  0x000001a3d2e7e120 WorkerThread "GC Thread#6"                     [id=39856, stack(0x00000040b9600000,0x00000040b9700000) (1024K)]
  0x000001a3d2e7e4c0 WorkerThread "GC Thread#7"                     [id=37580, stack(0x00000040b9700000,0x00000040b9800000) (1024K)]
  0x000001a3e9d2d4c0 ConcurrentGCThread "G1 Main Marker"            [id=19272, stack(0x00000040b8000000,0x00000040b8100000) (1024K)]
  0x000001a3e9d2dfd0 WorkerThread "G1 Conc#0"                       [id=1132, stack(0x00000040b8100000,0x00000040b8200000) (1024K)]
  0x000001a3fabc2800 ConcurrentGCThread "G1 Refine#0"               [id=4136, stack(0x00000040b8200000,0x00000040b8300000) (1024K)]
  0x000001a3fabc4380 ConcurrentGCThread "G1 Service"                [id=12888, stack(0x00000040b8300000,0x00000040b8400000) (1024K)]
Total: 14

Threads with active compile tasks:
C2 CompilerThread0  164795310 1911       4       java.awt.geom.AffineTransform::getScaleInstance (19 bytes)
C1 CompilerThread0  164795310 1909       3       java.util.WeakHashMap::maskNull (12 bytes)
Total: 2

VM state: not at safepoint (normal execution)

VM Mutex/Monitor currently owned by a thread: None

Heap address: 0x0000000704e00000, size: 4018 MB, Compressed Oops mode: Zero based, Oop shift amount: 3

CDS archive(s) mapped at: [0x000001a38f000000-0x000001a38fc90000-0x000001a38fc90000), size 13172736, SharedBaseAddress: 0x000001a38f000000, ArchiveRelocationMode: 1.
Compressed class space mapped at: 0x000001a390000000-0x000001a3d0000000, reserved size: 1073741824
Narrow klass base: 0x000001a38f000000, Narrow klass shift: 0, Narrow klass range: 0x100000000

GC Precious Log:
 CardTable entry size: 512
 Card Set container configuration: InlinePtr #cards 4 size 8 Array Of Cards #cards 16 size 48 Howl #buckets 8 coarsen threshold 3686 Howl Bitmap #cards 512 size 80 coarsen threshold 460 Card regions per heap region 1 cards per card region 4096
 CPUs: 20 total, 20 available
 Memory: 16065M
 Large Page Support: Disabled
 NUMA Support: Disabled
 Compressed Oops: Enabled (Zero based)
 Heap Region Size: 2M
 Heap Min Capacity: 8M
 Heap Initial Capacity: 252M
 Heap Max Capacity: 4018M
 Pre-touch: Disabled
 Parallel Workers: 15
 Concurrent Workers: 4
 Concurrent Refinement Workers: 15
 Periodic GC: Disabled

Heap:
 garbage-first heap   total 258048K, used 32768K [0x0000000704e00000, 0x0000000800000000)
  region size 2048K, 4 young (8192K), 2 survivors (4096K)
 Metaspace       used 8743K, committed 9024K, reserved 1114112K
  class space    used 886K, committed 1024K, reserved 1048576K

Heap Regions: E=young(eden), S=young(survivor), O=old, HS=humongous(starts), HC=humongous(continues), CS=collection set, F=free, TAMS=top-at-mark-start, PB=parsable bottom
|   0|0x0000000704e00000, 0x0000000705000000, 0x0000000705000000|100%|HS|  |TAMS 0x0000000704e00000| PB 0x0000000704e00000| Complete 
|   1|0x0000000705000000, 0x0000000705200000, 0x0000000705200000|100%|HC|  |TAMS 0x0000000705000000| PB 0x0000000705000000| Complete 
|   2|0x0000000705200000, 0x0000000705400000, 0x0000000705400000|100%|HC|  |TAMS 0x0000000705200000| PB 0x0000000705200000| Complete 
|   3|0x0000000705400000, 0x0000000705600000, 0x0000000705600000|100%|HS|  |TAMS 0x0000000705400000| PB 0x0000000705400000| Complete 
|   4|0x0000000705600000, 0x0000000705800000, 0x0000000705800000|100%|HC|  |TAMS 0x0000000705600000| PB 0x0000000705600000| Complete 
|   5|0x0000000705800000, 0x0000000705a00000, 0x0000000705a00000|100%|HS|  |TAMS 0x0000000705800000| PB 0x0000000705800000| Complete 
|   6|0x0000000705a00000, 0x0000000705c00000, 0x0000000705c00000|100%|HC|  |TAMS 0x0000000705a00000| PB 0x0000000705a00000| Complete 
|   7|0x0000000705c00000, 0x0000000705e00000, 0x0000000705e00000|100%|HC|  |TAMS 0x0000000705c00000| PB 0x0000000705c00000| Complete 
|   8|0x0000000705e00000, 0x0000000706000000, 0x0000000706000000|100%|HS|  |TAMS 0x0000000705e00000| PB 0x0000000705e00000| Complete 
|   9|0x0000000706000000, 0x0000000706200000, 0x0000000706200000|100%|HC|  |TAMS 0x0000000706000000| PB 0x0000000706000000| Complete 
|  10|0x0000000706200000, 0x0000000706400000, 0x0000000706400000|100%|HS|  |TAMS 0x0000000706200000| PB 0x0000000706200000| Complete 
|  11|0x0000000706400000, 0x0000000706600000, 0x0000000706600000|100%|HC|  |TAMS 0x0000000706400000| PB 0x0000000706400000| Complete 
|  12|0x0000000706600000, 0x0000000706800000, 0x0000000706800000|100%|HC|  |TAMS 0x0000000706600000| PB 0x0000000706600000| Complete 
|  13|0x0000000706800000, 0x0000000706800000, 0x0000000706a00000|  0%| F|  |TAMS 0x0000000706800000| PB 0x0000000706800000| Untracked 
|  14|0x0000000706a00000, 0x0000000706a00000, 0x0000000706c00000|  0%| F|  |TAMS 0x0000000706a00000| PB 0x0000000706a00000| Untracked 
|  15|0x0000000706c00000, 0x0000000706c00000, 0x0000000706e00000|  0%| F|  |TAMS 0x0000000706c00000| PB 0x0000000706c00000| Untracked 
|  16|0x0000000706e00000, 0x0000000706e00000, 0x0000000707000000|  0%| F|  |TAMS 0x0000000706e00000| PB 0x0000000706e00000| Untracked 
|  17|0x0000000707000000, 0x0000000707000000, 0x0000000707200000|  0%| F|  |TAMS 0x0000000707000000| PB 0x0000000707000000| Untracked 
|  18|0x0000000707200000, 0x0000000707200000, 0x0000000707400000|  0%| F|  |TAMS 0x0000000707200000| PB 0x0000000707200000| Untracked 
|  19|0x0000000707400000, 0x0000000707400000, 0x0000000707600000|  0%| F|  |TAMS 0x0000000707400000| PB 0x0000000707400000| Untracked 
|  20|0x0000000707600000, 0x0000000707600000, 0x0000000707800000|  0%| F|  |TAMS 0x0000000707600000| PB 0x0000000707600000| Untracked 
|  21|0x0000000707800000, 0x0000000707800000, 0x0000000707a00000|  0%| F|  |TAMS 0x0000000707800000| PB 0x0000000707800000| Untracked 
|  22|0x0000000707a00000, 0x0000000707a00000, 0x0000000707c00000|  0%| F|  |TAMS 0x0000000707a00000| PB 0x0000000707a00000| Untracked 
|  23|0x0000000707c00000, 0x0000000707c00000, 0x0000000707e00000|  0%| F|  |TAMS 0x0000000707c00000| PB 0x0000000707c00000| Untracked 
|  24|0x0000000707e00000, 0x0000000707e00000, 0x0000000708000000|  0%| F|  |TAMS 0x0000000707e00000| PB 0x0000000707e00000| Untracked 
|  25|0x0000000708000000, 0x0000000708000000, 0x0000000708200000|  0%| F|  |TAMS 0x0000000708000000| PB 0x0000000708000000| Untracked 
|  26|0x0000000708200000, 0x0000000708200000, 0x0000000708400000|  0%| F|  |TAMS 0x0000000708200000| PB 0x0000000708200000| Untracked 
|  27|0x0000000708400000, 0x0000000708400000, 0x0000000708600000|  0%| F|  |TAMS 0x0000000708400000| PB 0x0000000708400000| Untracked 
|  28|0x0000000708600000, 0x0000000708600000, 0x0000000708800000|  0%| F|  |TAMS 0x0000000708600000| PB 0x0000000708600000| Untracked 
|  29|0x0000000708800000, 0x0000000708800000, 0x0000000708a00000|  0%| F|  |TAMS 0x0000000708800000| PB 0x0000000708800000| Untracked 
|  30|0x0000000708a00000, 0x0000000708a00000, 0x0000000708c00000|  0%| F|  |TAMS 0x0000000708a00000| PB 0x0000000708a00000| Untracked 
|  31|0x0000000708c00000, 0x0000000708c00000, 0x0000000708e00000|  0%| F|  |TAMS 0x0000000708c00000| PB 0x0000000708c00000| Untracked 
|  32|0x0000000708e00000, 0x0000000708e00000, 0x0000000709000000|  0%| F|  |TAMS 0x0000000708e00000| PB 0x0000000708e00000| Untracked 
|  33|0x0000000709000000, 0x0000000709000000, 0x0000000709200000|  0%| F|  |TAMS 0x0000000709000000| PB 0x0000000709000000| Untracked 
|  34|0x0000000709200000, 0x0000000709200000, 0x0000000709400000|  0%| F|  |TAMS 0x0000000709200000| PB 0x0000000709200000| Untracked 
|  35|0x0000000709400000, 0x0000000709400000, 0x0000000709600000|  0%| F|  |TAMS 0x0000000709400000| PB 0x0000000709400000| Untracked 
|  36|0x0000000709600000, 0x0000000709600000, 0x0000000709800000|  0%| F|  |TAMS 0x0000000709600000| PB 0x0000000709600000| Untracked 
|  37|0x0000000709800000, 0x0000000709800000, 0x0000000709a00000|  0%| F|  |TAMS 0x0000000709800000| PB 0x0000000709800000| Untracked 
|  38|0x0000000709a00000, 0x0000000709a00000, 0x0000000709c00000|  0%| F|  |TAMS 0x0000000709a00000| PB 0x0000000709a00000| Untracked 
|  39|0x0000000709c00000, 0x0000000709c00000, 0x0000000709e00000|  0%| F|  |TAMS 0x0000000709c00000| PB 0x0000000709c00000| Untracked 
|  40|0x0000000709e00000, 0x0000000709e00000, 0x000000070a000000|  0%| F|  |TAMS 0x0000000709e00000| PB 0x0000000709e00000| Untracked 
|  41|0x000000070a000000, 0x000000070a000000, 0x000000070a200000|  0%| F|  |TAMS 0x000000070a000000| PB 0x000000070a000000| Untracked 
|  42|0x000000070a200000, 0x000000070a200000, 0x000000070a400000|  0%| F|  |TAMS 0x000000070a200000| PB 0x000000070a200000| Untracked 
|  43|0x000000070a400000, 0x000000070a400000, 0x000000070a600000|  0%| F|  |TAMS 0x000000070a400000| PB 0x000000070a400000| Untracked 
|  44|0x000000070a600000, 0x000000070a600000, 0x000000070a800000|  0%| F|  |TAMS 0x000000070a600000| PB 0x000000070a600000| Untracked 
|  45|0x000000070a800000, 0x000000070a800000, 0x000000070aa00000|  0%| F|  |TAMS 0x000000070a800000| PB 0x000000070a800000| Untracked 
|  46|0x000000070aa00000, 0x000000070aa00000, 0x000000070ac00000|  0%| F|  |TAMS 0x000000070aa00000| PB 0x000000070aa00000| Untracked 
|  47|0x000000070ac00000, 0x000000070ac00000, 0x000000070ae00000|  0%| F|  |TAMS 0x000000070ac00000| PB 0x000000070ac00000| Untracked 
|  48|0x000000070ae00000, 0x000000070ae00000, 0x000000070b000000|  0%| F|  |TAMS 0x000000070ae00000| PB 0x000000070ae00000| Untracked 
|  49|0x000000070b000000, 0x000000070b000000, 0x000000070b200000|  0%| F|  |TAMS 0x000000070b000000| PB 0x000000070b000000| Untracked 
|  50|0x000000070b200000, 0x000000070b200000, 0x000000070b400000|  0%| F|  |TAMS 0x000000070b200000| PB 0x000000070b200000| Untracked 
|  51|0x000000070b400000, 0x000000070b400000, 0x000000070b600000|  0%| F|  |TAMS 0x000000070b400000| PB 0x000000070b400000| Untracked 
|  52|0x000000070b600000, 0x000000070b600000, 0x000000070b800000|  0%| F|  |TAMS 0x000000070b600000| PB 0x000000070b600000| Untracked 
|  53|0x000000070b800000, 0x000000070b800000, 0x000000070ba00000|  0%| F|  |TAMS 0x000000070b800000| PB 0x000000070b800000| Untracked 
|  54|0x000000070ba00000, 0x000000070ba00000, 0x000000070bc00000|  0%| F|  |TAMS 0x000000070ba00000| PB 0x000000070ba00000| Untracked 
|  55|0x000000070bc00000, 0x000000070bc00000, 0x000000070be00000|  0%| F|  |TAMS 0x000000070bc00000| PB 0x000000070bc00000| Untracked 
|  56|0x000000070be00000, 0x000000070be00000, 0x000000070c000000|  0%| F|  |TAMS 0x000000070be00000| PB 0x000000070be00000| Untracked 
|  57|0x000000070c000000, 0x000000070c000000, 0x000000070c200000|  0%| F|  |TAMS 0x000000070c000000| PB 0x000000070c000000| Untracked 
|  58|0x000000070c200000, 0x000000070c200000, 0x000000070c400000|  0%| F|  |TAMS 0x000000070c200000| PB 0x000000070c200000| Untracked 
|  59|0x000000070c400000, 0x000000070c400000, 0x000000070c600000|  0%| F|  |TAMS 0x000000070c400000| PB 0x000000070c400000| Untracked 
|  60|0x000000070c600000, 0x000000070c600000, 0x000000070c800000|  0%| F|  |TAMS 0x000000070c600000| PB 0x000000070c600000| Untracked 
|  61|0x000000070c800000, 0x000000070c800000, 0x000000070ca00000|  0%| F|  |TAMS 0x000000070c800000| PB 0x000000070c800000| Untracked 
|  62|0x000000070ca00000, 0x000000070ca00000, 0x000000070cc00000|  0%| F|  |TAMS 0x000000070ca00000| PB 0x000000070ca00000| Untracked 
|  63|0x000000070cc00000, 0x000000070cc00000, 0x000000070ce00000|  0%| F|  |TAMS 0x000000070cc00000| PB 0x000000070cc00000| Untracked 
|  64|0x000000070ce00000, 0x000000070ce00000, 0x000000070d000000|  0%| F|  |TAMS 0x000000070ce00000| PB 0x000000070ce00000| Untracked 
|  65|0x000000070d000000, 0x000000070d000000, 0x000000070d200000|  0%| F|  |TAMS 0x000000070d000000| PB 0x000000070d000000| Untracked 
|  66|0x000000070d200000, 0x000000070d200000, 0x000000070d400000|  0%| F|  |TAMS 0x000000070d200000| PB 0x000000070d200000| Untracked 
|  67|0x000000070d400000, 0x000000070d400000, 0x000000070d600000|  0%| F|  |TAMS 0x000000070d400000| PB 0x000000070d400000| Untracked 
|  68|0x000000070d600000, 0x000000070d600000, 0x000000070d800000|  0%| F|  |TAMS 0x000000070d600000| PB 0x000000070d600000| Untracked 
|  69|0x000000070d800000, 0x000000070d800000, 0x000000070da00000|  0%| F|  |TAMS 0x000000070d800000| PB 0x000000070d800000| Untracked 
|  70|0x000000070da00000, 0x000000070da00000, 0x000000070dc00000|  0%| F|  |TAMS 0x000000070da00000| PB 0x000000070da00000| Untracked 
|  71|0x000000070dc00000, 0x000000070dc00000, 0x000000070de00000|  0%| F|  |TAMS 0x000000070dc00000| PB 0x000000070dc00000| Untracked 
|  72|0x000000070de00000, 0x000000070de00000, 0x000000070e000000|  0%| F|  |TAMS 0x000000070de00000| PB 0x000000070de00000| Untracked 
|  73|0x000000070e000000, 0x000000070e000000, 0x000000070e200000|  0%| F|  |TAMS 0x000000070e000000| PB 0x000000070e000000| Untracked 
|  74|0x000000070e200000, 0x000000070e200000, 0x000000070e400000|  0%| F|  |TAMS 0x000000070e200000| PB 0x000000070e200000| Untracked 
|  75|0x000000070e400000, 0x000000070e400000, 0x000000070e600000|  0%| F|  |TAMS 0x000000070e400000| PB 0x000000070e400000| Untracked 
|  76|0x000000070e600000, 0x000000070e600000, 0x000000070e800000|  0%| F|  |TAMS 0x000000070e600000| PB 0x000000070e600000| Untracked 
|  77|0x000000070e800000, 0x000000070e800000, 0x000000070ea00000|  0%| F|  |TAMS 0x000000070e800000| PB 0x000000070e800000| Untracked 
|  78|0x000000070ea00000, 0x000000070ea00000, 0x000000070ec00000|  0%| F|  |TAMS 0x000000070ea00000| PB 0x000000070ea00000| Untracked 
|  79|0x000000070ec00000, 0x000000070ec00000, 0x000000070ee00000|  0%| F|  |TAMS 0x000000070ec00000| PB 0x000000070ec00000| Untracked 
|  80|0x000000070ee00000, 0x000000070ee00000, 0x000000070f000000|  0%| F|  |TAMS 0x000000070ee00000| PB 0x000000070ee00000| Untracked 
|  81|0x000000070f000000, 0x000000070f000000, 0x000000070f200000|  0%| F|  |TAMS 0x000000070f000000| PB 0x000000070f000000| Untracked 
|  82|0x000000070f200000, 0x000000070f200000, 0x000000070f400000|  0%| F|  |TAMS 0x000000070f200000| PB 0x000000070f200000| Untracked 
|  83|0x000000070f400000, 0x000000070f400000, 0x000000070f600000|  0%| F|  |TAMS 0x000000070f400000| PB 0x000000070f400000| Untracked 
|  84|0x000000070f600000, 0x000000070f600000, 0x000000070f800000|  0%| F|  |TAMS 0x000000070f600000| PB 0x000000070f600000| Untracked 
|  85|0x000000070f800000, 0x000000070f800000, 0x000000070fa00000|  0%| F|  |TAMS 0x000000070f800000| PB 0x000000070f800000| Untracked 
|  86|0x000000070fa00000, 0x000000070fa00000, 0x000000070fc00000|  0%| F|  |TAMS 0x000000070fa00000| PB 0x000000070fa00000| Untracked 
|  87|0x000000070fc00000, 0x000000070fc00000, 0x000000070fe00000|  0%| F|  |TAMS 0x000000070fc00000| PB 0x000000070fc00000| Untracked 
|  88|0x000000070fe00000, 0x000000070fe00000, 0x0000000710000000|  0%| F|  |TAMS 0x000000070fe00000| PB 0x000000070fe00000| Untracked 
|  89|0x0000000710000000, 0x0000000710000000, 0x0000000710200000|  0%| F|  |TAMS 0x0000000710000000| PB 0x0000000710000000| Untracked 
|  90|0x0000000710200000, 0x0000000710200000, 0x0000000710400000|  0%| F|  |TAMS 0x0000000710200000| PB 0x0000000710200000| Untracked 
|  91|0x0000000710400000, 0x0000000710400000, 0x0000000710600000|  0%| F|  |TAMS 0x0000000710400000| PB 0x0000000710400000| Untracked 
|  92|0x0000000710600000, 0x0000000710600000, 0x0000000710800000|  0%| F|  |TAMS 0x0000000710600000| PB 0x0000000710600000| Untracked 
|  93|0x0000000710800000, 0x0000000710800000, 0x0000000710a00000|  0%| F|  |TAMS 0x0000000710800000| PB 0x0000000710800000| Untracked 
|  94|0x0000000710a00000, 0x0000000710a00000, 0x0000000710c00000|  0%| F|  |TAMS 0x0000000710a00000| PB 0x0000000710a00000| Untracked 
|  95|0x0000000710c00000, 0x0000000710c00000, 0x0000000710e00000|  0%| F|  |TAMS 0x0000000710c00000| PB 0x0000000710c00000| Untracked 
|  96|0x0000000710e00000, 0x0000000710e00000, 0x0000000711000000|  0%| F|  |TAMS 0x0000000710e00000| PB 0x0000000710e00000| Untracked 
|  97|0x0000000711000000, 0x0000000711000000, 0x0000000711200000|  0%| F|  |TAMS 0x0000000711000000| PB 0x0000000711000000| Untracked 
|  98|0x0000000711200000, 0x0000000711200000, 0x0000000711400000|  0%| F|  |TAMS 0x0000000711200000| PB 0x0000000711200000| Untracked 
|  99|0x0000000711400000, 0x0000000711400000, 0x0000000711600000|  0%| F|  |TAMS 0x0000000711400000| PB 0x0000000711400000| Untracked 
| 100|0x0000000711600000, 0x0000000711600000, 0x0000000711800000|  0%| F|  |TAMS 0x0000000711600000| PB 0x0000000711600000| Untracked 
| 101|0x0000000711800000, 0x0000000711800000, 0x0000000711a00000|  0%| F|  |TAMS 0x0000000711800000| PB 0x0000000711800000| Untracked 
| 102|0x0000000711a00000, 0x0000000711a00000, 0x0000000711c00000|  0%| F|  |TAMS 0x0000000711a00000| PB 0x0000000711a00000| Untracked 
| 103|0x0000000711c00000, 0x0000000711c00000, 0x0000000711e00000|  0%| F|  |TAMS 0x0000000711c00000| PB 0x0000000711c00000| Untracked 
| 104|0x0000000711e00000, 0x0000000711e00000, 0x0000000712000000|  0%| F|  |TAMS 0x0000000711e00000| PB 0x0000000711e00000| Untracked 
| 105|0x0000000712000000, 0x0000000712000000, 0x0000000712200000|  0%| F|  |TAMS 0x0000000712000000| PB 0x0000000712000000| Untracked 
| 106|0x0000000712200000, 0x0000000712200000, 0x0000000712400000|  0%| F|  |TAMS 0x0000000712200000| PB 0x0000000712200000| Untracked 
| 107|0x0000000712400000, 0x0000000712400000, 0x0000000712600000|  0%| F|  |TAMS 0x0000000712400000| PB 0x0000000712400000| Untracked 
| 108|0x0000000712600000, 0x0000000712600000, 0x0000000712800000|  0%| F|  |TAMS 0x0000000712600000| PB 0x0000000712600000| Untracked 
| 109|0x0000000712800000, 0x0000000712800000, 0x0000000712a00000|  0%| F|  |TAMS 0x0000000712800000| PB 0x0000000712800000| Untracked 
| 110|0x0000000712a00000, 0x0000000712a00000, 0x0000000712c00000|  0%| F|  |TAMS 0x0000000712a00000| PB 0x0000000712a00000| Untracked 
| 111|0x0000000712c00000, 0x0000000712c00000, 0x0000000712e00000|  0%| F|  |TAMS 0x0000000712c00000| PB 0x0000000712c00000| Untracked 
| 112|0x0000000712e00000, 0x0000000712e00000, 0x0000000713000000|  0%| F|  |TAMS 0x0000000712e00000| PB 0x0000000712e00000| Untracked 
| 113|0x0000000713000000, 0x0000000713200000, 0x0000000713200000|100%| S|CS|TAMS 0x0000000713000000| PB 0x0000000713000000| Complete 
| 114|0x0000000713200000, 0x0000000713400000, 0x0000000713400000|100%| S|CS|TAMS 0x0000000713200000| PB 0x0000000713200000| Complete 
| 115|0x0000000713400000, 0x0000000713400000, 0x0000000713600000|  0%| F|  |TAMS 0x0000000713400000| PB 0x0000000713400000| Untracked 
| 116|0x0000000713600000, 0x0000000713600000, 0x0000000713800000|  0%| F|  |TAMS 0x0000000713600000| PB 0x0000000713600000| Untracked 
| 117|0x0000000713800000, 0x0000000713800000, 0x0000000713a00000|  0%| F|  |TAMS 0x0000000713800000| PB 0x0000000713800000| Untracked 
| 118|0x0000000713a00000, 0x0000000713a00000, 0x0000000713c00000|  0%| F|  |TAMS 0x0000000713a00000| PB 0x0000000713a00000| Untracked 
| 119|0x0000000713c00000, 0x0000000713c00000, 0x0000000713e00000|  0%| F|  |TAMS 0x0000000713c00000| PB 0x0000000713c00000| Untracked 
| 120|0x0000000713e00000, 0x0000000713e00000, 0x0000000714000000|  0%| F|  |TAMS 0x0000000713e00000| PB 0x0000000713e00000| Untracked 
| 121|0x0000000714000000, 0x0000000714000000, 0x0000000714200000|  0%| F|  |TAMS 0x0000000714000000| PB 0x0000000714000000| Untracked 
| 122|0x0000000714200000, 0x0000000714200000, 0x0000000714400000|  0%| F|  |TAMS 0x0000000714200000| PB 0x0000000714200000| Untracked 
| 123|0x0000000714400000, 0x0000000714400000, 0x0000000714600000|  0%| F|  |TAMS 0x0000000714400000| PB 0x0000000714400000| Untracked 
| 124|0x0000000714600000, 0x00000007146eae78, 0x0000000714800000| 45%| E|  |TAMS 0x0000000714600000| PB 0x0000000714600000| Complete 
| 125|0x0000000714800000, 0x0000000714a00000, 0x0000000714a00000|100%| E|CS|TAMS 0x0000000714800000| PB 0x0000000714800000| Complete 

Card table byte_map: [0x000001a3f33b0000,0x000001a3f3b90000] _byte_map_base: 0x000001a3efb89000

Marking Bits: (CMBitMap*) 0x000001a3e9d1d0d0
 Bits: [0x000001a3f3b90000, 0x000001a3f7a58000)

Polling page: 0x000001a3e7bb0000

Metaspace:

Usage:
  Non-class:      7.67 MB used.
      Class:    886.64 KB used.
       Both:      8.54 MB used.

Virtual space:
  Non-class space:       64.00 MB reserved,       7.81 MB ( 12%) committed,  1 nodes.
      Class space:        1.00 GB reserved,       1.00 MB ( <1%) committed,  1 nodes.
             Both:        1.06 GB reserved,       8.81 MB ( <1%) committed. 

Chunk freelists:
   Non-Class:  7.97 MB
       Class:  15.03 MB
        Both:  23.00 MB

MaxMetaspaceSize: unlimited
CompressedClassSpaceSize: 1.00 GB
Initial GC threshold: 21.00 MB
Current GC threshold: 21.00 MB
CDS: on
 - commit_granule_bytes: 65536.
 - commit_granule_words: 8192.
 - virtual_space_node_default_size: 8388608.
 - enlarge_chunks_in_place: 1.
 - use_allocation_guard: 0.


Internal statistics:

num_allocs_failed_limit: 0.
num_arena_births: 172.
num_arena_deaths: 0.
num_vsnodes_births: 2.
num_vsnodes_deaths: 0.
num_space_committed: 141.
num_space_uncommitted: 0.
num_chunks_returned_to_freelist: 0.
num_chunks_taken_from_freelist: 212.
num_chunk_merges: 0.
num_chunk_splits: 129.
num_chunks_enlarged: 56.
num_inconsistent_stats: 0.

CodeHeap 'non-profiled nmethods': size=119168Kb used=572Kb max_used=572Kb free=118595Kb
 bounds [0x000001a387ba0000, 0x000001a387e10000, 0x000001a38f000000]
CodeHeap 'profiled nmethods': size=119104Kb used=3645Kb max_used=3645Kb free=115458Kb
 bounds [0x000001a380000000, 0x000001a380390000, 0x000001a387450000]
CodeHeap 'non-nmethods': size=7488Kb used=1583Kb max_used=3248Kb free=5904Kb
 bounds [0x000001a387450000, 0x000001a387780000, 0x000001a387ba0000]
 total_blobs=2551 nmethods=1908 adapters=547
 compilation: enabled
              stopped_count=0, restarted_count=0
 full_count=0

Compilation events (20 events):
Event: 146563.093 Thread 0x000001a3fad3afb0 nmethod 1899 0x000001a380389c90 code [0x000001a380389ec0, 0x000001a38038a8e0]
Event: 146563.093 Thread 0x000001a3fad3afb0 1900       3       sun.awt.image.SunVolatileImage::getBackupImage (40 bytes)
Event: 146563.098 Thread 0x000001a3fad3afb0 nmethod 1900 0x000001a38038ab90 code [0x000001a38038ad60, 0x000001a38038b090]
Event: 146563.109 Thread 0x000001a3fad3afb0 1901       3       sun.awt.image.BufImgSurfaceData::createData (909 bytes)
Event: 146563.146 Thread 0x000001a3fad3afb0 nmethod 1901 0x000001a38038b210 code [0x000001a38038b780, 0x000001a38038e7f0]
Event: 149905.849 Thread 0x000001a3fad36d40 1902       4       java.awt.geom.AffineTransform::<init> (15 bytes)
Event: 149905.850 Thread 0x000001a3fad36d40 nmethod 1902 0x000001a387c2ae10 code [0x000001a387c2afc0, 0x000001a387c2b058]
Event: 150473.037 Thread 0x000001a3fad3afb0 1903       1       sun.awt.Win32GraphicsConfig::getDevice (5 bytes)
Event: 150473.037 Thread 0x000001a3fad3afb0 nmethod 1903 0x000001a387c2b110 code [0x000001a387c2b2a0, 0x000001a387c2b370]
Event: 150473.123 Thread 0x000001a3fad36d40 1904       4       java.util.HashMap$EntryIterator::next (5 bytes)
Event: 150473.126 Thread 0x000001a3fad36d40 nmethod 1904 0x000001a387c2b410 code [0x000001a387c2b5c0, 0x000001a387c2ba10]
Event: 151572.349 Thread 0x000001a3fad36d40 1905       4       java.util.concurrent.locks.AbstractQueuedSynchronizer$Node::setStatusRelaxed (12 bytes)
Event: 151572.349 Thread 0x000001a3fad36d40 nmethod 1905 0x000001a387c2bb90 code [0x000001a387c2bd20, 0x000001a387c2bdb0]
Event: 151752.375 Thread 0x000001a3fad36d40 1906       4       jdk.internal.misc.Unsafe::putIntOpaque (9 bytes)
Event: 151752.376 Thread 0x000001a3fad36d40 nmethod 1906 0x000001a387c2be90 code [0x000001a387c2c020, 0x000001a387c2c0b8]
Event: 152688.179 Thread 0x000001a3fad36d40 1907   !   4       java.awt.Toolkit::setDesktopProperty (81 bytes)
Event: 152688.205 Thread 0x000001a3fad36d40 nmethod 1907 0x000001a387c2c190 code [0x000001a387c2c4c0, 0x000001a387c2e278]
Event: 158234.730 Thread 0x000001a3fad3afb0 1908       1       sun.awt.Win32GraphicsDevice::getScreen (5 bytes)
Event: 158234.730 Thread 0x000001a3fad3afb0 nmethod 1908 0x000001a387c2ef90 code [0x000001a387c2f120, 0x000001a387c2f1e8]
Event: 164795.280 Thread 0x000001a3fad3afb0 1909       3       java.util.WeakHashMap::maskNull (12 bytes)

GC Heap History (2 events):
Event: 88074.058 GC heap before
{Heap before GC invocations=0 (full 0):
 garbage-first heap   total 258048K, used 38912K [0x0000000704e00000, 0x0000000800000000)
  region size 2048K, 11 young (22528K), 0 survivors (0K)
 Metaspace       used 8709K, committed 8960K, reserved 1114112K
  class space    used 886K, committed 1024K, reserved 1048576K
}
Event: 88074.148 GC heap after
{Heap after GC invocations=1 (full 0):
 garbage-first heap   total 258048K, used 20480K [0x0000000704e00000, 0x0000000800000000)
  region size 2048K, 2 young (4096K), 2 survivors (4096K)
 Metaspace       used 8709K, committed 8960K, reserved 1114112K
  class space    used 886K, committed 1024K, reserved 1048576K
}

Dll operation events (9 events):
Event: 0.004 Loaded shared library C:\Program Files\Java\jdk-21\bin\java.dll
Event: 0.021 Loaded shared library C:\Program Files\Java\jdk-21\bin\jsvml.dll
Event: 0.037 Loaded shared library C:\Program Files\Java\jdk-21\bin\jimage.dll
Event: 0.040 Loaded shared library C:\Program Files\Java\jdk-21\bin\net.dll
Event: 0.041 Loaded shared library C:\Program Files\Java\jdk-21\bin\nio.dll
Event: 0.042 Loaded shared library C:\Program Files\Java\jdk-21\bin\zip.dll
Event: 0.051 Loaded shared library C:\Program Files\Java\jdk-21\bin\awt.dll
Event: 0.145 Loaded shared library C:\Program Files\Java\jdk-21\bin\freetype.dll
Event: 0.146 Loaded shared library C:\Program Files\Java\jdk-21\bin\fontmanager.dll

Deoptimization events (20 events):
Event: 63204.649 Thread 0x000001a3ff3ad5c0 DEOPT PACKING pc=0x000001a387c238f0 sp=0x00000040b93fe070
Event: 63204.649 Thread 0x000001a3ff3ad5c0 DEOPT UNPACKING pc=0x000001a3874a46a2 sp=0x00000040b93fe018 mode 2
Event: 68301.887 Thread 0x000001a3ff3ad5c0 Uncommon trap: trap_request=0xffffffd6 fr.pc=0x000001a387c24258 relative=0x0000000000000498
Event: 68301.887 Thread 0x000001a3ff3ad5c0 Uncommon trap: reason=array_check action=maybe_recompile pc=0x000001a387c24258 method=java.util.HashMap.keysToArray([Ljava/lang/Object;)[Ljava/lang/Object; @ 62 c2
Event: 68301.887 Thread 0x000001a3ff3ad5c0 DEOPT PACKING pc=0x000001a387c24258 sp=0x00000040b93fe060
Event: 68301.887 Thread 0x000001a3ff3ad5c0 DEOPT UNPACKING pc=0x000001a3874a46a2 sp=0x00000040b93fe008 mode 2
Event: 72840.596 Thread 0x000001a3ff3ad5c0 Uncommon trap: trap_request=0xffffffd6 fr.pc=0x000001a387c24258 relative=0x0000000000000498
Event: 72840.596 Thread 0x000001a3ff3ad5c0 Uncommon trap: reason=array_check action=maybe_recompile pc=0x000001a387c24258 method=java.util.HashMap.keysToArray([Ljava/lang/Object;)[Ljava/lang/Object; @ 62 c2
Event: 72840.596 Thread 0x000001a3ff3ad5c0 DEOPT PACKING pc=0x000001a387c24258 sp=0x00000040b93fe060
Event: 72840.596 Thread 0x000001a3ff3ad5c0 DEOPT UNPACKING pc=0x000001a3874a46a2 sp=0x00000040b93fe008 mode 2
Event: 74065.155 Thread 0x000001a3ff3ad5c0 Uncommon trap: trap_request=0xffffffd6 fr.pc=0x000001a387c24258 relative=0x0000000000000498
Event: 74065.155 Thread 0x000001a3ff3ad5c0 Uncommon trap: reason=array_check action=maybe_recompile pc=0x000001a387c24258 method=java.util.HashMap.keysToArray([Ljava/lang/Object;)[Ljava/lang/Object; @ 62 c2
Event: 74065.155 Thread 0x000001a3ff3ad5c0 DEOPT PACKING pc=0x000001a387c24258 sp=0x00000040b93fe090
Event: 74065.155 Thread 0x000001a3ff3ad5c0 DEOPT UNPACKING pc=0x000001a3874a46a2 sp=0x00000040b93fe038 mode 2
Event: 74065.224 Thread 0x000001a3ff3ad5c0 Uncommon trap: trap_request=0xffffffd6 fr.pc=0x000001a387c24258 relative=0x0000000000000498
Event: 74065.224 Thread 0x000001a3ff3ad5c0 Uncommon trap: reason=array_check action=maybe_recompile pc=0x000001a387c24258 method=java.util.HashMap.keysToArray([Ljava/lang/Object;)[Ljava/lang/Object; @ 62 c2
Event: 74065.224 Thread 0x000001a3ff3ad5c0 DEOPT PACKING pc=0x000001a387c24258 sp=0x00000040b93fe060
Event: 74065.224 Thread 0x000001a3ff3ad5c0 DEOPT UNPACKING pc=0x000001a3874a46a2 sp=0x00000040b93fe008 mode 2
Event: 146562.769 Thread 0x000001a3ff638610 DEOPT PACKING pc=0x000001a3801ef5cd sp=0x00000040b94fdfe0
Event: 146562.769 Thread 0x000001a3ff638610 DEOPT UNPACKING pc=0x000001a3874a4e42 sp=0x00000040b94fd4c0 mode 0

Classes loaded (20 events):
Event: 9.027 Loading class sun/awt/SunToolkit$1
Event: 9.027 Loading class sun/awt/SunToolkit$1 done
Event: 9.033 Loading class java/awt/Window$1DisposeAction
Event: 9.033 Loading class java/awt/Window$1DisposeAction done
Event: 9.989 Loading class sun/java2d/pipe/ShapeSpanIterator
Event: 9.990 Loading class sun/java2d/pipe/SpanIterator
Event: 9.990 Loading class sun/java2d/pipe/SpanIterator done
Event: 9.990 Loading class sun/awt/geom/PathConsumer2D
Event: 9.990 Loading class sun/awt/geom/PathConsumer2D done
Event: 9.990 Loading class sun/java2d/pipe/ShapeSpanIterator done
Event: 9.990 Loading class java/awt/geom/Path2D$Float$TxIterator
Event: 9.990 Loading class java/awt/geom/Path2D$Iterator
Event: 9.990 Loading class java/awt/geom/Path2D$Iterator done
Event: 9.990 Loading class java/awt/geom/Path2D$Float$TxIterator done
Event: 11889.533 Loading class java/util/WeakHashMap$KeyIterator
Event: 11889.534 Loading class java/util/WeakHashMap$HashIterator
Event: 11889.535 Loading class java/util/WeakHashMap$HashIterator done
Event: 11889.535 Loading class java/util/WeakHashMap$KeyIterator done
Event: 11889.540 Loading class javax/swing/RepaintManager$DisplayChangedRunnable
Event: 11889.541 Loading class javax/swing/RepaintManager$DisplayChangedRunnable done

Classes unloaded (0 events):
No events

Classes redefined (0 events):
No events

Internal exceptions (16 events):
Event: 0.046 Thread 0x000001a3e79f8000 Exception <a 'java/lang/ClassNotFoundException'{0x00000007146adea0}: sun/awt/resources/spi/awtProvider> (0x00000007146adea0) 
thrown [s\open\src\hotspot\share\classfile\systemDictionary.cpp, line 312]
Event: 0.057 Thread 0x000001a3e79f8000 Exception <a 'java/io/FileNotFoundException'{0x0000000714707b50}> (0x0000000714707b50) 
thrown [s\open\src\hotspot\share\prims\jni.cpp, line 520]
Event: 0.060 Thread 0x000001a3e79f8000 Exception <a 'java/io/FileNotFoundException'{0x0000000714731b48}> (0x0000000714731b48) 
thrown [s\open\src\hotspot\share\prims\jni.cpp, line 520]
Event: 0.098 Thread 0x000001a3e79f8000 Exception <a 'java/lang/NoSuchMethodError'{0x0000000714477e80}: 'void java.lang.invoke.DirectMethodHandle$Holder.invokeSpecial(java.lang.Object, java.lang.Object, java.lang.Object)'> (0x0000000714477e80) 
thrown [s\open\src\hotspot\share\interpreter\linkResolver.cpp, line 773]
Event: 0.102 Thread 0x000001a3e79f8000 Exception <a 'java/lang/NoSuchMethodError'{0x000000071449d7d8}: 'java.lang.Object java.lang.invoke.DirectMethodHandle$Holder.newInvokeSpecial(java.lang.Object, java.lang.Object, java.lang.Object, java.lang.Object, java.lang.Object)'> (0x000000071449d7d8) 
thrown [s\open\src\hotspot\share\interpreter\linkResolver.cpp, line 773]
Event: 0.104 Thread 0x000001a3e79f8000 Exception <a 'java/lang/NoSuchMethodError'{0x00000007144c93e8}: 'java.lang.Object java.lang.invoke.DirectMethodHandle$Holder.invokeStatic(java.lang.Object, int, java.lang.Object)'> (0x00000007144c93e8) 
thrown [s\open\src\hotspot\share\interpreter\linkResolver.cpp, line 773]
Event: 0.113 Thread 0x000001a3e79f8000 Exception <a 'java/lang/ClassNotFoundException'{0x00000007145d97a0}: com/sun/swing/internal/plaf/metal/resources/spi/metalProvider> (0x00000007145d97a0) 
thrown [s\open\src\hotspot\share\classfile\systemDictionary.cpp, line 312]
Event: 0.114 Thread 0x000001a3e79f8000 Exception <a 'java/lang/ClassNotFoundException'{0x00000007145dd6e0}: com/sun/swing/internal/plaf/basic/resources/spi/basicProvider> (0x00000007145dd6e0) 
thrown [s\open\src\hotspot\share\classfile\systemDictionary.cpp, line 312]
Event: 0.119 Thread 0x000001a3e79f8000 Exception <a 'java/lang/NoSuchMethodError'{0x00000007145fce58}: 'int java.lang.invoke.Invokers$Holder.invokeExact_MT(java.lang.Object, java.lang.Object)'> (0x00000007145fce58) 
thrown [s\open\src\hotspot\share\interpreter\linkResolver.cpp, line 773]
Event: 0.131 Thread 0x000001a3ff3ad5c0 Exception <a 'java/lang/NoSuchMethodError'{0x000000071440ee58}: 'void java.lang.invoke.DirectMethodHandle$Holder.invokeVirtual(java.lang.Object, java.lang.Object)'> (0x000000071440ee58) 
thrown [s\open\src\hotspot\share\interpreter\linkResolver.cpp, line 773]
Event: 0.143 Thread 0x000001a3e79f8000 Exception <a 'java/lang/NoSuchMethodError'{0x0000000714238058}: 'void java.lang.invoke.DirectMethodHandle$Holder.invokeStaticInit(java.lang.Object)'> (0x0000000714238058) 
thrown [s\open\src\hotspot\share\interpreter\linkResolver.cpp, line 773]
Event: 0.348 Thread 0x000001a3ff638610 Implicit null exception at 0x000001a387be40a5 to 0x000001a387be415c
Event: 0.348 Thread 0x000001a3ff638610 Implicit null exception at 0x000001a387be4580 to 0x000001a387be4614
Event: 6.912 Thread 0x000001a3ffb7bd40 Exception <a 'java/lang/NoSuchMethodError'{0x00000007136ee230}: 'java.lang.Object java.lang.invoke.DirectMethodHandle$Holder.newInvokeSpecial(java.lang.Object, java.lang.Object, java.lang.Object, int, int, int, int, int)'> (0x00000007136ee230) 
thrown [s\open\src\hotspot\share\interpreter\linkResolver.cpp, line 773]
Event: 6.923 Thread 0x000001a3ff638610 Exception <a 'java/lang/NoSuchMethodError'{0x00000007136db818}: 'void java.lang.invoke.DirectMethodHandle$Holder.invokeStatic(java.lang.Object, java.lang.Object)'> (0x00000007136db818) 
thrown [s\open\src\hotspot\share\interpreter\linkResolver.cpp, line 773]
Event: 6.936 Thread 0x000001a3ff638610 Exception <a 'java/lang/NoSuchMethodError'{0x0000000713760ef0}: 'int java.lang.invoke.DirectMethodHandle$Holder.invokeStatic(java.lang.Object)'> (0x0000000713760ef0) 
thrown [s\open\src\hotspot\share\interpreter\linkResolver.cpp, line 773]

ZGC Phase Switch (0 events):
No events

VM Operations (20 events):
Event: 57188.649 Executing VM operation: Cleanup
Event: 57188.649 Executing VM operation: Cleanup done
Event: 57244.106 Executing VM operation: Cleanup
Event: 57244.106 Executing VM operation: Cleanup done
Event: 58563.569 Executing VM operation: Cleanup
Event: 58563.569 Executing VM operation: Cleanup done
Event: 58579.748 Executing VM operation: Cleanup
Event: 58579.749 Executing VM operation: Cleanup done
Event: 64761.014 Executing VM operation: Cleanup
Event: 64761.014 Executing VM operation: Cleanup done
Event: 88074.058 Executing VM operation: G1CollectForAllocation (G1 Evacuation Pause)
Event: 88074.148 Executing VM operation: G1CollectForAllocation (G1 Evacuation Pause) done
Event: 96989.547 Executing VM operation: Cleanup
Event: 96989.547 Executing VM operation: Cleanup done
Event: 143647.453 Executing VM operation: Cleanup
Event: 143647.453 Executing VM operation: Cleanup done
Event: 146563.859 Executing VM operation: Cleanup
Event: 146563.859 Executing VM operation: Cleanup done
Event: 146587.006 Executing VM operation: Cleanup
Event: 146587.006 Executing VM operation: Cleanup done

Events (20 events):
Event: 0.082 Thread 0x000001a3ff38ec70 Thread added: 0x000001a3ff38ec70
Event: 0.082 Thread 0x000001a3ff3ad5c0 Thread added: 0x000001a3ff3ad5c0
Event: 0.131 Thread 0x000001a3ff638610 Thread added: 0x000001a3ff638610
Event: 0.180 Thread 0x000001a3e79f8000 Thread exited: 0x000001a3e79f8000
Event: 0.180 Thread 0x000001a3e79f8000 Thread added: 0x000001a3e79f8000
Event: 0.263 Thread 0x000001a3ff678430 Thread added: 0x000001a3ff678430
Event: 0.263 Thread 0x000001a3ff674cc0 Thread added: 0x000001a3ff674cc0
Event: 0.300 Thread 0x000001a3ff7b1700 Thread added: 0x000001a3ff7b1700
Event: 0.309 Thread 0x000001a3ff8680a0 Thread added: 0x000001a3ff8680a0
Event: 0.914 Thread 0x000001a3ff8680a0 Thread exited: 0x000001a3ff8680a0
Event: 0.914 Thread 0x000001a3ff674cc0 Thread exited: 0x000001a3ff674cc0
Event: 0.914 Thread 0x000001a3ff7b1700 Thread exited: 0x000001a3ff7b1700
Event: 6.678 Thread 0x000001a3ff678430 Thread exited: 0x000001a3ff678430
Event: 6.910 Thread 0x000001a3ffb7bd40 Thread added: 0x000001a3ffb7bd40
Event: 11.918 Thread 0x000001a3ffb7bd40 Thread exited: 0x000001a3ffb7bd40
Event: 16.811 Thread 0x000001a3ff0f7ab0 Thread exited: 0x000001a3ff0f7ab0
Event: 88072.621 Thread 0x000001a3ff361ce0 Thread added: 0x000001a3ff361ce0
Event: 88073.759 Thread 0x000001a3ff361ce0 Thread exited: 0x000001a3ff361ce0
Event: 88074.151 Thread 0x000001a3d2e7f600 Thread added: 0x000001a3d2e7f600
Event: 88079.168 Thread 0x000001a3d2e7f600 Thread exited: 0x000001a3d2e7f600


Dynamic libraries:
0x00007ff6dee10000 - 0x00007ff6dee20000 	C:\Program Files\Java\jdk-21\bin\javaw.exe
0x00007ffcfd3d0000 - 0x00007ffcfd5e7000 	C:\WINDOWS\SYSTEM32\ntdll.dll
0x00007ffcfc490000 - 0x00007ffcfc554000 	C:\WINDOWS\System32\KERNEL32.DLL
0x00007ffcfaac0000 - 0x00007ffcfae66000 	C:\WINDOWS\System32\KERNELBASE.dll
0x00007ffcfaee0000 - 0x00007ffcfaff1000 	C:\WINDOWS\System32\ucrtbase.dll
0x00007ffcee580000 - 0x00007ffcee599000 	C:\Program Files\Java\jdk-21\bin\jli.dll
0x00007ffcee560000 - 0x00007ffcee57b000 	C:\Program Files\Java\jdk-21\bin\VCRUNTIME140.dll
0x00007ffcfb1b0000 - 0x00007ffcfb263000 	C:\WINDOWS\System32\ADVAPI32.dll
0x00007ffcfb610000 - 0x00007ffcfb6b7000 	C:\WINDOWS\System32\msvcrt.dll
0x00007ffcfb6c0000 - 0x00007ffcfb768000 	C:\WINDOWS\System32\sechost.dll
0x00007ffcfaa90000 - 0x00007ffcfaab8000 	C:\WINDOWS\System32\bcrypt.dll
0x00007ffcfd270000 - 0x00007ffcfd387000 	C:\WINDOWS\System32\RPCRT4.dll
0x00007ffcfc9e0000 - 0x00007ffcfcb8e000 	C:\WINDOWS\System32\USER32.dll
0x00007ffcfa710000 - 0x00007ffcfa736000 	C:\WINDOWS\System32\win32u.dll
0x00007ffcfb860000 - 0x00007ffcfb889000 	C:\WINDOWS\System32\GDI32.dll
0x00007ffcfb000000 - 0x00007ffcfb118000 	C:\WINDOWS\System32\gdi32full.dll
0x00007ffcd9000000 - 0x00007ffcd9293000 	C:\WINDOWS\WinSxS\amd64_microsoft.windows.common-controls_6595b64144ccf1df_6.0.22621.2506_none_270c5ae97388e100\COMCTL32.dll
0x00007ffcfa740000 - 0x00007ffcfa7da000 	C:\WINDOWS\System32\msvcp_win.dll
0x00007ffcee850000 - 0x00007ffcee85a000 	C:\WINDOWS\SYSTEM32\VERSION.dll
0x00007ffcfc830000 - 0x00007ffcfc861000 	C:\WINDOWS\System32\IMM32.DLL
0x00007ffcf2bf0000 - 0x00007ffcf2bfc000 	C:\Program Files\Java\jdk-21\bin\vcruntime140_1.dll
0x00007ffcd6160000 - 0x00007ffcd61ee000 	C:\Program Files\Java\jdk-21\bin\msvcp140.dll
0x00007ffc343b0000 - 0x00007ffc350c7000 	C:\Program Files\Java\jdk-21\bin\server\jvm.dll
0x00007ffcfc7b0000 - 0x00007ffcfc821000 	C:\WINDOWS\System32\WS2_32.dll
0x00007ffcf9560000 - 0x00007ffcf95ad000 	C:\WINDOWS\SYSTEM32\POWRPROF.dll
0x00007ffcee1d0000 - 0x00007ffcee204000 	C:\WINDOWS\SYSTEM32\WINMM.dll
0x00007ffcf9540000 - 0x00007ffcf9553000 	C:\WINDOWS\SYSTEM32\UMPDC.dll
0x00007ffcf9810000 - 0x00007ffcf9828000 	C:\WINDOWS\SYSTEM32\kernel.appcore.dll
0x00007ffcf2ad0000 - 0x00007ffcf2ada000 	C:\Program Files\Java\jdk-21\bin\jimage.dll
0x00007ffcf7cb0000 - 0x00007ffcf7ee3000 	C:\WINDOWS\SYSTEM32\DBGHELP.DLL
0x00007ffcfc100000 - 0x00007ffcfc489000 	C:\WINDOWS\System32\combase.dll
0x00007ffcfb770000 - 0x00007ffcfb847000 	C:\WINDOWS\System32\OLEAUT32.dll
0x00007ffcec3b0000 - 0x00007ffcec3e2000 	C:\WINDOWS\SYSTEM32\dbgcore.DLL
0x00007ffcfa8a0000 - 0x00007ffcfa91a000 	C:\WINDOWS\System32\bcryptPrimitives.dll
0x00007ffcec510000 - 0x00007ffcec52f000 	C:\Program Files\Java\jdk-21\bin\java.dll
0x00007ffcfb890000 - 0x00007ffcfc0eb000 	C:\WINDOWS\System32\SHELL32.dll
0x00007ffcf8630000 - 0x00007ffcf8f26000 	C:\WINDOWS\SYSTEM32\windows.storage.dll
0x00007ffcf84f0000 - 0x00007ffcf862e000 	C:\WINDOWS\SYSTEM32\wintypes.dll
0x00007ffcfb370000 - 0x00007ffcfb463000 	C:\WINDOWS\System32\SHCORE.dll
0x00007ffcfc720000 - 0x00007ffcfc77e000 	C:\WINDOWS\System32\shlwapi.dll
0x00007ffcfa640000 - 0x00007ffcfa666000 	C:\WINDOWS\SYSTEM32\profapi.dll
0x00007ffccf5a0000 - 0x00007ffccf677000 	C:\Program Files\Java\jdk-21\bin\jsvml.dll
0x00007ffcf2a40000 - 0x00007ffcf2a50000 	C:\Program Files\Java\jdk-21\bin\net.dll
0x00007ffcf1180000 - 0x00007ffcf12b7000 	C:\WINDOWS\SYSTEM32\WINHTTP.dll
0x00007ffcf9c80000 - 0x00007ffcf9ce9000 	C:\WINDOWS\system32\mswsock.dll
0x00007ffcddba0000 - 0x00007ffcddbb6000 	C:\Program Files\Java\jdk-21\bin\nio.dll
0x00007ffcddb00000 - 0x00007ffcddb18000 	C:\Program Files\Java\jdk-21\bin\zip.dll
0x00007ffca55e0000 - 0x00007ffca576f000 	C:\Program Files\Java\jdk-21\bin\awt.dll
0x00007ffcf4940000 - 0x00007ffcf49d7000 	C:\WINDOWS\SYSTEM32\apphelp.dll
0x00007ffcf7280000 - 0x00007ffcf72ab000 	C:\WINDOWS\system32\DWMAPI.DLL
0x00007ffcf4a80000 - 0x00007ffcf4b2b000 	C:\WINDOWS\system32\uxtheme.dll
0x00007ffca3740000 - 0x00007ffca3840000 	C:\WINDOWS\system32\opengl32.dll
0x00007ffcd81e0000 - 0x00007ffcd820d000 	C:\WINDOWS\SYSTEM32\GLU32.dll
0x00007ffcf79a0000 - 0x00007ffcf79d9000 	C:\WINDOWS\SYSTEM32\dxcore.dll
0x00007ffcfc880000 - 0x00007ffcfc9d1000 	C:\WINDOWS\System32\MSCTF.dll
0x00007ffcfb470000 - 0x00007ffcfb610000 	C:\WINDOWS\System32\ole32.dll
0x00007ffcc0870000 - 0x00007ffcc08f7000 	C:\Program Files\Java\jdk-21\bin\freetype.dll
0x00007ffca5340000 - 0x00007ffca5422000 	C:\Program Files\Java\jdk-21\bin\fontmanager.dll
0x00007ffcdb4c0000 - 0x00007ffcdb60a000 	C:\WINDOWS\SYSTEM32\textinputframework.dll
0x00007ffcf4660000 - 0x00007ffcf4794000 	C:\WINDOWS\SYSTEM32\CoreMessaging.dll
0x00007ffcf02e0000 - 0x00007ffcf064c000 	C:\WINDOWS\SYSTEM32\CoreUIComponents.dll
0x00007ffcf9ee0000 - 0x00007ffcf9eec000 	C:\WINDOWS\SYSTEM32\CRYPTBASE.DLL
0x00007ffccc910000 - 0x00007ffccc9c0000 	C:\WINDOWS\SYSTEM32\TextShaping.dll

dbghelp: loaded successfully - version: 4.0.5 - missing functions: none
symbol engine: initialized successfully - sym options: 0x614 - pdb path: .;C:\Program Files\Java\jdk-21\bin;C:\WINDOWS\SYSTEM32;C:\WINDOWS\WinSxS\amd64_microsoft.windows.common-controls_6595b64144ccf1df_6.0.22621.2506_none_270c5ae97388e100;C:\Program Files\Java\jdk-21\bin\server

VM Arguments:
jvm_args: -Dfile.encoding=UTF-8 -Dstdout.encoding=UTF-8 -Dstderr.encoding=UTF-8 -XX:+ShowCodeDetailsInExceptionMessages 
java_command: BankManagementSystem.SignUp3
java_class_path (initial): C:\Users\amrit\git\JavaBankManagement\BankManagementSystem\bin;C:\Users\amrit\Downloads\jcalendar-tz-1.3.3-4.jar;C:\Users\amrit\Downloads\mysql-connector-java-8.0.28.jar
Launcher Type: SUN_STANDARD

[Global flags]
     intx CICompilerCount                          = 12                                        {product} {ergonomic}
     uint ConcGCThreads                            = 4                                         {product} {ergonomic}
     uint G1ConcRefinementThreads                  = 15                                        {product} {ergonomic}
   size_t G1HeapRegionSize                         = 2097152                                   {product} {ergonomic}
    uintx GCDrainStackTargetSize                   = 64                                        {product} {ergonomic}
   size_t InitialHeapSize                          = 264241152                                 {product} {ergonomic}
   size_t MarkStackSize                            = 4194304                                   {product} {ergonomic}
   size_t MaxHeapSize                              = 4213178368                                {product} {ergonomic}
   size_t MaxNewSize                               = 2527068160                                {product} {ergonomic}
   size_t MinHeapDeltaBytes                        = 2097152                                   {product} {ergonomic}
   size_t MinHeapSize                              = 8388608                                   {product} {ergonomic}
    uintx NonNMethodCodeHeapSize                   = 7602480                                {pd product} {ergonomic}
    uintx NonProfiledCodeHeapSize                  = 122027880                              {pd product} {ergonomic}
    uintx ProfiledCodeHeapSize                     = 122027880                              {pd product} {ergonomic}
    uintx ReservedCodeCacheSize                    = 251658240                              {pd product} {ergonomic}
     bool SegmentedCodeCache                       = true                                      {product} {ergonomic}
     bool ShowCodeDetailsInExceptionMessages       = true                                   {manageable} {command line}
   size_t SoftMaxHeapSize                          = 4213178368                             {manageable} {ergonomic}
     bool UseCompressedOops                        = true                           {product lp64_product} {ergonomic}
     bool UseG1GC                                  = true                                      {product} {ergonomic}
     bool UseLargePagesIndividualAllocation        = false                                  {pd product} {ergonomic}

Logging:
Log output configuration:
 #0: stdout all=warning uptime,level,tags foldmultilines=false
 #1: stderr all=off uptime,level,tags foldmultilines=false

Environment Variables:
JAVA_HOME=C:\Program Files\Java\jdk-21
PATH=C:\Program Files\Common Files\Oracle\Java\javapath;C:\windows\system32;C:\windows;C:\windows\System32\Wbem;C:\windows\System32\WindowsPowerShell\v1.0\;C:\windows\System32\OpenSSH\;C:\Program Files (x86)\NVIDIA Corporation\PhysX\Common;C:\Program Files\NVIDIA Corporation\NVIDIA NvDLISR;C:\WINDOWS\system32;C:\WINDOWS;C:\WINDOWS\System32\Wbem;C:\WINDOWS\System32\WindowsPowerShell\v1.0\;C:\WINDOWS\System32\OpenSSH\;C:\Program Files\MySQL\MySQL Shell 8.0\bin\;C:\Users\amrit\AppData\Local\Microsoft\WindowsApps;
USERNAME=amrit
OS=Windows_NT
PROCESSOR_IDENTIFIER=Intel64 Family 6 Model 151 Stepping 2, GenuineIntel
TMP=C:\Users\amrit\AppData\Local\Temp
TEMP=C:\Users\amrit\AppData\Local\Temp




Periodic native trim disabled

---------------  S Y S T E M  ---------------

OS:
 Windows 11 , 64 bit Build 22621 (10.0.22621.3085)
OS uptime: 15 days 21:20 hours
Hyper-V role detected

CPU: total 20 (initial active 20) (10 cores per cpu, 2 threads per core) family 6 model 151 stepping 2 microcode 0x2e, cx8, cmov, fxsr, ht, mmx, 3dnowpref, sse, sse2, sse3, ssse3, sse4.1, sse4.2, popcnt, lzcnt, tsc, tscinvbit, avx, avx2, aes, erms, clmul, bmi1, bmi2, adx, sha, fma, vzeroupper, clflush, clflushopt, clwb, hv, serialize, rdtscp, rdpid, fsrm, f16c, cet_ibt, cet_ss
Processor Information for processor 0
  Max Mhz: 2100, Current Mhz: 2100, Mhz Limit: 2100
Processor Information for processor 1
  Max Mhz: 2100, Current Mhz: 2100, Mhz Limit: 2100
Processor Information for processor 2
  Max Mhz: 2100, Current Mhz: 2100, Mhz Limit: 2100
Processor Information for processor 3
  Max Mhz: 2100, Current Mhz: 2100, Mhz Limit: 2100
Processor Information for processor 4
  Max Mhz: 2100, Current Mhz: 2100, Mhz Limit: 2100
Processor Information for processor 5
  Max Mhz: 2100, Current Mhz: 2100, Mhz Limit: 2100
Processor Information for processor 6
  Max Mhz: 2100, Current Mhz: 2100, Mhz Limit: 2100
Processor Information for processor 7
  Max Mhz: 2100, Current Mhz: 2100, Mhz Limit: 2100
Processor Information for processor 8
  Max Mhz: 2100, Current Mhz: 2100, Mhz Limit: 2100
Processor Information for processor 9
  Max Mhz: 2100, Current Mhz: 2100, Mhz Limit: 2100
Processor Information for processor 10
  Max Mhz: 2100, Current Mhz: 2100, Mhz Limit: 2100
Processor Information for processor 11
  Max Mhz: 2100, Current Mhz: 2100, Mhz Limit: 2100
Processor Information for processor 12
  Max Mhz: 2100, Current Mhz: 2100, Mhz Limit: 2100
Processor Information for processor 13
  Max Mhz: 2100, Current Mhz: 2100, Mhz Limit: 2100
Processor Information for processor 14
  Max Mhz: 2100, Current Mhz: 2100, Mhz Limit: 2100
Processor Information for processor 15
  Max Mhz: 2100, Current Mhz: 2100, Mhz Limit: 2100
Processor Information for processor 16
  Max Mhz: 2100, Current Mhz: 1600, Mhz Limit: 1596
Processor Information for processor 17
  Max Mhz: 2100, Current Mhz: 1600, Mhz Limit: 1596
Processor Information for processor 18
  Max Mhz: 2100, Current Mhz: 1600, Mhz Limit: 1596
Processor Information for processor 19
  Max Mhz: 2100, Current Mhz: 1600, Mhz Limit: 1596

Memory: 4k page, system-wide physical 16065M (5248M free)
TotalPageFile size 65217M (AvailPageFile size 0M)
current process WorkingSet (physical memory assigned to process): 30M, peak: 90M
current process commit charge ("private bytes"): 367M, peak: 377M

vm_info: Java HotSpot(TM) 64-Bit Server VM (21.0.2+13-LTS-58) for windows-amd64 JRE (21.0.2+13-LTS-58), built on 2024-01-05T18:32:24Z by "mach5one" with MS VC++ 17.1 (VS2022)

END.
