#
# There is insufficient memory for the Java Runtime Environment to continue.
# Native memory allocation (malloc) failed to allocate 32744 bytes for Chunk::new
# Possible reasons:
#   The system is out of physical RAM or swap space
#   The process is running with CompressedOops enabled, and the Java Heap may be blocking the growth of the native heap
# Possible solutions:
#   Reduce memory load on the system
#   Increase physical memory or swap space
#   Check if swap backing store is full
#   Decrease Java heap size (-Xmx/-Xms)
#   Decrease number of Java threads
#   Decrease Java thread stack sizes (-Xss)
#   Set larger code cache with -XX:ReservedCodeCacheSize=
#   JVM is running with Zero Based Compressed Oops mode in which the Java heap is
#     placed in the first 32GB address space. The Java Heap base address is the
#     maximum limit for the native heap growth. Please use -XX:HeapBaseMinAddress
#     to set the Java Heap base and to place the Java Heap above 32GB virtual address.
# This output file may be truncated or incomplete.
#
#  Out of Memory Error (arena.cpp:168), pid=14652, tid=12876
#
# JRE version: Java(TM) SE Runtime Environment (21.0.2+13) (build 21.0.2+13-LTS-58)
# Java VM: Java HotSpot(TM) 64-Bit Server VM (21.0.2+13-LTS-58, mixed mode, sharing, tiered, compressed oops, compressed class ptrs, g1 gc, windows-amd64)
# No core dump will be written. Minidumps are not enabled by default on client versions of Windows
#

---------------  S U M M A R Y ------------

Command Line: -Dfile.encoding=UTF-8 -Dstdout.encoding=UTF-8 -Dstderr.encoding=UTF-8 -XX:+ShowCodeDetailsInExceptionMessages BankManagementSystem.SignUp3

Host: 12th Gen Intel(R) Core(TM) i7-12700, 20 cores, 15G,  Windows 11 , 64 bit Build 22621 (10.0.22621.3085)
Time: Thu Mar 14 17:26:06 2024 Central Daylight Time elapsed time: 164139.117640 seconds (1d 21h 35m 39s)

---------------  T H R E A D  ---------------

Current thread (0x0000026d420f7d10):  JavaThread "C2 CompilerThread0" daemon [_thread_in_native, id=12876, stack(0x0000008fbd300000,0x0000008fbd400000) (1024K)]


Current CompileTask:
C2:164139117 2577  s    4       sun.java2d.loops.GraphicsPrimitiveMgr::locatePrim (95 bytes)

Stack: [0x0000008fbd300000,0x0000008fbd400000]
Native frames: (J=compiled Java code, j=interpreted, Vv=VM code, C=native code)
V  [jvm.dll+0x6cade9]
V  [jvm.dll+0x8569c1]
V  [jvm.dll+0x858d2e]
V  [jvm.dll+0x859413]
V  [jvm.dll+0x280e56]
V  [jvm.dll+0xc3f3d]
V  [jvm.dll+0xc4473]
V  [jvm.dll+0x5f5010]
V  [jvm.dll+0x252d7f]
V  [jvm.dll+0x24b25c]
V  [jvm.dll+0x2490a3]
V  [jvm.dll+0x1c9634]
V  [jvm.dll+0x258859]
V  [jvm.dll+0x256e3a]
V  [jvm.dll+0x3ef6c6]
V  [jvm.dll+0x7ff568]
V  [jvm.dll+0x6c953d]
C  [ucrtbase.dll+0x29363]
C  [KERNEL32.DLL+0x1257d]
C  [ntdll.dll+0x5aa58]


---------------  P R O C E S S  ---------------

Threads class SMR info:
_java_thread_list=0x0000026d8af7cb60, length=16, elements={
0x0000026d420dcb80, 0x0000026d420ddaa0, 0x0000026d420dfe60, 0x0000026d420e2e60,
0x0000026d422301c0, 0x0000026d420eb8d0, 0x0000026d420f7d10, 0x0000026d420fc920,
0x0000026d4241b670, 0x0000026d4242a970, 0x0000026d425acc60, 0x0000026d425afd90,
0x0000026d425b4fb0, 0x0000026d4260e4d0, 0x0000026d1fe4c170, 0x0000026d8b507a70
}

Java Threads: ( => current thread )
  0x0000026d420dcb80 JavaThread "Reference Handler"          daemon [_thread_blocked, id=16804, stack(0x0000008fbcd00000,0x0000008fbce00000) (1024K)]
  0x0000026d420ddaa0 JavaThread "Finalizer"                  daemon [_thread_blocked, id=32512, stack(0x0000008fbce00000,0x0000008fbcf00000) (1024K)]
  0x0000026d420dfe60 JavaThread "Signal Dispatcher"          daemon [_thread_blocked, id=3264, stack(0x0000008fbcf00000,0x0000008fbd000000) (1024K)]
  0x0000026d420e2e60 JavaThread "Attach Listener"            daemon [_thread_blocked, id=24192, stack(0x0000008fbd000000,0x0000008fbd100000) (1024K)]
  0x0000026d422301c0 JavaThread "Service Thread"             daemon [_thread_blocked, id=27132, stack(0x0000008fbd100000,0x0000008fbd200000) (1024K)]
  0x0000026d420eb8d0 JavaThread "Monitor Deflation Thread"   daemon [_thread_blocked, id=26876, stack(0x0000008fbd200000,0x0000008fbd300000) (1024K)]
=>0x0000026d420f7d10 JavaThread "C2 CompilerThread0"         daemon [_thread_in_native, id=12876, stack(0x0000008fbd300000,0x0000008fbd400000) (1024K)]
  0x0000026d420fc920 JavaThread "C1 CompilerThread0"         daemon [_thread_blocked, id=36328, stack(0x0000008fbd400000,0x0000008fbd500000) (1024K)]
  0x0000026d4241b670 JavaThread "Notification Thread"        daemon [_thread_blocked, id=30956, stack(0x0000008fbd600000,0x0000008fbd700000) (1024K)]
  0x0000026d4242a970 JavaThread "Common-Cleaner"             daemon [_thread_blocked, id=18844, stack(0x0000008fbd700000,0x0000008fbd800000) (1024K)]
  0x0000026d425acc60 JavaThread "Java2D Disposer"            daemon [_thread_blocked, id=23712, stack(0x0000008fbd800000,0x0000008fbd900000) (1024K)]
  0x0000026d425afd90 JavaThread "AWT-Shutdown"                      [_thread_blocked, id=31776, stack(0x0000008fbd900000,0x0000008fbda00000) (1024K)]
  0x0000026d425b4fb0 JavaThread "AWT-Windows"                daemon [_thread_in_native, id=34956, stack(0x0000008fbda00000,0x0000008fbdb00000) (1024K)]
  0x0000026d4260e4d0 JavaThread "AWT-EventQueue-0"                  [_thread_blocked, id=1860, stack(0x0000008fbdb00000,0x0000008fbdc00000) (1024K)]
  0x0000026d1fe4c170 JavaThread "DestroyJavaVM"                     [_thread_blocked, id=33588, stack(0x0000008fbc500000,0x0000008fbc600000) (1024K)]
  0x0000026d8b507a70 JavaThread "mysql-cj-abandoned-connection-cleanup" daemon [_thread_blocked, id=21140, stack(0x0000008fbdd00000,0x0000008fbde00000) (1024K)]
Total: 16

Other Threads:
  0x0000026d1fe2c510 VMThread "VM Thread"                           [id=29840, stack(0x0000008fbcc00000,0x0000008fbcd00000) (1024K)]
  0x0000026d420a5c00 WatcherThread "VM Periodic Task Thread"        [id=36428, stack(0x0000008fbcb00000,0x0000008fbcc00000) (1024K)]
  0x0000026d1fe2cff0 WorkerThread "GC Thread#0"                     [id=24992, stack(0x0000008fbc600000,0x0000008fbc700000) (1024K)]
  0x0000026d1fe2c8b0 WorkerThread "GC Thread#1"                     [id=33760, stack(0x0000008fbe000000,0x0000008fbe100000) (1024K)]
  0x0000026d1fe2cc50 WorkerThread "GC Thread#2"                     [id=36616, stack(0x0000008fbe100000,0x0000008fbe200000) (1024K)]
  0x0000026d8b289b00 WorkerThread "GC Thread#3"                     [id=408, stack(0x0000008fbe200000,0x0000008fbe300000) (1024K)]
  0x0000026d8b2881a0 WorkerThread "GC Thread#4"                     [id=15108, stack(0x0000008fbe300000,0x0000008fbe400000) (1024K)]
  0x0000026d8b288540 WorkerThread "GC Thread#5"                     [id=13272, stack(0x0000008fbe400000,0x0000008fbe500000) (1024K)]
  0x0000026d8b28a5e0 WorkerThread "GC Thread#6"                     [id=31356, stack(0x0000008fbe500000,0x0000008fbe600000) (1024K)]
  0x0000026d8b287a60 WorkerThread "GC Thread#7"                     [id=19652, stack(0x0000008fbe600000,0x0000008fbe700000) (1024K)]
  0x0000026d8b289020 WorkerThread "GC Thread#8"                     [id=28276, stack(0x0000008fbe700000,0x0000008fbe800000) (1024K)]
  0x0000026d220ef340 ConcurrentGCThread "G1 Main Marker"            [id=6276, stack(0x0000008fbc700000,0x0000008fbc800000) (1024K)]
  0x0000026d1fe2d390 WorkerThread "G1 Conc#0"                       [id=36780, stack(0x0000008fbc800000,0x0000008fbc900000) (1024K)]
  0x0000026d41f78760 ConcurrentGCThread "G1 Refine#0"               [id=34644, stack(0x0000008fbc900000,0x0000008fbca00000) (1024K)]
  0x0000026d41f7a1f0 ConcurrentGCThread "G1 Service"                [id=32952, stack(0x0000008fbca00000,0x0000008fbcb00000) (1024K)]
Total: 15

Threads with active compile tasks:
C2 CompilerThread0  164139140 2577  s    4       sun.java2d.loops.GraphicsPrimitiveMgr::locatePrim (95 bytes)
Total: 1

VM state: not at safepoint (normal execution)

VM Mutex/Monitor currently owned by a thread: None

Heap address: 0x0000000704e00000, size: 4018 MB, Compressed Oops mode: Zero based, Oop shift amount: 3

CDS archive(s) mapped at: [0x0000026d43000000-0x0000026d43c90000-0x0000026d43c90000), size 13172736, SharedBaseAddress: 0x0000026d43000000, ArchiveRelocationMode: 1.
Compressed class space mapped at: 0x0000026d44000000-0x0000026d84000000, reserved size: 1073741824
Narrow klass base: 0x0000026d43000000, Narrow klass shift: 0, Narrow klass range: 0x100000000

GC Precious Log:
 CardTable entry size: 512
 Card Set container configuration: InlinePtr #cards 4 size 8 Array Of Cards #cards 16 size 48 Howl #buckets 8 coarsen threshold 3686 Howl Bitmap #cards 512 size 80 coarsen threshold 460 Card regions per heap region 1 cards per card region 4096
 CPUs: 20 total, 20 available
 Memory: 16065M
 Large Page Support: Disabled
 NUMA Support: Disabled
 Compressed Oops: Enabled (Zero based)
 Heap Region Size: 2M
 Heap Min Capacity: 8M
 Heap Initial Capacity: 252M
 Heap Max Capacity: 4018M
 Pre-touch: Disabled
 Parallel Workers: 15
 Concurrent Workers: 4
 Concurrent Refinement Workers: 15
 Periodic GC: Disabled

Heap:
 garbage-first heap   total 258048K, used 42924K [0x0000000704e00000, 0x0000000800000000)
  region size 2048K, 9 young (18432K), 2 survivors (4096K)
 Metaspace       used 16803K, committed 17088K, reserved 1114112K
  class space    used 1755K, committed 1920K, reserved 1048576K

Heap Regions: E=young(eden), S=young(survivor), O=old, HS=humongous(starts), HC=humongous(continues), CS=collection set, F=free, TAMS=top-at-mark-start, PB=parsable bottom
|   0|0x0000000704e00000, 0x0000000705000000, 0x0000000705000000|100%|HS|  |TAMS 0x0000000704e00000| PB 0x0000000704e00000| Complete 
|   1|0x0000000705000000, 0x0000000705200000, 0x0000000705200000|100%|HC|  |TAMS 0x0000000705000000| PB 0x0000000705000000| Complete 
|   2|0x0000000705200000, 0x0000000705400000, 0x0000000705400000|100%|HC|  |TAMS 0x0000000705200000| PB 0x0000000705200000| Complete 
|   3|0x0000000705400000, 0x0000000705600000, 0x0000000705600000|100%|HS|  |TAMS 0x0000000705400000| PB 0x0000000705400000| Complete 
|   4|0x0000000705600000, 0x0000000705800000, 0x0000000705800000|100%|HC|  |TAMS 0x0000000705600000| PB 0x0000000705600000| Complete 
|   5|0x0000000705800000, 0x0000000705a00000, 0x0000000705a00000|100%|HS|  |TAMS 0x0000000705800000| PB 0x0000000705800000| Complete 
|   6|0x0000000705a00000, 0x0000000705c00000, 0x0000000705c00000|100%|HC|  |TAMS 0x0000000705a00000| PB 0x0000000705a00000| Complete 
|   7|0x0000000705c00000, 0x0000000705e00000, 0x0000000705e00000|100%|HC|  |TAMS 0x0000000705c00000| PB 0x0000000705c00000| Complete 
|   8|0x0000000705e00000, 0x0000000706000000, 0x0000000706000000|100%|HS|  |TAMS 0x0000000705e00000| PB 0x0000000705e00000| Complete 
|   9|0x0000000706000000, 0x0000000706200000, 0x0000000706200000|100%|HC|  |TAMS 0x0000000706000000| PB 0x0000000706000000| Complete 
|  10|0x0000000706200000, 0x0000000706400000, 0x0000000706400000|100%|HS|  |TAMS 0x0000000706200000| PB 0x0000000706200000| Complete 
|  11|0x0000000706400000, 0x0000000706600000, 0x0000000706600000|100%|HC|  |TAMS 0x0000000706400000| PB 0x0000000706400000| Complete 
|  12|0x0000000706600000, 0x0000000706800000, 0x0000000706800000|100%|HC|  |TAMS 0x0000000706600000| PB 0x0000000706600000| Complete 
|  13|0x0000000706800000, 0x0000000706800000, 0x0000000706a00000|  0%| F|  |TAMS 0x0000000706800000| PB 0x0000000706800000| Untracked 
|  14|0x0000000706a00000, 0x0000000706a00000, 0x0000000706c00000|  0%| F|  |TAMS 0x0000000706a00000| PB 0x0000000706a00000| Untracked 
|  15|0x0000000706c00000, 0x0000000706c00000, 0x0000000706e00000|  0%| F|  |TAMS 0x0000000706c00000| PB 0x0000000706c00000| Untracked 
|  16|0x0000000706e00000, 0x0000000706e00000, 0x0000000707000000|  0%| F|  |TAMS 0x0000000706e00000| PB 0x0000000706e00000| Untracked 
|  17|0x0000000707000000, 0x0000000707000000, 0x0000000707200000|  0%| F|  |TAMS 0x0000000707000000| PB 0x0000000707000000| Untracked 
|  18|0x0000000707200000, 0x0000000707200000, 0x0000000707400000|  0%| F|  |TAMS 0x0000000707200000| PB 0x0000000707200000| Untracked 
|  19|0x0000000707400000, 0x0000000707400000, 0x0000000707600000|  0%| F|  |TAMS 0x0000000707400000| PB 0x0000000707400000| Untracked 
|  20|0x0000000707600000, 0x0000000707600000, 0x0000000707800000|  0%| F|  |TAMS 0x0000000707600000| PB 0x0000000707600000| Untracked 
|  21|0x0000000707800000, 0x0000000707800000, 0x0000000707a00000|  0%| F|  |TAMS 0x0000000707800000| PB 0x0000000707800000| Untracked 
|  22|0x0000000707a00000, 0x0000000707a00000, 0x0000000707c00000|  0%| F|  |TAMS 0x0000000707a00000| PB 0x0000000707a00000| Untracked 
|  23|0x0000000707c00000, 0x0000000707c00000, 0x0000000707e00000|  0%| F|  |TAMS 0x0000000707c00000| PB 0x0000000707c00000| Untracked 
|  24|0x0000000707e00000, 0x0000000707e00000, 0x0000000708000000|  0%| F|  |TAMS 0x0000000707e00000| PB 0x0000000707e00000| Untracked 
|  25|0x0000000708000000, 0x0000000708000000, 0x0000000708200000|  0%| F|  |TAMS 0x0000000708000000| PB 0x0000000708000000| Untracked 
|  26|0x0000000708200000, 0x0000000708200000, 0x0000000708400000|  0%| F|  |TAMS 0x0000000708200000| PB 0x0000000708200000| Untracked 
|  27|0x0000000708400000, 0x0000000708400000, 0x0000000708600000|  0%| F|  |TAMS 0x0000000708400000| PB 0x0000000708400000| Untracked 
|  28|0x0000000708600000, 0x0000000708600000, 0x0000000708800000|  0%| F|  |TAMS 0x0000000708600000| PB 0x0000000708600000| Untracked 
|  29|0x0000000708800000, 0x0000000708800000, 0x0000000708a00000|  0%| F|  |TAMS 0x0000000708800000| PB 0x0000000708800000| Untracked 
|  30|0x0000000708a00000, 0x0000000708a00000, 0x0000000708c00000|  0%| F|  |TAMS 0x0000000708a00000| PB 0x0000000708a00000| Untracked 
|  31|0x0000000708c00000, 0x0000000708c00000, 0x0000000708e00000|  0%| F|  |TAMS 0x0000000708c00000| PB 0x0000000708c00000| Untracked 
|  32|0x0000000708e00000, 0x0000000708e00000, 0x0000000709000000|  0%| F|  |TAMS 0x0000000708e00000| PB 0x0000000708e00000| Untracked 
|  33|0x0000000709000000, 0x0000000709000000, 0x0000000709200000|  0%| F|  |TAMS 0x0000000709000000| PB 0x0000000709000000| Untracked 
|  34|0x0000000709200000, 0x0000000709200000, 0x0000000709400000|  0%| F|  |TAMS 0x0000000709200000| PB 0x0000000709200000| Untracked 
|  35|0x0000000709400000, 0x0000000709400000, 0x0000000709600000|  0%| F|  |TAMS 0x0000000709400000| PB 0x0000000709400000| Untracked 
|  36|0x0000000709600000, 0x0000000709600000, 0x0000000709800000|  0%| F|  |TAMS 0x0000000709600000| PB 0x0000000709600000| Untracked 
|  37|0x0000000709800000, 0x0000000709800000, 0x0000000709a00000|  0%| F|  |TAMS 0x0000000709800000| PB 0x0000000709800000| Untracked 
|  38|0x0000000709a00000, 0x0000000709a00000, 0x0000000709c00000|  0%| F|  |TAMS 0x0000000709a00000| PB 0x0000000709a00000| Untracked 
|  39|0x0000000709c00000, 0x0000000709c00000, 0x0000000709e00000|  0%| F|  |TAMS 0x0000000709c00000| PB 0x0000000709c00000| Untracked 
|  40|0x0000000709e00000, 0x0000000709e00000, 0x000000070a000000|  0%| F|  |TAMS 0x0000000709e00000| PB 0x0000000709e00000| Untracked 
|  41|0x000000070a000000, 0x000000070a000000, 0x000000070a200000|  0%| F|  |TAMS 0x000000070a000000| PB 0x000000070a000000| Untracked 
|  42|0x000000070a200000, 0x000000070a200000, 0x000000070a400000|  0%| F|  |TAMS 0x000000070a200000| PB 0x000000070a200000| Untracked 
|  43|0x000000070a400000, 0x000000070a400000, 0x000000070a600000|  0%| F|  |TAMS 0x000000070a400000| PB 0x000000070a400000| Untracked 
|  44|0x000000070a600000, 0x000000070a600000, 0x000000070a800000|  0%| F|  |TAMS 0x000000070a600000| PB 0x000000070a600000| Untracked 
|  45|0x000000070a800000, 0x000000070a800000, 0x000000070aa00000|  0%| F|  |TAMS 0x000000070a800000| PB 0x000000070a800000| Untracked 
|  46|0x000000070aa00000, 0x000000070aa00000, 0x000000070ac00000|  0%| F|  |TAMS 0x000000070aa00000| PB 0x000000070aa00000| Untracked 
|  47|0x000000070ac00000, 0x000000070ac00000, 0x000000070ae00000|  0%| F|  |TAMS 0x000000070ac00000| PB 0x000000070ac00000| Untracked 
|  48|0x000000070ae00000, 0x000000070ae00000, 0x000000070b000000|  0%| F|  |TAMS 0x000000070ae00000| PB 0x000000070ae00000| Untracked 
|  49|0x000000070b000000, 0x000000070b000000, 0x000000070b200000|  0%| F|  |TAMS 0x000000070b000000| PB 0x000000070b000000| Untracked 
|  50|0x000000070b200000, 0x000000070b200000, 0x000000070b400000|  0%| F|  |TAMS 0x000000070b200000| PB 0x000000070b200000| Untracked 
|  51|0x000000070b400000, 0x000000070b400000, 0x000000070b600000|  0%| F|  |TAMS 0x000000070b400000| PB 0x000000070b400000| Untracked 
|  52|0x000000070b600000, 0x000000070b600000, 0x000000070b800000|  0%| F|  |TAMS 0x000000070b600000| PB 0x000000070b600000| Untracked 
|  53|0x000000070b800000, 0x000000070b800000, 0x000000070ba00000|  0%| F|  |TAMS 0x000000070b800000| PB 0x000000070b800000| Untracked 
|  54|0x000000070ba00000, 0x000000070ba00000, 0x000000070bc00000|  0%| F|  |TAMS 0x000000070ba00000| PB 0x000000070ba00000| Untracked 
|  55|0x000000070bc00000, 0x000000070bc00000, 0x000000070be00000|  0%| F|  |TAMS 0x000000070bc00000| PB 0x000000070bc00000| Untracked 
|  56|0x000000070be00000, 0x000000070be00000, 0x000000070c000000|  0%| F|  |TAMS 0x000000070be00000| PB 0x000000070be00000| Untracked 
|  57|0x000000070c000000, 0x000000070c000000, 0x000000070c200000|  0%| F|  |TAMS 0x000000070c000000| PB 0x000000070c000000| Untracked 
|  58|0x000000070c200000, 0x000000070c200000, 0x000000070c400000|  0%| F|  |TAMS 0x000000070c200000| PB 0x000000070c200000| Untracked 
|  59|0x000000070c400000, 0x000000070c400000, 0x000000070c600000|  0%| F|  |TAMS 0x000000070c400000| PB 0x000000070c400000| Untracked 
|  60|0x000000070c600000, 0x000000070c600000, 0x000000070c800000|  0%| F|  |TAMS 0x000000070c600000| PB 0x000000070c600000| Untracked 
|  61|0x000000070c800000, 0x000000070c800000, 0x000000070ca00000|  0%| F|  |TAMS 0x000000070c800000| PB 0x000000070c800000| Untracked 
|  62|0x000000070ca00000, 0x000000070ca00000, 0x000000070cc00000|  0%| F|  |TAMS 0x000000070ca00000| PB 0x000000070ca00000| Untracked 
|  63|0x000000070cc00000, 0x000000070cc00000, 0x000000070ce00000|  0%| F|  |TAMS 0x000000070cc00000| PB 0x000000070cc00000| Untracked 
|  64|0x000000070ce00000, 0x000000070ce00000, 0x000000070d000000|  0%| F|  |TAMS 0x000000070ce00000| PB 0x000000070ce00000| Untracked 
|  65|0x000000070d000000, 0x000000070d000000, 0x000000070d200000|  0%| F|  |TAMS 0x000000070d000000| PB 0x000000070d000000| Untracked 
|  66|0x000000070d200000, 0x000000070d200000, 0x000000070d400000|  0%| F|  |TAMS 0x000000070d200000| PB 0x000000070d200000| Untracked 
|  67|0x000000070d400000, 0x000000070d400000, 0x000000070d600000|  0%| F|  |TAMS 0x000000070d400000| PB 0x000000070d400000| Untracked 
|  68|0x000000070d600000, 0x000000070d600000, 0x000000070d800000|  0%| F|  |TAMS 0x000000070d600000| PB 0x000000070d600000| Untracked 
|  69|0x000000070d800000, 0x000000070d800000, 0x000000070da00000|  0%| F|  |TAMS 0x000000070d800000| PB 0x000000070d800000| Untracked 
|  70|0x000000070da00000, 0x000000070da00000, 0x000000070dc00000|  0%| F|  |TAMS 0x000000070da00000| PB 0x000000070da00000| Untracked 
|  71|0x000000070dc00000, 0x000000070dc00000, 0x000000070de00000|  0%| F|  |TAMS 0x000000070dc00000| PB 0x000000070dc00000| Untracked 
|  72|0x000000070de00000, 0x000000070de00000, 0x000000070e000000|  0%| F|  |TAMS 0x000000070de00000| PB 0x000000070de00000| Untracked 
|  73|0x000000070e000000, 0x000000070e000000, 0x000000070e200000|  0%| F|  |TAMS 0x000000070e000000| PB 0x000000070e000000| Untracked 
|  74|0x000000070e200000, 0x000000070e200000, 0x000000070e400000|  0%| F|  |TAMS 0x000000070e200000| PB 0x000000070e200000| Untracked 
|  75|0x000000070e400000, 0x000000070e400000, 0x000000070e600000|  0%| F|  |TAMS 0x000000070e400000| PB 0x000000070e400000| Untracked 
|  76|0x000000070e600000, 0x000000070e600000, 0x000000070e800000|  0%| F|  |TAMS 0x000000070e600000| PB 0x000000070e600000| Untracked 
|  77|0x000000070e800000, 0x000000070e800000, 0x000000070ea00000|  0%| F|  |TAMS 0x000000070e800000| PB 0x000000070e800000| Untracked 
|  78|0x000000070ea00000, 0x000000070ea00000, 0x000000070ec00000|  0%| F|  |TAMS 0x000000070ea00000| PB 0x000000070ea00000| Untracked 
|  79|0x000000070ec00000, 0x000000070ec00000, 0x000000070ee00000|  0%| F|  |TAMS 0x000000070ec00000| PB 0x000000070ec00000| Untracked 
|  80|0x000000070ee00000, 0x000000070ee00000, 0x000000070f000000|  0%| F|  |TAMS 0x000000070ee00000| PB 0x000000070ee00000| Untracked 
|  81|0x000000070f000000, 0x000000070f000000, 0x000000070f200000|  0%| F|  |TAMS 0x000000070f000000| PB 0x000000070f000000| Untracked 
|  82|0x000000070f200000, 0x000000070f200000, 0x000000070f400000|  0%| F|  |TAMS 0x000000070f200000| PB 0x000000070f200000| Untracked 
|  83|0x000000070f400000, 0x000000070f400000, 0x000000070f600000|  0%| F|  |TAMS 0x000000070f400000| PB 0x000000070f400000| Untracked 
|  84|0x000000070f600000, 0x000000070f600000, 0x000000070f800000|  0%| F|  |TAMS 0x000000070f600000| PB 0x000000070f600000| Untracked 
|  85|0x000000070f800000, 0x000000070f800000, 0x000000070fa00000|  0%| F|  |TAMS 0x000000070f800000| PB 0x000000070f800000| Untracked 
|  86|0x000000070fa00000, 0x000000070fa00000, 0x000000070fc00000|  0%| F|  |TAMS 0x000000070fa00000| PB 0x000000070fa00000| Untracked 
|  87|0x000000070fc00000, 0x000000070fc00000, 0x000000070fe00000|  0%| F|  |TAMS 0x000000070fc00000| PB 0x000000070fc00000| Untracked 
|  88|0x000000070fe00000, 0x000000070fe00000, 0x0000000710000000|  0%| F|  |TAMS 0x000000070fe00000| PB 0x000000070fe00000| Untracked 
|  89|0x0000000710000000, 0x0000000710000000, 0x0000000710200000|  0%| F|  |TAMS 0x0000000710000000| PB 0x0000000710000000| Untracked 
|  90|0x0000000710200000, 0x0000000710200000, 0x0000000710400000|  0%| F|  |TAMS 0x0000000710200000| PB 0x0000000710200000| Untracked 
|  91|0x0000000710400000, 0x0000000710400000, 0x0000000710600000|  0%| F|  |TAMS 0x0000000710400000| PB 0x0000000710400000| Untracked 
|  92|0x0000000710600000, 0x0000000710600000, 0x0000000710800000|  0%| F|  |TAMS 0x0000000710600000| PB 0x0000000710600000| Untracked 
|  93|0x0000000710800000, 0x0000000710800000, 0x0000000710a00000|  0%| F|  |TAMS 0x0000000710800000| PB 0x0000000710800000| Untracked 
|  94|0x0000000710a00000, 0x0000000710a00000, 0x0000000710c00000|  0%| F|  |TAMS 0x0000000710a00000| PB 0x0000000710a00000| Untracked 
|  95|0x0000000710c00000, 0x0000000710c00000, 0x0000000710e00000|  0%| F|  |TAMS 0x0000000710c00000| PB 0x0000000710c00000| Untracked 
|  96|0x0000000710e00000, 0x0000000710e00000, 0x0000000711000000|  0%| F|  |TAMS 0x0000000710e00000| PB 0x0000000710e00000| Untracked 
|  97|0x0000000711000000, 0x0000000711000000, 0x0000000711200000|  0%| F|  |TAMS 0x0000000711000000| PB 0x0000000711000000| Untracked 
|  98|0x0000000711200000, 0x0000000711200000, 0x0000000711400000|  0%| F|  |TAMS 0x0000000711200000| PB 0x0000000711200000| Untracked 
|  99|0x0000000711400000, 0x0000000711400000, 0x0000000711600000|  0%| F|  |TAMS 0x0000000711400000| PB 0x0000000711400000| Untracked 
| 100|0x0000000711600000, 0x0000000711600000, 0x0000000711800000|  0%| F|  |TAMS 0x0000000711600000| PB 0x0000000711600000| Untracked 
| 101|0x0000000711800000, 0x0000000711800000, 0x0000000711a00000|  0%| F|  |TAMS 0x0000000711800000| PB 0x0000000711800000| Untracked 
| 102|0x0000000711a00000, 0x0000000711a00000, 0x0000000711c00000|  0%| F|  |TAMS 0x0000000711a00000| PB 0x0000000711a00000| Untracked 
| 103|0x0000000711c00000, 0x0000000711c00000, 0x0000000711e00000|  0%| F|  |TAMS 0x0000000711c00000| PB 0x0000000711c00000| Untracked 
| 104|0x0000000711e00000, 0x0000000711e00000, 0x0000000712000000|  0%| F|  |TAMS 0x0000000711e00000| PB 0x0000000711e00000| Untracked 
| 105|0x0000000712000000, 0x0000000712000000, 0x0000000712200000|  0%| F|  |TAMS 0x0000000712000000| PB 0x0000000712000000| Untracked 
| 106|0x0000000712200000, 0x0000000712200000, 0x0000000712400000|  0%| F|  |TAMS 0x0000000712200000| PB 0x0000000712200000| Untracked 
| 107|0x0000000712400000, 0x0000000712400000, 0x0000000712600000|  0%| F|  |TAMS 0x0000000712400000| PB 0x0000000712400000| Untracked 
| 108|0x0000000712600000, 0x0000000712600000, 0x0000000712800000|  0%| F|  |TAMS 0x0000000712600000| PB 0x0000000712600000| Untracked 
| 109|0x0000000712800000, 0x0000000712800000, 0x0000000712a00000|  0%| F|  |TAMS 0x0000000712800000| PB 0x0000000712800000| Untracked 
| 110|0x0000000712a00000, 0x0000000712a00000, 0x0000000712c00000|  0%| F|  |TAMS 0x0000000712a00000| PB 0x0000000712a00000| Untracked 
| 111|0x0000000712c00000, 0x0000000712c00000, 0x0000000712e00000|  0%| F|  |TAMS 0x0000000712c00000| PB 0x0000000712c00000| Untracked 
| 112|0x0000000712e00000, 0x0000000712e00000, 0x0000000713000000|  0%| F|  |TAMS 0x0000000712e00000| PB 0x0000000712e00000| Untracked 
| 113|0x0000000713000000, 0x00000007131eb050, 0x0000000713200000| 95%| S|CS|TAMS 0x0000000713000000| PB 0x0000000713000000| Complete 
| 114|0x0000000713200000, 0x0000000713400000, 0x0000000713400000|100%| S|CS|TAMS 0x0000000713200000| PB 0x0000000713200000| Complete 
| 115|0x0000000713400000, 0x0000000713400000, 0x0000000713600000|  0%| F|  |TAMS 0x0000000713400000| PB 0x0000000713400000| Untracked 
| 116|0x0000000713600000, 0x0000000713600000, 0x0000000713800000|  0%| F|  |TAMS 0x0000000713600000| PB 0x0000000713600000| Untracked 
| 117|0x0000000713800000, 0x0000000713800000, 0x0000000713a00000|  0%| F|  |TAMS 0x0000000713800000| PB 0x0000000713800000| Untracked 
| 118|0x0000000713a00000, 0x0000000713a00000, 0x0000000713c00000|  0%| F|  |TAMS 0x0000000713a00000| PB 0x0000000713a00000| Untracked 
| 119|0x0000000713c00000, 0x0000000713d987e0, 0x0000000713e00000| 79%| E|  |TAMS 0x0000000713c00000| PB 0x0000000713c00000| Complete 
| 120|0x0000000713e00000, 0x0000000714000000, 0x0000000714000000|100%| E|CS|TAMS 0x0000000713e00000| PB 0x0000000713e00000| Complete 
| 121|0x0000000714000000, 0x0000000714200000, 0x0000000714200000|100%| E|CS|TAMS 0x0000000714000000| PB 0x0000000714000000| Complete 
| 122|0x0000000714200000, 0x0000000714400000, 0x0000000714400000|100%| E|CS|TAMS 0x0000000714200000| PB 0x0000000714200000| Complete 
| 123|0x0000000714400000, 0x0000000714600000, 0x0000000714600000|100%| E|CS|TAMS 0x0000000714400000| PB 0x0000000714400000| Complete 
| 124|0x0000000714600000, 0x0000000714800000, 0x0000000714800000|100%| E|CS|TAMS 0x0000000714600000| PB 0x0000000714600000| Complete 
| 125|0x0000000714800000, 0x0000000714a00000, 0x0000000714a00000|100%| E|CS|TAMS 0x0000000714800000| PB 0x0000000714800000| Complete 

Card table byte_map: [0x0000026d3a770000,0x0000026d3af50000] _byte_map_base: 0x0000026d36f49000

Marking Bits: (CMBitMap*) 0x0000026d220de600
 Bits: [0x0000026d3af50000, 0x0000026d3ee18000)

Polling page: 0x0000026d20060000

Metaspace:

Usage:
  Non-class:     14.70 MB used.
      Class:      1.71 MB used.
       Both:     16.41 MB used.

Virtual space:
  Non-class space:       64.00 MB reserved,      14.81 MB ( 23%) committed,  1 nodes.
      Class space:        1.00 GB reserved,       1.88 MB ( <1%) committed,  1 nodes.
             Both:        1.06 GB reserved,      16.69 MB (  2%) committed. 

Chunk freelists:
   Non-Class:  656.00 KB
       Class:  14.17 MB
        Both:  14.81 MB

MaxMetaspaceSize: unlimited
CompressedClassSpaceSize: 1.00 GB
Initial GC threshold: 21.00 MB
Current GC threshold: 21.00 MB
CDS: on
 - commit_granule_bytes: 65536.
 - commit_granule_words: 8192.
 - virtual_space_node_default_size: 8388608.
 - enlarge_chunks_in_place: 1.
 - use_allocation_guard: 0.


Internal statistics:

num_allocs_failed_limit: 0.
num_arena_births: 180.
num_arena_deaths: 0.
num_vsnodes_births: 2.
num_vsnodes_deaths: 0.
num_space_committed: 267.
num_space_uncommitted: 0.
num_chunks_returned_to_freelist: 0.
num_chunks_taken_from_freelist: 370.
num_chunk_merges: 0.
num_chunk_splits: 224.
num_chunks_enlarged: 124.
num_inconsistent_stats: 0.

CodeHeap 'non-profiled nmethods': size=119168Kb used=984Kb max_used=984Kb free=118183Kb
 bounds [0x0000026d32080000, 0x0000026d322f0000, 0x0000026d394e0000]
CodeHeap 'profiled nmethods': size=119104Kb used=4890Kb max_used=4890Kb free=114213Kb
 bounds [0x0000026d2a4e0000, 0x0000026d2a9b0000, 0x0000026d31930000]
CodeHeap 'non-nmethods': size=7488Kb used=1697Kb max_used=3263Kb free=5791Kb
 bounds [0x0000026d31930000, 0x0000026d31c70000, 0x0000026d32080000]
 total_blobs=3306 nmethods=2576 adapters=634
 compilation: enabled
              stopped_count=0, restarted_count=0
 full_count=0

Compilation events (20 events):
Event: 145906.564 Thread 0x0000026d420fc920 2568       3       java.util.Collections$SynchronizedCollection::iterator (10 bytes)
Event: 145906.565 Thread 0x0000026d420fc920 nmethod 2568 0x0000026d2a9a4c90 code [0x0000026d2a9a4e40, 0x0000026d2a9a5020]
Event: 145906.567 Thread 0x0000026d420f7d10 nmethod 2567 0x0000026d32173010 code [0x0000026d321731a0, 0x0000026d32173270]
Event: 145906.567 Thread 0x0000026d420fc920 2569       3       java.util.HashSet::<init> (29 bytes)
Event: 145906.569 Thread 0x0000026d420f7d10 2572       4       java.beans.PropertyChangeSupport::firePropertyChange (35 bytes)
Event: 145906.570 Thread 0x0000026d420fc920 nmethod 2569 0x0000026d2a9a5110 code [0x0000026d2a9a5300, 0x0000026d2a9a57f8]
Event: 145906.570 Thread 0x0000026d420fc920 2570       1       sun.java2d.SurfaceData::getDisposerReferent (5 bytes)
Event: 145906.570 Thread 0x0000026d420fc920 nmethod 2570 0x0000026d32173310 code [0x0000026d321734a0, 0x0000026d32173570]
Event: 145906.570 Thread 0x0000026d420fc920 2571       3       java.awt.image.DirectColorModel::getAlphaMask (16 bytes)
Event: 145906.570 Thread 0x0000026d420fc920 nmethod 2571 0x0000026d2a9a5990 code [0x0000026d2a9a5b40, 0x0000026d2a9a5ce8]
Event: 145906.576 Thread 0x0000026d420f7d10 nmethod 2572 0x0000026d32173610 code [0x0000026d321737e0, 0x0000026d32173d70]
Event: 145906.869 Thread 0x0000026d420fc920 2573   !   3       java.util.Collections$SynchronizedCollection::size (24 bytes)
Event: 145906.869 Thread 0x0000026d420fc920 nmethod 2573 0x0000026d2a9a5e10 code [0x0000026d2a9a5fc0, 0x0000026d2a9a6290]
Event: 148054.563 Thread 0x0000026d420f7d10 2574       4       sun.awt.AppContext::getAppContext (51 bytes)
Event: 148054.568 Thread 0x0000026d420f7d10 nmethod 2574 0x0000026d32173f10 code [0x0000026d321740a0, 0x0000026d32174168]
Event: 152031.905 Thread 0x0000026d420f7d10 2575   !   4       java.awt.Toolkit::setDesktopProperty (81 bytes)
Event: 152031.924 Thread 0x0000026d420f7d10 nmethod 2575 0x0000026d32174210 code [0x0000026d321744e0, 0x0000026d32175828]
Event: 164139.098 Thread 0x0000026d420fc920 2576       3       java.awt.image.PackedColorModel::countBits (44 bytes)
Event: 164139.102 Thread 0x0000026d420fc920 nmethod 2576 0x0000026d2a9a6410 code [0x0000026d2a9a65c0, 0x0000026d2a9a68a0]
Event: 164139.107 Thread 0x0000026d420f7d10 2577  s    4       sun.java2d.loops.GraphicsPrimitiveMgr::locatePrim (95 bytes)

GC Heap History (2 events):
Event: 4.598 GC heap before
{Heap before GC invocations=0 (full 0):
 garbage-first heap   total 258048K, used 28672K [0x0000000704e00000, 0x0000000800000000)
  region size 2048K, 11 young (22528K), 0 survivors (0K)
 Metaspace       used 9395K, committed 9664K, reserved 1114112K
  class space    used 937K, committed 1024K, reserved 1048576K
}
Event: 4.600 GC heap after
{Heap after GC invocations=1 (full 0):
 garbage-first heap   total 258048K, used 10156K [0x0000000704e00000, 0x0000000800000000)
  region size 2048K, 2 young (4096K), 2 survivors (4096K)
 Metaspace       used 9395K, committed 9664K, reserved 1114112K
  class space    used 937K, committed 1024K, reserved 1048576K
}

Dll operation events (11 events):
Event: 0.004 Loaded shared library C:\Program Files\Java\jdk-21\bin\java.dll
Event: 0.022 Loaded shared library C:\Program Files\Java\jdk-21\bin\jsvml.dll
Event: 0.040 Loaded shared library C:\Program Files\Java\jdk-21\bin\jimage.dll
Event: 0.042 Loaded shared library C:\Program Files\Java\jdk-21\bin\net.dll
Event: 0.043 Loaded shared library C:\Program Files\Java\jdk-21\bin\nio.dll
Event: 0.044 Loaded shared library C:\Program Files\Java\jdk-21\bin\zip.dll
Event: 0.055 Loaded shared library C:\Program Files\Java\jdk-21\bin\awt.dll
Event: 0.146 Loaded shared library C:\Program Files\Java\jdk-21\bin\freetype.dll
Event: 0.146 Loaded shared library C:\Program Files\Java\jdk-21\bin\fontmanager.dll
Event: 4.625 Loaded shared library C:\Program Files\Java\jdk-21\bin\extnet.dll
Event: 4.733 Loaded shared library C:\Program Files\Java\jdk-21\bin\sunmscapi.dll

Deoptimization events (20 events):
Event: 62548.439 Thread 0x0000026d425b4fb0 DEOPT PACKING pc=0x0000026d3214da70 sp=0x0000008fbdafe130
Event: 62548.439 Thread 0x0000026d425b4fb0 DEOPT UNPACKING pc=0x0000026d319846a2 sp=0x0000008fbdafe0d8 mode 2
Event: 67645.545 Thread 0x0000026d425b4fb0 Uncommon trap: trap_request=0xffffffd6 fr.pc=0x0000026d3214f7d8 relative=0x0000000000000498
Event: 67645.545 Thread 0x0000026d425b4fb0 Uncommon trap: reason=array_check action=maybe_recompile pc=0x0000026d3214f7d8 method=java.util.HashMap.keysToArray([Ljava/lang/Object;)[Ljava/lang/Object; @ 62 c2
Event: 67645.545 Thread 0x0000026d425b4fb0 DEOPT PACKING pc=0x0000026d3214f7d8 sp=0x0000008fbdafe120
Event: 67645.546 Thread 0x0000026d425b4fb0 DEOPT UNPACKING pc=0x0000026d319846a2 sp=0x0000008fbdafe0c8 mode 2
Event: 72184.392 Thread 0x0000026d425b4fb0 Uncommon trap: trap_request=0xffffffd6 fr.pc=0x0000026d3214f7d8 relative=0x0000000000000498
Event: 72184.392 Thread 0x0000026d425b4fb0 Uncommon trap: reason=array_check action=maybe_recompile pc=0x0000026d3214f7d8 method=java.util.HashMap.keysToArray([Ljava/lang/Object;)[Ljava/lang/Object; @ 62 c2
Event: 72184.392 Thread 0x0000026d425b4fb0 DEOPT PACKING pc=0x0000026d3214f7d8 sp=0x0000008fbdafe120
Event: 72184.392 Thread 0x0000026d425b4fb0 DEOPT UNPACKING pc=0x0000026d319846a2 sp=0x0000008fbdafe0c8 mode 2
Event: 73408.969 Thread 0x0000026d425b4fb0 Uncommon trap: trap_request=0xffffffd6 fr.pc=0x0000026d3214f7d8 relative=0x0000000000000498
Event: 73408.969 Thread 0x0000026d425b4fb0 Uncommon trap: reason=array_check action=maybe_recompile pc=0x0000026d3214f7d8 method=java.util.HashMap.keysToArray([Ljava/lang/Object;)[Ljava/lang/Object; @ 62 c2
Event: 73408.969 Thread 0x0000026d425b4fb0 DEOPT PACKING pc=0x0000026d3214f7d8 sp=0x0000008fbdafe150
Event: 73408.969 Thread 0x0000026d425b4fb0 DEOPT UNPACKING pc=0x0000026d319846a2 sp=0x0000008fbdafe0f8 mode 2
Event: 73409.022 Thread 0x0000026d425b4fb0 Uncommon trap: trap_request=0xffffffd6 fr.pc=0x0000026d3214f7d8 relative=0x0000000000000498
Event: 73409.022 Thread 0x0000026d425b4fb0 Uncommon trap: reason=array_check action=maybe_recompile pc=0x0000026d3214f7d8 method=java.util.HashMap.keysToArray([Ljava/lang/Object;)[Ljava/lang/Object; @ 62 c2
Event: 73409.022 Thread 0x0000026d425b4fb0 DEOPT PACKING pc=0x0000026d3214f7d8 sp=0x0000008fbdafe120
Event: 73409.022 Thread 0x0000026d425b4fb0 DEOPT UNPACKING pc=0x0000026d319846a2 sp=0x0000008fbdafe0c8 mode 2
Event: 164139.107 Thread 0x0000026d4260e4d0 DEOPT PACKING pc=0x0000026d2a6cdfcd sp=0x0000008fbdbfe310
Event: 164139.108 Thread 0x0000026d4260e4d0 DEOPT UNPACKING pc=0x0000026d31984e42 sp=0x0000008fbdbfd7f0 mode 0

Classes loaded (20 events):
Event: 4.813 Loading class sun/invoke/util/VerifyAccess$1
Event: 4.813 Loading class sun/invoke/util/VerifyAccess$1 done
Event: 4.816 Loading class sun/security/ssl/PostHandshakeContext
Event: 4.816 Loading class sun/security/ssl/PostHandshakeContext done
Event: 4.816 Loading class sun/security/ssl/NewSessionTicket$T13NewSessionTicketMessage
Event: 4.816 Loading class sun/security/ssl/NewSessionTicket$NewSessionTicketMessage
Event: 4.816 Loading class sun/security/ssl/NewSessionTicket$NewSessionTicketMessage done
Event: 4.816 Loading class sun/security/ssl/NewSessionTicket$T13NewSessionTicketMessage done
Event: 4.831 Loading class java/util/TimerTask
Event: 4.831 Loading class java/util/TimerTask done
Event: 4.836 Loading class java/util/NoSuchElementException
Event: 4.836 Loading class java/util/NoSuchElementException done
Event: 1164.818 Loading class java/awt/KeyboardFocusManager$2
Event: 1164.818 Loading class java/awt/KeyboardFocusManager$2 done
Event: 11233.264 Loading class java/util/WeakHashMap$KeyIterator
Event: 11233.264 Loading class java/util/WeakHashMap$HashIterator
Event: 11233.264 Loading class java/util/WeakHashMap$HashIterator done
Event: 11233.264 Loading class java/util/WeakHashMap$KeyIterator done
Event: 11233.265 Loading class javax/swing/RepaintManager$DisplayChangedRunnable
Event: 11233.265 Loading class javax/swing/RepaintManager$DisplayChangedRunnable done

Classes unloaded (0 events):
No events

Classes redefined (0 events):
No events

Internal exceptions (20 events):
Event: 0.048 Thread 0x0000026d1fe4c170 Exception <a 'java/lang/ClassNotFoundException'{0x00000007146eb6a0}: sun/awt/resources/spi/awtProvider> (0x00000007146eb6a0) 
thrown [s\open\src\hotspot\share\classfile\systemDictionary.cpp, line 312]
Event: 0.061 Thread 0x0000026d1fe4c170 Exception <a 'java/io/FileNotFoundException'{0x0000000714745020}> (0x0000000714745020) 
thrown [s\open\src\hotspot\share\prims\jni.cpp, line 520]
Event: 0.064 Thread 0x0000026d1fe4c170 Exception <a 'java/io/FileNotFoundException'{0x000000071476f268}> (0x000000071476f268) 
thrown [s\open\src\hotspot\share\prims\jni.cpp, line 520]
Event: 0.104 Thread 0x0000026d1fe4c170 Exception <a 'java/lang/NoSuchMethodError'{0x00000007144e9460}: 'void java.lang.invoke.DirectMethodHandle$Holder.invokeSpecial(java.lang.Object, java.lang.Object, java.lang.Object)'> (0x00000007144e9460) 
thrown [s\open\src\hotspot\share\interpreter\linkResolver.cpp, line 773]
Event: 0.108 Thread 0x0000026d1fe4c170 Exception <a 'java/lang/NoSuchMethodError'{0x000000071450ef30}: 'java.lang.Object java.lang.invoke.DirectMethodHandle$Holder.newInvokeSpecial(java.lang.Object, java.lang.Object, java.lang.Object, java.lang.Object, java.lang.Object)'> (0x000000071450ef30) 
thrown [s\open\src\hotspot\share\interpreter\linkResolver.cpp, line 773]
Event: 0.111 Thread 0x0000026d1fe4c170 Exception <a 'java/lang/NoSuchMethodError'{0x000000071453aab8}: 'java.lang.Object java.lang.invoke.DirectMethodHandle$Holder.invokeStatic(java.lang.Object, int, java.lang.Object)'> (0x000000071453aab8) 
thrown [s\open\src\hotspot\share\interpreter\linkResolver.cpp, line 773]
Event: 0.120 Thread 0x0000026d1fe4c170 Exception <a 'java/lang/ClassNotFoundException'{0x00000007145da9d0}: com/sun/swing/internal/plaf/metal/resources/spi/metalProvider> (0x00000007145da9d0) 
thrown [s\open\src\hotspot\share\classfile\systemDictionary.cpp, line 312]
Event: 0.121 Thread 0x0000026d1fe4c170 Exception <a 'java/lang/ClassNotFoundException'{0x00000007145de910}: com/sun/swing/internal/plaf/basic/resources/spi/basicProvider> (0x00000007145de910) 
thrown [s\open\src\hotspot\share\classfile\systemDictionary.cpp, line 312]
Event: 0.125 Thread 0x0000026d1fe4c170 Exception <a 'java/lang/NoSuchMethodError'{0x00000007145fe088}: 'int java.lang.invoke.Invokers$Holder.invokeExact_MT(java.lang.Object, java.lang.Object)'> (0x00000007145fe088) 
thrown [s\open\src\hotspot\share\interpreter\linkResolver.cpp, line 773]
Event: 0.136 Thread 0x0000026d425b4fb0 Exception <a 'java/lang/NoSuchMethodError'{0x000000071447fdc8}: 'void java.lang.invoke.DirectMethodHandle$Holder.invokeVirtual(java.lang.Object, java.lang.Object)'> (0x000000071447fdc8) 
thrown [s\open\src\hotspot\share\interpreter\linkResolver.cpp, line 773]
Event: 0.143 Thread 0x0000026d1fe4c170 Exception <a 'java/lang/NoSuchMethodError'{0x00000007142390b0}: 'void java.lang.invoke.DirectMethodHandle$Holder.invokeStaticInit(java.lang.Object)'> (0x00000007142390b0) 
thrown [s\open\src\hotspot\share\interpreter\linkResolver.cpp, line 773]
Event: 0.321 Thread 0x0000026d4260e4d0 Implicit null exception at 0x0000026d320bcda5 to 0x0000026d320bce5c
Event: 4.553 Thread 0x0000026d4260e4d0 Exception <a 'java/lang/NoSuchMethodError'{0x00000007136e5620}: 'void java.lang.invoke.DirectMethodHandle$Holder.invokeStatic(java.lang.Object, java.lang.Object)'> (0x00000007136e5620) 
thrown [s\open\src\hotspot\share\interpreter\linkResolver.cpp, line 773]
Event: 4.566 Thread 0x0000026d4260e4d0 Exception <a 'java/lang/NoSuchMethodError'{0x00000007137eb078}: 'java.lang.Object java.lang.invoke.DirectMethodHandle$Holder.invokeInterface(java.lang.Object, java.lang.Object)'> (0x00000007137eb078) 
thrown [s\open\src\hotspot\share\interpreter\linkResolver.cpp, line 773]
Event: 4.576 Thread 0x0000026d4260e4d0 Exception <a 'java/lang/NoSuchMethodError'{0x0000000713462fb8}: 'void java.lang.invoke.DirectMethodHandle$Holder.invokeStatic(java.lang.Object, java.lang.Object, java.lang.Object)'> (0x0000000713462fb8) 
thrown [s\open\src\hotspot\share\interpreter\linkResolver.cpp, line 773]
Event: 4.577 Thread 0x0000026d4260e4d0 Exception <a 'java/lang/NoSuchMethodError'{0x000000071346c2f8}: 'java.lang.Object java.lang.invoke.DirectMethodHandle$Holder.invokeVirtual(java.lang.Object, java.lang.Object, java.lang.Object)'> (0x000000071346c2f8) 
thrown [s\open\src\hotspot\share\interpreter\linkResolver.cpp, line 773]
Event: 4.660 Thread 0x0000026d4260e4d0 Exception <a 'java/lang/NoSuchMethodError'{0x000000071447dfc0}: 'void java.lang.invoke.DirectMethodHandle$Holder.invokeStaticInit(java.lang.Object, java.lang.Object)'> (0x000000071447dfc0) 
thrown [s\open\src\hotspot\share\interpreter\linkResolver.cpp, line 773]
Event: 4.696 Thread 0x0000026d4260e4d0 Exception <a 'sun/nio/fs/WindowsException'{0x00000007145b5860}> (0x00000007145b5860) 
thrown [s\open\src\hotspot\share\prims\jni.cpp, line 520]
Event: 4.716 Thread 0x0000026d4260e4d0 Exception <a 'java/lang/NoSuchMethodError'{0x00000007142632c0}: 'java.lang.Object java.lang.invoke.DirectMethodHandle$Holder.invokeStaticInit(java.lang.Object, int, int, int, int)'> (0x00000007142632c0) 
thrown [s\open\src\hotspot\share\interpreter\linkResolver.cpp, line 773]
Event: 4.726 Thread 0x0000026d4260e4d0 Exception <a 'java/lang/NoSuchMethodError'{0x000000071429ea88}: 'java.lang.Object java.lang.invoke.DirectMethodHandle$Holder.invokeStaticInit(java.lang.Object, java.lang.Object, int, int, int, int)'> (0x000000071429ea88) 
thrown [s\open\src\hotspot\share\interpreter\linkResolver.cpp, line 773]

ZGC Phase Switch (0 events):
No events

VM Operations (20 events):
Event: 65537.598 Executing VM operation: Cleanup
Event: 65537.598 Executing VM operation: Cleanup done
Event: 71485.972 Executing VM operation: Cleanup
Event: 71485.972 Executing VM operation: Cleanup done
Event: 73409.616 Executing VM operation: Cleanup
Event: 73409.616 Executing VM operation: Cleanup done
Event: 73590.836 Executing VM operation: Cleanup
Event: 73590.836 Executing VM operation: Cleanup done
Event: 85813.080 Executing VM operation: Cleanup
Event: 85813.081 Executing VM operation: Cleanup done
Event: 96156.549 Executing VM operation: Cleanup
Event: 96156.549 Executing VM operation: Cleanup done
Event: 96333.007 Executing VM operation: Cleanup
Event: 96333.007 Executing VM operation: Cleanup done
Event: 100259.676 Executing VM operation: Cleanup
Event: 100259.677 Executing VM operation: Cleanup done
Event: 145907.229 Executing VM operation: Cleanup
Event: 145907.229 Executing VM operation: Cleanup done
Event: 145930.395 Executing VM operation: Cleanup
Event: 145930.396 Executing VM operation: Cleanup done

Events (20 events):
Event: 0.274 Thread 0x0000026d8ab719d0 Thread added: 0x0000026d8ab719d0
Event: 0.280 Thread 0x0000026d8aa90760 Thread added: 0x0000026d8aa90760
Event: 0.751 Thread 0x0000026d8aa90760 Thread exited: 0x0000026d8aa90760
Event: 0.751 Thread 0x0000026d8ab719d0 Thread exited: 0x0000026d8ab719d0
Event: 4.226 Thread 0x0000026d8ab58830 Thread exited: 0x0000026d8ab58830
Event: 4.554 Thread 0x0000026d8b507a70 Thread added: 0x0000026d8b507a70
Event: 4.570 Thread 0x0000026d8b2579e0 Thread added: 0x0000026d8b2579e0
Event: 4.572 Thread 0x0000026d8b209ae0 Thread added: 0x0000026d8b209ae0
Event: 4.765 Thread 0x0000026d8b3da890 Thread added: 0x0000026d8b3da890
Event: 4.767 Thread 0x0000026d8b3dcf50 Thread added: 0x0000026d8b3dcf50
Event: 4.767 Thread 0x0000026d8b3dd600 Thread added: 0x0000026d8b3dd600
Event: 9.842 Thread 0x0000026d8b3dd600 Thread exited: 0x0000026d8b3dd600
Event: 9.842 Thread 0x0000026d8ab58180 Thread exited: 0x0000026d8ab58180
Event: 9.842 Thread 0x0000026d4231c7e0 Thread exited: 0x0000026d4231c7e0
Event: 9.842 Thread 0x0000026d8b3dcf50 Thread exited: 0x0000026d8b3dcf50
Event: 14.843 Thread 0x0000026d8b3da890 Thread exited: 0x0000026d8b3da890
Event: 19.849 Thread 0x0000026d8b209ae0 Thread exited: 0x0000026d8b209ae0
Event: 19.849 Thread 0x0000026d8b2579e0 Thread exited: 0x0000026d8b2579e0
Event: 87416.404 Thread 0x0000026d42274640 Thread added: 0x0000026d42274640
Event: 87422.849 Thread 0x0000026d42274640 Thread exited: 0x0000026d42274640


Dynamic libraries:
0x00007ff6dee10000 - 0x00007ff6dee20000 	C:\Program Files\Java\jdk-21\bin\javaw.exe
0x00007ffcfd3d0000 - 0x00007ffcfd5e7000 	C:\WINDOWS\SYSTEM32\ntdll.dll
0x00007ffcfc490000 - 0x00007ffcfc554000 	C:\WINDOWS\System32\KERNEL32.DLL
0x00007ffcfaac0000 - 0x00007ffcfae66000 	C:\WINDOWS\System32\KERNELBASE.dll
0x00007ffcfaee0000 - 0x00007ffcfaff1000 	C:\WINDOWS\System32\ucrtbase.dll
0x00007ffcee580000 - 0x00007ffcee599000 	C:\Program Files\Java\jdk-21\bin\jli.dll
0x00007ffcfb1b0000 - 0x00007ffcfb263000 	C:\WINDOWS\System32\ADVAPI32.dll
0x00007ffcfb610000 - 0x00007ffcfb6b7000 	C:\WINDOWS\System32\msvcrt.dll
0x00007ffcfb6c0000 - 0x00007ffcfb768000 	C:\WINDOWS\System32\sechost.dll
0x00007ffcfaa90000 - 0x00007ffcfaab8000 	C:\WINDOWS\System32\bcrypt.dll
0x00007ffcee560000 - 0x00007ffcee57b000 	C:\Program Files\Java\jdk-21\bin\VCRUNTIME140.dll
0x00007ffcfd270000 - 0x00007ffcfd387000 	C:\WINDOWS\System32\RPCRT4.dll
0x00007ffcfc9e0000 - 0x00007ffcfcb8e000 	C:\WINDOWS\System32\USER32.dll
0x00007ffcfa710000 - 0x00007ffcfa736000 	C:\WINDOWS\System32\win32u.dll
0x00007ffcfb860000 - 0x00007ffcfb889000 	C:\WINDOWS\System32\GDI32.dll
0x00007ffcd9000000 - 0x00007ffcd9293000 	C:\WINDOWS\WinSxS\amd64_microsoft.windows.common-controls_6595b64144ccf1df_6.0.22621.2506_none_270c5ae97388e100\COMCTL32.dll
0x00007ffcfb000000 - 0x00007ffcfb118000 	C:\WINDOWS\System32\gdi32full.dll
0x00007ffcfa740000 - 0x00007ffcfa7da000 	C:\WINDOWS\System32\msvcp_win.dll
0x00007ffcee850000 - 0x00007ffcee85a000 	C:\WINDOWS\SYSTEM32\VERSION.dll
0x00007ffcfc830000 - 0x00007ffcfc861000 	C:\WINDOWS\System32\IMM32.DLL
0x00007ffcf2bf0000 - 0x00007ffcf2bfc000 	C:\Program Files\Java\jdk-21\bin\vcruntime140_1.dll
0x00007ffcd6160000 - 0x00007ffcd61ee000 	C:\Program Files\Java\jdk-21\bin\msvcp140.dll
0x00007ffc343b0000 - 0x00007ffc350c7000 	C:\Program Files\Java\jdk-21\bin\server\jvm.dll
0x00007ffcfc7b0000 - 0x00007ffcfc821000 	C:\WINDOWS\System32\WS2_32.dll
0x00007ffcf9560000 - 0x00007ffcf95ad000 	C:\WINDOWS\SYSTEM32\POWRPROF.dll
0x00007ffcee1d0000 - 0x00007ffcee204000 	C:\WINDOWS\SYSTEM32\WINMM.dll
0x00007ffcf9540000 - 0x00007ffcf9553000 	C:\WINDOWS\SYSTEM32\UMPDC.dll
0x00007ffcf9810000 - 0x00007ffcf9828000 	C:\WINDOWS\SYSTEM32\kernel.appcore.dll
0x00007ffcf2ad0000 - 0x00007ffcf2ada000 	C:\Program Files\Java\jdk-21\bin\jimage.dll
0x00007ffcf7cb0000 - 0x00007ffcf7ee3000 	C:\WINDOWS\SYSTEM32\DBGHELP.DLL
0x00007ffcfc100000 - 0x00007ffcfc489000 	C:\WINDOWS\System32\combase.dll
0x00007ffcfb770000 - 0x00007ffcfb847000 	C:\WINDOWS\System32\OLEAUT32.dll
0x00007ffcec3b0000 - 0x00007ffcec3e2000 	C:\WINDOWS\SYSTEM32\dbgcore.DLL
0x00007ffcfa8a0000 - 0x00007ffcfa91a000 	C:\WINDOWS\System32\bcryptPrimitives.dll
0x00007ffcec510000 - 0x00007ffcec52f000 	C:\Program Files\Java\jdk-21\bin\java.dll
0x00007ffcfb890000 - 0x00007ffcfc0eb000 	C:\WINDOWS\System32\SHELL32.dll
0x00007ffcf8630000 - 0x00007ffcf8f26000 	C:\WINDOWS\SYSTEM32\windows.storage.dll
0x00007ffcf84f0000 - 0x00007ffcf862e000 	C:\WINDOWS\SYSTEM32\wintypes.dll
0x00007ffcfb370000 - 0x00007ffcfb463000 	C:\WINDOWS\System32\SHCORE.dll
0x00007ffcfc720000 - 0x00007ffcfc77e000 	C:\WINDOWS\System32\shlwapi.dll
0x00007ffcfa640000 - 0x00007ffcfa666000 	C:\WINDOWS\SYSTEM32\profapi.dll
0x00007ffccf5a0000 - 0x00007ffccf677000 	C:\Program Files\Java\jdk-21\bin\jsvml.dll
0x00007ffcf2a40000 - 0x00007ffcf2a50000 	C:\Program Files\Java\jdk-21\bin\net.dll
0x00007ffcf1180000 - 0x00007ffcf12b7000 	C:\WINDOWS\SYSTEM32\WINHTTP.dll
0x00007ffcf9c80000 - 0x00007ffcf9ce9000 	C:\WINDOWS\system32\mswsock.dll
0x00007ffcddba0000 - 0x00007ffcddbb6000 	C:\Program Files\Java\jdk-21\bin\nio.dll
0x00007ffcddb00000 - 0x00007ffcddb18000 	C:\Program Files\Java\jdk-21\bin\zip.dll
0x00007ffca55e0000 - 0x00007ffca576f000 	C:\Program Files\Java\jdk-21\bin\awt.dll
0x00007ffcf4940000 - 0x00007ffcf49d7000 	C:\WINDOWS\SYSTEM32\apphelp.dll
0x00007ffcf7280000 - 0x00007ffcf72ab000 	C:\WINDOWS\system32\DWMAPI.DLL
0x00007ffcf4a80000 - 0x00007ffcf4b2b000 	C:\WINDOWS\system32\uxtheme.dll
0x00007ffca3740000 - 0x00007ffca3840000 	C:\WINDOWS\system32\opengl32.dll
0x00007ffcd81e0000 - 0x00007ffcd820d000 	C:\WINDOWS\SYSTEM32\GLU32.dll
0x00007ffcf79a0000 - 0x00007ffcf79d9000 	C:\WINDOWS\SYSTEM32\dxcore.dll
0x00007ffcfc880000 - 0x00007ffcfc9d1000 	C:\WINDOWS\System32\MSCTF.dll
0x00007ffcfb470000 - 0x00007ffcfb610000 	C:\WINDOWS\System32\ole32.dll
0x00007ffcc0870000 - 0x00007ffcc08f7000 	C:\Program Files\Java\jdk-21\bin\freetype.dll
0x00007ffca5340000 - 0x00007ffca5422000 	C:\Program Files\Java\jdk-21\bin\fontmanager.dll
0x00007ffcdb4c0000 - 0x00007ffcdb60a000 	C:\WINDOWS\SYSTEM32\textinputframework.dll
0x00007ffcf4660000 - 0x00007ffcf4794000 	C:\WINDOWS\SYSTEM32\CoreMessaging.dll
0x00007ffcf02e0000 - 0x00007ffcf064c000 	C:\WINDOWS\SYSTEM32\CoreUIComponents.dll
0x00007ffcf9ee0000 - 0x00007ffcf9eec000 	C:\WINDOWS\SYSTEM32\CRYPTBASE.DLL
0x00007ffcf91b0000 - 0x00007ffcf92a9000 	C:\WINDOWS\SYSTEM32\DNSAPI.dll
0x00007ffcf9180000 - 0x00007ffcf91ad000 	C:\WINDOWS\SYSTEM32\IPHLPAPI.DLL
0x00007ffcfc780000 - 0x00007ffcfc789000 	C:\WINDOWS\System32\NSI.dll
0x000000005a420000 - 0x000000005a455000 	C:\Program Files\Bonjour\mdnsNSP.dll
0x00007ffcf0ae0000 - 0x00007ffcf0aea000 	C:\Windows\System32\rasadhlp.dll
0x00007ffcef3e0000 - 0x00007ffcef463000 	C:\WINDOWS\System32\fwpuclnt.dll
0x00007ffcddac0000 - 0x00007ffcddac9000 	C:\Program Files\Java\jdk-21\bin\extnet.dll
0x00007ffcf9ec0000 - 0x00007ffcf9edb000 	C:\WINDOWS\SYSTEM32\CRYPTSP.dll
0x00007ffcf9760000 - 0x00007ffcf9795000 	C:\WINDOWS\system32\rsaenh.dll
0x00007ffcf9d50000 - 0x00007ffcf9d7c000 	C:\WINDOWS\SYSTEM32\USERENV.dll
0x00007ffcddb90000 - 0x00007ffcddb9e000 	C:\Program Files\Java\jdk-21\bin\sunmscapi.dll
0x00007ffcfa920000 - 0x00007ffcfaa86000 	C:\WINDOWS\System32\CRYPT32.dll
0x00007ffcfa0d0000 - 0x00007ffcfa0fe000 	C:\WINDOWS\SYSTEM32\ncrypt.dll
0x00007ffcfa090000 - 0x00007ffcfa0c7000 	C:\WINDOWS\SYSTEM32\NTASN1.dll
0x00007ffccc910000 - 0x00007ffccc9c0000 	C:\WINDOWS\SYSTEM32\TextShaping.dll

dbghelp: loaded successfully - version: 4.0.5 - missing functions: none
symbol engine: initialized successfully - sym options: 0x614 - pdb path: .;C:\Program Files\Java\jdk-21\bin;C:\WINDOWS\SYSTEM32;C:\WINDOWS\WinSxS\amd64_microsoft.windows.common-controls_6595b64144ccf1df_6.0.22621.2506_none_270c5ae97388e100;C:\Program Files\Java\jdk-21\bin\server;C:\Program Files\Bonjour

VM Arguments:
jvm_args: -Dfile.encoding=UTF-8 -Dstdout.encoding=UTF-8 -Dstderr.encoding=UTF-8 -XX:+ShowCodeDetailsInExceptionMessages 
java_command: BankManagementSystem.SignUp3
java_class_path (initial): C:\Users\amrit\git\JavaBankManagement\BankManagementSystem\bin;C:\Users\amrit\Downloads\jcalendar-tz-1.3.3-4.jar;C:\Users\amrit\Downloads\mysql-connector-java-8.0.28.jar
Launcher Type: SUN_STANDARD

[Global flags]
     intx CICompilerCount                          = 12                                        {product} {ergonomic}
     uint ConcGCThreads                            = 4                                         {product} {ergonomic}
     uint G1ConcRefinementThreads                  = 15                                        {product} {ergonomic}
   size_t G1HeapRegionSize                         = 2097152                                   {product} {ergonomic}
    uintx GCDrainStackTargetSize                   = 64                                        {product} {ergonomic}
   size_t InitialHeapSize                          = 264241152                                 {product} {ergonomic}
   size_t MarkStackSize                            = 4194304                                   {product} {ergonomic}
   size_t MaxHeapSize                              = 4213178368                                {product} {ergonomic}
   size_t MaxNewSize                               = 2527068160                                {product} {ergonomic}
   size_t MinHeapDeltaBytes                        = 2097152                                   {product} {ergonomic}
   size_t MinHeapSize                              = 8388608                                   {product} {ergonomic}
    uintx NonNMethodCodeHeapSize                   = 7602480                                {pd product} {ergonomic}
    uintx NonProfiledCodeHeapSize                  = 122027880                              {pd product} {ergonomic}
    uintx ProfiledCodeHeapSize                     = 122027880                              {pd product} {ergonomic}
    uintx ReservedCodeCacheSize                    = 251658240                              {pd product} {ergonomic}
     bool SegmentedCodeCache                       = true                                      {product} {ergonomic}
     bool ShowCodeDetailsInExceptionMessages       = true                                   {manageable} {command line}
   size_t SoftMaxHeapSize                          = 4213178368                             {manageable} {ergonomic}
     bool UseCompressedOops                        = true                           {product lp64_product} {ergonomic}
     bool UseG1GC                                  = true                                      {product} {ergonomic}
     bool UseLargePagesIndividualAllocation        = false                                  {pd product} {ergonomic}

Logging:
Log output configuration:
 #0: stdout all=warning uptime,level,tags foldmultilines=false
 #1: stderr all=off uptime,level,tags foldmultilines=false

Environment Variables:
JAVA_HOME=C:\Program Files\Java\jdk-21
PATH=C:\Program Files\Common Files\Oracle\Java\javapath;C:\windows\system32;C:\windows;C:\windows\System32\Wbem;C:\windows\System32\WindowsPowerShell\v1.0\;C:\windows\System32\OpenSSH\;C:\Program Files (x86)\NVIDIA Corporation\PhysX\Common;C:\Program Files\NVIDIA Corporation\NVIDIA NvDLISR;C:\WINDOWS\system32;C:\WINDOWS;C:\WINDOWS\System32\Wbem;C:\WINDOWS\System32\WindowsPowerShell\v1.0\;C:\WINDOWS\System32\OpenSSH\;C:\Program Files\MySQL\MySQL Shell 8.0\bin\;C:\Users\amrit\AppData\Local\Microsoft\WindowsApps;
USERNAME=amrit
OS=Windows_NT
PROCESSOR_IDENTIFIER=Intel64 Family 6 Model 151 Stepping 2, GenuineIntel
TMP=C:\Users\amrit\AppData\Local\Temp
TEMP=C:\Users\amrit\AppData\Local\Temp




Periodic native trim disabled

---------------  S Y S T E M  ---------------

OS:
 Windows 11 , 64 bit Build 22621 (10.0.22621.3085)
OS uptime: 15 days 21:20 hours
Hyper-V role detected

CPU: total 20 (initial active 20) (10 cores per cpu, 2 threads per core) family 6 model 151 stepping 2 microcode 0x2e, cx8, cmov, fxsr, ht, mmx, 3dnowpref, sse, sse2, sse3, ssse3, sse4.1, sse4.2, popcnt, lzcnt, tsc, tscinvbit, avx, avx2, aes, erms, clmul, bmi1, bmi2, adx, sha, fma, vzeroupper, clflush, clflushopt, clwb, hv, serialize, rdtscp, rdpid, fsrm, f16c, cet_ibt, cet_ss
Processor Information for processor 0
  Max Mhz: 2100, Current Mhz: 2100, Mhz Limit: 2100
Processor Information for processor 1
  Max Mhz: 2100, Current Mhz: 2100, Mhz Limit: 2100
Processor Information for processor 2
  Max Mhz: 2100, Current Mhz: 2100, Mhz Limit: 2100
Processor Information for processor 3
  Max Mhz: 2100, Current Mhz: 2100, Mhz Limit: 2100
Processor Information for processor 4
  Max Mhz: 2100, Current Mhz: 2100, Mhz Limit: 2100
Processor Information for processor 5
  Max Mhz: 2100, Current Mhz: 2100, Mhz Limit: 2100
Processor Information for processor 6
  Max Mhz: 2100, Current Mhz: 2100, Mhz Limit: 2100
Processor Information for processor 7
  Max Mhz: 2100, Current Mhz: 2100, Mhz Limit: 2100
Processor Information for processor 8
  Max Mhz: 2100, Current Mhz: 2100, Mhz Limit: 2100
Processor Information for processor 9
  Max Mhz: 2100, Current Mhz: 2100, Mhz Limit: 2100
Processor Information for processor 10
  Max Mhz: 2100, Current Mhz: 2100, Mhz Limit: 2100
Processor Information for processor 11
  Max Mhz: 2100, Current Mhz: 2100, Mhz Limit: 2100
Processor Information for processor 12
  Max Mhz: 2100, Current Mhz: 2100, Mhz Limit: 2100
Processor Information for processor 13
  Max Mhz: 2100, Current Mhz: 2100, Mhz Limit: 2100
Processor Information for processor 14
  Max Mhz: 2100, Current Mhz: 2100, Mhz Limit: 2100
Processor Information for processor 15
  Max Mhz: 2100, Current Mhz: 2100, Mhz Limit: 2100
Processor Information for processor 16
  Max Mhz: 2100, Current Mhz: 1600, Mhz Limit: 1596
Processor Information for processor 17
  Max Mhz: 2100, Current Mhz: 1600, Mhz Limit: 1596
Processor Information for processor 18
  Max Mhz: 2100, Current Mhz: 1600, Mhz Limit: 1596
Processor Information for processor 19
  Max Mhz: 2100, Current Mhz: 1600, Mhz Limit: 1596

Memory: 4k page, system-wide physical 16065M (5162M free)
TotalPageFile size 65217M (AvailPageFile size 0M)
current process WorkingSet (physical memory assigned to process): 39M, peak: 130M
current process commit charge ("private bytes"): 385M, peak: 405M

vm_info: Java HotSpot(TM) 64-Bit Server VM (21.0.2+13-LTS-58) for windows-amd64 JRE (21.0.2+13-LTS-58), built on 2024-01-05T18:32:24Z by "mach5one" with MS VC++ 17.1 (VS2022)

END.
