#
# There is insufficient memory for the Java Runtime Environment to continue.
# Native memory allocation (malloc) failed to allocate 184464 bytes for Chunk::new
# Possible reasons:
#   The system is out of physical RAM or swap space
#   The process is running with CompressedOops enabled, and the Java Heap may be blocking the growth of the native heap
# Possible solutions:
#   Reduce memory load on the system
#   Increase physical memory or swap space
#   Check if swap backing store is full
#   Decrease Java heap size (-Xmx/-Xms)
#   Decrease number of Java threads
#   Decrease Java thread stack sizes (-Xss)
#   Set larger code cache with -XX:ReservedCodeCacheSize=
#   JVM is running with Zero Based Compressed Oops mode in which the Java heap is
#     placed in the first 32GB address space. The Java Heap base address is the
#     maximum limit for the native heap growth. Please use -XX:HeapBaseMinAddress
#     to set the Java Heap base and to place the Java Heap above 32GB virtual address.
# This output file may be truncated or incomplete.
#
#  Out of Memory Error (arena.cpp:168), pid=3428, tid=16364
#
# JRE version: Java(TM) SE Runtime Environment (21.0.2+13) (build 21.0.2+13-LTS-58)
# Java VM: Java HotSpot(TM) 64-Bit Server VM (21.0.2+13-LTS-58, mixed mode, sharing, tiered, compressed oops, compressed class ptrs, g1 gc, windows-amd64)
# No core dump will be written. Minidumps are not enabled by default on client versions of Windows
#

---------------  S U M M A R Y ------------

Command Line: -Dfile.encoding=UTF-8 -Dstdout.encoding=UTF-8 -Dstderr.encoding=UTF-8 -XX:+ShowCodeDetailsInExceptionMessages BankManagementSystem.SignUp3

Host: 12th Gen Intel(R) Core(TM) i7-12700, 20 cores, 15G,  Windows 11 , 64 bit Build 22621 (10.0.22621.3085)
Time: Fri Mar 15 11:42:12 2024 Central Daylight Time elapsed time: 168827.679790 seconds (1d 22h 53m 47s)

---------------  T H R E A D  ---------------

Current thread (0x0000020158e9b030):  JavaThread "C2 CompilerThread0" daemon [_thread_in_native, id=16364, stack(0x00000034b0e00000,0x00000034b0f00000) (1024K)]


Current CompileTask:
C2:168827681 2662   !   4       java.awt.Toolkit::setDesktopProperty (81 bytes)

Stack: [0x00000034b0e00000,0x00000034b0f00000]
Native frames: (J=compiled Java code, j=interpreted, Vv=VM code, C=native code)
V  [jvm.dll+0x6cade9]
V  [jvm.dll+0x8569c1]
V  [jvm.dll+0x858d2e]
V  [jvm.dll+0x859413]
V  [jvm.dll+0x280e56]
V  [jvm.dll+0xc3f3d]
V  [jvm.dll+0xc4473]
V  [jvm.dll+0x3b5c2c]
V  [jvm.dll+0x1e2209]
V  [jvm.dll+0x249d22]
V  [jvm.dll+0x2491b1]
V  [jvm.dll+0x1c9634]
V  [jvm.dll+0x258859]
V  [jvm.dll+0x256e3a]
V  [jvm.dll+0x3ef6c6]
V  [jvm.dll+0x7ff568]
V  [jvm.dll+0x6c953d]
C  [ucrtbase.dll+0x29363]
C  [KERNEL32.DLL+0x1257d]
C  [ntdll.dll+0x5aa58]


---------------  P R O C E S S  ---------------

Threads class SMR info:
_java_thread_list=0x00000201a10c3eb0, length=16, elements={
0x0000020158e87570, 0x0000020158e88440, 0x0000020158e8b820, 0x0000020158e8c5e0,
0x0000020158e8dc70, 0x0000020158e90ff0, 0x0000020158e9b030, 0x0000020158ea0e90,
0x000002019e1ebbd0, 0x000002019e1fd4e0, 0x000002019e374d50, 0x000002019e392690,
0x000002019e395fe0, 0x00000201a1093b60, 0x0000020136a387d0, 0x00000201a17c1220
}

Java Threads: ( => current thread )
  0x0000020158e87570 JavaThread "Reference Handler"          daemon [_thread_blocked, id=41728, stack(0x00000034b0800000,0x00000034b0900000) (1024K)]
  0x0000020158e88440 JavaThread "Finalizer"                  daemon [_thread_blocked, id=37668, stack(0x00000034b0900000,0x00000034b0a00000) (1024K)]
  0x0000020158e8b820 JavaThread "Signal Dispatcher"          daemon [_thread_blocked, id=37124, stack(0x00000034b0a00000,0x00000034b0b00000) (1024K)]
  0x0000020158e8c5e0 JavaThread "Attach Listener"            daemon [_thread_blocked, id=39572, stack(0x00000034b0b00000,0x00000034b0c00000) (1024K)]
  0x0000020158e8dc70 JavaThread "Service Thread"             daemon [_thread_blocked, id=41692, stack(0x00000034b0c00000,0x00000034b0d00000) (1024K)]
  0x0000020158e90ff0 JavaThread "Monitor Deflation Thread"   daemon [_thread_blocked, id=37560, stack(0x00000034b0d00000,0x00000034b0e00000) (1024K)]
=>0x0000020158e9b030 JavaThread "C2 CompilerThread0"         daemon [_thread_in_native, id=16364, stack(0x00000034b0e00000,0x00000034b0f00000) (1024K)]
  0x0000020158ea0e90 JavaThread "C1 CompilerThread0"         daemon [_thread_blocked, id=37388, stack(0x00000034b0f00000,0x00000034b1000000) (1024K)]
  0x000002019e1ebbd0 JavaThread "Notification Thread"        daemon [_thread_blocked, id=35672, stack(0x00000034b1100000,0x00000034b1200000) (1024K)]
  0x000002019e1fd4e0 JavaThread "Common-Cleaner"             daemon [_thread_blocked, id=32068, stack(0x00000034b1200000,0x00000034b1300000) (1024K)]
  0x000002019e374d50 JavaThread "Java2D Disposer"            daemon [_thread_blocked, id=36208, stack(0x00000034b1300000,0x00000034b1400000) (1024K)]
  0x000002019e392690 JavaThread "AWT-Shutdown"                      [_thread_blocked, id=40884, stack(0x00000034b1400000,0x00000034b1500000) (1024K)]
  0x000002019e395fe0 JavaThread "AWT-Windows"                daemon [_thread_in_native, id=32252, stack(0x00000034b1500000,0x00000034b1600000) (1024K)]
  0x00000201a1093b60 JavaThread "AWT-EventQueue-0"                  [_thread_blocked, id=36420, stack(0x00000034b1600000,0x00000034b1700000) (1024K)]
  0x0000020136a387d0 JavaThread "DestroyJavaVM"                     [_thread_blocked, id=39304, stack(0x00000034b0000000,0x00000034b0100000) (1024K)]
  0x00000201a17c1220 JavaThread "mysql-cj-abandoned-connection-cleanup" daemon [_thread_blocked, id=17336, stack(0x00000034b1700000,0x00000034b1800000) (1024K)]
Total: 16

Other Threads:
  0x0000020158e66250 VMThread "VM Thread"                           [id=39504, stack(0x00000034b0700000,0x00000034b0800000) (1024K)]
  0x0000020158e4ee90 WatcherThread "VM Periodic Task Thread"        [id=40196, stack(0x00000034b0600000,0x00000034b0700000) (1024K)]
  0x0000020138e8dc80 WorkerThread "GC Thread#0"                     [id=41168, stack(0x00000034b0100000,0x00000034b0200000) (1024K)]
  0x00000201a13c1a60 WorkerThread "GC Thread#1"                     [id=42288, stack(0x00000034b1a00000,0x00000034b1b00000) (1024K)]
  0x00000201a13c1e00 WorkerThread "GC Thread#2"                     [id=36020, stack(0x00000034b1b00000,0x00000034b1c00000) (1024K)]
  0x00000201a12286b0 WorkerThread "GC Thread#3"                     [id=9364, stack(0x00000034b1c00000,0x00000034b1d00000) (1024K)]
  0x00000201a1228a50 WorkerThread "GC Thread#4"                     [id=35856, stack(0x00000034b1d00000,0x00000034b1e00000) (1024K)]
  0x00000201a1228df0 WorkerThread "GC Thread#5"                     [id=40256, stack(0x00000034b1e00000,0x00000034b1f00000) (1024K)]
  0x00000201a184b3e0 WorkerThread "GC Thread#6"                     [id=30684, stack(0x00000034b1f00000,0x00000034b2000000) (1024K)]
  0x00000201a12f3da0 WorkerThread "GC Thread#7"                     [id=28520, stack(0x00000034b2000000,0x00000034b2100000) (1024K)]
  0x0000020138e9f7d0 ConcurrentGCThread "G1 Main Marker"            [id=7408, stack(0x00000034b0200000,0x00000034b0300000) (1024K)]
  0x0000020138ea01d0 WorkerThread "G1 Conc#0"                       [id=31152, stack(0x00000034b0300000,0x00000034b0400000) (1024K)]
  0x0000020158d20df0 ConcurrentGCThread "G1 Refine#0"               [id=40656, stack(0x00000034b0400000,0x00000034b0500000) (1024K)]
  0x0000020158d22870 ConcurrentGCThread "G1 Service"                [id=11012, stack(0x00000034b0500000,0x00000034b0600000) (1024K)]
Total: 14

Threads with active compile tasks:
C2 CompilerThread0  168827695 2662   !   4       java.awt.Toolkit::setDesktopProperty (81 bytes)
Total: 1

VM state: not at safepoint (normal execution)

VM Mutex/Monitor currently owned by a thread: None

Heap address: 0x0000000704e00000, size: 4018 MB, Compressed Oops mode: Zero based, Oop shift amount: 3

CDS archive(s) mapped at: [0x0000020159000000-0x0000020159c90000-0x0000020159c90000), size 13172736, SharedBaseAddress: 0x0000020159000000, ArchiveRelocationMode: 1.
Compressed class space mapped at: 0x000002015a000000-0x000002019a000000, reserved size: 1073741824
Narrow klass base: 0x0000020159000000, Narrow klass shift: 0, Narrow klass range: 0x100000000

GC Precious Log:
 CardTable entry size: 512
 Card Set container configuration: InlinePtr #cards 4 size 8 Array Of Cards #cards 16 size 48 Howl #buckets 8 coarsen threshold 3686 Howl Bitmap #cards 512 size 80 coarsen threshold 460 Card regions per heap region 1 cards per card region 4096
 CPUs: 20 total, 20 available
 Memory: 16065M
 Large Page Support: Disabled
 NUMA Support: Disabled
 Compressed Oops: Enabled (Zero based)
 Heap Region Size: 2M
 Heap Min Capacity: 8M
 Heap Initial Capacity: 252M
 Heap Max Capacity: 4018M
 Pre-touch: Disabled
 Parallel Workers: 15
 Concurrent Workers: 4
 Concurrent Refinement Workers: 15
 Periodic GC: Disabled

Heap:
 garbage-first heap   total 258048K, used 40960K [0x0000000704e00000, 0x0000000800000000)
  region size 2048K, 9 young (18432K), 2 survivors (4096K)
 Metaspace       used 17018K, committed 17280K, reserved 1114112K
  class space    used 1775K, committed 1920K, reserved 1048576K

Heap Regions: E=young(eden), S=young(survivor), O=old, HS=humongous(starts), HC=humongous(continues), CS=collection set, F=free, TAMS=top-at-mark-start, PB=parsable bottom
|   0|0x0000000704e00000, 0x0000000705000000, 0x0000000705000000|100%|HS|  |TAMS 0x0000000704e00000| PB 0x0000000704e00000| Complete 
|   1|0x0000000705000000, 0x0000000705200000, 0x0000000705200000|100%|HC|  |TAMS 0x0000000705000000| PB 0x0000000705000000| Complete 
|   2|0x0000000705200000, 0x0000000705400000, 0x0000000705400000|100%|HC|  |TAMS 0x0000000705200000| PB 0x0000000705200000| Complete 
|   3|0x0000000705400000, 0x0000000705600000, 0x0000000705600000|100%|HS|  |TAMS 0x0000000705400000| PB 0x0000000705400000| Complete 
|   4|0x0000000705600000, 0x0000000705800000, 0x0000000705800000|100%|HC|  |TAMS 0x0000000705600000| PB 0x0000000705600000| Complete 
|   5|0x0000000705800000, 0x0000000705a00000, 0x0000000705a00000|100%|HS|  |TAMS 0x0000000705800000| PB 0x0000000705800000| Complete 
|   6|0x0000000705a00000, 0x0000000705c00000, 0x0000000705c00000|100%|HC|  |TAMS 0x0000000705a00000| PB 0x0000000705a00000| Complete 
|   7|0x0000000705c00000, 0x0000000705e00000, 0x0000000705e00000|100%|HC|  |TAMS 0x0000000705c00000| PB 0x0000000705c00000| Complete 
|   8|0x0000000705e00000, 0x0000000706000000, 0x0000000706000000|100%|HS|  |TAMS 0x0000000705e00000| PB 0x0000000705e00000| Complete 
|   9|0x0000000706000000, 0x0000000706200000, 0x0000000706200000|100%|HC|  |TAMS 0x0000000706000000| PB 0x0000000706000000| Complete 
|  10|0x0000000706200000, 0x0000000706400000, 0x0000000706400000|100%|HS|  |TAMS 0x0000000706200000| PB 0x0000000706200000| Complete 
|  11|0x0000000706400000, 0x0000000706600000, 0x0000000706600000|100%|HC|  |TAMS 0x0000000706400000| PB 0x0000000706400000| Complete 
|  12|0x0000000706600000, 0x0000000706800000, 0x0000000706800000|100%|HC|  |TAMS 0x0000000706600000| PB 0x0000000706600000| Complete 
|  13|0x0000000706800000, 0x0000000706800000, 0x0000000706a00000|  0%| F|  |TAMS 0x0000000706800000| PB 0x0000000706800000| Untracked 
|  14|0x0000000706a00000, 0x0000000706a00000, 0x0000000706c00000|  0%| F|  |TAMS 0x0000000706a00000| PB 0x0000000706a00000| Untracked 
|  15|0x0000000706c00000, 0x0000000706c00000, 0x0000000706e00000|  0%| F|  |TAMS 0x0000000706c00000| PB 0x0000000706c00000| Untracked 
|  16|0x0000000706e00000, 0x0000000706e00000, 0x0000000707000000|  0%| F|  |TAMS 0x0000000706e00000| PB 0x0000000706e00000| Untracked 
|  17|0x0000000707000000, 0x0000000707000000, 0x0000000707200000|  0%| F|  |TAMS 0x0000000707000000| PB 0x0000000707000000| Untracked 
|  18|0x0000000707200000, 0x0000000707200000, 0x0000000707400000|  0%| F|  |TAMS 0x0000000707200000| PB 0x0000000707200000| Untracked 
|  19|0x0000000707400000, 0x0000000707400000, 0x0000000707600000|  0%| F|  |TAMS 0x0000000707400000| PB 0x0000000707400000| Untracked 
|  20|0x0000000707600000, 0x0000000707600000, 0x0000000707800000|  0%| F|  |TAMS 0x0000000707600000| PB 0x0000000707600000| Untracked 
|  21|0x0000000707800000, 0x0000000707800000, 0x0000000707a00000|  0%| F|  |TAMS 0x0000000707800000| PB 0x0000000707800000| Untracked 
|  22|0x0000000707a00000, 0x0000000707a00000, 0x0000000707c00000|  0%| F|  |TAMS 0x0000000707a00000| PB 0x0000000707a00000| Untracked 
|  23|0x0000000707c00000, 0x0000000707c00000, 0x0000000707e00000|  0%| F|  |TAMS 0x0000000707c00000| PB 0x0000000707c00000| Untracked 
|  24|0x0000000707e00000, 0x0000000707e00000, 0x0000000708000000|  0%| F|  |TAMS 0x0000000707e00000| PB 0x0000000707e00000| Untracked 
|  25|0x0000000708000000, 0x0000000708000000, 0x0000000708200000|  0%| F|  |TAMS 0x0000000708000000| PB 0x0000000708000000| Untracked 
|  26|0x0000000708200000, 0x0000000708200000, 0x0000000708400000|  0%| F|  |TAMS 0x0000000708200000| PB 0x0000000708200000| Untracked 
|  27|0x0000000708400000, 0x0000000708400000, 0x0000000708600000|  0%| F|  |TAMS 0x0000000708400000| PB 0x0000000708400000| Untracked 
|  28|0x0000000708600000, 0x0000000708600000, 0x0000000708800000|  0%| F|  |TAMS 0x0000000708600000| PB 0x0000000708600000| Untracked 
|  29|0x0000000708800000, 0x0000000708800000, 0x0000000708a00000|  0%| F|  |TAMS 0x0000000708800000| PB 0x0000000708800000| Untracked 
|  30|0x0000000708a00000, 0x0000000708a00000, 0x0000000708c00000|  0%| F|  |TAMS 0x0000000708a00000| PB 0x0000000708a00000| Untracked 
|  31|0x0000000708c00000, 0x0000000708c00000, 0x0000000708e00000|  0%| F|  |TAMS 0x0000000708c00000| PB 0x0000000708c00000| Untracked 
|  32|0x0000000708e00000, 0x0000000708e00000, 0x0000000709000000|  0%| F|  |TAMS 0x0000000708e00000| PB 0x0000000708e00000| Untracked 
|  33|0x0000000709000000, 0x0000000709000000, 0x0000000709200000|  0%| F|  |TAMS 0x0000000709000000| PB 0x0000000709000000| Untracked 
|  34|0x0000000709200000, 0x0000000709200000, 0x0000000709400000|  0%| F|  |TAMS 0x0000000709200000| PB 0x0000000709200000| Untracked 
|  35|0x0000000709400000, 0x0000000709400000, 0x0000000709600000|  0%| F|  |TAMS 0x0000000709400000| PB 0x0000000709400000| Untracked 
|  36|0x0000000709600000, 0x0000000709600000, 0x0000000709800000|  0%| F|  |TAMS 0x0000000709600000| PB 0x0000000709600000| Untracked 
|  37|0x0000000709800000, 0x0000000709800000, 0x0000000709a00000|  0%| F|  |TAMS 0x0000000709800000| PB 0x0000000709800000| Untracked 
|  38|0x0000000709a00000, 0x0000000709a00000, 0x0000000709c00000|  0%| F|  |TAMS 0x0000000709a00000| PB 0x0000000709a00000| Untracked 
|  39|0x0000000709c00000, 0x0000000709c00000, 0x0000000709e00000|  0%| F|  |TAMS 0x0000000709c00000| PB 0x0000000709c00000| Untracked 
|  40|0x0000000709e00000, 0x0000000709e00000, 0x000000070a000000|  0%| F|  |TAMS 0x0000000709e00000| PB 0x0000000709e00000| Untracked 
|  41|0x000000070a000000, 0x000000070a000000, 0x000000070a200000|  0%| F|  |TAMS 0x000000070a000000| PB 0x000000070a000000| Untracked 
|  42|0x000000070a200000, 0x000000070a200000, 0x000000070a400000|  0%| F|  |TAMS 0x000000070a200000| PB 0x000000070a200000| Untracked 
|  43|0x000000070a400000, 0x000000070a400000, 0x000000070a600000|  0%| F|  |TAMS 0x000000070a400000| PB 0x000000070a400000| Untracked 
|  44|0x000000070a600000, 0x000000070a600000, 0x000000070a800000|  0%| F|  |TAMS 0x000000070a600000| PB 0x000000070a600000| Untracked 
|  45|0x000000070a800000, 0x000000070a800000, 0x000000070aa00000|  0%| F|  |TAMS 0x000000070a800000| PB 0x000000070a800000| Untracked 
|  46|0x000000070aa00000, 0x000000070aa00000, 0x000000070ac00000|  0%| F|  |TAMS 0x000000070aa00000| PB 0x000000070aa00000| Untracked 
|  47|0x000000070ac00000, 0x000000070ac00000, 0x000000070ae00000|  0%| F|  |TAMS 0x000000070ac00000| PB 0x000000070ac00000| Untracked 
|  48|0x000000070ae00000, 0x000000070ae00000, 0x000000070b000000|  0%| F|  |TAMS 0x000000070ae00000| PB 0x000000070ae00000| Untracked 
|  49|0x000000070b000000, 0x000000070b000000, 0x000000070b200000|  0%| F|  |TAMS 0x000000070b000000| PB 0x000000070b000000| Untracked 
|  50|0x000000070b200000, 0x000000070b200000, 0x000000070b400000|  0%| F|  |TAMS 0x000000070b200000| PB 0x000000070b200000| Untracked 
|  51|0x000000070b400000, 0x000000070b400000, 0x000000070b600000|  0%| F|  |TAMS 0x000000070b400000| PB 0x000000070b400000| Untracked 
|  52|0x000000070b600000, 0x000000070b600000, 0x000000070b800000|  0%| F|  |TAMS 0x000000070b600000| PB 0x000000070b600000| Untracked 
|  53|0x000000070b800000, 0x000000070b800000, 0x000000070ba00000|  0%| F|  |TAMS 0x000000070b800000| PB 0x000000070b800000| Untracked 
|  54|0x000000070ba00000, 0x000000070ba00000, 0x000000070bc00000|  0%| F|  |TAMS 0x000000070ba00000| PB 0x000000070ba00000| Untracked 
|  55|0x000000070bc00000, 0x000000070bc00000, 0x000000070be00000|  0%| F|  |TAMS 0x000000070bc00000| PB 0x000000070bc00000| Untracked 
|  56|0x000000070be00000, 0x000000070be00000, 0x000000070c000000|  0%| F|  |TAMS 0x000000070be00000| PB 0x000000070be00000| Untracked 
|  57|0x000000070c000000, 0x000000070c000000, 0x000000070c200000|  0%| F|  |TAMS 0x000000070c000000| PB 0x000000070c000000| Untracked 
|  58|0x000000070c200000, 0x000000070c200000, 0x000000070c400000|  0%| F|  |TAMS 0x000000070c200000| PB 0x000000070c200000| Untracked 
|  59|0x000000070c400000, 0x000000070c400000, 0x000000070c600000|  0%| F|  |TAMS 0x000000070c400000| PB 0x000000070c400000| Untracked 
|  60|0x000000070c600000, 0x000000070c600000, 0x000000070c800000|  0%| F|  |TAMS 0x000000070c600000| PB 0x000000070c600000| Untracked 
|  61|0x000000070c800000, 0x000000070c800000, 0x000000070ca00000|  0%| F|  |TAMS 0x000000070c800000| PB 0x000000070c800000| Untracked 
|  62|0x000000070ca00000, 0x000000070ca00000, 0x000000070cc00000|  0%| F|  |TAMS 0x000000070ca00000| PB 0x000000070ca00000| Untracked 
|  63|0x000000070cc00000, 0x000000070cc00000, 0x000000070ce00000|  0%| F|  |TAMS 0x000000070cc00000| PB 0x000000070cc00000| Untracked 
|  64|0x000000070ce00000, 0x000000070ce00000, 0x000000070d000000|  0%| F|  |TAMS 0x000000070ce00000| PB 0x000000070ce00000| Untracked 
|  65|0x000000070d000000, 0x000000070d000000, 0x000000070d200000|  0%| F|  |TAMS 0x000000070d000000| PB 0x000000070d000000| Untracked 
|  66|0x000000070d200000, 0x000000070d200000, 0x000000070d400000|  0%| F|  |TAMS 0x000000070d200000| PB 0x000000070d200000| Untracked 
|  67|0x000000070d400000, 0x000000070d400000, 0x000000070d600000|  0%| F|  |TAMS 0x000000070d400000| PB 0x000000070d400000| Untracked 
|  68|0x000000070d600000, 0x000000070d600000, 0x000000070d800000|  0%| F|  |TAMS 0x000000070d600000| PB 0x000000070d600000| Untracked 
|  69|0x000000070d800000, 0x000000070d800000, 0x000000070da00000|  0%| F|  |TAMS 0x000000070d800000| PB 0x000000070d800000| Untracked 
|  70|0x000000070da00000, 0x000000070da00000, 0x000000070dc00000|  0%| F|  |TAMS 0x000000070da00000| PB 0x000000070da00000| Untracked 
|  71|0x000000070dc00000, 0x000000070dc00000, 0x000000070de00000|  0%| F|  |TAMS 0x000000070dc00000| PB 0x000000070dc00000| Untracked 
|  72|0x000000070de00000, 0x000000070de00000, 0x000000070e000000|  0%| F|  |TAMS 0x000000070de00000| PB 0x000000070de00000| Untracked 
|  73|0x000000070e000000, 0x000000070e000000, 0x000000070e200000|  0%| F|  |TAMS 0x000000070e000000| PB 0x000000070e000000| Untracked 
|  74|0x000000070e200000, 0x000000070e200000, 0x000000070e400000|  0%| F|  |TAMS 0x000000070e200000| PB 0x000000070e200000| Untracked 
|  75|0x000000070e400000, 0x000000070e400000, 0x000000070e600000|  0%| F|  |TAMS 0x000000070e400000| PB 0x000000070e400000| Untracked 
|  76|0x000000070e600000, 0x000000070e600000, 0x000000070e800000|  0%| F|  |TAMS 0x000000070e600000| PB 0x000000070e600000| Untracked 
|  77|0x000000070e800000, 0x000000070e800000, 0x000000070ea00000|  0%| F|  |TAMS 0x000000070e800000| PB 0x000000070e800000| Untracked 
|  78|0x000000070ea00000, 0x000000070ea00000, 0x000000070ec00000|  0%| F|  |TAMS 0x000000070ea00000| PB 0x000000070ea00000| Untracked 
|  79|0x000000070ec00000, 0x000000070ec00000, 0x000000070ee00000|  0%| F|  |TAMS 0x000000070ec00000| PB 0x000000070ec00000| Untracked 
|  80|0x000000070ee00000, 0x000000070ee00000, 0x000000070f000000|  0%| F|  |TAMS 0x000000070ee00000| PB 0x000000070ee00000| Untracked 
|  81|0x000000070f000000, 0x000000070f000000, 0x000000070f200000|  0%| F|  |TAMS 0x000000070f000000| PB 0x000000070f000000| Untracked 
|  82|0x000000070f200000, 0x000000070f200000, 0x000000070f400000|  0%| F|  |TAMS 0x000000070f200000| PB 0x000000070f200000| Untracked 
|  83|0x000000070f400000, 0x000000070f400000, 0x000000070f600000|  0%| F|  |TAMS 0x000000070f400000| PB 0x000000070f400000| Untracked 
|  84|0x000000070f600000, 0x000000070f600000, 0x000000070f800000|  0%| F|  |TAMS 0x000000070f600000| PB 0x000000070f600000| Untracked 
|  85|0x000000070f800000, 0x000000070f800000, 0x000000070fa00000|  0%| F|  |TAMS 0x000000070f800000| PB 0x000000070f800000| Untracked 
|  86|0x000000070fa00000, 0x000000070fa00000, 0x000000070fc00000|  0%| F|  |TAMS 0x000000070fa00000| PB 0x000000070fa00000| Untracked 
|  87|0x000000070fc00000, 0x000000070fc00000, 0x000000070fe00000|  0%| F|  |TAMS 0x000000070fc00000| PB 0x000000070fc00000| Untracked 
|  88|0x000000070fe00000, 0x000000070fe00000, 0x0000000710000000|  0%| F|  |TAMS 0x000000070fe00000| PB 0x000000070fe00000| Untracked 
|  89|0x0000000710000000, 0x0000000710000000, 0x0000000710200000|  0%| F|  |TAMS 0x0000000710000000| PB 0x0000000710000000| Untracked 
|  90|0x0000000710200000, 0x0000000710200000, 0x0000000710400000|  0%| F|  |TAMS 0x0000000710200000| PB 0x0000000710200000| Untracked 
|  91|0x0000000710400000, 0x0000000710400000, 0x0000000710600000|  0%| F|  |TAMS 0x0000000710400000| PB 0x0000000710400000| Untracked 
|  92|0x0000000710600000, 0x0000000710600000, 0x0000000710800000|  0%| F|  |TAMS 0x0000000710600000| PB 0x0000000710600000| Untracked 
|  93|0x0000000710800000, 0x0000000710800000, 0x0000000710a00000|  0%| F|  |TAMS 0x0000000710800000| PB 0x0000000710800000| Untracked 
|  94|0x0000000710a00000, 0x0000000710a00000, 0x0000000710c00000|  0%| F|  |TAMS 0x0000000710a00000| PB 0x0000000710a00000| Untracked 
|  95|0x0000000710c00000, 0x0000000710c00000, 0x0000000710e00000|  0%| F|  |TAMS 0x0000000710c00000| PB 0x0000000710c00000| Untracked 
|  96|0x0000000710e00000, 0x0000000710e00000, 0x0000000711000000|  0%| F|  |TAMS 0x0000000710e00000| PB 0x0000000710e00000| Untracked 
|  97|0x0000000711000000, 0x0000000711000000, 0x0000000711200000|  0%| F|  |TAMS 0x0000000711000000| PB 0x0000000711000000| Untracked 
|  98|0x0000000711200000, 0x0000000711200000, 0x0000000711400000|  0%| F|  |TAMS 0x0000000711200000| PB 0x0000000711200000| Untracked 
|  99|0x0000000711400000, 0x0000000711400000, 0x0000000711600000|  0%| F|  |TAMS 0x0000000711400000| PB 0x0000000711400000| Untracked 
| 100|0x0000000711600000, 0x0000000711600000, 0x0000000711800000|  0%| F|  |TAMS 0x0000000711600000| PB 0x0000000711600000| Untracked 
| 101|0x0000000711800000, 0x0000000711800000, 0x0000000711a00000|  0%| F|  |TAMS 0x0000000711800000| PB 0x0000000711800000| Untracked 
| 102|0x0000000711a00000, 0x0000000711a00000, 0x0000000711c00000|  0%| F|  |TAMS 0x0000000711a00000| PB 0x0000000711a00000| Untracked 
| 103|0x0000000711c00000, 0x0000000711c00000, 0x0000000711e00000|  0%| F|  |TAMS 0x0000000711c00000| PB 0x0000000711c00000| Untracked 
| 104|0x0000000711e00000, 0x0000000711e00000, 0x0000000712000000|  0%| F|  |TAMS 0x0000000711e00000| PB 0x0000000711e00000| Untracked 
| 105|0x0000000712000000, 0x0000000712000000, 0x0000000712200000|  0%| F|  |TAMS 0x0000000712000000| PB 0x0000000712000000| Untracked 
| 106|0x0000000712200000, 0x0000000712200000, 0x0000000712400000|  0%| F|  |TAMS 0x0000000712200000| PB 0x0000000712200000| Untracked 
| 107|0x0000000712400000, 0x0000000712400000, 0x0000000712600000|  0%| F|  |TAMS 0x0000000712400000| PB 0x0000000712400000| Untracked 
| 108|0x0000000712600000, 0x0000000712600000, 0x0000000712800000|  0%| F|  |TAMS 0x0000000712600000| PB 0x0000000712600000| Untracked 
| 109|0x0000000712800000, 0x0000000712800000, 0x0000000712a00000|  0%| F|  |TAMS 0x0000000712800000| PB 0x0000000712800000| Untracked 
| 110|0x0000000712a00000, 0x0000000712a00000, 0x0000000712c00000|  0%| F|  |TAMS 0x0000000712a00000| PB 0x0000000712a00000| Untracked 
| 111|0x0000000712c00000, 0x0000000712c00000, 0x0000000712e00000|  0%| F|  |TAMS 0x0000000712c00000| PB 0x0000000712c00000| Untracked 
| 112|0x0000000712e00000, 0x0000000712e00000, 0x0000000713000000|  0%| F|  |TAMS 0x0000000712e00000| PB 0x0000000712e00000| Untracked 
| 113|0x0000000713000000, 0x0000000713200000, 0x0000000713200000|100%| S|CS|TAMS 0x0000000713000000| PB 0x0000000713000000| Complete 
| 114|0x0000000713200000, 0x0000000713400000, 0x0000000713400000|100%| S|CS|TAMS 0x0000000713200000| PB 0x0000000713200000| Complete 
| 115|0x0000000713400000, 0x0000000713400000, 0x0000000713600000|  0%| F|  |TAMS 0x0000000713400000| PB 0x0000000713400000| Untracked 
| 116|0x0000000713600000, 0x0000000713600000, 0x0000000713800000|  0%| F|  |TAMS 0x0000000713600000| PB 0x0000000713600000| Untracked 
| 117|0x0000000713800000, 0x0000000713800000, 0x0000000713a00000|  0%| F|  |TAMS 0x0000000713800000| PB 0x0000000713800000| Untracked 
| 118|0x0000000713a00000, 0x0000000713a00000, 0x0000000713c00000|  0%| F|  |TAMS 0x0000000713a00000| PB 0x0000000713a00000| Untracked 
| 119|0x0000000713c00000, 0x0000000713e00000, 0x0000000713e00000|100%| E|  |TAMS 0x0000000713c00000| PB 0x0000000713c00000| Complete 
| 120|0x0000000713e00000, 0x0000000714000000, 0x0000000714000000|100%| E|CS|TAMS 0x0000000713e00000| PB 0x0000000713e00000| Complete 
| 121|0x0000000714000000, 0x0000000714200000, 0x0000000714200000|100%| E|CS|TAMS 0x0000000714000000| PB 0x0000000714000000| Complete 
| 122|0x0000000714200000, 0x0000000714400000, 0x0000000714400000|100%| E|CS|TAMS 0x0000000714200000| PB 0x0000000714200000| Complete 
| 123|0x0000000714400000, 0x0000000714600000, 0x0000000714600000|100%| E|CS|TAMS 0x0000000714400000| PB 0x0000000714400000| Complete 
| 124|0x0000000714600000, 0x0000000714800000, 0x0000000714800000|100%| E|CS|TAMS 0x0000000714600000| PB 0x0000000714600000| Complete 
| 125|0x0000000714800000, 0x0000000714a00000, 0x0000000714a00000|100%| E|  |TAMS 0x0000000714800000| PB 0x0000000714800000| Complete 

Card table byte_map: [0x0000020151510000,0x0000020151cf0000] _byte_map_base: 0x000002014dce9000

Marking Bits: (CMBitMap*) 0x0000020138e8e280
 Bits: [0x0000020151cf0000, 0x0000020155bb8000)

Polling page: 0x00000201369c0000

Metaspace:

Usage:
  Non-class:     14.89 MB used.
      Class:      1.73 MB used.
       Both:     16.62 MB used.

Virtual space:
  Non-class space:       64.00 MB reserved,      15.00 MB ( 23%) committed,  1 nodes.
      Class space:        1.00 GB reserved,       1.88 MB ( <1%) committed,  1 nodes.
             Both:        1.06 GB reserved,      16.88 MB (  2%) committed. 

Chunk freelists:
   Non-Class:  560.00 KB
       Class:  14.16 MB
        Both:  14.70 MB

MaxMetaspaceSize: unlimited
CompressedClassSpaceSize: 1.00 GB
Initial GC threshold: 21.00 MB
Current GC threshold: 21.00 MB
CDS: on
 - commit_granule_bytes: 65536.
 - commit_granule_words: 8192.
 - virtual_space_node_default_size: 8388608.
 - enlarge_chunks_in_place: 1.
 - use_allocation_guard: 0.


Internal statistics:

num_allocs_failed_limit: 0.
num_arena_births: 182.
num_arena_deaths: 0.
num_vsnodes_births: 2.
num_vsnodes_deaths: 0.
num_space_committed: 270.
num_space_uncommitted: 0.
num_chunks_returned_to_freelist: 0.
num_chunks_taken_from_freelist: 382.
num_chunk_merges: 0.
num_chunk_splits: 228.
num_chunks_enlarged: 128.
num_inconsistent_stats: 0.

CodeHeap 'non-profiled nmethods': size=119168Kb used=994Kb max_used=994Kb free=118173Kb
 bounds [0x0000020148e30000, 0x00000201490a0000, 0x0000020150290000]
CodeHeap 'profiled nmethods': size=119104Kb used=5124Kb max_used=5124Kb free=113979Kb
 bounds [0x0000020141290000, 0x00000201417a0000, 0x00000201486e0000]
CodeHeap 'non-nmethods': size=7488Kb used=1696Kb max_used=3252Kb free=5791Kb
 bounds [0x00000201486e0000, 0x0000020148a20000, 0x0000020148e30000]
 total_blobs=3391 nmethods=2661 adapters=634
 compilation: enabled
              stopped_count=0, restarted_count=0
 full_count=0

Compilation events (20 events):
Event: 119429.482 Thread 0x0000020158e9b030 nmethod 2652 0x0000020148f25c90 code [0x0000020148f25e60, 0x0000020148f26748]
Event: 120773.124 Thread 0x0000020158e9b030 2653       4       java.util.WeakHashMap::indexFor (6 bytes)
Event: 120773.124 Thread 0x0000020158e9b030 nmethod 2653 0x0000020148f26d90 code [0x0000020148f26f00, 0x0000020148f26f70]
Event: 120773.130 Thread 0x0000020158ea0e90 2654       3       java.awt.image.PackedColorModel::countBits (44 bytes)
Event: 120773.130 Thread 0x0000020158ea0e90 nmethod 2654 0x000002014178de90 code [0x000002014178e040, 0x000002014178e320]
Event: 166470.047 Thread 0x0000020158ea0e90 2655       1       sun.awt.Win32GraphicsDevice::getScreen (5 bytes)
Event: 166470.047 Thread 0x0000020158ea0e90 nmethod 2655 0x0000020148f27090 code [0x0000020148f27220, 0x0000020148f272e8]
Event: 166470.048 Thread 0x0000020158e9b030 2656  s    4       sun.awt.Win32GraphicsConfig::displayChanged (6 bytes)
Event: 166470.049 Thread 0x0000020158e9b030 nmethod 2656 0x0000020148f27390 code [0x0000020148f27520, 0x0000020148f27748]
Event: 166470.201 Thread 0x0000020158ea0e90 2657       3       java.util.WeakHashMap::size (18 bytes)
Event: 166470.201 Thread 0x0000020158ea0e90 nmethod 2657 0x000002014178e410 code [0x000002014178e5c0, 0x000002014178e778]
Event: 166470.201 Thread 0x0000020158ea0e90 2658       3       sun.awt.windows.WComponentPeer::getGraphicsConfiguration (23 bytes)
Event: 166470.203 Thread 0x0000020158ea0e90 nmethod 2658 0x000002014178e810 code [0x000002014178e9c0, 0x000002014178ed28]
Event: 166667.348 Thread 0x0000020158e9b030 2659       4       sun.awt.AWTAutoShutdown::notifyToolkitThreadBusy (8 bytes)
Event: 166667.356 Thread 0x0000020158e9b030 nmethod 2659 0x0000020148f27810 code [0x0000020148f279c0, 0x0000020148f27e58]
Event: 166667.356 Thread 0x0000020158e9b030 2660       4       sun.awt.AWTAutoShutdown::notifyToolkitThreadFree (8 bytes)
Event: 166667.357 Thread 0x0000020158e9b030 nmethod 2660 0x0000020148f28110 code [0x0000020148f282c0, 0x0000020148f28720]
Event: 168827.660 Thread 0x0000020158ea0e90 2661   !   3       sun.awt.SunDisplayChanger::notifyListeners (133 bytes)
Event: 168827.664 Thread 0x0000020158ea0e90 nmethod 2661 0x000002014178ee10 code [0x000002014178f1a0, 0x00000201417908f8]
Event: 168827.666 Thread 0x0000020158e9b030 2662   !   4       java.awt.Toolkit::setDesktopProperty (81 bytes)

GC Heap History (2 events):
Event: 11.284 GC heap before
{Heap before GC invocations=0 (full 0):
 garbage-first heap   total 258048K, used 28672K [0x0000000704e00000, 0x0000000800000000)
  region size 2048K, 11 young (22528K), 0 survivors (0K)
 Metaspace       used 9423K, committed 9600K, reserved 1114112K
  class space    used 934K, committed 1024K, reserved 1048576K
}
Event: 11.287 GC heap after
{Heap after GC invocations=1 (full 0):
 garbage-first heap   total 258048K, used 10240K [0x0000000704e00000, 0x0000000800000000)
  region size 2048K, 2 young (4096K), 2 survivors (4096K)
 Metaspace       used 9423K, committed 9600K, reserved 1114112K
  class space    used 934K, committed 1024K, reserved 1048576K
}

Dll operation events (11 events):
Event: 0.004 Loaded shared library C:\Program Files\Java\jdk-21\bin\java.dll
Event: 0.022 Loaded shared library C:\Program Files\Java\jdk-21\bin\jsvml.dll
Event: 0.039 Loaded shared library C:\Program Files\Java\jdk-21\bin\jimage.dll
Event: 0.042 Loaded shared library C:\Program Files\Java\jdk-21\bin\net.dll
Event: 0.043 Loaded shared library C:\Program Files\Java\jdk-21\bin\nio.dll
Event: 0.044 Loaded shared library C:\Program Files\Java\jdk-21\bin\zip.dll
Event: 0.054 Loaded shared library C:\Program Files\Java\jdk-21\bin\awt.dll
Event: 0.144 Loaded shared library C:\Program Files\Java\jdk-21\bin\freetype.dll
Event: 0.145 Loaded shared library C:\Program Files\Java\jdk-21\bin\fontmanager.dll
Event: 11.311 Loaded shared library C:\Program Files\Java\jdk-21\bin\extnet.dll
Event: 11.415 Loaded shared library C:\Program Files\Java\jdk-21\bin\sunmscapi.dll

Deoptimization events (20 events):
Event: 35255.015 Thread 0x000002019e395fe0 DEOPT PACKING pc=0x0000020148f0a370 sp=0x00000034b15fe6d0
Event: 35255.016 Thread 0x000002019e395fe0 DEOPT UNPACKING pc=0x00000201487346a2 sp=0x00000034b15fe678 mode 2
Event: 81973.670 Thread 0x000002019e395fe0 Uncommon trap: trap_request=0xffffffd6 fr.pc=0x0000020148f0d658 relative=0x0000000000000498
Event: 81973.670 Thread 0x000002019e395fe0 Uncommon trap: reason=array_check action=maybe_recompile pc=0x0000020148f0d658 method=java.util.HashMap.keysToArray([Ljava/lang/Object;)[Ljava/lang/Object; @ 62 c2
Event: 81973.670 Thread 0x000002019e395fe0 DEOPT PACKING pc=0x0000020148f0d658 sp=0x00000034b15fe6c0
Event: 81973.670 Thread 0x000002019e395fe0 DEOPT UNPACKING pc=0x00000201487346a2 sp=0x00000034b15fe668 mode 2
Event: 82606.170 Thread 0x000002019e395fe0 Uncommon trap: trap_request=0xffffffd6 fr.pc=0x0000020148f0d658 relative=0x0000000000000498
Event: 82606.170 Thread 0x000002019e395fe0 Uncommon trap: reason=array_check action=maybe_recompile pc=0x0000020148f0d658 method=java.util.HashMap.keysToArray([Ljava/lang/Object;)[Ljava/lang/Object; @ 62 c2
Event: 82606.170 Thread 0x000002019e395fe0 DEOPT PACKING pc=0x0000020148f0d658 sp=0x00000034b15fe6c0
Event: 82606.170 Thread 0x000002019e395fe0 DEOPT UNPACKING pc=0x00000201487346a2 sp=0x00000034b15fe668 mode 2
Event: 82609.648 Thread 0x000002019e395fe0 Uncommon trap: trap_request=0xffffffd6 fr.pc=0x0000020148f0d658 relative=0x0000000000000498
Event: 82609.648 Thread 0x000002019e395fe0 Uncommon trap: reason=array_check action=maybe_recompile pc=0x0000020148f0d658 method=java.util.HashMap.keysToArray([Ljava/lang/Object;)[Ljava/lang/Object; @ 62 c2
Event: 82609.648 Thread 0x000002019e395fe0 DEOPT PACKING pc=0x0000020148f0d658 sp=0x00000034b15fe6c0
Event: 82609.648 Thread 0x000002019e395fe0 DEOPT UNPACKING pc=0x00000201487346a2 sp=0x00000034b15fe668 mode 2
Event: 83223.856 Thread 0x000002019e395fe0 Uncommon trap: trap_request=0xffffffd6 fr.pc=0x0000020148f0d658 relative=0x0000000000000498
Event: 83223.856 Thread 0x000002019e395fe0 Uncommon trap: reason=array_check action=maybe_recompile pc=0x0000020148f0d658 method=java.util.HashMap.keysToArray([Ljava/lang/Object;)[Ljava/lang/Object; @ 62 c2
Event: 83223.856 Thread 0x000002019e395fe0 DEOPT PACKING pc=0x0000020148f0d658 sp=0x00000034b15fe6c0
Event: 83223.856 Thread 0x000002019e395fe0 DEOPT UNPACKING pc=0x00000201487346a2 sp=0x00000034b15fe668 mode 2
Event: 119429.474 Thread 0x00000201a1093b60 DEOPT PACKING pc=0x000002014147bacd sp=0x00000034b16fe440
Event: 119429.474 Thread 0x00000201a1093b60 DEOPT UNPACKING pc=0x0000020148734e42 sp=0x00000034b16fd920 mode 0

Classes loaded (20 events):
Event: 11.511 Loading class java/util/NoSuchElementException
Event: 11.511 Loading class java/util/NoSuchElementException done
Event: 11.539 Loading class java/lang/StringIndexOutOfBoundsException
Event: 11.539 Loading class java/lang/StringIndexOutOfBoundsException done
Event: 11.542 Loading class java/util/concurrent/atomic/AtomicReferenceFieldUpdater
Event: 11.542 Loading class java/util/concurrent/atomic/AtomicReferenceFieldUpdater done
Event: 11.542 Loading class java/util/concurrent/atomic/AtomicReferenceFieldUpdater$AtomicReferenceFieldUpdaterImpl
Event: 11.542 Loading class java/util/concurrent/atomic/AtomicReferenceFieldUpdater$AtomicReferenceFieldUpdaterImpl done
Event: 11.542 Loading class java/util/concurrent/atomic/AtomicReferenceFieldUpdater$AtomicReferenceFieldUpdaterImpl$1
Event: 11.542 Loading class java/util/concurrent/atomic/AtomicReferenceFieldUpdater$AtomicReferenceFieldUpdaterImpl$1 done
Event: 64.627 Loading class java/awt/KeyboardFocusManager$2
Event: 64.627 Loading class java/awt/KeyboardFocusManager$2 done
Event: 64.627 Loading class sun/awt/SunToolkit$1
Event: 64.627 Loading class sun/awt/SunToolkit$1 done
Event: 1469.546 Loading class java/util/WeakHashMap$KeyIterator
Event: 1469.547 Loading class java/util/WeakHashMap$HashIterator
Event: 1469.547 Loading class java/util/WeakHashMap$HashIterator done
Event: 1469.547 Loading class java/util/WeakHashMap$KeyIterator done
Event: 1469.547 Loading class javax/swing/RepaintManager$DisplayChangedRunnable
Event: 1469.547 Loading class javax/swing/RepaintManager$DisplayChangedRunnable done

Classes unloaded (0 events):
No events

Classes redefined (0 events):
No events

Internal exceptions (20 events):
Event: 0.060 Thread 0x0000020136a387d0 Exception <a 'java/io/FileNotFoundException'{0x0000000714745020}> (0x0000000714745020) 
thrown [s\open\src\hotspot\share\prims\jni.cpp, line 520]
Event: 0.063 Thread 0x0000020136a387d0 Exception <a 'java/io/FileNotFoundException'{0x000000071476f268}> (0x000000071476f268) 
thrown [s\open\src\hotspot\share\prims\jni.cpp, line 520]
Event: 0.103 Thread 0x0000020136a387d0 Exception <a 'java/lang/NoSuchMethodError'{0x00000007144e9548}: 'void java.lang.invoke.DirectMethodHandle$Holder.invokeSpecial(java.lang.Object, java.lang.Object, java.lang.Object)'> (0x00000007144e9548) 
thrown [s\open\src\hotspot\share\interpreter\linkResolver.cpp, line 773]
Event: 0.106 Thread 0x0000020136a387d0 Exception <a 'java/lang/NoSuchMethodError'{0x000000071450eea0}: 'java.lang.Object java.lang.invoke.DirectMethodHandle$Holder.newInvokeSpecial(java.lang.Object, java.lang.Object, java.lang.Object, java.lang.Object, java.lang.Object)'> (0x000000071450eea0) 
thrown [s\open\src\hotspot\share\interpreter\linkResolver.cpp, line 773]
Event: 0.109 Thread 0x0000020136a387d0 Exception <a 'java/lang/NoSuchMethodError'{0x000000071453aab0}: 'java.lang.Object java.lang.invoke.DirectMethodHandle$Holder.invokeStatic(java.lang.Object, int, java.lang.Object)'> (0x000000071453aab0) 
thrown [s\open\src\hotspot\share\interpreter\linkResolver.cpp, line 773]
Event: 0.118 Thread 0x0000020136a387d0 Exception <a 'java/lang/ClassNotFoundException'{0x00000007145da9d0}: com/sun/swing/internal/plaf/metal/resources/spi/metalProvider> (0x00000007145da9d0) 
thrown [s\open\src\hotspot\share\classfile\systemDictionary.cpp, line 312]
Event: 0.118 Thread 0x0000020136a387d0 Exception <a 'java/lang/ClassNotFoundException'{0x00000007145de910}: com/sun/swing/internal/plaf/basic/resources/spi/basicProvider> (0x00000007145de910) 
thrown [s\open\src\hotspot\share\classfile\systemDictionary.cpp, line 312]
Event: 0.123 Thread 0x0000020136a387d0 Exception <a 'java/lang/NoSuchMethodError'{0x00000007145fe088}: 'int java.lang.invoke.Invokers$Holder.invokeExact_MT(java.lang.Object, java.lang.Object)'> (0x00000007145fe088) 
thrown [s\open\src\hotspot\share\interpreter\linkResolver.cpp, line 773]
Event: 0.135 Thread 0x000002019e395fe0 Exception <a 'java/lang/NoSuchMethodError'{0x000000071447fdc8}: 'void java.lang.invoke.DirectMethodHandle$Holder.invokeVirtual(java.lang.Object, java.lang.Object)'> (0x000000071447fdc8) 
thrown [s\open\src\hotspot\share\interpreter\linkResolver.cpp, line 773]
Event: 0.142 Thread 0x0000020136a387d0 Exception <a 'java/lang/NoSuchMethodError'{0x00000007142390b0}: 'void java.lang.invoke.DirectMethodHandle$Holder.invokeStaticInit(java.lang.Object)'> (0x00000007142390b0) 
thrown [s\open\src\hotspot\share\interpreter\linkResolver.cpp, line 773]
Event: 0.331 Thread 0x00000201a1093b60 Implicit null exception at 0x0000020148e734a5 to 0x0000020148e7355c
Event: 0.331 Thread 0x00000201a1093b60 Implicit null exception at 0x0000020148e74b80 to 0x0000020148e74c14
Event: 11.237 Thread 0x00000201a1093b60 Exception <a 'java/lang/NoSuchMethodError'{0x00000007136fd188}: 'void java.lang.invoke.DirectMethodHandle$Holder.invokeStatic(java.lang.Object, java.lang.Object)'> (0x00000007136fd188) 
thrown [s\open\src\hotspot\share\interpreter\linkResolver.cpp, line 773]
Event: 11.250 Thread 0x00000201a1093b60 Exception <a 'java/lang/NoSuchMethodError'{0x0000000713404008}: 'java.lang.Object java.lang.invoke.DirectMethodHandle$Holder.invokeInterface(java.lang.Object, java.lang.Object)'> (0x0000000713404008) 
thrown [s\open\src\hotspot\share\interpreter\linkResolver.cpp, line 773]
Event: 11.263 Thread 0x00000201a1093b60 Exception <a 'java/lang/NoSuchMethodError'{0x000000071347bd50}: 'void java.lang.invoke.DirectMethodHandle$Holder.invokeStatic(java.lang.Object, java.lang.Object, java.lang.Object)'> (0x000000071347bd50) 
thrown [s\open\src\hotspot\share\interpreter\linkResolver.cpp, line 773]
Event: 11.264 Thread 0x00000201a1093b60 Exception <a 'java/lang/NoSuchMethodError'{0x0000000713485090}: 'java.lang.Object java.lang.invoke.DirectMethodHandle$Holder.invokeVirtual(java.lang.Object, java.lang.Object, java.lang.Object)'> (0x0000000713485090) 
thrown [s\open\src\hotspot\share\interpreter\linkResolver.cpp, line 773]
Event: 11.343 Thread 0x00000201a1093b60 Exception <a 'java/lang/NoSuchMethodError'{0x000000071446d360}: 'void java.lang.invoke.DirectMethodHandle$Holder.invokeStaticInit(java.lang.Object, java.lang.Object)'> (0x000000071446d360) 
thrown [s\open\src\hotspot\share\interpreter\linkResolver.cpp, line 773]
Event: 11.376 Thread 0x00000201a1093b60 Exception <a 'sun/nio/fs/WindowsException'{0x00000007145bd788}> (0x00000007145bd788) 
thrown [s\open\src\hotspot\share\prims\jni.cpp, line 520]
Event: 11.395 Thread 0x00000201a1093b60 Exception <a 'java/lang/NoSuchMethodError'{0x000000071426abf8}: 'java.lang.Object java.lang.invoke.DirectMethodHandle$Holder.invokeStaticInit(java.lang.Object, int, int, int, int)'> (0x000000071426abf8) 
thrown [s\open\src\hotspot\share\interpreter\linkResolver.cpp, line 773]
Event: 11.405 Thread 0x00000201a1093b60 Exception <a 'java/lang/NoSuchMethodError'{0x00000007142a9878}: 'java.lang.Object java.lang.invoke.DirectMethodHandle$Holder.invokeStaticInit(java.lang.Object, java.lang.Object, int, int, int, int)'> (0x00000007142a9878) 
thrown [s\open\src\hotspot\share\interpreter\linkResolver.cpp, line 773]

ZGC Phase Switch (0 events):
No events

VM Operations (20 events):
Event: 25662.077 Executing VM operation: Cleanup
Event: 25662.077 Executing VM operation: Cleanup done
Event: 26340.747 Executing VM operation: Cleanup
Event: 26340.747 Executing VM operation: Cleanup done
Event: 81973.998 Executing VM operation: Cleanup
Event: 81973.999 Executing VM operation: Cleanup done
Event: 83707.329 Executing VM operation: Cleanup
Event: 83707.329 Executing VM operation: Cleanup done
Event: 83820.994 Executing VM operation: Cleanup
Event: 83820.994 Executing VM operation: Cleanup done
Event: 90954.393 Executing VM operation: Cleanup
Event: 90954.394 Executing VM operation: Cleanup done
Event: 90955.406 Executing VM operation: Cleanup
Event: 90955.406 Executing VM operation: Cleanup done
Event: 96501.355 Executing VM operation: Cleanup
Event: 96501.355 Executing VM operation: Cleanup done
Event: 119430.307 Executing VM operation: Cleanup
Event: 119430.307 Executing VM operation: Cleanup done
Event: 120773.159 Executing VM operation: Cleanup
Event: 120773.159 Executing VM operation: Cleanup done

Events (20 events):
Event: 0.244 Thread 0x000002019e0e7ce0 Thread added: 0x000002019e0e7ce0
Event: 0.244 Thread 0x000002019e0e5ad0 Thread added: 0x000002019e0e5ad0
Event: 0.282 Thread 0x000002019e0e6f40 Thread added: 0x000002019e0e6f40
Event: 0.686 Thread 0x000002019e0e6f40 Thread exited: 0x000002019e0e6f40
Event: 1.908 Thread 0x000002019e0e5ad0 Thread exited: 0x000002019e0e5ad0
Event: 10.883 Thread 0x000002019e0e7ce0 Thread exited: 0x000002019e0e7ce0
Event: 11.238 Thread 0x00000201a17c1220 Thread added: 0x00000201a17c1220
Event: 11.254 Thread 0x000002019e0e6f40 Thread added: 0x000002019e0e6f40
Event: 11.258 Thread 0x000002019e0e7ce0 Thread added: 0x000002019e0e7ce0
Event: 11.323 Thread 0x000002019e0e7610 Thread added: 0x000002019e0e7610
Event: 11.443 Thread 0x000002019e0e4660 Thread added: 0x000002019e0e4660
Event: 11.445 Thread 0x000002019e0e61a0 Thread added: 0x000002019e0e61a0
Event: 11.445 Thread 0x000002019e0e4d30 Thread added: 0x000002019e0e4d30
Event: 13.757 Thread 0x000002019e0e4d30 Thread exited: 0x000002019e0e4d30
Event: 14.128 Thread 0x000002019e0e61a0 Thread exited: 0x000002019e0e61a0
Event: 14.128 Thread 0x000002019e0e4660 Thread exited: 0x000002019e0e4660
Event: 14.128 Thread 0x000002019e0e7ce0 Thread exited: 0x000002019e0e7ce0
Event: 19.128 Thread 0x000002019e0e7610 Thread exited: 0x000002019e0e7610
Event: 19.128 Thread 0x000002019e0e6870 Thread exited: 0x000002019e0e6870
Event: 19.128 Thread 0x000002019e0e6f40 Thread exited: 0x000002019e0e6f40


Dynamic libraries:
0x00007ff6dee10000 - 0x00007ff6dee20000 	C:\Program Files\Java\jdk-21\bin\javaw.exe
0x00007ffcfd3d0000 - 0x00007ffcfd5e7000 	C:\WINDOWS\SYSTEM32\ntdll.dll
0x00007ffcfc490000 - 0x00007ffcfc554000 	C:\WINDOWS\System32\KERNEL32.DLL
0x00007ffcfaac0000 - 0x00007ffcfae66000 	C:\WINDOWS\System32\KERNELBASE.dll
0x00007ffcfaee0000 - 0x00007ffcfaff1000 	C:\WINDOWS\System32\ucrtbase.dll
0x00007ffcee580000 - 0x00007ffcee599000 	C:\Program Files\Java\jdk-21\bin\jli.dll
0x00007ffcee560000 - 0x00007ffcee57b000 	C:\Program Files\Java\jdk-21\bin\VCRUNTIME140.dll
0x00007ffcfb1b0000 - 0x00007ffcfb263000 	C:\WINDOWS\System32\ADVAPI32.dll
0x00007ffcfb610000 - 0x00007ffcfb6b7000 	C:\WINDOWS\System32\msvcrt.dll
0x00007ffcfb6c0000 - 0x00007ffcfb768000 	C:\WINDOWS\System32\sechost.dll
0x00007ffcfaa90000 - 0x00007ffcfaab8000 	C:\WINDOWS\System32\bcrypt.dll
0x00007ffcfd270000 - 0x00007ffcfd387000 	C:\WINDOWS\System32\RPCRT4.dll
0x00007ffcfc9e0000 - 0x00007ffcfcb8e000 	C:\WINDOWS\System32\USER32.dll
0x00007ffcfa710000 - 0x00007ffcfa736000 	C:\WINDOWS\System32\win32u.dll
0x00007ffcfb860000 - 0x00007ffcfb889000 	C:\WINDOWS\System32\GDI32.dll
0x00007ffcfb000000 - 0x00007ffcfb118000 	C:\WINDOWS\System32\gdi32full.dll
0x00007ffcd9000000 - 0x00007ffcd9293000 	C:\WINDOWS\WinSxS\amd64_microsoft.windows.common-controls_6595b64144ccf1df_6.0.22621.2506_none_270c5ae97388e100\COMCTL32.dll
0x00007ffcfa740000 - 0x00007ffcfa7da000 	C:\WINDOWS\System32\msvcp_win.dll
0x00007ffcee850000 - 0x00007ffcee85a000 	C:\WINDOWS\SYSTEM32\VERSION.dll
0x00007ffcfc830000 - 0x00007ffcfc861000 	C:\WINDOWS\System32\IMM32.DLL
0x00007ffcf2bf0000 - 0x00007ffcf2bfc000 	C:\Program Files\Java\jdk-21\bin\vcruntime140_1.dll
0x00007ffcd6160000 - 0x00007ffcd61ee000 	C:\Program Files\Java\jdk-21\bin\msvcp140.dll
0x00007ffc343b0000 - 0x00007ffc350c7000 	C:\Program Files\Java\jdk-21\bin\server\jvm.dll
0x00007ffcfc7b0000 - 0x00007ffcfc821000 	C:\WINDOWS\System32\WS2_32.dll
0x00007ffcf9560000 - 0x00007ffcf95ad000 	C:\WINDOWS\SYSTEM32\POWRPROF.dll
0x00007ffcee1d0000 - 0x00007ffcee204000 	C:\WINDOWS\SYSTEM32\WINMM.dll
0x00007ffcf9540000 - 0x00007ffcf9553000 	C:\WINDOWS\SYSTEM32\UMPDC.dll
0x00007ffcf9810000 - 0x00007ffcf9828000 	C:\WINDOWS\SYSTEM32\kernel.appcore.dll
0x00007ffcf2ad0000 - 0x00007ffcf2ada000 	C:\Program Files\Java\jdk-21\bin\jimage.dll
0x00007ffcf7cb0000 - 0x00007ffcf7ee3000 	C:\WINDOWS\SYSTEM32\DBGHELP.DLL
0x00007ffcfc100000 - 0x00007ffcfc489000 	C:\WINDOWS\System32\combase.dll
0x00007ffcfb770000 - 0x00007ffcfb847000 	C:\WINDOWS\System32\OLEAUT32.dll
0x00007ffcec3b0000 - 0x00007ffcec3e2000 	C:\WINDOWS\SYSTEM32\dbgcore.DLL
0x00007ffcfa8a0000 - 0x00007ffcfa91a000 	C:\WINDOWS\System32\bcryptPrimitives.dll
0x00007ffcec510000 - 0x00007ffcec52f000 	C:\Program Files\Java\jdk-21\bin\java.dll
0x00007ffcfb890000 - 0x00007ffcfc0eb000 	C:\WINDOWS\System32\SHELL32.dll
0x00007ffcf8630000 - 0x00007ffcf8f26000 	C:\WINDOWS\SYSTEM32\windows.storage.dll
0x00007ffcf84f0000 - 0x00007ffcf862e000 	C:\WINDOWS\SYSTEM32\wintypes.dll
0x00007ffcfb370000 - 0x00007ffcfb463000 	C:\WINDOWS\System32\SHCORE.dll
0x00007ffcfc720000 - 0x00007ffcfc77e000 	C:\WINDOWS\System32\shlwapi.dll
0x00007ffcfa640000 - 0x00007ffcfa666000 	C:\WINDOWS\SYSTEM32\profapi.dll
0x00007ffccf5a0000 - 0x00007ffccf677000 	C:\Program Files\Java\jdk-21\bin\jsvml.dll
0x00007ffcf2a40000 - 0x00007ffcf2a50000 	C:\Program Files\Java\jdk-21\bin\net.dll
0x00007ffcf1180000 - 0x00007ffcf12b7000 	C:\WINDOWS\SYSTEM32\WINHTTP.dll
0x00007ffcf9c80000 - 0x00007ffcf9ce9000 	C:\WINDOWS\system32\mswsock.dll
0x00007ffcddba0000 - 0x00007ffcddbb6000 	C:\Program Files\Java\jdk-21\bin\nio.dll
0x00007ffcddb00000 - 0x00007ffcddb18000 	C:\Program Files\Java\jdk-21\bin\zip.dll
0x00007ffca55e0000 - 0x00007ffca576f000 	C:\Program Files\Java\jdk-21\bin\awt.dll
0x00007ffcf4940000 - 0x00007ffcf49d7000 	C:\WINDOWS\SYSTEM32\apphelp.dll
0x00007ffcf7280000 - 0x00007ffcf72ab000 	C:\WINDOWS\system32\DWMAPI.DLL
0x00007ffcf4a80000 - 0x00007ffcf4b2b000 	C:\WINDOWS\system32\uxtheme.dll
0x00007ffca3740000 - 0x00007ffca3840000 	C:\WINDOWS\system32\opengl32.dll
0x00007ffcd81e0000 - 0x00007ffcd820d000 	C:\WINDOWS\SYSTEM32\GLU32.dll
0x00007ffcf79a0000 - 0x00007ffcf79d9000 	C:\WINDOWS\SYSTEM32\dxcore.dll
0x00007ffcfc880000 - 0x00007ffcfc9d1000 	C:\WINDOWS\System32\MSCTF.dll
0x00007ffcfb470000 - 0x00007ffcfb610000 	C:\WINDOWS\System32\ole32.dll
0x00007ffcc0870000 - 0x00007ffcc08f7000 	C:\Program Files\Java\jdk-21\bin\freetype.dll
0x00007ffca5340000 - 0x00007ffca5422000 	C:\Program Files\Java\jdk-21\bin\fontmanager.dll
0x00007ffcdb4c0000 - 0x00007ffcdb60a000 	C:\WINDOWS\SYSTEM32\textinputframework.dll
0x00007ffcf4660000 - 0x00007ffcf4794000 	C:\WINDOWS\SYSTEM32\CoreMessaging.dll
0x00007ffcf02e0000 - 0x00007ffcf064c000 	C:\WINDOWS\SYSTEM32\CoreUIComponents.dll
0x00007ffcf9ee0000 - 0x00007ffcf9eec000 	C:\WINDOWS\SYSTEM32\CRYPTBASE.DLL
0x00007ffcf91b0000 - 0x00007ffcf92a9000 	C:\WINDOWS\SYSTEM32\DNSAPI.dll
0x00007ffcf9180000 - 0x00007ffcf91ad000 	C:\WINDOWS\SYSTEM32\IPHLPAPI.DLL
0x00007ffcfc780000 - 0x00007ffcfc789000 	C:\WINDOWS\System32\NSI.dll
0x000000005a420000 - 0x000000005a455000 	C:\Program Files\Bonjour\mdnsNSP.dll
0x00007ffcf0ae0000 - 0x00007ffcf0aea000 	C:\Windows\System32\rasadhlp.dll
0x00007ffcef3e0000 - 0x00007ffcef463000 	C:\WINDOWS\System32\fwpuclnt.dll
0x00007ffcddac0000 - 0x00007ffcddac9000 	C:\Program Files\Java\jdk-21\bin\extnet.dll
0x00007ffcf9ec0000 - 0x00007ffcf9edb000 	C:\WINDOWS\SYSTEM32\CRYPTSP.dll
0x00007ffcf9760000 - 0x00007ffcf9795000 	C:\WINDOWS\system32\rsaenh.dll
0x00007ffcf9d50000 - 0x00007ffcf9d7c000 	C:\WINDOWS\SYSTEM32\USERENV.dll
0x00007ffcddb90000 - 0x00007ffcddb9e000 	C:\Program Files\Java\jdk-21\bin\sunmscapi.dll
0x00007ffcfa920000 - 0x00007ffcfaa86000 	C:\WINDOWS\System32\CRYPT32.dll
0x00007ffcfa0d0000 - 0x00007ffcfa0fe000 	C:\WINDOWS\SYSTEM32\ncrypt.dll
0x00007ffcfa090000 - 0x00007ffcfa0c7000 	C:\WINDOWS\SYSTEM32\NTASN1.dll
0x00007ffccc910000 - 0x00007ffccc9c0000 	C:\WINDOWS\SYSTEM32\TextShaping.dll

dbghelp: loaded successfully - version: 4.0.5 - missing functions: none
symbol engine: initialized successfully - sym options: 0x614 - pdb path: .;C:\Program Files\Java\jdk-21\bin;C:\WINDOWS\SYSTEM32;C:\WINDOWS\WinSxS\amd64_microsoft.windows.common-controls_6595b64144ccf1df_6.0.22621.2506_none_270c5ae97388e100;C:\Program Files\Java\jdk-21\bin\server;C:\Program Files\Bonjour

VM Arguments:
jvm_args: -Dfile.encoding=UTF-8 -Dstdout.encoding=UTF-8 -Dstderr.encoding=UTF-8 -XX:+ShowCodeDetailsInExceptionMessages 
java_command: BankManagementSystem.SignUp3
java_class_path (initial): C:\Users\amrit\git\JavaBankManagement\BankManagementSystem\bin;C:\Users\amrit\Downloads\jcalendar-tz-1.3.3-4.jar;C:\Users\amrit\Downloads\mysql-connector-java-8.0.28.jar
Launcher Type: SUN_STANDARD

[Global flags]
     intx CICompilerCount                          = 12                                        {product} {ergonomic}
     uint ConcGCThreads                            = 4                                         {product} {ergonomic}
     uint G1ConcRefinementThreads                  = 15                                        {product} {ergonomic}
   size_t G1HeapRegionSize                         = 2097152                                   {product} {ergonomic}
    uintx GCDrainStackTargetSize                   = 64                                        {product} {ergonomic}
   size_t InitialHeapSize                          = 264241152                                 {product} {ergonomic}
   size_t MarkStackSize                            = 4194304                                   {product} {ergonomic}
   size_t MaxHeapSize                              = 4213178368                                {product} {ergonomic}
   size_t MaxNewSize                               = 2527068160                                {product} {ergonomic}
   size_t MinHeapDeltaBytes                        = 2097152                                   {product} {ergonomic}
   size_t MinHeapSize                              = 8388608                                   {product} {ergonomic}
    uintx NonNMethodCodeHeapSize                   = 7602480                                {pd product} {ergonomic}
    uintx NonProfiledCodeHeapSize                  = 122027880                              {pd product} {ergonomic}
    uintx ProfiledCodeHeapSize                     = 122027880                              {pd product} {ergonomic}
    uintx ReservedCodeCacheSize                    = 251658240                              {pd product} {ergonomic}
     bool SegmentedCodeCache                       = true                                      {product} {ergonomic}
     bool ShowCodeDetailsInExceptionMessages       = true                                   {manageable} {command line}
   size_t SoftMaxHeapSize                          = 4213178368                             {manageable} {ergonomic}
     bool UseCompressedOops                        = true                           {product lp64_product} {ergonomic}
     bool UseG1GC                                  = true                                      {product} {ergonomic}
     bool UseLargePagesIndividualAllocation        = false                                  {pd product} {ergonomic}

Logging:
Log output configuration:
 #0: stdout all=warning uptime,level,tags foldmultilines=false
 #1: stderr all=off uptime,level,tags foldmultilines=false

Environment Variables:
JAVA_HOME=C:\Program Files\Java\jdk-21
PATH=C:\Program Files\Common Files\Oracle\Java\javapath;C:\windows\system32;C:\windows;C:\windows\System32\Wbem;C:\windows\System32\WindowsPowerShell\v1.0\;C:\windows\System32\OpenSSH\;C:\Program Files (x86)\NVIDIA Corporation\PhysX\Common;C:\Program Files\NVIDIA Corporation\NVIDIA NvDLISR;C:\WINDOWS\system32;C:\WINDOWS;C:\WINDOWS\System32\Wbem;C:\WINDOWS\System32\WindowsPowerShell\v1.0\;C:\WINDOWS\System32\OpenSSH\;C:\Program Files\MySQL\MySQL Shell 8.0\bin\;C:\Users\amrit\AppData\Local\Microsoft\WindowsApps;
USERNAME=amrit
OS=Windows_NT
PROCESSOR_IDENTIFIER=Intel64 Family 6 Model 151 Stepping 2, GenuineIntel
TMP=C:\Users\amrit\AppData\Local\Temp
TEMP=C:\Users\amrit\AppData\Local\Temp




Periodic native trim disabled

---------------  S Y S T E M  ---------------

OS:
 Windows 11 , 64 bit Build 22621 (10.0.22621.3085)
OS uptime: 16 days 15:37 hours
Hyper-V role detected

CPU: total 20 (initial active 20) (10 cores per cpu, 2 threads per core) family 6 model 151 stepping 2 microcode 0x2e, cx8, cmov, fxsr, ht, mmx, 3dnowpref, sse, sse2, sse3, ssse3, sse4.1, sse4.2, popcnt, lzcnt, tsc, tscinvbit, avx, avx2, aes, erms, clmul, bmi1, bmi2, adx, sha, fma, vzeroupper, clflush, clflushopt, clwb, hv, serialize, rdtscp, rdpid, fsrm, f16c, cet_ibt, cet_ss
Processor Information for processor 0
  Max Mhz: 2100, Current Mhz: 2100, Mhz Limit: 2100
Processor Information for processor 1
  Max Mhz: 2100, Current Mhz: 2100, Mhz Limit: 2100
Processor Information for processor 2
  Max Mhz: 2100, Current Mhz: 2100, Mhz Limit: 2100
Processor Information for processor 3
  Max Mhz: 2100, Current Mhz: 2100, Mhz Limit: 2100
Processor Information for processor 4
  Max Mhz: 2100, Current Mhz: 2100, Mhz Limit: 2100
Processor Information for processor 5
  Max Mhz: 2100, Current Mhz: 2100, Mhz Limit: 2100
Processor Information for processor 6
  Max Mhz: 2100, Current Mhz: 2100, Mhz Limit: 2100
Processor Information for processor 7
  Max Mhz: 2100, Current Mhz: 2100, Mhz Limit: 2100
Processor Information for processor 8
  Max Mhz: 2100, Current Mhz: 2100, Mhz Limit: 2100
Processor Information for processor 9
  Max Mhz: 2100, Current Mhz: 2100, Mhz Limit: 2100
Processor Information for processor 10
  Max Mhz: 2100, Current Mhz: 2100, Mhz Limit: 2100
Processor Information for processor 11
  Max Mhz: 2100, Current Mhz: 2100, Mhz Limit: 2100
Processor Information for processor 12
  Max Mhz: 2100, Current Mhz: 2100, Mhz Limit: 2100
Processor Information for processor 13
  Max Mhz: 2100, Current Mhz: 2100, Mhz Limit: 2100
Processor Information for processor 14
  Max Mhz: 2100, Current Mhz: 2100, Mhz Limit: 2100
Processor Information for processor 15
  Max Mhz: 2100, Current Mhz: 2100, Mhz Limit: 2100
Processor Information for processor 16
  Max Mhz: 2100, Current Mhz: 1600, Mhz Limit: 1596
Processor Information for processor 17
  Max Mhz: 2100, Current Mhz: 1600, Mhz Limit: 1596
Processor Information for processor 18
  Max Mhz: 2100, Current Mhz: 1600, Mhz Limit: 1596
Processor Information for processor 19
  Max Mhz: 2100, Current Mhz: 1600, Mhz Limit: 1596

Memory: 4k page, system-wide physical 16065M (3792M free)
TotalPageFile size 65217M (AvailPageFile size 0M)
current process WorkingSet (physical memory assigned to process): 38M, peak: 131M
current process commit charge ("private bytes"): 388M, peak: 406M

vm_info: Java HotSpot(TM) 64-Bit Server VM (21.0.2+13-LTS-58) for windows-amd64 JRE (21.0.2+13-LTS-58), built on 2024-01-05T18:32:24Z by "mach5one" with MS VC++ 17.1 (VS2022)

END.
