#
# A fatal error has been detected by the Java Runtime Environment:
#
#  EXCEPTION_ACCESS_VIOLATION (0xc0000005) at pc=0x00007ffcfaee5888, pid=35880, tid=34052
#
# JRE version: Java(TM) SE Runtime Environment (21.0.2+13) (build 21.0.2+13-LTS-58)
# Java VM: Java HotSpot(TM) 64-Bit Server VM (21.0.2+13-LTS-58, mixed mode, sharing, tiered, compressed oops, compressed class ptrs, g1 gc, windows-amd64)
# Problematic frame:
# C  [ucrtbase.dll+0x5888]
#
# No core dump will be written. Minidumps are not enabled by default on client versions of Windows
#
# If you would like to submit a bug report, please visit:
#   https://bugreport.java.com/bugreport/crash.jsp
#

---------------  S U M M A R Y ------------

Command Line: -Dfile.encoding=UTF-8 -Dstdout.encoding=UTF-8 -Dstderr.encoding=UTF-8 -XX:+ShowCodeDetailsInExceptionMessages BankManagementSystem.SignUp3

Host: 12th Gen Intel(R) Core(TM) i7-12700, 20 cores, 15G,  Windows 11 , 64 bit Build 22621 (10.0.22621.3085)
Time: Thu Mar 14 17:26:06 2024 Central Daylight Time elapsed time: 165680.242239 seconds (1d 22h 1m 20s)

---------------  T H R E A D  ---------------

Current thread (0x00000275d8d7c7f0):  JavaThread "C2 CompilerThread0" daemon [_thread_in_native, id=34052, stack(0x000000d9cab00000,0x000000d9cac00000) (1024K)]


Current CompileTask:
C2:165680242 1622  s    4       sun.awt.Win32GraphicsConfig::displayChanged (6 bytes)

Stack: [0x000000d9cab00000,0x000000d9cac00000],  sp=0x000000d9cabfc720,  free space=1009k
Native frames: (J=compiled Java code, j=interpreted, Vv=VM code, C=native code)
C  [ucrtbase.dll+0x5888]
C  [ucrtbase.dll+0x634c]
C  [ucrtbase.dll+0x504d]
C  [ucrtbase.dll+0x4ef4]
C  [ucrtbase.dll+0x3403]
C  [ucrtbase.dll+0x332b]
C  [ucrtbase.dll+0x32db]
C  [awt.dll+0x74ccd]


siginfo: EXCEPTION_ACCESS_VIOLATION (0xc0000005), writing address 0x0000000000000000


Registers:
RAX=0x00000275b780236a, RBX=0x00007ffcfafdf550, RCX=0x0000000000000000, RDX=0x00000275b7802420
RSP=0x000000d9cabfc720, RBP=0x0000000000000000, RSI=0x000000d9cabfcd60, RDI=0x0000000000000000
R8 =0x000000d9cabfcd60, R9 =0x0000000000002282, R10=0x0000000000000002, R11=0x00007ffcfafe0990
R12=0x0000000000000000, R13=0x00000275d8d3d940, R14=0x000000d9cabfcc80, R15=0x00007ffcfafbc530
RIP=0x00007ffcfaee5888, EFLAGS=0x0000000000010246


Register to memory mapping:

RAX=0x00000275b780236a points into unknown readable memory: 00 00 00 00 00 00
RBX=0x00007ffcfafdf550 ucrtbase.dll
RCX=0x0 is null
RDX=0x00000275b7802420 points into unknown readable memory: 0xffffffffffffffff | ff ff ff ff ff ff ff ff
RSP=0x000000d9cabfc720 is pointing into the stack for thread: 0x00000275d8d7c7f0
RBP=0x0 is null
RSI=0x000000d9cabfcd60 is pointing into the stack for thread: 0x00000275d8d7c7f0
RDI=0x0 is null
R8 =0x000000d9cabfcd60 is pointing into the stack for thread: 0x00000275d8d7c7f0
R9 =0x0000000000002282 is an unknown value
R10=0x0000000000000002 is an unknown value
R11=0x00007ffcfafe0990 ucrtbase.dll
R12=0x0 is null
R13=0x00000275d8d3d940 points into unknown readable memory: 0x0000000000000000 | 00 00 00 00 00 00 00 00
R14=0x000000d9cabfcc80 is pointing into the stack for thread: 0x00000275d8d7c7f0
R15=0x00007ffcfafbc530 ucrtbase.dll

Top of Stack: (sp=0x000000d9cabfc720)
0x000000d9cabfc720:   00000275c9b38790 00000275c9b38f4f
0x000000d9cabfc730:   00007ffc34d60299 000000d9cabfc730
0x000000d9cabfc740:   000000d9cabfcd60 00007ffcfaee634c
0x000000d9cabfc750:   00000275c9b3876a 00007ffcfafdf550
0x000000d9cabfc760:   0000000000000000 000000000000006a
0x000000d9cabfc770:   000000d9cabfcd60 00007ffcfaee504d
0x000000d9cabfc780:   000000d9cabfc820 00000000ffffffff
0x000000d9cabfc790:   00000275c9b38f4f 0000000000000299
0x000000d9cabfc7a0:   000000d9cabfc798 00007ffcfaee4ef4
0x000000d9cabfc7b0:   00000275c9b38960 00000275c9b38960
0x000000d9cabfc7c0:   00000275c9b38f40 00000275c9b38960
0x000000d9cabfc7d0:   00000275c9b38f40 00000275c9b38f58
0x000000d9cabfc7e0:   000000d9cabfcd60 00007ffcfafdf550
0x000000d9cabfc7f0:   0000000000000000 00007ffcfaee3403
0x000000d9cabfc800:   000000d9cabfcdd0 000000d9cabfc900
0x000000d9cabfc810:   000000d9cabfce00 000000d900000002
0x000000d9cabfc820:   0000000000000024 000000d9cabfcd60
0x000000d9cabfc830:   00007ffca56f16e1 000000d9cabfce10
0x000000d9cabfc840:   0000000000000000 0000000000000000
0x000000d9cabfc850:   000000d900000000 00007ffcfaef6a00
0x000000d9cabfc860:   0000000000000a98 00007f0000000000
0x000000d9cabfc870:   000000d9cabfd3c8 000000d9cabfc9c8
0x000000d9cabfc880:   000000d9cabfc890 000000d9cabfc9c8
0x000000d9cabfc890:   0000000000000000 00007ffc345e2101
0x000000d9cabfc8a0:   0000000000000000 00007ffcfafdf0c0
0x000000d9cabfc8b0:   00000275b78037d0 0000000000000001
0x000000d9cabfc8c0:   0000000000000000 00007ffc3460d200
0x000000d9cabfc8d0:   00000275d8d3c7f0 00007ffc34a79d69
0x000000d9cabfc8e0:   000000d9cabfc9c8 00007ffc34d6a490
0x000000d9cabfc8f0:   0000027600000652 00007ffcfd423487
0x000000d9cabfc900:   0000000000000000 000000d9cabfc9c8
0x000000d9cabfc910:   00000275b9af4f10 00007ffc34837c8e 

Instructions: (pc=0x00007ffcfaee5888)
0x00007ffcfaee5788:   89 03 89 7b 10 8b 43 14 90 a8 04 75 11 8b 43 14
0x00007ffcfaee5798:   90 83 e0 41 3c 41 0f 84 02 76 05 00 eb 05 f0 83
0x00007ffcfaee57a8:   63 14 fc 8b 4b 18 4c 8b ce 44 8b c5 49 8b d6 90
0x00007ffcfaee57b8:   e8 37 1c 02 00 48 83 f8 ff 40 0f 95 c7 8d 47 ff
0x00007ffcfaee57c8:   48 8b 5c 24 30 48 8b 6c 24 38 48 8b 74 24 40 48
0x00007ffcfaee57d8:   8b 7c 24 48 48 83 c4 20 41 5e c3 41 c6 41 30 01
0x00007ffcfaee57e8:   83 c8 ff 41 c7 41 2c 16 00 00 00 eb d3 cc cc cc
0x00007ffcfaee57f8:   cc cc cc cc 48 8b c4 48 89 58 10 48 89 68 18 48
0x00007ffcfaee5808:   89 70 20 88 48 08 57 48 83 ec 20 48 8b ca 49 8b
0x00007ffcfaee5818:   f0 48 8b da e8 af 25 00 00 8b 4b 14 90 4c 63 d0
0x00007ffcfaee5828:   f6 c1 c0 74 75 8b 3b 33 ed 48 8b 53 08 2b 7b 08
0x00007ffcfaee5838:   48 8d 42 01 48 89 03 8b 43 20 ff c8 89 43 10 85
0x00007ffcfaee5848:   ff 7f 72 41 8d 42 02 83 f8 01 76 7b 49 8b ca 48
0x00007ffcfaee5858:   8d 15 32 b1 0f 00 49 8b c2 48 c1 f8 06 83 e1 3f
0x00007ffcfaee5868:   48 8b 04 c2 48 8d 0c c9 48 8d 14 c8 f6 42 38 20
0x00007ffcfaee5878:   0f 85 46 18 05 00 48 8b 4b 08 3b ef 8a 44 24 30
0x00007ffcfaee5888:   88 01 0f 94 c0 48 8b 5c 24 38 48 8b 6c 24 40 48
0x00007ffcfaee5898:   8b 74 24 48 48 83 c4 20 5f c3 4c 8b ce 48 8d 54
0x00007ffcfaee58a8:   24 30 41 b8 01 00 00 00 41 8b ca e8 f0 05 00 00
0x00007ffcfaee58b8:   83 f8 01 eb cd 4c 8b ce 44 8b c7 41 8b ca e8 dd
0x00007ffcfaee58c8:   05 00 00 8b e8 eb af 48 8d 15 5a a3 0f 00 eb 9c
0x00007ffcfaee58d8:   cc cc cc cc cc cc cc cc 48 89 5c 24 08 48 89 74
0x00007ffcfaee58e8:   24 10 57 48 83 ec 20 48 8d 59 08 48 8b f9 48 8b
0x00007ffcfaee58f8:   cb e8 52 02 00 00 8b d0 83 f8 ff 74 3c 0f b6 47
0x00007ffcfaee5908:   38 3b d0 75 2c 0f b6 f2 e8 cb 27 00 00 45 33 c0
0x00007ffcfaee5918:   66 44 39 04 70 0f 8c 9d 74 05 00 41 b0 01 41 8a
0x00007ffcfaee5928:   c0 48 8b 5c 24 30 48 8b 74 24 38 48 83 c4 20 5f
0x00007ffcfaee5938:   c3 48 8b cb e8 4f ea ff ff 32 c0 eb e4 cc cc cc
0x00007ffcfaee5948:   cc cc cc cc 48 89 5c 24 08 48 89 6c 24 10 48 89
0x00007ffcfaee5958:   74 24 18 57 41 54 41 55 41 56 41 57 48 83 ec 40
0x00007ffcfaee5968:   4c 8b f9 45 0f b6 e9 48 8b ca 41 8b e8 48 8b f2
0x00007ffcfaee5978:   e8 e7 e5 ff ff 33 ff 84 c0 0f 84 31 75 05 00 8d 


Stack slot to memory mapping:

stack at sp + 0 slots: 0x00000275c9b38790 is at entry_point+-464 in (nmethod*)0x00000275c9b38790
Compiled method (c2) 165680299 1618   !   4       sun.awt.AWTAutoShutdown::setToolkitBusy (124 bytes)
 total in heap  [0x00000275c9b38790,0x00000275c9b39228] = 2712
 relocation     [0x00000275c9b388f0,0x00000275c9b38948] = 88
 main code      [0x00000275c9b38960,0x00000275c9b38f40] = 1504
 stub code      [0x00000275c9b38f40,0x00000275c9b38f58] = 24
 metadata       [0x00000275c9b38f58,0x00000275c9b38f70] = 24
 scopes data    [0x00000275c9b38f70,0x00000275c9b39118] = 424
 scopes pcs     [0x00000275c9b39118,0x00000275c9b39208] = 240
 dependencies   [0x00000275c9b39208,0x00000275c9b39210] = 8
 nul chk table  [0x00000275c9b39210,0x00000275c9b39228] = 24
stack at sp + 1 slots: 0x00000275c9b38f4f is at entry_point+1519 in (nmethod*)0x00000275c9b38790
Compiled method (c2) 165680299 1618   !   4       sun.awt.AWTAutoShutdown::setToolkitBusy (124 bytes)
 total in heap  [0x00000275c9b38790,0x00000275c9b39228] = 2712
 relocation     [0x00000275c9b388f0,0x00000275c9b38948] = 88
 main code      [0x00000275c9b38960,0x00000275c9b38f40] = 1504
 stub code      [0x00000275c9b38f40,0x00000275c9b38f58] = 24
 metadata       [0x00000275c9b38f58,0x00000275c9b38f70] = 24
 scopes data    [0x00000275c9b38f70,0x00000275c9b39118] = 424
 scopes pcs     [0x00000275c9b39118,0x00000275c9b39208] = 240
 dependencies   [0x00000275c9b39208,0x00000275c9b39210] = 8
 nul chk table  [0x00000275c9b39210,0x00000275c9b39228] = 24
stack at sp + 2 slots: 0x00007ffc34d60299 jvm.dll
stack at sp + 3 slots: 0x000000d9cabfc730 is pointing into the stack for thread: 0x00000275d8d7c7f0
stack at sp + 4 slots: 0x000000d9cabfcd60 is pointing into the stack for thread: 0x00000275d8d7c7f0
stack at sp + 5 slots: 0x00007ffcfaee634c ucrtbase.dll
stack at sp + 6 slots: 0x00000275c9b3876a points into unknown readable memory: 00 00 00 00 00 00
stack at sp + 7 slots: 0x00007ffcfafdf550 ucrtbase.dll


---------------  P R O C E S S  ---------------

Threads class SMR info:
_java_thread_list=0x00000276225c2a60, length=15, elements={
0x00000275d8d65cf0, 0x00000275d8d66c10, 0x00000275d8d694b0, 0x00000275d8d6a240,
0x00000275d8d75150, 0x00000275d8d75ce0, 0x00000275d8d7c7f0, 0x00000275d8d7fff0,
0x000002761f18dbd0, 0x000002761f193c60, 0x000002761f363f30, 0x000002761f36ace0,
0x000002761f36f650, 0x000002761f3e29a0, 0x00000275b9ab9660
}

Java Threads: ( => current thread )
  0x00000275d8d65cf0 JavaThread "Reference Handler"          daemon [_thread_blocked, id=21244, stack(0x000000d9ca500000,0x000000d9ca600000) (1024K)]
  0x00000275d8d66c10 JavaThread "Finalizer"                  daemon [_thread_blocked, id=15220, stack(0x000000d9ca600000,0x000000d9ca700000) (1024K)]
  0x00000275d8d694b0 JavaThread "Signal Dispatcher"          daemon [_thread_blocked, id=20724, stack(0x000000d9ca700000,0x000000d9ca800000) (1024K)]
  0x00000275d8d6a240 JavaThread "Attach Listener"            daemon [_thread_blocked, id=34892, stack(0x000000d9ca800000,0x000000d9ca900000) (1024K)]
  0x00000275d8d75150 JavaThread "Service Thread"             daemon [_thread_blocked, id=36148, stack(0x000000d9ca900000,0x000000d9caa00000) (1024K)]
  0x00000275d8d75ce0 JavaThread "Monitor Deflation Thread"   daemon [_thread_blocked, id=420, stack(0x000000d9caa00000,0x000000d9cab00000) (1024K)]
=>0x00000275d8d7c7f0 JavaThread "C2 CompilerThread0"         daemon [_thread_in_native, id=34052, stack(0x000000d9cab00000,0x000000d9cac00000) (1024K)]
  0x00000275d8d7fff0 JavaThread "C1 CompilerThread0"         daemon [_thread_in_native, id=14548, stack(0x000000d9cac00000,0x000000d9cad00000) (1024K)]
  0x000002761f18dbd0 JavaThread "Notification Thread"        daemon [_thread_blocked, id=22376, stack(0x000000d9caf00000,0x000000d9cb000000) (1024K)]
  0x000002761f193c60 JavaThread "Common-Cleaner"             daemon [_thread_blocked, id=26236, stack(0x000000d9cb000000,0x000000d9cb100000) (1024K)]
  0x000002761f363f30 JavaThread "Java2D Disposer"            daemon [_thread_blocked, id=31444, stack(0x000000d9cb100000,0x000000d9cb200000) (1024K)]
  0x000002761f36ace0 JavaThread "AWT-Shutdown"                      [_thread_blocked, id=36036, stack(0x000000d9cb200000,0x000000d9cb300000) (1024K)]
  0x000002761f36f650 JavaThread "AWT-Windows"                daemon [_thread_in_native, id=13952, stack(0x000000d9cb300000,0x000000d9cb400000) (1024K)]
  0x000002761f3e29a0 JavaThread "AWT-EventQueue-0"                  [_thread_in_vm, id=11520, stack(0x000000d9cb400000,0x000000d9cb500000) (1024K)]
  0x00000275b9ab9660 JavaThread "DestroyJavaVM"                     [_thread_blocked, id=31692, stack(0x000000d9c9d00000,0x000000d9c9e00000) (1024K)]
Total: 15

Other Threads:
  0x00000275d8d45140 VMThread "VM Thread"                           [id=10108, stack(0x000000d9ca400000,0x000000d9ca500000) (1024K)]
  0x00000275d8d2d7e0 WatcherThread "VM Periodic Task Thread"        [id=35360, stack(0x000000d9ca300000,0x000000d9ca400000) (1024K)]
  0x00000275b9b1c190 WorkerThread "GC Thread#0"                     [id=29040, stack(0x000000d9c9e00000,0x000000d9c9f00000) (1024K)]
  0x00000275b9b2dde0 ConcurrentGCThread "G1 Main Marker"            [id=30972, stack(0x000000d9c9f00000,0x000000d9ca000000) (1024K)]
  0x00000275b9b2e8e0 WorkerThread "G1 Conc#0"                       [id=29076, stack(0x000000d9ca000000,0x000000d9ca100000) (1024K)]
  0x00000275d8c04ff0 ConcurrentGCThread "G1 Refine#0"               [id=29828, stack(0x000000d9ca100000,0x000000d9ca200000) (1024K)]
  0x00000275d8c06b70 ConcurrentGCThread "G1 Service"                [id=16508, stack(0x000000d9ca200000,0x000000d9ca300000) (1024K)]
Total: 7

Threads with active compile tasks:
C2 CompilerThread0  165680310 1622  s    4       sun.awt.Win32GraphicsConfig::displayChanged (6 bytes)
C1 CompilerThread0  165680310 1621   !   3       sun.awt.SunDisplayChanger::notifyListeners (133 bytes)
Total: 2

VM state: not at safepoint (normal execution)

VM Mutex/Monitor currently owned by a thread: None

Heap address: 0x0000000704e00000, size: 4018 MB, Compressed Oops mode: Zero based, Oop shift amount: 3

CDS archive(s) mapped at: [0x00000275da000000-0x00000275dac90000-0x00000275dac90000), size 13172736, SharedBaseAddress: 0x00000275da000000, ArchiveRelocationMode: 1.
Compressed class space mapped at: 0x00000275db000000-0x000002761b000000, reserved size: 1073741824
Narrow klass base: 0x00000275da000000, Narrow klass shift: 0, Narrow klass range: 0x100000000

GC Precious Log:
 CardTable entry size: 512
 Card Set container configuration: InlinePtr #cards 4 size 8 Array Of Cards #cards 16 size 48 Howl #buckets 8 coarsen threshold 3686 Howl Bitmap #cards 512 size 80 coarsen threshold 460 Card regions per heap region 1 cards per card region 4096
 CPUs: 20 total, 20 available
 Memory: 16065M
 Large Page Support: Disabled
 NUMA Support: Disabled
 Compressed Oops: Enabled (Zero based)
 Heap Region Size: 2M
 Heap Min Capacity: 8M
 Heap Initial Capacity: 252M
 Heap Max Capacity: 4018M
 Pre-touch: Disabled
 Parallel Workers: 15
 Concurrent Workers: 4
 Concurrent Refinement Workers: 15
 Periodic GC: Disabled

Heap:
 garbage-first heap   total 258048K, used 57344K [0x0000000704e00000, 0x0000000800000000)
  region size 2048K, 11 young (22528K), 0 survivors (0K)
 Metaspace       used 7846K, committed 8000K, reserved 1114112K
  class space    used 789K, committed 896K, reserved 1048576K

Heap Regions: E=young(eden), S=young(survivor), O=old, HS=humongous(starts), HC=humongous(continues), CS=collection set, F=free, TAMS=top-at-mark-start, PB=parsable bottom
|   0|0x0000000704e00000, 0x0000000705000000, 0x0000000705000000|100%|HS|  |TAMS 0x0000000704e00000| PB 0x0000000704e00000| Complete 
|   1|0x0000000705000000, 0x0000000705200000, 0x0000000705200000|100%|HC|  |TAMS 0x0000000705000000| PB 0x0000000705000000| Complete 
|   2|0x0000000705200000, 0x0000000705400000, 0x0000000705400000|100%|HC|  |TAMS 0x0000000705200000| PB 0x0000000705200000| Complete 
|   3|0x0000000705400000, 0x0000000705600000, 0x0000000705600000|100%|HS|  |TAMS 0x0000000705400000| PB 0x0000000705400000| Complete 
|   4|0x0000000705600000, 0x0000000705800000, 0x0000000705800000|100%|HC|  |TAMS 0x0000000705600000| PB 0x0000000705600000| Complete 
|   5|0x0000000705800000, 0x0000000705a00000, 0x0000000705a00000|100%|HS|  |TAMS 0x0000000705800000| PB 0x0000000705800000| Complete 
|   6|0x0000000705a00000, 0x0000000705c00000, 0x0000000705c00000|100%|HC|  |TAMS 0x0000000705a00000| PB 0x0000000705a00000| Complete 
|   7|0x0000000705c00000, 0x0000000705e00000, 0x0000000705e00000|100%|HC|  |TAMS 0x0000000705c00000| PB 0x0000000705c00000| Complete 
|   8|0x0000000705e00000, 0x0000000706000000, 0x0000000706000000|100%|HS|  |TAMS 0x0000000705e00000| PB 0x0000000705e00000| Complete 
|   9|0x0000000706000000, 0x0000000706200000, 0x0000000706200000|100%|HC|  |TAMS 0x0000000706000000| PB 0x0000000706000000| Complete 
|  10|0x0000000706200000, 0x0000000706400000, 0x0000000706400000|100%|HS|  |TAMS 0x0000000706200000| PB 0x0000000706200000| Complete 
|  11|0x0000000706400000, 0x0000000706600000, 0x0000000706600000|100%|HC|  |TAMS 0x0000000706400000| PB 0x0000000706400000| Complete 
|  12|0x0000000706600000, 0x0000000706800000, 0x0000000706800000|100%|HC|  |TAMS 0x0000000706600000| PB 0x0000000706600000| Complete 
|  13|0x0000000706800000, 0x0000000706a00000, 0x0000000706a00000|100%|HS|  |TAMS 0x0000000706800000| PB 0x0000000706800000| Complete 
|  14|0x0000000706a00000, 0x0000000706c00000, 0x0000000706c00000|100%|HC|  |TAMS 0x0000000706a00000| PB 0x0000000706a00000| Complete 
|  15|0x0000000706c00000, 0x0000000706e00000, 0x0000000706e00000|100%|HS|  |TAMS 0x0000000706c00000| PB 0x0000000706c00000| Complete 
|  16|0x0000000706e00000, 0x0000000707000000, 0x0000000707000000|100%|HC|  |TAMS 0x0000000706e00000| PB 0x0000000706e00000| Complete 
|  17|0x0000000707000000, 0x0000000707200000, 0x0000000707200000|100%|HC|  |TAMS 0x0000000707000000| PB 0x0000000707000000| Complete 
|  18|0x0000000707200000, 0x0000000707200000, 0x0000000707400000|  0%| F|  |TAMS 0x0000000707200000| PB 0x0000000707200000| Untracked 
|  19|0x0000000707400000, 0x0000000707400000, 0x0000000707600000|  0%| F|  |TAMS 0x0000000707400000| PB 0x0000000707400000| Untracked 
|  20|0x0000000707600000, 0x0000000707600000, 0x0000000707800000|  0%| F|  |TAMS 0x0000000707600000| PB 0x0000000707600000| Untracked 
|  21|0x0000000707800000, 0x0000000707800000, 0x0000000707a00000|  0%| F|  |TAMS 0x0000000707800000| PB 0x0000000707800000| Untracked 
|  22|0x0000000707a00000, 0x0000000707a00000, 0x0000000707c00000|  0%| F|  |TAMS 0x0000000707a00000| PB 0x0000000707a00000| Untracked 
|  23|0x0000000707c00000, 0x0000000707c00000, 0x0000000707e00000|  0%| F|  |TAMS 0x0000000707c00000| PB 0x0000000707c00000| Untracked 
|  24|0x0000000707e00000, 0x0000000707e00000, 0x0000000708000000|  0%| F|  |TAMS 0x0000000707e00000| PB 0x0000000707e00000| Untracked 
|  25|0x0000000708000000, 0x0000000708000000, 0x0000000708200000|  0%| F|  |TAMS 0x0000000708000000| PB 0x0000000708000000| Untracked 
|  26|0x0000000708200000, 0x0000000708200000, 0x0000000708400000|  0%| F|  |TAMS 0x0000000708200000| PB 0x0000000708200000| Untracked 
|  27|0x0000000708400000, 0x0000000708400000, 0x0000000708600000|  0%| F|  |TAMS 0x0000000708400000| PB 0x0000000708400000| Untracked 
|  28|0x0000000708600000, 0x0000000708600000, 0x0000000708800000|  0%| F|  |TAMS 0x0000000708600000| PB 0x0000000708600000| Untracked 
|  29|0x0000000708800000, 0x0000000708800000, 0x0000000708a00000|  0%| F|  |TAMS 0x0000000708800000| PB 0x0000000708800000| Untracked 
|  30|0x0000000708a00000, 0x0000000708a00000, 0x0000000708c00000|  0%| F|  |TAMS 0x0000000708a00000| PB 0x0000000708a00000| Untracked 
|  31|0x0000000708c00000, 0x0000000708c00000, 0x0000000708e00000|  0%| F|  |TAMS 0x0000000708c00000| PB 0x0000000708c00000| Untracked 
|  32|0x0000000708e00000, 0x0000000708e00000, 0x0000000709000000|  0%| F|  |TAMS 0x0000000708e00000| PB 0x0000000708e00000| Untracked 
|  33|0x0000000709000000, 0x0000000709000000, 0x0000000709200000|  0%| F|  |TAMS 0x0000000709000000| PB 0x0000000709000000| Untracked 
|  34|0x0000000709200000, 0x0000000709200000, 0x0000000709400000|  0%| F|  |TAMS 0x0000000709200000| PB 0x0000000709200000| Untracked 
|  35|0x0000000709400000, 0x0000000709400000, 0x0000000709600000|  0%| F|  |TAMS 0x0000000709400000| PB 0x0000000709400000| Untracked 
|  36|0x0000000709600000, 0x0000000709600000, 0x0000000709800000|  0%| F|  |TAMS 0x0000000709600000| PB 0x0000000709600000| Untracked 
|  37|0x0000000709800000, 0x0000000709800000, 0x0000000709a00000|  0%| F|  |TAMS 0x0000000709800000| PB 0x0000000709800000| Untracked 
|  38|0x0000000709a00000, 0x0000000709a00000, 0x0000000709c00000|  0%| F|  |TAMS 0x0000000709a00000| PB 0x0000000709a00000| Untracked 
|  39|0x0000000709c00000, 0x0000000709c00000, 0x0000000709e00000|  0%| F|  |TAMS 0x0000000709c00000| PB 0x0000000709c00000| Untracked 
|  40|0x0000000709e00000, 0x0000000709e00000, 0x000000070a000000|  0%| F|  |TAMS 0x0000000709e00000| PB 0x0000000709e00000| Untracked 
|  41|0x000000070a000000, 0x000000070a000000, 0x000000070a200000|  0%| F|  |TAMS 0x000000070a000000| PB 0x000000070a000000| Untracked 
|  42|0x000000070a200000, 0x000000070a200000, 0x000000070a400000|  0%| F|  |TAMS 0x000000070a200000| PB 0x000000070a200000| Untracked 
|  43|0x000000070a400000, 0x000000070a400000, 0x000000070a600000|  0%| F|  |TAMS 0x000000070a400000| PB 0x000000070a400000| Untracked 
|  44|0x000000070a600000, 0x000000070a600000, 0x000000070a800000|  0%| F|  |TAMS 0x000000070a600000| PB 0x000000070a600000| Untracked 
|  45|0x000000070a800000, 0x000000070a800000, 0x000000070aa00000|  0%| F|  |TAMS 0x000000070a800000| PB 0x000000070a800000| Untracked 
|  46|0x000000070aa00000, 0x000000070aa00000, 0x000000070ac00000|  0%| F|  |TAMS 0x000000070aa00000| PB 0x000000070aa00000| Untracked 
|  47|0x000000070ac00000, 0x000000070ac00000, 0x000000070ae00000|  0%| F|  |TAMS 0x000000070ac00000| PB 0x000000070ac00000| Untracked 
|  48|0x000000070ae00000, 0x000000070ae00000, 0x000000070b000000|  0%| F|  |TAMS 0x000000070ae00000| PB 0x000000070ae00000| Untracked 
|  49|0x000000070b000000, 0x000000070b000000, 0x000000070b200000|  0%| F|  |TAMS 0x000000070b000000| PB 0x000000070b000000| Untracked 
|  50|0x000000070b200000, 0x000000070b200000, 0x000000070b400000|  0%| F|  |TAMS 0x000000070b200000| PB 0x000000070b200000| Untracked 
|  51|0x000000070b400000, 0x000000070b400000, 0x000000070b600000|  0%| F|  |TAMS 0x000000070b400000| PB 0x000000070b400000| Untracked 
|  52|0x000000070b600000, 0x000000070b600000, 0x000000070b800000|  0%| F|  |TAMS 0x000000070b600000| PB 0x000000070b600000| Untracked 
|  53|0x000000070b800000, 0x000000070b800000, 0x000000070ba00000|  0%| F|  |TAMS 0x000000070b800000| PB 0x000000070b800000| Untracked 
|  54|0x000000070ba00000, 0x000000070ba00000, 0x000000070bc00000|  0%| F|  |TAMS 0x000000070ba00000| PB 0x000000070ba00000| Untracked 
|  55|0x000000070bc00000, 0x000000070bc00000, 0x000000070be00000|  0%| F|  |TAMS 0x000000070bc00000| PB 0x000000070bc00000| Untracked 
|  56|0x000000070be00000, 0x000000070be00000, 0x000000070c000000|  0%| F|  |TAMS 0x000000070be00000| PB 0x000000070be00000| Untracked 
|  57|0x000000070c000000, 0x000000070c000000, 0x000000070c200000|  0%| F|  |TAMS 0x000000070c000000| PB 0x000000070c000000| Untracked 
|  58|0x000000070c200000, 0x000000070c200000, 0x000000070c400000|  0%| F|  |TAMS 0x000000070c200000| PB 0x000000070c200000| Untracked 
|  59|0x000000070c400000, 0x000000070c400000, 0x000000070c600000|  0%| F|  |TAMS 0x000000070c400000| PB 0x000000070c400000| Untracked 
|  60|0x000000070c600000, 0x000000070c600000, 0x000000070c800000|  0%| F|  |TAMS 0x000000070c600000| PB 0x000000070c600000| Untracked 
|  61|0x000000070c800000, 0x000000070c800000, 0x000000070ca00000|  0%| F|  |TAMS 0x000000070c800000| PB 0x000000070c800000| Untracked 
|  62|0x000000070ca00000, 0x000000070ca00000, 0x000000070cc00000|  0%| F|  |TAMS 0x000000070ca00000| PB 0x000000070ca00000| Untracked 
|  63|0x000000070cc00000, 0x000000070cc00000, 0x000000070ce00000|  0%| F|  |TAMS 0x000000070cc00000| PB 0x000000070cc00000| Untracked 
|  64|0x000000070ce00000, 0x000000070ce00000, 0x000000070d000000|  0%| F|  |TAMS 0x000000070ce00000| PB 0x000000070ce00000| Untracked 
|  65|0x000000070d000000, 0x000000070d000000, 0x000000070d200000|  0%| F|  |TAMS 0x000000070d000000| PB 0x000000070d000000| Untracked 
|  66|0x000000070d200000, 0x000000070d200000, 0x000000070d400000|  0%| F|  |TAMS 0x000000070d200000| PB 0x000000070d200000| Untracked 
|  67|0x000000070d400000, 0x000000070d400000, 0x000000070d600000|  0%| F|  |TAMS 0x000000070d400000| PB 0x000000070d400000| Untracked 
|  68|0x000000070d600000, 0x000000070d600000, 0x000000070d800000|  0%| F|  |TAMS 0x000000070d600000| PB 0x000000070d600000| Untracked 
|  69|0x000000070d800000, 0x000000070d800000, 0x000000070da00000|  0%| F|  |TAMS 0x000000070d800000| PB 0x000000070d800000| Untracked 
|  70|0x000000070da00000, 0x000000070da00000, 0x000000070dc00000|  0%| F|  |TAMS 0x000000070da00000| PB 0x000000070da00000| Untracked 
|  71|0x000000070dc00000, 0x000000070dc00000, 0x000000070de00000|  0%| F|  |TAMS 0x000000070dc00000| PB 0x000000070dc00000| Untracked 
|  72|0x000000070de00000, 0x000000070de00000, 0x000000070e000000|  0%| F|  |TAMS 0x000000070de00000| PB 0x000000070de00000| Untracked 
|  73|0x000000070e000000, 0x000000070e000000, 0x000000070e200000|  0%| F|  |TAMS 0x000000070e000000| PB 0x000000070e000000| Untracked 
|  74|0x000000070e200000, 0x000000070e200000, 0x000000070e400000|  0%| F|  |TAMS 0x000000070e200000| PB 0x000000070e200000| Untracked 
|  75|0x000000070e400000, 0x000000070e400000, 0x000000070e600000|  0%| F|  |TAMS 0x000000070e400000| PB 0x000000070e400000| Untracked 
|  76|0x000000070e600000, 0x000000070e600000, 0x000000070e800000|  0%| F|  |TAMS 0x000000070e600000| PB 0x000000070e600000| Untracked 
|  77|0x000000070e800000, 0x000000070e800000, 0x000000070ea00000|  0%| F|  |TAMS 0x000000070e800000| PB 0x000000070e800000| Untracked 
|  78|0x000000070ea00000, 0x000000070ea00000, 0x000000070ec00000|  0%| F|  |TAMS 0x000000070ea00000| PB 0x000000070ea00000| Untracked 
|  79|0x000000070ec00000, 0x000000070ec00000, 0x000000070ee00000|  0%| F|  |TAMS 0x000000070ec00000| PB 0x000000070ec00000| Untracked 
|  80|0x000000070ee00000, 0x000000070ee00000, 0x000000070f000000|  0%| F|  |TAMS 0x000000070ee00000| PB 0x000000070ee00000| Untracked 
|  81|0x000000070f000000, 0x000000070f000000, 0x000000070f200000|  0%| F|  |TAMS 0x000000070f000000| PB 0x000000070f000000| Untracked 
|  82|0x000000070f200000, 0x000000070f200000, 0x000000070f400000|  0%| F|  |TAMS 0x000000070f200000| PB 0x000000070f200000| Untracked 
|  83|0x000000070f400000, 0x000000070f400000, 0x000000070f600000|  0%| F|  |TAMS 0x000000070f400000| PB 0x000000070f400000| Untracked 
|  84|0x000000070f600000, 0x000000070f600000, 0x000000070f800000|  0%| F|  |TAMS 0x000000070f600000| PB 0x000000070f600000| Untracked 
|  85|0x000000070f800000, 0x000000070f800000, 0x000000070fa00000|  0%| F|  |TAMS 0x000000070f800000| PB 0x000000070f800000| Untracked 
|  86|0x000000070fa00000, 0x000000070fa00000, 0x000000070fc00000|  0%| F|  |TAMS 0x000000070fa00000| PB 0x000000070fa00000| Untracked 
|  87|0x000000070fc00000, 0x000000070fc00000, 0x000000070fe00000|  0%| F|  |TAMS 0x000000070fc00000| PB 0x000000070fc00000| Untracked 
|  88|0x000000070fe00000, 0x000000070fe00000, 0x0000000710000000|  0%| F|  |TAMS 0x000000070fe00000| PB 0x000000070fe00000| Untracked 
|  89|0x0000000710000000, 0x0000000710000000, 0x0000000710200000|  0%| F|  |TAMS 0x0000000710000000| PB 0x0000000710000000| Untracked 
|  90|0x0000000710200000, 0x0000000710200000, 0x0000000710400000|  0%| F|  |TAMS 0x0000000710200000| PB 0x0000000710200000| Untracked 
|  91|0x0000000710400000, 0x0000000710400000, 0x0000000710600000|  0%| F|  |TAMS 0x0000000710400000| PB 0x0000000710400000| Untracked 
|  92|0x0000000710600000, 0x0000000710600000, 0x0000000710800000|  0%| F|  |TAMS 0x0000000710600000| PB 0x0000000710600000| Untracked 
|  93|0x0000000710800000, 0x0000000710800000, 0x0000000710a00000|  0%| F|  |TAMS 0x0000000710800000| PB 0x0000000710800000| Untracked 
|  94|0x0000000710a00000, 0x0000000710a00000, 0x0000000710c00000|  0%| F|  |TAMS 0x0000000710a00000| PB 0x0000000710a00000| Untracked 
|  95|0x0000000710c00000, 0x0000000710c00000, 0x0000000710e00000|  0%| F|  |TAMS 0x0000000710c00000| PB 0x0000000710c00000| Untracked 
|  96|0x0000000710e00000, 0x0000000710e00000, 0x0000000711000000|  0%| F|  |TAMS 0x0000000710e00000| PB 0x0000000710e00000| Untracked 
|  97|0x0000000711000000, 0x0000000711000000, 0x0000000711200000|  0%| F|  |TAMS 0x0000000711000000| PB 0x0000000711000000| Untracked 
|  98|0x0000000711200000, 0x0000000711200000, 0x0000000711400000|  0%| F|  |TAMS 0x0000000711200000| PB 0x0000000711200000| Untracked 
|  99|0x0000000711400000, 0x0000000711400000, 0x0000000711600000|  0%| F|  |TAMS 0x0000000711400000| PB 0x0000000711400000| Untracked 
| 100|0x0000000711600000, 0x0000000711600000, 0x0000000711800000|  0%| F|  |TAMS 0x0000000711600000| PB 0x0000000711600000| Untracked 
| 101|0x0000000711800000, 0x0000000711800000, 0x0000000711a00000|  0%| F|  |TAMS 0x0000000711800000| PB 0x0000000711800000| Untracked 
| 102|0x0000000711a00000, 0x0000000711a00000, 0x0000000711c00000|  0%| F|  |TAMS 0x0000000711a00000| PB 0x0000000711a00000| Untracked 
| 103|0x0000000711c00000, 0x0000000711c00000, 0x0000000711e00000|  0%| F|  |TAMS 0x0000000711c00000| PB 0x0000000711c00000| Untracked 
| 104|0x0000000711e00000, 0x0000000711e00000, 0x0000000712000000|  0%| F|  |TAMS 0x0000000711e00000| PB 0x0000000711e00000| Untracked 
| 105|0x0000000712000000, 0x0000000712000000, 0x0000000712200000|  0%| F|  |TAMS 0x0000000712000000| PB 0x0000000712000000| Untracked 
| 106|0x0000000712200000, 0x0000000712200000, 0x0000000712400000|  0%| F|  |TAMS 0x0000000712200000| PB 0x0000000712200000| Untracked 
| 107|0x0000000712400000, 0x0000000712400000, 0x0000000712600000|  0%| F|  |TAMS 0x0000000712400000| PB 0x0000000712400000| Untracked 
| 108|0x0000000712600000, 0x0000000712600000, 0x0000000712800000|  0%| F|  |TAMS 0x0000000712600000| PB 0x0000000712600000| Untracked 
| 109|0x0000000712800000, 0x0000000712800000, 0x0000000712a00000|  0%| F|  |TAMS 0x0000000712800000| PB 0x0000000712800000| Untracked 
| 110|0x0000000712a00000, 0x0000000712a00000, 0x0000000712c00000|  0%| F|  |TAMS 0x0000000712a00000| PB 0x0000000712a00000| Untracked 
| 111|0x0000000712c00000, 0x0000000712c00000, 0x0000000712e00000|  0%| F|  |TAMS 0x0000000712c00000| PB 0x0000000712c00000| Untracked 
| 112|0x0000000712e00000, 0x0000000712e00000, 0x0000000713000000|  0%| F|  |TAMS 0x0000000712e00000| PB 0x0000000712e00000| Untracked 
| 113|0x0000000713000000, 0x0000000713000000, 0x0000000713200000|  0%| F|  |TAMS 0x0000000713000000| PB 0x0000000713000000| Untracked 
| 114|0x0000000713200000, 0x0000000713200000, 0x0000000713400000|  0%| F|  |TAMS 0x0000000713200000| PB 0x0000000713200000| Untracked 
| 115|0x0000000713400000, 0x0000000713555228, 0x0000000713600000| 66%| E|  |TAMS 0x0000000713400000| PB 0x0000000713400000| Complete 
| 116|0x0000000713600000, 0x0000000713800000, 0x0000000713800000|100%| E|CS|TAMS 0x0000000713600000| PB 0x0000000713600000| Complete 
| 117|0x0000000713800000, 0x0000000713a00000, 0x0000000713a00000|100%| E|CS|TAMS 0x0000000713800000| PB 0x0000000713800000| Complete 
| 118|0x0000000713a00000, 0x0000000713c00000, 0x0000000713c00000|100%| E|CS|TAMS 0x0000000713a00000| PB 0x0000000713a00000| Complete 
| 119|0x0000000713c00000, 0x0000000713e00000, 0x0000000713e00000|100%| E|CS|TAMS 0x0000000713c00000| PB 0x0000000713c00000| Complete 
| 120|0x0000000713e00000, 0x0000000714000000, 0x0000000714000000|100%| E|CS|TAMS 0x0000000713e00000| PB 0x0000000713e00000| Complete 
| 121|0x0000000714000000, 0x0000000714200000, 0x0000000714200000|100%| E|CS|TAMS 0x0000000714000000| PB 0x0000000714000000| Complete 
| 122|0x0000000714200000, 0x0000000714400000, 0x0000000714400000|100%| E|CS|TAMS 0x0000000714200000| PB 0x0000000714200000| Complete 
| 123|0x0000000714400000, 0x0000000714600000, 0x0000000714600000|100%| E|CS|TAMS 0x0000000714400000| PB 0x0000000714400000| Complete 
| 124|0x0000000714600000, 0x0000000714800000, 0x0000000714800000|100%| E|CS|TAMS 0x0000000714600000| PB 0x0000000714600000| Complete 
| 125|0x0000000714800000, 0x0000000714a00000, 0x0000000714a00000|100%| E|CS|TAMS 0x0000000714800000| PB 0x0000000714800000| Complete 

Card table byte_map: [0x00000275d21a0000,0x00000275d2980000] _byte_map_base: 0x00000275ce979000

Marking Bits: (CMBitMap*) 0x00000275b9b1c890
 Bits: [0x00000275d2980000, 0x00000275d6848000)

Polling page: 0x00000275b9280000

Metaspace:

Usage:
  Non-class:      6.89 MB used.
      Class:    789.50 KB used.
       Both:      7.66 MB used.

Virtual space:
  Non-class space:       64.00 MB reserved,       6.94 MB ( 11%) committed,  1 nodes.
      Class space:        1.00 GB reserved,     896.00 KB ( <1%) committed,  1 nodes.
             Both:        1.06 GB reserved,       7.81 MB ( <1%) committed. 

Chunk freelists:
   Non-Class:  9.00 MB
       Class:  15.11 MB
        Both:  24.11 MB

MaxMetaspaceSize: unlimited
CompressedClassSpaceSize: 1.00 GB
Initial GC threshold: 21.00 MB
Current GC threshold: 21.00 MB
CDS: on
 - commit_granule_bytes: 65536.
 - commit_granule_words: 8192.
 - virtual_space_node_default_size: 8388608.
 - enlarge_chunks_in_place: 1.
 - use_allocation_guard: 0.


Internal statistics:

num_allocs_failed_limit: 0.
num_arena_births: 140.
num_arena_deaths: 0.
num_vsnodes_births: 2.
num_vsnodes_deaths: 0.
num_space_committed: 125.
num_space_uncommitted: 0.
num_chunks_returned_to_freelist: 0.
num_chunks_taken_from_freelist: 178.
num_chunk_merges: 0.
num_chunk_splits: 105.
num_chunks_enlarged: 39.
num_inconsistent_stats: 0.

CodeHeap 'non-profiled nmethods': size=119168Kb used=485Kb max_used=485Kb free=118682Kb
 bounds [0x00000275c9ac0000, 0x00000275c9d30000, 0x00000275d0f20000]
CodeHeap 'profiled nmethods': size=119104Kb used=2806Kb max_used=2806Kb free=116298Kb
 bounds [0x00000275c1f20000, 0x00000275c21e0000, 0x00000275c9370000]
CodeHeap 'non-nmethods': size=7488Kb used=1549Kb max_used=3252Kb free=5938Kb
 bounds [0x00000275c9370000, 0x00000275c96a0000, 0x00000275c9ac0000]
 total_blobs=2238 nmethods=1620 adapters=523
 compilation: enabled
              stopped_count=0, restarted_count=0
 full_count=0

Compilation events (20 events):
Event: 150791.520 Thread 0x00000275d8d7c7f0 1612       4       java.util.HashMap$EntryIterator::next (5 bytes)
Event: 150791.527 Thread 0x00000275d8d7c7f0 nmethod 1612 0x00000275c9b33a90 code [0x00000275c9b33c40, 0x00000275c9b34090]
Event: 151358.013 Thread 0x00000275d8d7c7f0 1613 %s    4       sun.java2d.loops.GraphicsPrimitiveMgr::locatePrim @ 28 (95 bytes)
Event: 151358.024 Thread 0x00000275d8d7c7f0 nmethod 1613% 0x00000275c9b34210 code [0x00000275c9b34400, 0x00000275c9b34e18]
Event: 153572.076 Thread 0x00000275d8d7fff0 1614       3       java.awt.image.PackedColorModel::countBits (44 bytes)
Event: 153572.076 Thread 0x00000275d8d7c7f0 1615       4       java.lang.Object::equals (11 bytes)
Event: 153572.076 Thread 0x00000275d8d7fff0 nmethod 1614 0x00000275c21dce90 code [0x00000275c21dd040, 0x00000275c21dd320]
Event: 153572.076 Thread 0x00000275d8d7c7f0 nmethod 1615 0x00000275c9b35390 code [0x00000275c9b35520, 0x00000275c9b355b0]
Event: 153572.147 Thread 0x00000275d8d7c7f0 1616   !   4       java.awt.Toolkit::setDesktopProperty (81 bytes)
Event: 153572.177 Thread 0x00000275d8d7c7f0 nmethod 1616 0x00000275c9b35690 code [0x00000275c9b359c0, 0x00000275c9b37778]
Event: 157532.677 Thread 0x00000275d8d7c7f0 1617       4       jdk.internal.misc.Unsafe::weakCompareAndSetInt (11 bytes)
Event: 157532.677 Thread 0x00000275d8d7c7f0 nmethod 1617 0x00000275c9b38490 code [0x00000275c9b38620, 0x00000275c9b386b8]
Event: 157826.082 Thread 0x00000275d8d7c7f0 1618   !   4       sun.awt.AWTAutoShutdown::setToolkitBusy (124 bytes)
Event: 157826.084 Thread 0x00000275d8d7c7f0 nmethod 1618 0x00000275c9b38790 code [0x00000275c9b38960, 0x00000275c9b38f58]
Event: 159119.714 Thread 0x00000275d8d7fff0 1619       1       sun.awt.Win32GraphicsDevice::getScreen (5 bytes)
Event: 159119.715 Thread 0x00000275d8d7fff0 nmethod 1619 0x00000275c9b39290 code [0x00000275c9b39420, 0x00000275c9b394e8]
Event: 165680.228 Thread 0x00000275d8d7fff0 1620       3       java.util.WeakHashMap::size (18 bytes)
Event: 165680.229 Thread 0x00000275d8d7fff0 nmethod 1620 0x00000275c21dd410 code [0x00000275c21dd5c0, 0x00000275c21dd778]
Event: 165680.229 Thread 0x00000275d8d7fff0 1621   !   3       sun.awt.SunDisplayChanger::notifyListeners (133 bytes)
Event: 165680.229 Thread 0x00000275d8d7c7f0 1622  s    4       sun.awt.Win32GraphicsConfig::displayChanged (6 bytes)

GC Heap History (0 events):
No events

Dll operation events (9 events):
Event: 0.004 Loaded shared library C:\Program Files\Java\jdk-21\bin\java.dll
Event: 0.021 Loaded shared library C:\Program Files\Java\jdk-21\bin\jsvml.dll
Event: 0.037 Loaded shared library C:\Program Files\Java\jdk-21\bin\jimage.dll
Event: 0.040 Loaded shared library C:\Program Files\Java\jdk-21\bin\net.dll
Event: 0.041 Loaded shared library C:\Program Files\Java\jdk-21\bin\nio.dll
Event: 0.042 Loaded shared library C:\Program Files\Java\jdk-21\bin\zip.dll
Event: 0.051 Loaded shared library C:\Program Files\Java\jdk-21\bin\awt.dll
Event: 0.145 Loaded shared library C:\Program Files\Java\jdk-21\bin\freetype.dll
Event: 0.145 Loaded shared library C:\Program Files\Java\jdk-21\bin\fontmanager.dll

Deoptimization events (20 events):
Event: 64089.585 Thread 0x000002761f36f650 Uncommon trap: trap_request=0xffffff76 fr.pc=0x00000275c9b284f0 relative=0x0000000000000230
Event: 64089.585 Thread 0x000002761f36f650 Uncommon trap: reason=predicate action=maybe_recompile pc=0x00000275c9b284f0 method=java.util.HashMap.keysToArray([Ljava/lang/Object;)[Ljava/lang/Object; @ 48 c2
Event: 64089.585 Thread 0x000002761f36f650 DEOPT PACKING pc=0x00000275c9b284f0 sp=0x000000d9cb3fe4c0
Event: 64089.585 Thread 0x000002761f36f650 DEOPT UNPACKING pc=0x00000275c93c46a2 sp=0x000000d9cb3fe468 mode 2
Event: 69186.873 Thread 0x000002761f36f650 Uncommon trap: trap_request=0xffffffd6 fr.pc=0x00000275c9b29b58 relative=0x0000000000000498
Event: 69186.873 Thread 0x000002761f36f650 Uncommon trap: reason=array_check action=maybe_recompile pc=0x00000275c9b29b58 method=java.util.HashMap.keysToArray([Ljava/lang/Object;)[Ljava/lang/Object; @ 62 c2
Event: 69186.873 Thread 0x000002761f36f650 DEOPT PACKING pc=0x00000275c9b29b58 sp=0x000000d9cb3fe4b0
Event: 69186.873 Thread 0x000002761f36f650 DEOPT UNPACKING pc=0x00000275c93c46a2 sp=0x000000d9cb3fe458 mode 2
Event: 73725.560 Thread 0x000002761f36f650 Uncommon trap: trap_request=0xffffffd6 fr.pc=0x00000275c9b29b58 relative=0x0000000000000498
Event: 73725.560 Thread 0x000002761f36f650 Uncommon trap: reason=array_check action=maybe_recompile pc=0x00000275c9b29b58 method=java.util.HashMap.keysToArray([Ljava/lang/Object;)[Ljava/lang/Object; @ 62 c2
Event: 73725.560 Thread 0x000002761f36f650 DEOPT PACKING pc=0x00000275c9b29b58 sp=0x000000d9cb3fe4b0
Event: 73725.560 Thread 0x000002761f36f650 DEOPT UNPACKING pc=0x00000275c93c46a2 sp=0x000000d9cb3fe458 mode 2
Event: 74949.999 Thread 0x000002761f36f650 Uncommon trap: trap_request=0xffffffd6 fr.pc=0x00000275c9b29b58 relative=0x0000000000000498
Event: 74949.999 Thread 0x000002761f36f650 Uncommon trap: reason=array_check action=maybe_recompile pc=0x00000275c9b29b58 method=java.util.HashMap.keysToArray([Ljava/lang/Object;)[Ljava/lang/Object; @ 62 c2
Event: 74949.999 Thread 0x000002761f36f650 DEOPT PACKING pc=0x00000275c9b29b58 sp=0x000000d9cb3fe4e0
Event: 74949.999 Thread 0x000002761f36f650 DEOPT UNPACKING pc=0x00000275c93c46a2 sp=0x000000d9cb3fe488 mode 2
Event: 74950.200 Thread 0x000002761f36f650 Uncommon trap: trap_request=0xffffffd6 fr.pc=0x00000275c9b29b58 relative=0x0000000000000498
Event: 74950.200 Thread 0x000002761f36f650 Uncommon trap: reason=array_check action=maybe_recompile pc=0x00000275c9b29b58 method=java.util.HashMap.keysToArray([Ljava/lang/Object;)[Ljava/lang/Object; @ 62 c2
Event: 74950.200 Thread 0x000002761f36f650 DEOPT PACKING pc=0x00000275c9b29b58 sp=0x000000d9cb3fe4b0
Event: 74950.200 Thread 0x000002761f36f650 DEOPT UNPACKING pc=0x00000275c93c46a2 sp=0x000000d9cb3fe458 mode 2

Classes loaded (20 events):
Event: 0.346 Loading class java/awt/event/MouseWheelEvent
Event: 0.346 Loading class java/awt/event/MouseWheelEvent done
Event: 0.520 Loading class javax/swing/event/ChangeEvent
Event: 0.520 Loading class javax/swing/event/ChangeEvent done
Event: 1.863 Loading class java/awt/LightweightDispatcher$2
Event: 1.863 Loading class java/awt/LightweightDispatcher$2 done
Event: 2.703 Loading class javax/swing/ClientPropertyKey
Event: 2.703 Loading class javax/swing/ClientPropertyKey done
Event: 2.703 Loading class javax/swing/ClientPropertyKey$1
Event: 2.703 Loading class sun/awt/AWTAccessor$ClientPropertyKeyAccessor
Event: 2.704 Loading class sun/awt/AWTAccessor$ClientPropertyKeyAccessor done
Event: 2.704 Loading class javax/swing/ClientPropertyKey$1 done
Event: 2702.987 Loading class java/awt/KeyboardFocusManager$2
Event: 2702.988 Loading class java/awt/KeyboardFocusManager$2 done
Event: 12774.490 Loading class java/util/WeakHashMap$KeyIterator
Event: 12774.491 Loading class java/util/WeakHashMap$HashIterator
Event: 12774.491 Loading class java/util/WeakHashMap$HashIterator done
Event: 12774.492 Loading class java/util/WeakHashMap$KeyIterator done
Event: 12774.493 Loading class javax/swing/RepaintManager$DisplayChangedRunnable
Event: 12774.493 Loading class javax/swing/RepaintManager$DisplayChangedRunnable done

Classes unloaded (0 events):
No events

Classes redefined (0 events):
No events

Internal exceptions (13 events):
Event: 0.046 Thread 0x00000275b9ab9660 Exception <a 'java/lang/ClassNotFoundException'{0x00000007146adcd8}: sun/awt/resources/spi/awtProvider> (0x00000007146adcd8) 
thrown [s\open\src\hotspot\share\classfile\systemDictionary.cpp, line 312]
Event: 0.057 Thread 0x00000275b9ab9660 Exception <a 'java/io/FileNotFoundException'{0x00000007147785a0}> (0x00000007147785a0) 
thrown [s\open\src\hotspot\share\prims\jni.cpp, line 520]
Event: 0.061 Thread 0x00000275b9ab9660 Exception <a 'java/io/FileNotFoundException'{0x00000007147a2598}> (0x00000007147a2598) 
thrown [s\open\src\hotspot\share\prims\jni.cpp, line 520]
Event: 0.100 Thread 0x00000275b9ab9660 Exception <a 'java/lang/NoSuchMethodError'{0x000000071443aac8}: 'void java.lang.invoke.DirectMethodHandle$Holder.invokeSpecial(java.lang.Object, java.lang.Object, java.lang.Object)'> (0x000000071443aac8) 
thrown [s\open\src\hotspot\share\interpreter\linkResolver.cpp, line 773]
Event: 0.104 Thread 0x00000275b9ab9660 Exception <a 'java/lang/NoSuchMethodError'{0x0000000714460420}: 'java.lang.Object java.lang.invoke.DirectMethodHandle$Holder.newInvokeSpecial(java.lang.Object, java.lang.Object, java.lang.Object, java.lang.Object, java.lang.Object)'> (0x0000000714460420) 
thrown [s\open\src\hotspot\share\interpreter\linkResolver.cpp, line 773]
Event: 0.107 Thread 0x00000275b9ab9660 Exception <a 'java/lang/NoSuchMethodError'{0x000000071456d728}: 'java.lang.Object java.lang.invoke.DirectMethodHandle$Holder.invokeStatic(java.lang.Object, int, java.lang.Object)'> (0x000000071456d728) 
thrown [s\open\src\hotspot\share\interpreter\linkResolver.cpp, line 773]
Event: 0.117 Thread 0x00000275b9ab9660 Exception <a 'java/lang/ClassNotFoundException'{0x000000071420d850}: com/sun/swing/internal/plaf/metal/resources/spi/metalProvider> (0x000000071420d850) 
thrown [s\open\src\hotspot\share\classfile\systemDictionary.cpp, line 312]
Event: 0.117 Thread 0x00000275b9ab9660 Exception <a 'java/lang/ClassNotFoundException'{0x0000000714211790}: com/sun/swing/internal/plaf/basic/resources/spi/basicProvider> (0x0000000714211790) 
thrown [s\open\src\hotspot\share\classfile\systemDictionary.cpp, line 312]
Event: 0.123 Thread 0x00000275b9ab9660 Exception <a 'java/lang/NoSuchMethodError'{0x0000000714230f08}: 'int java.lang.invoke.Invokers$Holder.invokeExact_MT(java.lang.Object, java.lang.Object)'> (0x0000000714230f08) 
thrown [s\open\src\hotspot\share\interpreter\linkResolver.cpp, line 773]
Event: 0.135 Thread 0x000002761f36f650 Exception <a 'java/lang/NoSuchMethodError'{0x00000007144f0810}: 'void java.lang.invoke.DirectMethodHandle$Holder.invokeVirtual(java.lang.Object, java.lang.Object)'> (0x00000007144f0810) 
thrown [s\open\src\hotspot\share\interpreter\linkResolver.cpp, line 773]
Event: 0.143 Thread 0x00000275b9ab9660 Exception <a 'java/lang/NoSuchMethodError'{0x000000071426b8d0}: 'void java.lang.invoke.DirectMethodHandle$Holder.invokeStaticInit(java.lang.Object)'> (0x000000071426b8d0) 
thrown [s\open\src\hotspot\share\interpreter\linkResolver.cpp, line 773]
Event: 0.320 Thread 0x000002761f3e29a0 Implicit null exception at 0x00000275c9b04825 to 0x00000275c9b048dc
Event: 0.320 Thread 0x000002761f3e29a0 Implicit null exception at 0x00000275c9b04d00 to 0x00000275c9b04d94

ZGC Phase Switch (0 events):
No events

VM Operations (20 events):
Event: 64088.805 Executing VM operation: Cleanup
Event: 64088.805 Executing VM operation: Cleanup done
Event: 64089.815 Executing VM operation: Cleanup
Event: 64089.815 Executing VM operation: Cleanup done
Event: 69187.673 Executing VM operation: Cleanup
Event: 69187.673 Executing VM operation: Cleanup done
Event: 73725.861 Executing VM operation: Cleanup
Event: 73725.862 Executing VM operation: Cleanup done
Event: 87354.404 Executing VM operation: Cleanup
Event: 87354.404 Executing VM operation: Cleanup done
Event: 88959.537 Executing VM operation: Cleanup
Event: 88959.538 Executing VM operation: Cleanup done
Event: 147448.237 Executing VM operation: Cleanup
Event: 147448.237 Executing VM operation: Cleanup done
Event: 147471.434 Executing VM operation: Cleanup
Event: 147471.434 Executing VM operation: Cleanup done
Event: 153573.518 Executing VM operation: Cleanup
Event: 153573.518 Executing VM operation: Cleanup done
Event: 159120.229 Executing VM operation: Cleanup
Event: 159120.229 Executing VM operation: Cleanup done

Events (20 events):
Event: 0.023 Thread 0x000002761f0ac9c0 Thread added: 0x000002761f0ac9c0
Event: 0.023 Thread 0x000002761f0ad070 Thread added: 0x000002761f0ad070
Event: 0.027 Thread 0x000002761f18dbd0 Thread added: 0x000002761f18dbd0
Event: 0.029 Thread 0x000002761f193c60 Thread added: 0x000002761f193c60
Event: 0.084 Thread 0x000002761f363f30 Thread added: 0x000002761f363f30
Event: 0.084 Thread 0x000002761f36ace0 Thread added: 0x000002761f36ace0
Event: 0.085 Thread 0x000002761f36f650 Thread added: 0x000002761f36f650
Event: 0.135 Thread 0x000002761f3e29a0 Thread added: 0x000002761f3e29a0
Event: 0.174 Thread 0x00000275b9ab9660 Thread exited: 0x00000275b9ab9660
Event: 0.174 Thread 0x00000275b9ab9660 Thread added: 0x00000275b9ab9660
Event: 0.206 Thread 0x0000027621ef3bd0 Thread added: 0x0000027621ef3bd0
Event: 0.239 Thread 0x0000027621ef4890 Thread added: 0x0000027621ef4890
Event: 0.450 Thread 0x0000027621ef3bd0 Thread exited: 0x0000027621ef3bd0
Event: 3.305 Thread 0x0000027621ef4890 Thread exited: 0x0000027621ef4890
Event: 5.428 Thread 0x000002761f0ad070 Thread exited: 0x000002761f0ad070
Event: 10.972 Thread 0x000002761f0ac9c0 Thread exited: 0x000002761f0ac9c0
Event: 88957.643 Thread 0x000002761f05abd0 Thread added: 0x000002761f05abd0
Event: 88958.459 Thread 0x000002761f05abd0 Thread exited: 0x000002761f05abd0
Event: 145842.314 Thread 0x00000276225db430 Thread added: 0x00000276225db430
Event: 145847.395 Thread 0x00000276225db430 Thread exited: 0x00000276225db430


Dynamic libraries:
0x00007ff6dee10000 - 0x00007ff6dee20000 	C:\Program Files\Java\jdk-21\bin\javaw.exe
0x00007ffcfd3d0000 - 0x00007ffcfd5e7000 	C:\WINDOWS\SYSTEM32\ntdll.dll
0x00007ffcfc490000 - 0x00007ffcfc554000 	C:\WINDOWS\System32\KERNEL32.DLL
0x00007ffcfaac0000 - 0x00007ffcfae66000 	C:\WINDOWS\System32\KERNELBASE.dll
0x00007ffcfaee0000 - 0x00007ffcfaff1000 	C:\WINDOWS\System32\ucrtbase.dll
0x00007ffcee580000 - 0x00007ffcee599000 	C:\Program Files\Java\jdk-21\bin\jli.dll
0x00007ffcee560000 - 0x00007ffcee57b000 	C:\Program Files\Java\jdk-21\bin\VCRUNTIME140.dll
0x00007ffcfb1b0000 - 0x00007ffcfb263000 	C:\WINDOWS\System32\ADVAPI32.dll
0x00007ffcfb610000 - 0x00007ffcfb6b7000 	C:\WINDOWS\System32\msvcrt.dll
0x00007ffcfb6c0000 - 0x00007ffcfb768000 	C:\WINDOWS\System32\sechost.dll
0x00007ffcfaa90000 - 0x00007ffcfaab8000 	C:\WINDOWS\System32\bcrypt.dll
0x00007ffcfd270000 - 0x00007ffcfd387000 	C:\WINDOWS\System32\RPCRT4.dll
0x00007ffcfc9e0000 - 0x00007ffcfcb8e000 	C:\WINDOWS\System32\USER32.dll
0x00007ffcfa710000 - 0x00007ffcfa736000 	C:\WINDOWS\System32\win32u.dll
0x00007ffcfb860000 - 0x00007ffcfb889000 	C:\WINDOWS\System32\GDI32.dll
0x00007ffcd9000000 - 0x00007ffcd9293000 	C:\WINDOWS\WinSxS\amd64_microsoft.windows.common-controls_6595b64144ccf1df_6.0.22621.2506_none_270c5ae97388e100\COMCTL32.dll
0x00007ffcfb000000 - 0x00007ffcfb118000 	C:\WINDOWS\System32\gdi32full.dll
0x00007ffcfa740000 - 0x00007ffcfa7da000 	C:\WINDOWS\System32\msvcp_win.dll
0x00007ffcee850000 - 0x00007ffcee85a000 	C:\WINDOWS\SYSTEM32\VERSION.dll
0x00007ffcfc830000 - 0x00007ffcfc861000 	C:\WINDOWS\System32\IMM32.DLL
0x00007ffcf2bf0000 - 0x00007ffcf2bfc000 	C:\Program Files\Java\jdk-21\bin\vcruntime140_1.dll
0x00007ffcd6160000 - 0x00007ffcd61ee000 	C:\Program Files\Java\jdk-21\bin\msvcp140.dll
0x00007ffc343b0000 - 0x00007ffc350c7000 	C:\Program Files\Java\jdk-21\bin\server\jvm.dll
0x00007ffcfc7b0000 - 0x00007ffcfc821000 	C:\WINDOWS\System32\WS2_32.dll
0x00007ffcf9560000 - 0x00007ffcf95ad000 	C:\WINDOWS\SYSTEM32\POWRPROF.dll
0x00007ffcee1d0000 - 0x00007ffcee204000 	C:\WINDOWS\SYSTEM32\WINMM.dll
0x00007ffcf9540000 - 0x00007ffcf9553000 	C:\WINDOWS\SYSTEM32\UMPDC.dll
0x00007ffcf9810000 - 0x00007ffcf9828000 	C:\WINDOWS\SYSTEM32\kernel.appcore.dll
0x00007ffcf2ad0000 - 0x00007ffcf2ada000 	C:\Program Files\Java\jdk-21\bin\jimage.dll
0x00007ffcf7cb0000 - 0x00007ffcf7ee3000 	C:\WINDOWS\SYSTEM32\DBGHELP.DLL
0x00007ffcfc100000 - 0x00007ffcfc489000 	C:\WINDOWS\System32\combase.dll
0x00007ffcfb770000 - 0x00007ffcfb847000 	C:\WINDOWS\System32\OLEAUT32.dll
0x00007ffcec3b0000 - 0x00007ffcec3e2000 	C:\WINDOWS\SYSTEM32\dbgcore.DLL
0x00007ffcfa8a0000 - 0x00007ffcfa91a000 	C:\WINDOWS\System32\bcryptPrimitives.dll
0x00007ffcec510000 - 0x00007ffcec52f000 	C:\Program Files\Java\jdk-21\bin\java.dll
0x00007ffcfb890000 - 0x00007ffcfc0eb000 	C:\WINDOWS\System32\SHELL32.dll
0x00007ffcf8630000 - 0x00007ffcf8f26000 	C:\WINDOWS\SYSTEM32\windows.storage.dll
0x00007ffcf84f0000 - 0x00007ffcf862e000 	C:\WINDOWS\SYSTEM32\wintypes.dll
0x00007ffcfb370000 - 0x00007ffcfb463000 	C:\WINDOWS\System32\SHCORE.dll
0x00007ffcfc720000 - 0x00007ffcfc77e000 	C:\WINDOWS\System32\shlwapi.dll
0x00007ffcfa640000 - 0x00007ffcfa666000 	C:\WINDOWS\SYSTEM32\profapi.dll
0x00007ffccf5a0000 - 0x00007ffccf677000 	C:\Program Files\Java\jdk-21\bin\jsvml.dll
0x00007ffcf2a40000 - 0x00007ffcf2a50000 	C:\Program Files\Java\jdk-21\bin\net.dll
0x00007ffcf1180000 - 0x00007ffcf12b7000 	C:\WINDOWS\SYSTEM32\WINHTTP.dll
0x00007ffcf9c80000 - 0x00007ffcf9ce9000 	C:\WINDOWS\system32\mswsock.dll
0x00007ffcddba0000 - 0x00007ffcddbb6000 	C:\Program Files\Java\jdk-21\bin\nio.dll
0x00007ffcddb00000 - 0x00007ffcddb18000 	C:\Program Files\Java\jdk-21\bin\zip.dll
0x00007ffca55e0000 - 0x00007ffca576f000 	C:\Program Files\Java\jdk-21\bin\awt.dll
0x00007ffcf4940000 - 0x00007ffcf49d7000 	C:\WINDOWS\SYSTEM32\apphelp.dll
0x00007ffcf7280000 - 0x00007ffcf72ab000 	C:\WINDOWS\system32\DWMAPI.DLL
0x00007ffcf4a80000 - 0x00007ffcf4b2b000 	C:\WINDOWS\system32\uxtheme.dll
0x00007ffca3740000 - 0x00007ffca3840000 	C:\WINDOWS\system32\opengl32.dll
0x00007ffcd81e0000 - 0x00007ffcd820d000 	C:\WINDOWS\SYSTEM32\GLU32.dll
0x00007ffcf79a0000 - 0x00007ffcf79d9000 	C:\WINDOWS\SYSTEM32\dxcore.dll
0x00007ffcfc880000 - 0x00007ffcfc9d1000 	C:\WINDOWS\System32\MSCTF.dll
0x00007ffcfb470000 - 0x00007ffcfb610000 	C:\WINDOWS\System32\ole32.dll
0x00007ffcc0870000 - 0x00007ffcc08f7000 	C:\Program Files\Java\jdk-21\bin\freetype.dll
0x00007ffca5340000 - 0x00007ffca5422000 	C:\Program Files\Java\jdk-21\bin\fontmanager.dll
0x00007ffcdb4c0000 - 0x00007ffcdb60a000 	C:\WINDOWS\SYSTEM32\textinputframework.dll
0x00007ffcf4660000 - 0x00007ffcf4794000 	C:\WINDOWS\SYSTEM32\CoreMessaging.dll
0x00007ffcf02e0000 - 0x00007ffcf064c000 	C:\WINDOWS\SYSTEM32\CoreUIComponents.dll
0x00007ffcf9ee0000 - 0x00007ffcf9eec000 	C:\WINDOWS\SYSTEM32\CRYPTBASE.DLL
0x00007ffccc910000 - 0x00007ffccc9c0000 	C:\WINDOWS\SYSTEM32\TextShaping.dll

dbghelp: loaded successfully - version: 4.0.5 - missing functions: none
symbol engine: initialized successfully - sym options: 0x614 - pdb path: .;C:\Program Files\Java\jdk-21\bin;C:\WINDOWS\SYSTEM32;C:\WINDOWS\WinSxS\amd64_microsoft.windows.common-controls_6595b64144ccf1df_6.0.22621.2506_none_270c5ae97388e100;C:\Program Files\Java\jdk-21\bin\server

VM Arguments:
jvm_args: -Dfile.encoding=UTF-8 -Dstdout.encoding=UTF-8 -Dstderr.encoding=UTF-8 -XX:+ShowCodeDetailsInExceptionMessages 
java_command: BankManagementSystem.SignUp3
java_class_path (initial): C:\Users\amrit\git\JavaBankManagement\BankManagementSystem\bin;C:\Users\amrit\Downloads\jcalendar-tz-1.3.3-4.jar;C:\Users\amrit\Downloads\mysql-connector-java-8.0.28.jar
Launcher Type: SUN_STANDARD

[Global flags]
