#   Check if swap backing store is full
#   Decrease Java heap size (-Xmx/-Xms)
#   Decrease number of Java threads
#   Decrease Java thread stack sizes (-Xss)
#   Set larger code cache with -XX:ReservedCodeCacheSize=
#   JVM is running with Zero Based Compressed Oops mode in which the Java heap is
#     placed in the first 32GB address space. The Java Heap base address is the
#     maximum limit for the native heap growth. Please use -XX:HeapBaseMinAddress
#     to set the Java Heap base and to place the Java Heap above 32GB virtual address.
# This output file may be truncated or incomplete.
#
#  Out of Memory Error (arena.cpp:168), pid=9792, tid=25688
#
# JRE version: Java(TM) SE Runtime Environment (21.0.2+13) (build 21.0.2+13-LTS-58)
# Java VM: Java HotSpot(TM) 64-Bit Server VM (21.0.2+13-LTS-58, mixed mode, sharing, tiered, compressed oops, compressed class ptrs, g1 gc, windows-amd64)
# No core dump will be written. Minidumps are not enabled by default on client versions of Windows
#

---------------  S U M M A R Y ------------

Command Line: -Dfile.encoding=UTF-8 -Dstdout.encoding=UTF-8 -Dstderr.encoding=UTF-8 -XX:+ShowCodeDetailsInExceptionMessages BankManagementSystem.Transactions

Host: 12th Gen Intel(R) Core(TM) i7-12700, 20 cores, 15G,  Windows 11 , 64 bit Build 22621 (10.0.22621.3085)
Time: Thu Mar 14 17:26:06 2024 Central Daylight Time elapsed time: 177809.319671 seconds (2d 1h 23m 29s)

---------------  T H R E A D  ---------------

Current thread (0x000001dd1d66fb50):  JavaThread "C2 CompilerThread0" daemon [_thread_in_native, id=25688, stack(0x000000a456100000,0x000000a456200000) (1024K)]


Current CompileTask:
C2:177809319 1593  s    4       sun.java2d.loops.GraphicsPrimitiveMgr::locatePrim (95 bytes)

Stack: [0x000000a456100000,0x000000a456200000]
Native frames: (J=compiled Java code, j=interpreted, Vv=VM code, C=native code)
V  [jvm.dll+0x6cade9]
V  [jvm.dll+0x8569c1]
V  [jvm.dll+0x858d2e]
V  [jvm.dll+0x859413]
V  [jvm.dll+0x280e56]
V  [jvm.dll+0xc3f3d]
V  [jvm.dll+0xc4473]
V  [jvm.dll+0x6a61f0]
V  [jvm.dll+0x6a5d2e]
V  [jvm.dll+0x1ca61b]
V  [jvm.dll+0x393af6]
V  [jvm.dll+0x39acd8]
V  [jvm.dll+0x1cd317]
V  [jvm.dll+0x2f358f]
V  [jvm.dll+0x6e52e4]
V  [jvm.dll+0x6dd596]
V  [jvm.dll+0x6dca2e]
V  [jvm.dll+0x6dac4c]
V  [jvm.dll+0x1cc90c]
V  [jvm.dll+0x2f358f]
V  [jvm.dll+0x6e52e4]
V  [jvm.dll+0x6dd596]
V  [jvm.dll+0x6dca2e]
V  [jvm.dll+0x6dac4c]
V  [jvm.dll+0x1cc90c]
V  [jvm.dll+0x248d3d]
V  [jvm.dll+0x1c9634]
V  [jvm.dll+0x258859]
V  [jvm.dll+0x256e3a]
V  [jvm.dll+0x3ef6c6]
V  [jvm.dll+0x7ff568]
V  [jvm.dll+0x6c953d]
C  [ucrtbase.dll+0x29363]
C  [KERNEL32.DLL+0x1257d]
C  [ntdll.dll+0x5aa58]


---------------  P R O C E S S  ---------------

Threads class SMR info:
_java_thread_list=0x000001dd66228610, length=15, elements={
0x000001dd1d6587e0, 0x000001dd1d6598b0, 0x000001dd1d65c2b0, 0x000001dd1d65cf10,
0x000001dd1d667b40, 0x000001dd1d66beb0, 0x000001dd1d66fb50, 0x000001dd1d671740,
0x000001dd1d995c20, 0x000001dd1d999080, 0x000001dd1db485c0, 0x000001dd1db4df10,
0x000001dd1db55060, 0x000001dd65c35780, 0x000001dd7b308400
}

Java Threads: ( => current thread )
  0x000001dd1d6587e0 JavaThread "Reference Handler"          daemon [_thread_blocked, id=25824, stack(0x000000a455b00000,0x000000a455c00000) (1024K)]
  0x000001dd1d6598b0 JavaThread "Finalizer"                  daemon [_thread_blocked, id=8264, stack(0x000000a455c00000,0x000000a455d00000) (1024K)]
  0x000001dd1d65c2b0 JavaThread "Signal Dispatcher"          daemon [_thread_blocked, id=17616, stack(0x000000a455d00000,0x000000a455e00000) (1024K)]
  0x000001dd1d65cf10 JavaThread "Attach Listener"            daemon [_thread_blocked, id=23772, stack(0x000000a455e00000,0x000000a455f00000) (1024K)]
  0x000001dd1d667b40 JavaThread "Service Thread"             daemon [_thread_blocked, id=25620, stack(0x000000a455f00000,0x000000a456000000) (1024K)]
  0x000001dd1d66beb0 JavaThread "Monitor Deflation Thread"   daemon [_thread_blocked, id=8272, stack(0x000000a456000000,0x000000a456100000) (1024K)]
=>0x000001dd1d66fb50 JavaThread "C2 CompilerThread0"         daemon [_thread_in_native, id=25688, stack(0x000000a456100000,0x000000a456200000) (1024K)]
  0x000001dd1d671740 JavaThread "C1 CompilerThread0"         daemon [_thread_blocked, id=12056, stack(0x000000a456200000,0x000000a456300000) (1024K)]
  0x000001dd1d995c20 JavaThread "Notification Thread"        daemon [_thread_blocked, id=19716, stack(0x000000a456400000,0x000000a456500000) (1024K)]
  0x000001dd1d999080 JavaThread "Common-Cleaner"             daemon [_thread_blocked, id=21768, stack(0x000000a456500000,0x000000a456600000) (1024K)]
  0x000001dd1db485c0 JavaThread "Java2D Disposer"            daemon [_thread_blocked, id=24328, stack(0x000000a456600000,0x000000a456700000) (1024K)]
  0x000001dd1db4df10 JavaThread "AWT-Shutdown"                      [_thread_blocked, id=19464, stack(0x000000a456700000,0x000000a456800000) (1024K)]
  0x000001dd1db55060 JavaThread "AWT-Windows"                daemon [_thread_in_native, id=7020, stack(0x000000a456800000,0x000000a456900000) (1024K)]
  0x000001dd65c35780 JavaThread "AWT-EventQueue-0"                  [_thread_blocked, id=18740, stack(0x000000a456d00000,0x000000a456e00000) (1024K)]
  0x000001dd7b308400 JavaThread "DestroyJavaVM"                     [_thread_blocked, id=4124, stack(0x000000a455300000,0x000000a455400000) (1024K)]
Total: 15

Other Threads:
  0x000001dd1d639730 VMThread "VM Thread"                           [id=7848, stack(0x000000a455a00000,0x000000a455b00000) (1024K)]
  0x000001dd1d61fe80 WatcherThread "VM Periodic Task Thread"        [id=3396, stack(0x000000a455900000,0x000000a455a00000) (1024K)]
  0x000001dd7d56e4f0 WorkerThread "GC Thread#0"                     [id=11712, stack(0x000000a455400000,0x000000a455500000) (1024K)]
  0x000001dd65cd7fe0 WorkerThread "GC Thread#1"                     [id=19964, stack(0x000000a456e00000,0x000000a456f00000) (1024K)]
  0x000001dd65cd8380 WorkerThread "GC Thread#2"                     [id=21116, stack(0x000000a456f00000,0x000000a457000000) (1024K)]
  0x000001dd65cd8720 WorkerThread "GC Thread#3"                     [id=26720, stack(0x000000a457000000,0x000000a457100000) (1024K)]
  0x000001dd65cd8ac0 WorkerThread "GC Thread#4"                     [id=8656, stack(0x000000a457100000,0x000000a457200000) (1024K)]
  0x000001dd65cd8e60 WorkerThread "GC Thread#5"                     [id=6872, stack(0x000000a457200000,0x000000a457300000) (1024K)]
  0x000001dd65d15030 WorkerThread "GC Thread#6"                     [id=6252, stack(0x000000a457300000,0x000000a457400000) (1024K)]
  0x000001dd65d155e0 WorkerThread "GC Thread#7"                     [id=12880, stack(0x000000a457400000,0x000000a457500000) (1024K)]
  0x000001dd65d161a0 WorkerThread "GC Thread#8"                     [id=25804, stack(0x000000a457500000,0x000000a457600000) (1024K)]
  0x000001dd65d16540 WorkerThread "GC Thread#9"                     [id=10832, stack(0x000000a457600000,0x000000a457700000) (1024K)]
  0x000001dd7d57f190 ConcurrentGCThread "G1 Main Marker"            [id=29688, stack(0x000000a455500000,0x000000a455600000) (1024K)]
  0x000001dd7d580430 WorkerThread "G1 Conc#0"                       [id=29012, stack(0x000000a455600000,0x000000a455700000) (1024K)]
  0x000001dd1d4f4500 ConcurrentGCThread "G1 Refine#0"               [id=28708, stack(0x000000a455700000,0x000000a455800000) (1024K)]
  0x000001dd1d4f6480 ConcurrentGCThread "G1 Service"                [id=8436, stack(0x000000a455800000,0x000000a455900000) (1024K)]
Total: 16

Threads with active compile tasks:
C2 CompilerThread0  177809373 1593  s    4       sun.java2d.loops.GraphicsPrimitiveMgr::locatePrim (95 bytes)
Total: 1

VM state: not at safepoint (normal execution)

VM Mutex/Monitor currently owned by a thread: None

Heap address: 0x0000000704e00000, size: 4018 MB, Compressed Oops mode: Zero based, Oop shift amount: 3

CDS archive(s) mapped at: [0x000001dd1e000000-0x000001dd1ec90000-0x000001dd1ec90000), size 13172736, SharedBaseAddress: 0x000001dd1e000000, ArchiveRelocationMode: 1.
Compressed class space mapped at: 0x000001dd1f000000-0x000001dd5f000000, reserved size: 1073741824
Narrow klass base: 0x000001dd1e000000, Narrow klass shift: 0, Narrow klass range: 0x100000000

GC Precious Log:
 CardTable entry size: 512
 Card Set container configuration: InlinePtr #cards 4 size 8 Array Of Cards #cards 16 size 48 Howl #buckets 8 coarsen threshold 3686 Howl Bitmap #cards 512 size 80 coarsen threshold 460 Card regions per heap region 1 cards per card region 4096
 CPUs: 20 total, 20 available
 Memory: 16065M
 Large Page Support: Disabled
 NUMA Support: Disabled
 Compressed Oops: Enabled (Zero based)
 Heap Region Size: 2M
 Heap Min Capacity: 8M
 Heap Initial Capacity: 252M
 Heap Max Capacity: 4018M
 Pre-touch: Disabled
 Parallel Workers: 15
 Concurrent Workers: 4
 Concurrent Refinement Workers: 15
 Periodic GC: Disabled

Heap:
 garbage-first heap   total 258048K, used 75504K [0x0000000704e00000, 0x0000000800000000)
  region size 2048K, 6 young (12288K), 2 survivors (4096K)
 Metaspace       used 7693K, committed 7872K, reserved 1114112K
  class space    used 773K, committed 896K, reserved 1048576K

Heap Regions: E=young(eden), S=young(survivor), O=old, HS=humongous(starts), HC=humongous(continues), CS=collection set, F=free, TAMS=top-at-mark-start, PB=parsable bottom
|   0|0x0000000704e00000, 0x0000000705000000, 0x0000000705000000|100%|HS|  |TAMS 0x0000000704e00000| PB 0x0000000704e00000| Complete 
|   1|0x0000000705000000, 0x0000000705200000, 0x0000000705200000|100%|HC|  |TAMS 0x0000000705000000| PB 0x0000000705000000| Complete 
|   2|0x0000000705200000, 0x0000000705400000, 0x0000000705400000|100%|HS|  |TAMS 0x0000000705200000| PB 0x0000000705200000| Complete 
|   3|0x0000000705400000, 0x0000000705600000, 0x0000000705600000|100%|HC|  |TAMS 0x0000000705400000| PB 0x0000000705400000| Complete 
|   4|0x0000000705600000, 0x0000000705800000, 0x0000000705800000|100%|HS|  |TAMS 0x0000000705600000| PB 0x0000000705600000| Complete 
|   5|0x0000000705800000, 0x0000000705a00000, 0x0000000705a00000|100%|HC|  |TAMS 0x0000000705800000| PB 0x0000000705800000| Complete 
|   6|0x0000000705a00000, 0x0000000705c00000, 0x0000000705c00000|100%|HC|  |TAMS 0x0000000705a00000| PB 0x0000000705a00000| Complete 
|   7|0x0000000705c00000, 0x0000000705e00000, 0x0000000705e00000|100%|HC|  |TAMS 0x0000000705c00000| PB 0x0000000705c00000| Complete 
|   8|0x0000000705e00000, 0x0000000706000000, 0x0000000706000000|100%|HS|  |TAMS 0x0000000705e00000| PB 0x0000000705e00000| Complete 
|   9|0x0000000706000000, 0x0000000706200000, 0x0000000706200000|100%|HC|  |TAMS 0x0000000706000000| PB 0x0000000706000000| Complete 
|  10|0x0000000706200000, 0x0000000706400000, 0x0000000706400000|100%|HS|  |TAMS 0x0000000706200000| PB 0x0000000706200000| Complete 
|  11|0x0000000706400000, 0x0000000706600000, 0x0000000706600000|100%|HC|  |TAMS 0x0000000706400000| PB 0x0000000706400000| Complete 
|  12|0x0000000706600000, 0x0000000706800000, 0x0000000706800000|100%|HC|  |TAMS 0x0000000706600000| PB 0x0000000706600000| Complete 
|  13|0x0000000706800000, 0x0000000706a00000, 0x0000000706a00000|100%|HC|  |TAMS 0x0000000706800000| PB 0x0000000706800000| Complete 
|  14|0x0000000706a00000, 0x0000000706c00000, 0x0000000706c00000|100%|HS|  |TAMS 0x0000000706a00000| PB 0x0000000706a00000| Complete 
|  15|0x0000000706c00000, 0x0000000706e00000, 0x0000000706e00000|100%|HC|  |TAMS 0x0000000706c00000| PB 0x0000000706c00000| Complete 
|  16|0x0000000706e00000, 0x0000000707000000, 0x0000000707000000|100%|HS|  |TAMS 0x0000000706e00000| PB 0x0000000706e00000| Complete 
|  17|0x0000000707000000, 0x0000000707200000, 0x0000000707200000|100%|HC|  |TAMS 0x0000000707000000| PB 0x0000000707000000| Complete 
|  18|0x0000000707200000, 0x0000000707400000, 0x0000000707400000|100%|HC|  |TAMS 0x0000000707200000| PB 0x0000000707200000| Complete 
|  19|0x0000000707400000, 0x0000000707600000, 0x0000000707600000|100%|HC|  |TAMS 0x0000000707400000| PB 0x0000000707400000| Complete 
|  20|0x0000000707600000, 0x0000000707800000, 0x0000000707800000|100%|HS|  |TAMS 0x0000000707600000| PB 0x0000000707600000| Complete 
|  21|0x0000000707800000, 0x0000000707a00000, 0x0000000707a00000|100%|HC|  |TAMS 0x0000000707800000| PB 0x0000000707800000| Complete 
|  22|0x0000000707a00000, 0x0000000707c00000, 0x0000000707c00000|100%|HS|  |TAMS 0x0000000707a00000| PB 0x0000000707a00000| Complete 
|  23|0x0000000707c00000, 0x0000000707e00000, 0x0000000707e00000|100%|HC|  |TAMS 0x0000000707c00000| PB 0x0000000707c00000| Complete 
|  24|0x0000000707e00000, 0x0000000708000000, 0x0000000708000000|100%|HC|  |TAMS 0x0000000707e00000| PB 0x0000000707e00000| Complete 
|  25|0x0000000708000000, 0x0000000708200000, 0x0000000708200000|100%|HC|  |TAMS 0x0000000708000000| PB 0x0000000708000000| Complete 
|  26|0x0000000708200000, 0x0000000708400000, 0x0000000708400000|100%|HS|  |TAMS 0x0000000708200000| PB 0x0000000708200000| Complete 
|  27|0x0000000708400000, 0x0000000708600000, 0x0000000708600000|100%|HC|  |TAMS 0x0000000708400000| PB 0x0000000708400000| Complete 
|  28|0x0000000708600000, 0x0000000708800000, 0x0000000708800000|100%|HS|  |TAMS 0x0000000708600000| PB 0x0000000708600000| Complete 
|  29|0x0000000708800000, 0x0000000708a00000, 0x0000000708a00000|100%|HC|  |TAMS 0x0000000708800000| PB 0x0000000708800000| Complete 
|  30|0x0000000708a00000, 0x0000000708c00000, 0x0000000708c00000|100%|HC|  |TAMS 0x0000000708a00000| PB 0x0000000708a00000| Complete 
|  31|0x0000000708c00000, 0x0000000708e00000, 0x0000000708e00000|100%|HC|  |TAMS 0x0000000708c00000| PB 0x0000000708c00000| Complete 
|  32|0x0000000708e00000, 0x0000000708e00000, 0x0000000709000000|  0%| F|  |TAMS 0x0000000708e00000| PB 0x0000000708e00000| Untracked 
|  33|0x0000000709000000, 0x0000000709000000, 0x0000000709200000|  0%| F|  |TAMS 0x0000000709000000| PB 0x0000000709000000| Untracked 
|  34|0x0000000709200000, 0x0000000709200000, 0x0000000709400000|  0%| F|  |TAMS 0x0000000709200000| PB 0x0000000709200000| Untracked 
|  35|0x0000000709400000, 0x0000000709400000, 0x0000000709600000|  0%| F|  |TAMS 0x0000000709400000| PB 0x0000000709400000| Untracked 
|  36|0x0000000709600000, 0x0000000709600000, 0x0000000709800000|  0%| F|  |TAMS 0x0000000709600000| PB 0x0000000709600000| Untracked 
|  37|0x0000000709800000, 0x0000000709800000, 0x0000000709a00000|  0%| F|  |TAMS 0x0000000709800000| PB 0x0000000709800000| Untracked 
|  38|0x0000000709a00000, 0x0000000709a00000, 0x0000000709c00000|  0%| F|  |TAMS 0x0000000709a00000| PB 0x0000000709a00000| Untracked 
|  39|0x0000000709c00000, 0x0000000709c00000, 0x0000000709e00000|  0%| F|  |TAMS 0x0000000709c00000| PB 0x0000000709c00000| Untracked 
|  40|0x0000000709e00000, 0x0000000709e00000, 0x000000070a000000|  0%| F|  |TAMS 0x0000000709e00000| PB 0x0000000709e00000| Untracked 
|  41|0x000000070a000000, 0x000000070a000000, 0x000000070a200000|  0%| F|  |TAMS 0x000000070a000000| PB 0x000000070a000000| Untracked 
|  42|0x000000070a200000, 0x000000070a200000, 0x000000070a400000|  0%| F|  |TAMS 0x000000070a200000| PB 0x000000070a200000| Untracked 
|  43|0x000000070a400000, 0x000000070a400000, 0x000000070a600000|  0%| F|  |TAMS 0x000000070a400000| PB 0x000000070a400000| Untracked 
|  44|0x000000070a600000, 0x000000070a600000, 0x000000070a800000|  0%| F|  |TAMS 0x000000070a600000| PB 0x000000070a600000| Untracked 
|  45|0x000000070a800000, 0x000000070a800000, 0x000000070aa00000|  0%| F|  |TAMS 0x000000070a800000| PB 0x000000070a800000| Untracked 
|  46|0x000000070aa00000, 0x000000070aa00000, 0x000000070ac00000|  0%| F|  |TAMS 0x000000070aa00000| PB 0x000000070aa00000| Untracked 
|  47|0x000000070ac00000, 0x000000070ac00000, 0x000000070ae00000|  0%| F|  |TAMS 0x000000070ac00000| PB 0x000000070ac00000| Untracked 
|  48|0x000000070ae00000, 0x000000070ae00000, 0x000000070b000000|  0%| F|  |TAMS 0x000000070ae00000| PB 0x000000070ae00000| Untracked 
|  49|0x000000070b000000, 0x000000070b000000, 0x000000070b200000|  0%| F|  |TAMS 0x000000070b000000| PB 0x000000070b000000| Untracked 
|  50|0x000000070b200000, 0x000000070b200000, 0x000000070b400000|  0%| F|  |TAMS 0x000000070b200000| PB 0x000000070b200000| Untracked 
|  51|0x000000070b400000, 0x000000070b400000, 0x000000070b600000|  0%| F|  |TAMS 0x000000070b400000| PB 0x000000070b400000| Untracked 
|  52|0x000000070b600000, 0x000000070b600000, 0x000000070b800000|  0%| F|  |TAMS 0x000000070b600000| PB 0x000000070b600000| Untracked 
|  53|0x000000070b800000, 0x000000070b800000, 0x000000070ba00000|  0%| F|  |TAMS 0x000000070b800000| PB 0x000000070b800000| Untracked 
|  54|0x000000070ba00000, 0x000000070ba00000, 0x000000070bc00000|  0%| F|  |TAMS 0x000000070ba00000| PB 0x000000070ba00000| Untracked 
|  55|0x000000070bc00000, 0x000000070bc00000, 0x000000070be00000|  0%| F|  |TAMS 0x000000070bc00000| PB 0x000000070bc00000| Untracked 
|  56|0x000000070be00000, 0x000000070be00000, 0x000000070c000000|  0%| F|  |TAMS 0x000000070be00000| PB 0x000000070be00000| Untracked 
|  57|0x000000070c000000, 0x000000070c000000, 0x000000070c200000|  0%| F|  |TAMS 0x000000070c000000| PB 0x000000070c000000| Untracked 
|  58|0x000000070c200000, 0x000000070c200000, 0x000000070c400000|  0%| F|  |TAMS 0x000000070c200000| PB 0x000000070c200000| Untracked 
|  59|0x000000070c400000, 0x000000070c400000, 0x000000070c600000|  0%| F|  |TAMS 0x000000070c400000| PB 0x000000070c400000| Untracked 
|  60|0x000000070c600000, 0x000000070c600000, 0x000000070c800000|  0%| F|  |TAMS 0x000000070c600000| PB 0x000000070c600000| Untracked 
|  61|0x000000070c800000, 0x000000070c800000, 0x000000070ca00000|  0%| F|  |TAMS 0x000000070c800000| PB 0x000000070c800000| Untracked 
|  62|0x000000070ca00000, 0x000000070ca00000, 0x000000070cc00000|  0%| F|  |TAMS 0x000000070ca00000| PB 0x000000070ca00000| Untracked 
|  63|0x000000070cc00000, 0x000000070cc00000, 0x000000070ce00000|  0%| F|  |TAMS 0x000000070cc00000| PB 0x000000070cc00000| Untracked 
|  64|0x000000070ce00000, 0x000000070ce00000, 0x000000070d000000|  0%| F|  |TAMS 0x000000070ce00000| PB 0x000000070ce00000| Untracked 
|  65|0x000000070d000000, 0x000000070d000000, 0x000000070d200000|  0%| F|  |TAMS 0x000000070d000000| PB 0x000000070d000000| Untracked 
|  66|0x000000070d200000, 0x000000070d200000, 0x000000070d400000|  0%| F|  |TAMS 0x000000070d200000| PB 0x000000070d200000| Untracked 
|  67|0x000000070d400000, 0x000000070d400000, 0x000000070d600000|  0%| F|  |TAMS 0x000000070d400000| PB 0x000000070d400000| Untracked 
|  68|0x000000070d600000, 0x000000070d600000, 0x000000070d800000|  0%| F|  |TAMS 0x000000070d600000| PB 0x000000070d600000| Untracked 
|  69|0x000000070d800000, 0x000000070d800000, 0x000000070da00000|  0%| F|  |TAMS 0x000000070d800000| PB 0x000000070d800000| Untracked 
|  70|0x000000070da00000, 0x000000070da00000, 0x000000070dc00000|  0%| F|  |TAMS 0x000000070da00000| PB 0x000000070da00000| Untracked 
|  71|0x000000070dc00000, 0x000000070dc00000, 0x000000070de00000|  0%| F|  |TAMS 0x000000070dc00000| PB 0x000000070dc00000| Untracked 
|  72|0x000000070de00000, 0x000000070de00000, 0x000000070e000000|  0%| F|  |TAMS 0x000000070de00000| PB 0x000000070de00000| Untracked 
|  73|0x000000070e000000, 0x000000070e000000, 0x000000070e200000|  0%| F|  |TAMS 0x000000070e000000| PB 0x000000070e000000| Untracked 
|  74|0x000000070e200000, 0x000000070e200000, 0x000000070e400000|  0%| F|  |TAMS 0x000000070e200000| PB 0x000000070e200000| Untracked 
|  75|0x000000070e400000, 0x000000070e400000, 0x000000070e600000|  0%| F|  |TAMS 0x000000070e400000| PB 0x000000070e400000| Untracked 
|  76|0x000000070e600000, 0x000000070e600000, 0x000000070e800000|  0%| F|  |TAMS 0x000000070e600000| PB 0x000000070e600000| Untracked 
|  77|0x000000070e800000, 0x000000070e800000, 0x000000070ea00000|  0%| F|  |TAMS 0x000000070e800000| PB 0x000000070e800000| Untracked 
|  78|0x000000070ea00000, 0x000000070ea00000, 0x000000070ec00000|  0%| F|  |TAMS 0x000000070ea00000| PB 0x000000070ea00000| Untracked 
|  79|0x000000070ec00000, 0x000000070ec00000, 0x000000070ee00000|  0%| F|  |TAMS 0x000000070ec00000| PB 0x000000070ec00000| Untracked 
|  80|0x000000070ee00000, 0x000000070ee00000, 0x000000070f000000|  0%| F|  |TAMS 0x000000070ee00000| PB 0x000000070ee00000| Untracked 
|  81|0x000000070f000000, 0x000000070f000000, 0x000000070f200000|  0%| F|  |TAMS 0x000000070f000000| PB 0x000000070f000000| Untracked 
|  82|0x000000070f200000, 0x000000070f200000, 0x000000070f400000|  0%| F|  |TAMS 0x000000070f200000| PB 0x000000070f200000| Untracked 
|  83|0x000000070f400000, 0x000000070f400000, 0x000000070f600000|  0%| F|  |TAMS 0x000000070f400000| PB 0x000000070f400000| Untracked 
|  84|0x000000070f600000, 0x000000070f600000, 0x000000070f800000|  0%| F|  |TAMS 0x000000070f600000| PB 0x000000070f600000| Untracked 
|  85|0x000000070f800000, 0x000000070f800000, 0x000000070fa00000|  0%| F|  |TAMS 0x000000070f800000| PB 0x000000070f800000| Untracked 
|  86|0x000000070fa00000, 0x000000070fa00000, 0x000000070fc00000|  0%| F|  |TAMS 0x000000070fa00000| PB 0x000000070fa00000| Untracked 
|  87|0x000000070fc00000, 0x000000070fc00000, 0x000000070fe00000|  0%| F|  |TAMS 0x000000070fc00000| PB 0x000000070fc00000| Untracked 
|  88|0x000000070fe00000, 0x000000070fe00000, 0x0000000710000000|  0%| F|  |TAMS 0x000000070fe00000| PB 0x000000070fe00000| Untracked 
|  89|0x0000000710000000, 0x0000000710000000, 0x0000000710200000|  0%| F|  |TAMS 0x0000000710000000| PB 0x0000000710000000| Untracked 
|  90|0x0000000710200000, 0x0000000710200000, 0x0000000710400000|  0%| F|  |TAMS 0x0000000710200000| PB 0x0000000710200000| Untracked 
|  91|0x0000000710400000, 0x0000000710400000, 0x0000000710600000|  0%| F|  |TAMS 0x0000000710400000| PB 0x0000000710400000| Untracked 
|  92|0x0000000710600000, 0x0000000710600000, 0x0000000710800000|  0%| F|  |TAMS 0x0000000710600000| PB 0x0000000710600000| Untracked 
|  93|0x0000000710800000, 0x0000000710800000, 0x0000000710a00000|  0%| F|  |TAMS 0x0000000710800000| PB 0x0000000710800000| Untracked 
|  94|0x0000000710a00000, 0x0000000710a00000, 0x0000000710c00000|  0%| F|  |TAMS 0x0000000710a00000| PB 0x0000000710a00000| Untracked 
|  95|0x0000000710c00000, 0x0000000710c00000, 0x0000000710e00000|  0%| F|  |TAMS 0x0000000710c00000| PB 0x0000000710c00000| Untracked 
|  96|0x0000000710e00000, 0x0000000710e00000, 0x0000000711000000|  0%| F|  |TAMS 0x0000000710e00000| PB 0x0000000710e00000| Untracked 
|  97|0x0000000711000000, 0x0000000711000000, 0x0000000711200000|  0%| F|  |TAMS 0x0000000711000000| PB 0x0000000711000000| Untracked 
|  98|0x0000000711200000, 0x0000000711200000, 0x0000000711400000|  0%| F|  |TAMS 0x0000000711200000| PB 0x0000000711200000| Untracked 
|  99|0x0000000711400000, 0x0000000711400000, 0x0000000711600000|  0%| F|  |TAMS 0x0000000711400000| PB 0x0000000711400000| Untracked 
| 100|0x0000000711600000, 0x0000000711600000, 0x0000000711800000|  0%| F|  |TAMS 0x0000000711600000| PB 0x0000000711600000| Untracked 
| 101|0x0000000711800000, 0x0000000711800000, 0x0000000711a00000|  0%| F|  |TAMS 0x0000000711800000| PB 0x0000000711800000| Untracked 
| 102|0x0000000711a00000, 0x0000000711a00000, 0x0000000711c00000|  0%| F|  |TAMS 0x0000000711a00000| PB 0x0000000711a00000| Untracked 
| 103|0x0000000711c00000, 0x0000000711c00000, 0x0000000711e00000|  0%| F|  |TAMS 0x0000000711c00000| PB 0x0000000711c00000| Untracked 
| 104|0x0000000711e00000, 0x0000000711e00000, 0x0000000712000000|  0%| F|  |TAMS 0x0000000711e00000| PB 0x0000000711e00000| Untracked 
| 105|0x0000000712000000, 0x0000000712000000, 0x0000000712200000|  0%| F|  |TAMS 0x0000000712000000| PB 0x0000000712000000| Untracked 
| 106|0x0000000712200000, 0x0000000712200000, 0x0000000712400000|  0%| F|  |TAMS 0x0000000712200000| PB 0x0000000712200000| Untracked 
| 107|0x0000000712400000, 0x0000000712400000, 0x0000000712600000|  0%| F|  |TAMS 0x0000000712400000| PB 0x0000000712400000| Untracked 
| 108|0x0000000712600000, 0x0000000712600000, 0x0000000712800000|  0%| F|  |TAMS 0x0000000712600000| PB 0x0000000712600000| Untracked 
| 109|0x0000000712800000, 0x0000000712800000, 0x0000000712a00000|  0%| F|  |TAMS 0x0000000712800000| PB 0x0000000712800000| Untracked 
| 110|0x0000000712a00000, 0x0000000712a00000, 0x0000000712c00000|  0%| F|  |TAMS 0x0000000712a00000| PB 0x0000000712a00000| Untracked 
| 111|0x0000000712c00000, 0x0000000712c00000, 0x0000000712e00000|  0%| F|  |TAMS 0x0000000712c00000| PB 0x0000000712c00000| Untracked 
| 112|0x0000000712e00000, 0x0000000712e00000, 0x0000000713000000|  0%| F|  |TAMS 0x0000000712e00000| PB 0x0000000712e00000| Untracked 
| 113|0x0000000713000000, 0x00000007131bc010, 0x0000000713200000| 86%| S|CS|TAMS 0x0000000713000000| PB 0x0000000713000000| Complete 
| 114|0x0000000713200000, 0x0000000713400000, 0x0000000713400000|100%| S|CS|TAMS 0x0000000713200000| PB 0x0000000713200000| Complete 
| 115|0x0000000713400000, 0x0000000713400000, 0x0000000713600000|  0%| F|  |TAMS 0x0000000713400000| PB 0x0000000713400000| Untracked 
| 116|0x0000000713600000, 0x0000000713600000, 0x0000000713800000|  0%| F|  |TAMS 0x0000000713600000| PB 0x0000000713600000| Untracked 
| 117|0x0000000713800000, 0x0000000713800000, 0x0000000713a00000|  0%| F|  |TAMS 0x0000000713800000| PB 0x0000000713800000| Untracked 
| 118|0x0000000713a00000, 0x0000000713a00000, 0x0000000713c00000|  0%| F|  |TAMS 0x0000000713a00000| PB 0x0000000713a00000| Untracked 
| 119|0x0000000713c00000, 0x0000000713c00000, 0x0000000713e00000|  0%| F|  |TAMS 0x0000000713c00000| PB 0x0000000713c00000| Untracked 
| 120|0x0000000713e00000, 0x0000000713e00000, 0x0000000714000000|  0%| F|  |TAMS 0x0000000713e00000| PB 0x0000000713e00000| Untracked 
| 121|0x0000000714000000, 0x0000000714000000, 0x0000000714200000|  0%| F|  |TAMS 0x0000000714000000| PB 0x0000000714000000| Untracked 
| 122|0x0000000714200000, 0x00000007142fe748, 0x0000000714400000| 49%| E|  |TAMS 0x0000000714200000| PB 0x0000000714200000| Complete 
| 123|0x0000000714400000, 0x0000000714600000, 0x0000000714600000|100%| E|CS|TAMS 0x0000000714400000| PB 0x0000000714400000| Complete 
| 124|0x0000000714600000, 0x0000000714800000, 0x0000000714800000|100%| E|CS|TAMS 0x0000000714600000| PB 0x0000000714600000| Complete 
| 125|0x0000000714800000, 0x0000000714a00000, 0x0000000714a00000|100%| E|CS|TAMS 0x0000000714800000| PB 0x0000000714800000| Complete 

Card table byte_map: [0x000001dd7e850000,0x000001dd7f030000] _byte_map_base: 0x000001dd7b029000

Marking Bits: (CMBitMap*) 0x000001dd7d56ebf0
 Bits: [0x000001dd173a0000, 0x000001dd1b268000)

Polling page: 0x000001dd7b4d0000

Metaspace:

Usage:
  Non-class:      6.76 MB used.
      Class:    773.57 KB used.
       Both:      7.51 MB used.

Virtual space:
  Non-class space:       64.00 MB reserved,       6.81 MB ( 11%) committed,  1 nodes.
      Class space:        1.00 GB reserved,     896.00 KB ( <1%) committed,  1 nodes.
             Both:        1.06 GB reserved,       7.69 MB ( <1%) committed. 

Chunk freelists:
   Non-Class:  9.00 MB
       Class:  15.11 MB
        Both:  24.11 MB

MaxMetaspaceSize: unlimited
CompressedClassSpaceSize: 1.00 GB
Initial GC threshold: 21.00 MB
Current GC threshold: 21.00 MB
CDS: on
 - commit_granule_bytes: 65536.
 - commit_granule_words: 8192.
 - virtual_space_node_default_size: 8388608.
 - enlarge_chunks_in_place: 1.
 - use_allocation_guard: 0.


Internal statistics:

num_allocs_failed_limit: 0.
num_arena_births: 152.
num_arena_deaths: 0.
num_vsnodes_births: 2.
num_vsnodes_deaths: 0.
num_space_committed: 123.
num_space_uncommitted: 0.
num_chunks_returned_to_freelist: 0.
num_chunks_taken_from_freelist: 190.
num_chunk_merges: 0.
num_chunk_splits: 112.
num_chunks_enlarged: 43.
num_inconsistent_stats: 0.

CodeHeap 'non-profiled nmethods': size=119168Kb used=469Kb max_used=469Kb free=118698Kb
 bounds [0x000001dd0ff40000, 0x000001dd101b0000, 0x000001dd173a0000]
CodeHeap 'profiled nmethods': size=119104Kb used=2845Kb max_used=2845Kb free=116258Kb
 bounds [0x000001dd083a0000, 0x000001dd08670000, 0x000001dd0f7f0000]
CodeHeap 'non-nmethods': size=7488Kb used=1537Kb max_used=3257Kb free=5950Kb
 bounds [0x000001dd0f7f0000, 0x000001dd0fb30000, 0x000001dd0ff40000]
 total_blobs=2200 nmethods=1592 adapters=513
 compilation: enabled
              stopped_count=0, restarted_count=0
 full_count=0

Compilation events (20 events):
Event: 162920.674 Thread 0x000001dd1d671740 nmethod 1583 0x000001dd08663410 code [0x000001dd086635c0, 0x000001dd08663778]
Event: 162920.675 Thread 0x000001dd1d66fb50 1584  s    4       sun.awt.Win32GraphicsConfig::displayChanged (6 bytes)
Event: 162920.677 Thread 0x000001dd1d66fb50 nmethod 1584 0x000001dd0ffb3c10 code [0x000001dd0ffb3da0, 0x000001dd0ffb3fc8]
Event: 162927.395 Thread 0x000001dd1d66fb50 1585   !   4       sun.awt.AWTAutoShutdown::setToolkitBusy (124 bytes)
Event: 162927.397 Thread 0x000001dd1d66fb50 nmethod 1585 0x000001dd0ffb4090 code [0x000001dd0ffb4260, 0x000001dd0ffb4828]
Event: 163487.049 Thread 0x000001dd1d671740 1586       3       java.util.ComparableTimSort::mergeLo (656 bytes)
Event: 163487.056 Thread 0x000001dd1d671740 nmethod 1586 0x000001dd08663810 code [0x000001dd08663be0, 0x000001dd08666358]
Event: 165701.047 Thread 0x000001dd1d671740 1587       3       java.util.WeakHashMap::indexFor (6 bytes)
Event: 165701.047 Thread 0x000001dd1d671740 nmethod 1587 0x000001dd08666b10 code [0x000001dd08666ca0, 0x000001dd08666d98]
Event: 170894.335 Thread 0x000001dd1d66fb50 1588       4       jdk.internal.misc.Unsafe::weakCompareAndSetInt (11 bytes)
Event: 170894.336 Thread 0x000001dd1d66fb50 nmethod 1588 0x000001dd0ffb4b90 code [0x000001dd0ffb4d20, 0x000001dd0ffb4db8]
Event: 171248.804 Thread 0x000001dd1d671740 1589       3       java.awt.geom.Rectangle2D::<init> (5 bytes)
Event: 171248.805 Thread 0x000001dd1d671740 nmethod 1589 0x000001dd08666e10 code [0x000001dd08666fc0, 0x000001dd08667188]
Event: 171248.805 Thread 0x000001dd1d671740 1590       3       java.awt.geom.RectangularShape::<init> (5 bytes)
Event: 171248.805 Thread 0x000001dd1d671740 nmethod 1590 0x000001dd08667290 code [0x000001dd08667440, 0x000001dd086675a8]
Event: 177809.300 Thread 0x000001dd1d66fb50 1591       4       java.lang.ref.Reference::refersToImpl (6 bytes)
Event: 177809.303 Thread 0x000001dd1d66fb50 nmethod 1591 0x000001dd0ffb4e90 code [0x000001dd0ffb5020, 0x000001dd0ffb50b8]
Event: 177809.303 Thread 0x000001dd1d66fb50 1592       4       java.lang.ref.Reference::refersTo (6 bytes)
Event: 177809.307 Thread 0x000001dd1d66fb50 nmethod 1592 0x000001dd0ffb5190 code [0x000001dd0ffb5320, 0x000001dd0ffb5400]
Event: 177809.308 Thread 0x000001dd1d66fb50 1593  s    4       sun.java2d.loops.GraphicsPrimitiveMgr::locatePrim (95 bytes)

GC Heap History (2 events):
Event: 0.358 GC heap before
{Heap before GC invocations=0 (full 0):
 garbage-first heap   total 258048K, used 38912K [0x0000000704e00000, 0x0000000800000000)
  region size 2048K, 11 young (22528K), 0 survivors (0K)
 Metaspace       used 7251K, committed 7424K, reserved 1114112K
  class space    used 744K, committed 832K, reserved 1048576K
}
Event: 0.361 GC heap after
{Heap after GC invocations=1 (full 0):
 garbage-first heap   total 258048K, used 20208K [0x0000000704e00000, 0x0000000800000000)
  region size 2048K, 2 young (4096K), 2 survivors (4096K)
 Metaspace       used 7251K, committed 7424K, reserved 1114112K
  class space    used 744K, committed 832K, reserved 1048576K
}

Dll operation events (10 events):
Event: 0.004 Loaded shared library C:\Program Files\Java\jdk-21\bin\java.dll
Event: 0.029 Loaded shared library C:\Program Files\Java\jdk-21\bin\jsvml.dll
Event: 0.050 Loaded shared library C:\Program Files\Java\jdk-21\bin\jimage.dll
Event: 0.053 Loaded shared library C:\Program Files\Java\jdk-21\bin\net.dll
Event: 0.054 Loaded shared library C:\Program Files\Java\jdk-21\bin\nio.dll
Event: 0.055 Loaded shared library C:\Program Files\Java\jdk-21\bin\zip.dll
Event: 0.066 Loaded shared library C:\Program Files\Java\jdk-21\bin\awt.dll
Event: 0.170 Loaded shared library C:\Program Files\Java\jdk-21\bin\javajpeg.dll
Event: 0.213 Loaded shared library C:\Program Files\Java\jdk-21\bin\freetype.dll
Event: 0.214 Loaded shared library C:\Program Files\Java\jdk-21\bin\fontmanager.dll

Deoptimization events (20 events):
Event: 74263.623 Thread 0x000001dd1db55060 Uncommon trap: trap_request=0xffffff76 fr.pc=0x000001dd0ffa8770 relative=0x0000000000000230
Event: 74263.623 Thread 0x000001dd1db55060 Uncommon trap: reason=predicate action=maybe_recompile pc=0x000001dd0ffa8770 method=java.util.HashMap.keysToArray([Ljava/lang/Object;)[Ljava/lang/Object; @ 48 c2
Event: 74263.623 Thread 0x000001dd1db55060 DEOPT PACKING pc=0x000001dd0ffa8770 sp=0x000000a4568fe610
Event: 74263.623 Thread 0x000001dd1db55060 DEOPT UNPACKING pc=0x000001dd0f8446a2 sp=0x000000a4568fe5b8 mode 2
Event: 74268.051 Thread 0x000001dd1db55060 Uncommon trap: trap_request=0xffffffd6 fr.pc=0x000001dd0ffa90d8 relative=0x0000000000000498
Event: 74268.051 Thread 0x000001dd1db55060 Uncommon trap: reason=array_check action=maybe_recompile pc=0x000001dd0ffa90d8 method=java.util.HashMap.keysToArray([Ljava/lang/Object;)[Ljava/lang/Object; @ 62 c2
Event: 74268.051 Thread 0x000001dd1db55060 DEOPT PACKING pc=0x000001dd0ffa90d8 sp=0x000000a4568fe630
Event: 74268.051 Thread 0x000001dd1db55060 DEOPT UNPACKING pc=0x000001dd0f8446a2 sp=0x000000a4568fe5d8 mode 2
Event: 76217.102 Thread 0x000001dd1db55060 Uncommon trap: trap_request=0xffffffd6 fr.pc=0x000001dd0ffa90d8 relative=0x0000000000000498
Event: 76217.102 Thread 0x000001dd1db55060 Uncommon trap: reason=array_check action=maybe_recompile pc=0x000001dd0ffa90d8 method=java.util.HashMap.keysToArray([Ljava/lang/Object;)[Ljava/lang/Object; @ 62 c2
Event: 76217.102 Thread 0x000001dd1db55060 DEOPT PACKING pc=0x000001dd0ffa90d8 sp=0x000000a4568fe600
Event: 76217.102 Thread 0x000001dd1db55060 DEOPT UNPACKING pc=0x000001dd0f8446a2 sp=0x000000a4568fe5a8 mode 2
Event: 76217.352 Thread 0x000001dd1db55060 Uncommon trap: trap_request=0xffffffd6 fr.pc=0x000001dd0ffa90d8 relative=0x0000000000000498
Event: 76217.352 Thread 0x000001dd1db55060 Uncommon trap: reason=array_check action=maybe_recompile pc=0x000001dd0ffa90d8 method=java.util.HashMap.keysToArray([Ljava/lang/Object;)[Ljava/lang/Object; @ 62 c2
Event: 76217.352 Thread 0x000001dd1db55060 DEOPT PACKING pc=0x000001dd0ffa90d8 sp=0x000000a4568fe630
Event: 76217.352 Thread 0x000001dd1db55060 DEOPT UNPACKING pc=0x000001dd0f8446a2 sp=0x000000a4568fe5d8 mode 2
Event: 76217.525 Thread 0x000001dd1db55060 Uncommon trap: trap_request=0xffffffd6 fr.pc=0x000001dd0ffa90d8 relative=0x0000000000000498
Event: 76217.525 Thread 0x000001dd1db55060 Uncommon trap: reason=array_check action=maybe_recompile pc=0x000001dd0ffa90d8 method=java.util.HashMap.keysToArray([Ljava/lang/Object;)[Ljava/lang/Object; @ 62 c2
Event: 76217.525 Thread 0x000001dd1db55060 DEOPT PACKING pc=0x000001dd0ffa90d8 sp=0x000000a4568fe600
Event: 76217.525 Thread 0x000001dd1db55060 DEOPT UNPACKING pc=0x000001dd0f8446a2 sp=0x000000a4568fe5a8 mode 2

Classes loaded (20 events):
Event: 0.490 Loading class java/awt/event/AWTEventListenerProxy
Event: 0.490 Loading class java/awt/event/AWTEventListenerProxy done
Event: 0.490 Loading class java/awt/Toolkit$SelectiveAWTEventListener
Event: 0.490 Loading class java/awt/Toolkit$SelectiveAWTEventListener done
Event: 0.490 Loading class java/awt/Toolkit$ToolkitEventMulticaster
Event: 0.490 Loading class java/awt/Toolkit$ToolkitEventMulticaster done
Event: 0.490 Loading class java/awt/event/MouseWheelEvent
Event: 0.490 Loading class java/awt/event/MouseWheelEvent done
Event: 3.696 Loading class java/awt/LightweightDispatcher$2
Event: 3.696 Loading class java/awt/LightweightDispatcher$2 done
Event: 5.608 Loading class java/awt/KeyboardFocusManager$2
Event: 5.608 Loading class java/awt/KeyboardFocusManager$2 done
Event: 5.609 Loading class sun/awt/SunToolkit$1
Event: 5.609 Loading class sun/awt/SunToolkit$1 done
Event: 573.235 Loading class java/util/WeakHashMap$KeyIterator
Event: 573.235 Loading class java/util/WeakHashMap$HashIterator
Event: 573.236 Loading class java/util/WeakHashMap$HashIterator done
Event: 573.236 Loading class java/util/WeakHashMap$KeyIterator done
Event: 573.236 Loading class javax/swing/RepaintManager$DisplayChangedRunnable
Event: 573.236 Loading class javax/swing/RepaintManager$DisplayChangedRunnable done

Classes unloaded (0 events):
No events

Classes redefined (0 events):
No events

Internal exceptions (12 events):
Event: 0.059 Thread 0x000001dd7b308400 Exception <a 'java/lang/ClassNotFoundException'{0x00000007146ab9f8}: sun/awt/resources/spi/awtProvider> (0x00000007146ab9f8) 
thrown [s\open\src\hotspot\share\classfile\systemDictionary.cpp, line 312]
Event: 0.072 Thread 0x000001dd7b308400 Exception <a 'java/io/FileNotFoundException'{0x00000007147055b8}> (0x00000007147055b8) 
thrown [s\open\src\hotspot\share\prims\jni.cpp, line 520]
Event: 0.076 Thread 0x000001dd7b308400 Exception <a 'java/io/FileNotFoundException'{0x000000071472f5b0}> (0x000000071472f5b0) 
thrown [s\open\src\hotspot\share\prims\jni.cpp, line 520]
Event: 0.119 Thread 0x000001dd7b308400 Exception <a 'java/lang/NoSuchMethodError'{0x00000007144759c0}: 'void java.lang.invoke.DirectMethodHandle$Holder.invokeSpecial(java.lang.Object, java.lang.Object, java.lang.Object)'> (0x00000007144759c0) 
thrown [s\open\src\hotspot\share\interpreter\linkResolver.cpp, line 773]
Event: 0.123 Thread 0x000001dd7b308400 Exception <a 'java/lang/NoSuchMethodError'{0x000000071449b3c0}: 'java.lang.Object java.lang.invoke.DirectMethodHandle$Holder.newInvokeSpecial(java.lang.Object, java.lang.Object, java.lang.Object, java.lang.Object, java.lang.Object)'> (0x000000071449b3c0) 
thrown [s\open\src\hotspot\share\interpreter\linkResolver.cpp, line 773]
Event: 0.126 Thread 0x000001dd7b308400 Exception <a 'java/lang/NoSuchMethodError'{0x00000007144c6f48}: 'java.lang.Object java.lang.invoke.DirectMethodHandle$Holder.invokeStatic(java.lang.Object, int, java.lang.Object)'> (0x00000007144c6f48) 
thrown [s\open\src\hotspot\share\interpreter\linkResolver.cpp, line 773]
Event: 0.136 Thread 0x000001dd7b308400 Exception <a 'java/lang/ClassNotFoundException'{0x00000007145d7358}: com/sun/swing/internal/plaf/metal/resources/spi/metalProvider> (0x00000007145d7358) 
thrown [s\open\src\hotspot\share\classfile\systemDictionary.cpp, line 312]
Event: 0.136 Thread 0x000001dd7b308400 Exception <a 'java/lang/ClassNotFoundException'{0x00000007145db298}: com/sun/swing/internal/plaf/basic/resources/spi/basicProvider> (0x00000007145db298) 
thrown [s\open\src\hotspot\share\classfile\systemDictionary.cpp, line 312]
Event: 0.141 Thread 0x000001dd7b308400 Exception <a 'java/lang/NoSuchMethodError'{0x00000007145faa10}: 'int java.lang.invoke.Invokers$Holder.invokeExact_MT(java.lang.Object, java.lang.Object)'> (0x00000007145faa10) 
thrown [s\open\src\hotspot\share\interpreter\linkResolver.cpp, line 773]
Event: 0.171 Thread 0x000001dd1dba25f0 Exception <a 'java/lang/NoSuchMethodError'{0x0000000714089848}: 'java.lang.Object java.lang.invoke.DirectMethodHandle$Holder.newInvokeSpecial(java.lang.Object, java.lang.Object, java.lang.Object, int, int, int, int, int)'> (0x0000000714089848) 
thrown [s\open\src\hotspot\share\interpreter\linkResolver.cpp, line 773]
Event: 0.204 Thread 0x000001dd1db55060 Exception <a 'java/lang/NoSuchMethodError'{0x000000071440e618}: 'void java.lang.invoke.DirectMethodHandle$Holder.invokeVirtual(java.lang.Object, java.lang.Object)'> (0x000000071440e618) 
thrown [s\open\src\hotspot\share\interpreter\linkResolver.cpp, line 773]
Event: 0.211 Thread 0x000001dd7b308400 Exception <a 'java/lang/NoSuchMethodError'{0x000000071422ca38}: 'void java.lang.invoke.DirectMethodHandle$Holder.invokeStaticInit(java.lang.Object)'> (0x000000071422ca38) 
thrown [s\open\src\hotspot\share\interpreter\linkResolver.cpp, line 773]

ZGC Phase Switch (0 events):
No events

VM Operations (20 events):
Event: 79213.691 Executing VM operation: Cleanup
Event: 79213.691 Executing VM operation: Cleanup done
Event: 81316.201 Executing VM operation: Cleanup
Event: 81316.201 Executing VM operation: Cleanup done
Event: 87079.162 Executing VM operation: Cleanup
Event: 87079.162 Executing VM operation: Cleanup done
Event: 110003.123 Executing VM operation: Cleanup
Event: 110003.124 Executing VM operation: Cleanup done
Event: 157971.622 Executing VM operation: Cleanup
Event: 157971.622 Executing VM operation: Cleanup done
Event: 158130.700 Executing VM operation: Cleanup
Event: 158130.700 Executing VM operation: Cleanup done
Event: 158454.144 Executing VM operation: Cleanup
Event: 158454.144 Executing VM operation: Cleanup done
Event: 158455.150 Executing VM operation: Cleanup
Event: 158455.150 Executing VM operation: Cleanup done
Event: 159007.582 Executing VM operation: Cleanup
Event: 159007.582 Executing VM operation: Cleanup done
Event: 161725.888 Executing VM operation: Cleanup
Event: 161725.888 Executing VM operation: Cleanup done

Events (20 events):
Event: 0.028 Thread 0x000001dd1d66fb50 Thread added: 0x000001dd1d66fb50
Event: 0.028 Thread 0x000001dd1d671740 Thread added: 0x000001dd1d671740
Event: 0.035 Thread 0x000001dd1d620e60 Thread added: 0x000001dd1d620e60
Event: 0.038 Thread 0x000001dd1d995c20 Thread added: 0x000001dd1d995c20
Event: 0.039 Thread 0x000001dd1d999080 Thread added: 0x000001dd1d999080
Event: 0.100 Thread 0x000001dd1db485c0 Thread added: 0x000001dd1db485c0
Event: 0.100 Thread 0x000001dd1db4df10 Thread added: 0x000001dd1db4df10
Event: 0.101 Thread 0x000001dd1db55060 Thread added: 0x000001dd1db55060
Event: 0.145 Thread 0x000001dd1dba25f0 Thread added: 0x000001dd1dba25f0
Event: 0.150 Thread 0x000001dd1dbb2880 Thread added: 0x000001dd1dbb2880
Event: 0.150 Thread 0x000001dd1dbb59f0 Thread added: 0x000001dd1dbb59f0
Event: 0.160 Thread 0x000001dd65ab99e0 Thread added: 0x000001dd65ab99e0
Event: 0.205 Thread 0x000001dd65c35780 Thread added: 0x000001dd65c35780
Event: 0.248 Thread 0x000001dd7b308400 Thread exited: 0x000001dd7b308400
Event: 0.248 Thread 0x000001dd7b308400 Thread added: 0x000001dd7b308400
Event: 0.489 Thread 0x000001dd65ab99e0 Thread exited: 0x000001dd65ab99e0
Event: 2.923 Thread 0x000001dd1dbb59f0 Thread exited: 0x000001dd1dbb59f0
Event: 3.034 Thread 0x000001dd1dbb2880 Thread exited: 0x000001dd1dbb2880
Event: 5.209 Thread 0x000001dd1dba25f0 Thread exited: 0x000001dd1dba25f0
Event: 5.620 Thread 0x000001dd1d620e60 Thread exited: 0x000001dd1d620e60


Dynamic libraries:
0x00007ff6dee10000 - 0x00007ff6dee20000 	C:\Program Files\Java\jdk-21\bin\javaw.exe
0x00007ffcfd3d0000 - 0x00007ffcfd5e7000 	C:\WINDOWS\SYSTEM32\ntdll.dll
0x00007ffcfc490000 - 0x00007ffcfc554000 	C:\WINDOWS\System32\KERNEL32.DLL
0x00007ffcfaac0000 - 0x00007ffcfae66000 	C:\WINDOWS\System32\KERNELBASE.dll
0x00007ffcfaee0000 - 0x00007ffcfaff1000 	C:\WINDOWS\System32\ucrtbase.dll
0x00007ffcee580000 - 0x00007ffcee599000 	C:\Program Files\Java\jdk-21\bin\jli.dll
0x00007ffcfb1b0000 - 0x00007ffcfb263000 	C:\WINDOWS\System32\ADVAPI32.dll
0x00007ffcfb610000 - 0x00007ffcfb6b7000 	C:\WINDOWS\System32\msvcrt.dll
0x00007ffcfb6c0000 - 0x00007ffcfb768000 	C:\WINDOWS\System32\sechost.dll
0x00007ffcee560000 - 0x00007ffcee57b000 	C:\Program Files\Java\jdk-21\bin\VCRUNTIME140.dll
0x00007ffcfaa90000 - 0x00007ffcfaab8000 	C:\WINDOWS\System32\bcrypt.dll
0x00007ffcfd270000 - 0x00007ffcfd387000 	C:\WINDOWS\System32\RPCRT4.dll
0x00007ffcfc9e0000 - 0x00007ffcfcb8e000 	C:\WINDOWS\System32\USER32.dll
0x00007ffcfa710000 - 0x00007ffcfa736000 	C:\WINDOWS\System32\win32u.dll
0x00007ffcfb860000 - 0x00007ffcfb889000 	C:\WINDOWS\System32\GDI32.dll
0x00007ffcd9000000 - 0x00007ffcd9293000 	C:\WINDOWS\WinSxS\amd64_microsoft.windows.common-controls_6595b64144ccf1df_6.0.22621.2506_none_270c5ae97388e100\COMCTL32.dll
0x00007ffcfb000000 - 0x00007ffcfb118000 	C:\WINDOWS\System32\gdi32full.dll
0x00007ffcfa740000 - 0x00007ffcfa7da000 	C:\WINDOWS\System32\msvcp_win.dll
0x00007ffcee850000 - 0x00007ffcee85a000 	C:\WINDOWS\SYSTEM32\VERSION.dll
0x00007ffcfc830000 - 0x00007ffcfc861000 	C:\WINDOWS\System32\IMM32.DLL
0x00007ffcf2bf0000 - 0x00007ffcf2bfc000 	C:\Program Files\Java\jdk-21\bin\vcruntime140_1.dll
0x00007ffcd6160000 - 0x00007ffcd61ee000 	C:\Program Files\Java\jdk-21\bin\msvcp140.dll
0x00007ffc343b0000 - 0x00007ffc350c7000 	C:\Program Files\Java\jdk-21\bin\server\jvm.dll
0x00007ffcfc7b0000 - 0x00007ffcfc821000 	C:\WINDOWS\System32\WS2_32.dll
0x00007ffcee1d0000 - 0x00007ffcee204000 	C:\WINDOWS\SYSTEM32\WINMM.dll
0x00007ffcf9560000 - 0x00007ffcf95ad000 	C:\WINDOWS\SYSTEM32\POWRPROF.dll
0x00007ffcf9540000 - 0x00007ffcf9553000 	C:\WINDOWS\SYSTEM32\UMPDC.dll
0x00007ffcf9810000 - 0x00007ffcf9828000 	C:\WINDOWS\SYSTEM32\kernel.appcore.dll
0x00007ffcf2ad0000 - 0x00007ffcf2ada000 	C:\Program Files\Java\jdk-21\bin\jimage.dll
0x00007ffcf7cb0000 - 0x00007ffcf7ee3000 	C:\WINDOWS\SYSTEM32\DBGHELP.DLL
0x00007ffcfc100000 - 0x00007ffcfc489000 	C:\WINDOWS\System32\combase.dll
0x00007ffcfb770000 - 0x00007ffcfb847000 	C:\WINDOWS\System32\OLEAUT32.dll
0x00007ffcec3b0000 - 0x00007ffcec3e2000 	C:\WINDOWS\SYSTEM32\dbgcore.DLL
0x00007ffcfa8a0000 - 0x00007ffcfa91a000 	C:\WINDOWS\System32\bcryptPrimitives.dll
0x00007ffcec510000 - 0x00007ffcec52f000 	C:\Program Files\Java\jdk-21\bin\java.dll
0x00007ffcfb890000 - 0x00007ffcfc0eb000 	C:\WINDOWS\System32\SHELL32.dll
0x00007ffcf8630000 - 0x00007ffcf8f26000 	C:\WINDOWS\SYSTEM32\windows.storage.dll
0x00007ffcf84f0000 - 0x00007ffcf862e000 	C:\WINDOWS\SYSTEM32\wintypes.dll
0x00007ffcfb370000 - 0x00007ffcfb463000 	C:\WINDOWS\System32\SHCORE.dll
0x00007ffcfc720000 - 0x00007ffcfc77e000 	C:\WINDOWS\System32\shlwapi.dll
0x00007ffcfa640000 - 0x00007ffcfa666000 	C:\WINDOWS\SYSTEM32\profapi.dll
0x00007ffccf5a0000 - 0x00007ffccf677000 	C:\Program Files\Java\jdk-21\bin\jsvml.dll
0x00007ffcf2a40000 - 0x00007ffcf2a50000 	C:\Program Files\Java\jdk-21\bin\net.dll
0x00007ffcf1180000 - 0x00007ffcf12b7000 	C:\WINDOWS\SYSTEM32\WINHTTP.dll
0x00007ffcf9c80000 - 0x00007ffcf9ce9000 	C:\WINDOWS\system32\mswsock.dll
0x00007ffcddba0000 - 0x00007ffcddbb6000 	C:\Program Files\Java\jdk-21\bin\nio.dll
0x00007ffcddb00000 - 0x00007ffcddb18000 	C:\Program Files\Java\jdk-21\bin\zip.dll
0x00007ffca55e0000 - 0x00007ffca576f000 	C:\Program Files\Java\jdk-21\bin\awt.dll
0x00007ffcf4940000 - 0x00007ffcf49d7000 	C:\WINDOWS\SYSTEM32\apphelp.dll
0x00007ffcf7280000 - 0x00007ffcf72ab000 	C:\WINDOWS\system32\DWMAPI.DLL
0x00007ffcf4a80000 - 0x00007ffcf4b2b000 	C:\WINDOWS\system32\uxtheme.dll
0x00007ffca3740000 - 0x00007ffca3840000 	C:\WINDOWS\system32\opengl32.dll
0x00007ffcd81e0000 - 0x00007ffcd820d000 	C:\WINDOWS\SYSTEM32\GLU32.dll
0x00007ffcf79a0000 - 0x00007ffcf79d9000 	C:\WINDOWS\SYSTEM32\dxcore.dll
0x00007ffcfc880000 - 0x00007ffcfc9d1000 	C:\WINDOWS\System32\MSCTF.dll
0x00007ffcfb470000 - 0x00007ffcfb610000 	C:\WINDOWS\System32\ole32.dll
0x00007ffcd6540000 - 0x00007ffcd656e000 	C:\Program Files\Java\jdk-21\bin\javajpeg.dll
0x00007ffcc0870000 - 0x00007ffcc08f7000 	C:\Program Files\Java\jdk-21\bin\freetype.dll
0x00007ffca5340000 - 0x00007ffca5422000 	C:\Program Files\Java\jdk-21\bin\fontmanager.dll
0x00007ffcdb4c0000 - 0x00007ffcdb60a000 	C:\WINDOWS\SYSTEM32\textinputframework.dll
0x00007ffcf4660000 - 0x00007ffcf4794000 	C:\WINDOWS\SYSTEM32\CoreMessaging.dll
0x00007ffcf02e0000 - 0x00007ffcf064c000 	C:\WINDOWS\SYSTEM32\CoreUIComponents.dll
0x00007ffcf9ee0000 - 0x00007ffcf9eec000 	C:\WINDOWS\SYSTEM32\CRYPTBASE.DLL
0x00007ffccc910000 - 0x00007ffccc9c0000 	C:\WINDOWS\SYSTEM32\TextShaping.dll

dbghelp: loaded successfully - version: 4.0.5 - missing functions: none
symbol engine: initialized successfully - sym options: 0x614 - pdb path: .;C:\Program Files\Java\jdk-21\bin;C:\WINDOWS\SYSTEM32;C:\WINDOWS\WinSxS\amd64_microsoft.windows.common-controls_6595b64144ccf1df_6.0.22621.2506_none_270c5ae97388e100;C:\Program Files\Java\jdk-21\bin\server

VM Arguments:
jvm_args: -Dfile.encoding=UTF-8 -Dstdout.encoding=UTF-8 -Dstderr.encoding=UTF-8 -XX:+ShowCodeDetailsInExceptionMessages 
java_command: BankManagementSystem.Transactions
java_class_path (initial): C:\Users\amrit\git\JavaBankManagement\BankManagementSystem\bin;C:\Users\amrit\Downloads\jcalendar-tz-1.3.3-4.jar;C:\Users\amrit\Downloads\mysql-connector-java-8.0.28.jar
Launcher Type: SUN_STANDARD

[Global flags]
     intx CICompilerCount                          = 12                                        {product} {ergonomic}
     uint ConcGCThreads                            = 4                                         {product} {ergonomic}
     uint G1ConcRefinementThreads                  = 15                                        {product} {ergonomic}
   size_t G1HeapRegionSize                         = 2097152                                   {product} {ergonomic}
    uintx GCDrainStackTargetSize                   = 64                                        {product} {ergonomic}
   size_t InitialHeapSize                          = 264241152                                 {product} {ergonomic}
   size_t MarkStackSize                            = 4194304                                   {product} {ergonomic}
   size_t MaxHeapSize                              = 4213178368                                {product} {ergonomic}
   size_t MaxNewSize                               = 2527068160                                {product} {ergonomic}
   size_t MinHeapDeltaBytes                        = 2097152                                   {product} {ergonomic}
   size_t MinHeapSize                              = 8388608                                   {product} {ergonomic}
    uintx NonNMethodCodeHeapSize                   = 7602480                                {pd product} {ergonomic}
    uintx NonProfiledCodeHeapSize                  = 122027880                              {pd product} {ergonomic}
    uintx ProfiledCodeHeapSize                     = 122027880                              {pd product} {ergonomic}
    uintx ReservedCodeCacheSize                    = 251658240                              {pd product} {ergonomic}
     bool SegmentedCodeCache                       = true                                      {product} {ergonomic}
     bool ShowCodeDetailsInExceptionMessages       = true                                   {manageable} {command line}
   size_t SoftMaxHeapSize                          = 4213178368                             {manageable} {ergonomic}
     bool UseCompressedOops                        = true                           {product lp64_product} {ergonomic}
     bool UseG1GC                                  = true                                      {product} {ergonomic}
     bool UseLargePagesIndividualAllocation        = false                                  {pd product} {ergonomic}

Logging:
Log output configuration:
 #0: stdout all=warning uptime,level,tags foldmultilines=false
 #1: stderr all=off uptime,level,tags foldmultilines=false

Environment Variables:
JAVA_HOME=C:\Program Files\Java\jdk-21
PATH=C:\Program Files\Common Files\Oracle\Java\javapath;C:\windows\system32;C:\windows;C:\windows\System32\Wbem;C:\windows\System32\WindowsPowerShell\v1.0\;C:\windows\System32\OpenSSH\;C:\Program Files (x86)\NVIDIA Corporation\PhysX\Common;C:\Program Files\NVIDIA Corporation\NVIDIA NvDLISR;C:\WINDOWS\system32;C:\WINDOWS;C:\WINDOWS\System32\Wbem;C:\WINDOWS\System32\WindowsPowerShell\v1.0\;C:\WINDOWS\System32\OpenSSH\;C:\Program Files\MySQL\MySQL Shell 8.0\bin\;C:\Users\amrit\AppData\Local\Microsoft\WindowsApps;
USERNAME=amrit
OS=Windows_NT
PROCESSOR_IDENTIFIER=Intel64 Family 6 Model 151 Stepping 2, GenuineIntel
TMP=C:\Users\amrit\AppData\Local\Temp
TEMP=C:\Users\amrit\AppData\Local\Temp




Periodic native trim disabled

---------------  S Y S T E M  ---------------

OS:
 Windows 11 , 64 bit Build 22621 (10.0.22621.3085)
OS uptime: 15 days 21:20 hours
Hyper-V role detected

CPU: total 20 (initial active 20) (10 cores per cpu, 2 threads per core) family 6 model 151 stepping 2 microcode 0x2e, cx8, cmov, fxsr, ht, mmx, 3dnowpref, sse, sse2, sse3, ssse3, sse4.1, sse4.2, popcnt, lzcnt, tsc, tscinvbit, avx, avx2, aes, erms, clmul, bmi1, bmi2, adx, sha, fma, vzeroupper, clflush, clflushopt, clwb, hv, serialize, rdtscp, rdpid, fsrm, f16c, cet_ibt, cet_ss
Processor Information for processor 0
  Max Mhz: 2100, Current Mhz: 2100, Mhz Limit: 2100
Processor Information for processor 1
  Max Mhz: 2100, Current Mhz: 2100, Mhz Limit: 2100
Processor Information for processor 2
  Max Mhz: 2100, Current Mhz: 2100, Mhz Limit: 2100
Processor Information for processor 3
  Max Mhz: 2100, Current Mhz: 2100, Mhz Limit: 2100
Processor Information for processor 4
  Max Mhz: 2100, Current Mhz: 2100, Mhz Limit: 2100
Processor Information for processor 5
  Max Mhz: 2100, Current Mhz: 2100, Mhz Limit: 2100
Processor Information for processor 6
  Max Mhz: 2100, Current Mhz: 2100, Mhz Limit: 2100
Processor Information for processor 7
  Max Mhz: 2100, Current Mhz: 2100, Mhz Limit: 2100
Processor Information for processor 8
  Max Mhz: 2100, Current Mhz: 2100, Mhz Limit: 2100
Processor Information for processor 9
  Max Mhz: 2100, Current Mhz: 2100, Mhz Limit: 2100
Processor Information for processor 10
  Max Mhz: 2100, Current Mhz: 2100, Mhz Limit: 2100
Processor Information for processor 11
  Max Mhz: 2100, Current Mhz: 2100, Mhz Limit: 2100
Processor Information for processor 12
  Max Mhz: 2100, Current Mhz: 2100, Mhz Limit: 2100
Processor Information for processor 13
  Max Mhz: 2100, Current Mhz: 2100, Mhz Limit: 2100
Processor Information for processor 14
  Max Mhz: 2100, Current Mhz: 2100, Mhz Limit: 2100
Processor Information for processor 15
  Max Mhz: 2100, Current Mhz: 2100, Mhz Limit: 2100
Processor Information for processor 16
  Max Mhz: 2100, Current Mhz: 1600, Mhz Limit: 1596
Processor Information for processor 17
  Max Mhz: 2100, Current Mhz: 1600, Mhz Limit: 1596
Processor Information for processor 18
  Max Mhz: 2100, Current Mhz: 1600, Mhz Limit: 1596
Processor Information for processor 19
  Max Mhz: 2100, Current Mhz: 1600, Mhz Limit: 1596

Memory: 4k page, system-wide physical 16065M (5209M free)
TotalPageFile size 65217M (AvailPageFile size 0M)
current process WorkingSet (physical memory assigned to process): 30M, peak: 110M
current process commit charge ("private bytes"): 370M, peak: 380M

vm_info: Java HotSpot(TM) 64-Bit Server VM (21.0.2+13-LTS-58) for windows-amd64 JRE (21.0.2+13-LTS-58), built on 2024-01-05T18:32:24Z by "mach5one" with MS VC++ 17.1 (VS2022)

END.
