#
# There is insufficient memory for the Java Runtime Environment to continue.
# Native memory allocation (malloc) failed to allocate 48336 bytes for Chunk::new
# Possible reasons:
#   The system is out of physical RAM or swap space
#   The process is running with CompressedOops enabled, and the Java Heap may be blocking the growth of the native heap
# Possible solutions:
#   Reduce memory load on the system
#   Increase physical memory or swap space
#   Check if swap backing store is full
#   Decrease Java heap size (-Xmx/-Xms)
#   Decrease number of Java threads
#
#  
-Dfile.encoding=UTF-8 -Dstdout.encoding=UTF-8 -Dstderr.encoding=UTF-8 -XX:+ShowCodeDetailsInExceptionMessages BankManagementSystem.Transactions

Host: 12th Gen Intel(R) Core(TM) i7-12700, 20 cores, 15G,  Windows 11 , 64 bit Build 22621 (10.0.22621.3085)
Time: Thu Mar 14 17:26:06 2024 Central Daylight Time elapsed time: 180320.736232 seconds (2d 2h 5m 20s)

---------------  T H R E A D  ---------------

Current thread (0x000002ab4d6996d0):  JavaThread "C2 CompilerThread0" daemon [_thread_in_native, id=24120, stack(0x000000ba8cb00000,0x000000ba8cc00000) (1024K)]


Current CompileTask:
C2:180320736 1280       4       java.security.AccessControlContext::optimize (319 bytes)

Stack: [0x000000ba8cb00000,0x000000ba8cc00000]
Native frames: (J=compiled Java code, j=interpreted, Vv=VM code, C=native code)
V  [jvm.dll+0x6cade9]
V  [jvm.dll+0x8569c1]
V  [jvm.dll+0x858d2e]
V  [jvm.dll+0x859413]
V  [jvm.dll+0x280e56]
V  [jvm.dll+0xc3f3d]
V  [jvm.dll+0xc4473]
V  [jvm.dll+0x2f437f]
V  [jvm.dll+0x5f5056]
V  [jvm.dll+0x252d7f]
V  [jvm.dll+0x24b589]
V  [jvm.dll+0x2490a3]
V  [jvm.dll+0x1c9634]
V  [jvm.dll+0x258859]
V  [jvm.dll+0x256e3a]
V  [jvm.dll+0x3ef6c6]
V  [jvm.dll+0x7ff568]
V  [jvm.dll+0x6c953d]
C  [ucrtbase.dll+0x29363]
C  [KERNEL32.DLL+0x1257d]
C  [ntdll.dll+0x5aa58]


---------------  P R O C E S S  ---------------

Threads class SMR info:
_java_thread_list=0x000002ab4d677720, length=15, elements={
0x000002ab4d67b2f0, 0x000002ab4d67c210, 0x000002ab4d680160, 0x000002ab4d682a60,
0x000002ab4d6838d0, 0x000002ab4d684d50, 0x000002ab4d6996d0, 0x000002ab4d69a790,
0x000002ab4d97ec40, 0x000002ab4d9838a0, 0x000002ab4db5bc40, 0x000002ab4db63660,
0x000002ab4db68bb0, 0x000002ab95ba95e0, 0x000002ab2b3767c0
}

Java Threads: ( => current thread )
  0x000002ab4d67b2f0 JavaThread "Reference Handler"          daemon [_thread_blocked, id=16524, stack(0x000000ba8c500000,0x000000ba8c600000) (1024K)]
  0x000002ab4d67c210 JavaThread "Finalizer"                  daemon [_thread_blocked, id=3016, stack(0x000000ba8c600000,0x000000ba8c700000) (1024K)]
  0x000002ab4d680160 JavaThread "Signal Dispatcher"          daemon [_thread_blocked, id=18572, stack(0x000000ba8c700000,0x000000ba8c800000) (1024K)]
  0x000002ab4d682a60 JavaThread "Attach Listener"            daemon [_thread_blocked, id=14092, stack(0x000000ba8c800000,0x000000ba8c900000) (1024K)]
  0x000002ab4d6838d0 JavaThread "Service Thread"             daemon [_thread_blocked, id=20432, stack(0x000000ba8c900000,0x000000ba8ca00000) (1024K)]
  0x000002ab4d684d50 JavaThread "Monitor Deflation Thread"   daemon [_thread_blocked, id=12252, stack(0x000000ba8ca00000,0x000000ba8cb00000) (1024K)]
=>0x000002ab4d6996d0 JavaThread "C2 CompilerThread0"         daemon [_thread_in_native, id=24120, stack(0x000000ba8cb00000,0x000000ba8cc00000) (1024K)]
  0x000002ab4d69a790 JavaThread "C1 CompilerThread0"         daemon [_thread_blocked, id=25220, stack(0x000000ba8cc00000,0x000000ba8cd00000) (1024K)]
  0x000002ab4d97ec40 JavaThread "Notification Thread"        daemon [_thread_blocked, id=25700, stack(0x000000ba8ce00000,0x000000ba8cf00000) (1024K)]
  0x000002ab4d9838a0 JavaThread "Common-Cleaner"             daemon [_thread_blocked, id=28960, stack(0x000000ba8cf00000,0x000000ba8d000000) (1024K)]
  0x000002ab4db5bc40 JavaThread "Java2D Disposer"            daemon [_thread_blocked, id=29428, stack(0x000000ba8d000000,0x000000ba8d100000) (1024K)]
  0x000002ab4db63660 JavaThread "AWT-Shutdown"                      [_thread_blocked, id=24292, stack(0x000000ba8d100000,0x000000ba8d200000) (1024K)]
  0x000002ab4db68bb0 JavaThread "AWT-Windows"                daemon [_thread_in_native, id=7852, stack(0x000000ba8d200000,0x000000ba8d300000) (1024K)]
  0x000002ab95ba95e0 JavaThread "AWT-EventQueue-0"                  [_thread_blocked, id=27048, stack(0x000000ba8d700000,0x000000ba8d800000) (1024K)]
  0x000002ab2b3767c0 JavaThread "DestroyJavaVM"                     [_thread_blocked, id=9584, stack(0x000000ba8bd00000,0x000000ba8be00000) (1024K)]
Total: 15

Other Threads:
  0x000002ab4d65b6a0 VMThread "VM Thread"                           [id=29336, stack(0x000000ba8c400000,0x000000ba8c500000) (1024K)]
  0x000002ab4d643a30 WatcherThread "VM Periodic Task Thread"        [id=11896, stack(0x000000ba8c300000,0x000000ba8c400000) (1024K)]
  0x000002ab2d68c660 WorkerThread "GC Thread#0"                     [id=10516, stack(0x000000ba8be00000,0x000000ba8bf00000) (1024K)]
  0x000002ab2d69e2b0 ConcurrentGCThread "G1 Main Marker"            [id=9708, stack(0x000000ba8bf00000,0x000000ba8c000000) (1024K)]
  0x000002ab2d69edb0 WorkerThread "G1 Conc#0"                       [id=11396, stack(0x000000ba8c000000,0x000000ba8c100000) (1024K)]
  0x000002ab4d5107e0 ConcurrentGCThread "G1 Refine#0"               [id=15232, stack(0x000000ba8c100000,0x000000ba8c200000) (1024K)]
  0x000002ab4d512270 ConcurrentGCThread "G1 Service"                [id=8804, stack(0x000000ba8c200000,0x000000ba8c300000) (1024K)]
Total: 7

Threads with active compile tasks:
C2 CompilerThread0  180320774 1280       4       java.security.AccessControlContext::optimize (319 bytes)
Total: 1

VM state: not at safepoint (normal execution)

VM Mutex/Monitor currently owned by a thread: None

Heap address: 0x0000000704e00000, size: 4018 MB, Compressed Oops mode: Zero based, Oop shift amount: 3

CDS archive(s) mapped at: [0x000002ab4e000000-0x000002ab4ec90000-0x000002ab4ec90000), size 13172736, SharedBaseAddress: 0x000002ab4e000000, ArchiveRelocationMode: 1.
Compressed class space mapped at: 0x000002ab4f000000-0x000002ab8f000000, reserved size: 1073741824
Narrow klass base: 0x000002ab4e000000, Narrow klass shift: 0, Narrow klass range: 0x100000000

GC Precious Log:
 CardTable entry size: 512
 Card Set container configuration: InlinePtr #cards 4 size 8 Array Of Cards #cards 16 size 48 Howl #buckets 8 coarsen threshold 3686 Howl Bitmap #cards 512 size 80 coarsen threshold 460 Card regions per heap region 1 cards per card region 4096
 CPUs: 20 total, 20 available
 Memory: 16065M
 Large Page Support: Disabled
 NUMA Support: Disabled
 Compressed Oops: Enabled (Zero based)
 Heap Region Size: 2M
 Heap Min Capacity: 8M
 Heap Initial Capacity: 252M
 Heap Max Capacity: 4018M
 Pre-touch: Disabled
 Parallel Workers: 15
 Concurrent Workers: 4
 Concurrent Refinement Workers: 15
 Periodic GC: Disabled

Heap:
 garbage-first heap   total 258048K, used 83968K [0x0000000704e00000, 0x0000000800000000)
  region size 2048K, 10 young (20480K), 0 survivors (0K)
 Metaspace       used 7519K, committed 7744K, reserved 1114112K
  class space    used 772K, committed 896K, reserved 1048576K

Heap Regions: E=young(eden), S=young(survivor), O=old, HS=humongous(starts), HC=humongous(continues), CS=collection set, F=free, TAMS=top-at-mark-start, PB=parsable bottom
|   0|0x0000000704e00000, 0x0000000705000000, 0x0000000705000000|100%|HS|  |TAMS 0x0000000704e00000| PB 0x0000000704e00000| Complete 
|   1|0x0000000705000000, 0x0000000705200000, 0x0000000705200000|100%|HC|  |TAMS 0x0000000705000000| PB 0x0000000705000000| Complete 
|   2|0x0000000705200000, 0x0000000705400000, 0x0000000705400000|100%|HS|  |TAMS 0x0000000705200000| PB 0x0000000705200000| Complete 
|   3|0x0000000705400000, 0x0000000705600000, 0x0000000705600000|100%|HC|  |TAMS 0x0000000705400000| PB 0x0000000705400000| Complete 
|   4|0x0000000705600000, 0x0000000705800000, 0x0000000705800000|100%|HS|  |TAMS 0x0000000705600000| PB 0x0000000705600000| Complete 
|   5|0x0000000705800000, 0x0000000705a00000, 0x0000000705a00000|100%|HC|  |TAMS 0x0000000705800000| PB 0x0000000705800000| Complete 
|   6|0x0000000705a00000, 0x0000000705c00000, 0x0000000705c00000|100%|HC|  |TAMS 0x0000000705a00000| PB 0x0000000705a00000| Complete 
|   7|0x0000000705c00000, 0x0000000705e00000, 0x0000000705e00000|100%|HC|  |TAMS 0x0000000705c00000| PB 0x0000000705c00000| Complete 
|   8|0x0000000705e00000, 0x0000000706000000, 0x0000000706000000|100%|HS|  |TAMS 0x0000000705e00000| PB 0x0000000705e00000| Complete 
|   9|0x0000000706000000, 0x0000000706200000, 0x0000000706200000|100%|HC|  |TAMS 0x0000000706000000| PB 0x0000000706000000| Complete 
|  10|0x0000000706200000, 0x0000000706400000, 0x0000000706400000|100%|HS|  |TAMS 0x0000000706200000| PB 0x0000000706200000| Complete 
|  11|0x0000000706400000, 0x0000000706600000, 0x0000000706600000|100%|HC|  |TAMS 0x0000000706400000| PB 0x0000000706400000| Complete 
|  12|0x0000000706600000, 0x0000000706800000, 0x0000000706800000|100%|HC|  |TAMS 0x0000000706600000| PB 0x0000000706600000| Complete 
|  13|0x0000000706800000, 0x0000000706a00000, 0x0000000706a00000|100%|HC|  |TAMS 0x0000000706800000| PB 0x0000000706800000| Complete 
|  14|0x0000000706a00000, 0x0000000706c00000, 0x0000000706c00000|100%|HS|  |TAMS 0x0000000706a00000| PB 0x0000000706a00000| Complete 
|  15|0x0000000706c00000, 0x0000000706e00000, 0x0000000706e00000|100%|HC|  |TAMS 0x0000000706c00000| PB 0x0000000706c00000| Complete 
|  16|0x0000000706e00000, 0x0000000707000000, 0x0000000707000000|100%|HS|  |TAMS 0x0000000706e00000| PB 0x0000000706e00000| Complete 
|  17|0x0000000707000000, 0x0000000707200000, 0x0000000707200000|100%|HC|  |TAMS 0x0000000707000000| PB 0x0000000707000000| Complete 
|  18|0x0000000707200000, 0x0000000707400000, 0x0000000707400000|100%|HC|  |TAMS 0x0000000707200000| PB 0x0000000707200000| Complete 
|  19|0x0000000707400000, 0x0000000707600000, 0x0000000707600000|100%|HC|  |TAMS 0x0000000707400000| PB 0x0000000707400000| Complete 
|  20|0x0000000707600000, 0x0000000707800000, 0x0000000707800000|100%|HS|  |TAMS 0x0000000707600000| PB 0x0000000707600000| Complete 
|  21|0x0000000707800000, 0x0000000707a00000, 0x0000000707a00000|100%|HC|  |TAMS 0x0000000707800000| PB 0x0000000707800000| Complete 
|  22|0x0000000707a00000, 0x0000000707c00000, 0x0000000707c00000|100%|HS|  |TAMS 0x0000000707a00000| PB 0x0000000707a00000| Complete 
|  23|0x0000000707c00000, 0x0000000707e00000, 0x0000000707e00000|100%|HC|  |TAMS 0x0000000707c00000| PB 0x0000000707c00000| Complete 
|  24|0x0000000707e00000, 0x0000000708000000, 0x0000000708000000|100%|HC|  |TAMS 0x0000000707e00000| PB 0x0000000707e00000| Complete 
|  25|0x0000000708000000, 0x0000000708200000, 0x0000000708200000|100%|HC|  |TAMS 0x0000000708000000| PB 0x0000000708000000| Complete 
|  26|0x0000000708200000, 0x0000000708400000, 0x0000000708400000|100%|HS|  |TAMS 0x0000000708200000| PB 0x0000000708200000| Complete 
|  27|0x0000000708400000, 0x0000000708600000, 0x0000000708600000|100%|HC|  |TAMS 0x0000000708400000| PB 0x0000000708400000| Complete 
|  28|0x0000000708600000, 0x0000000708800000, 0x0000000708800000|100%|HS|  |TAMS 0x0000000708600000| PB 0x0000000708600000| Complete 
|  29|0x0000000708800000, 0x0000000708a00000, 0x0000000708a00000|100%|HC|  |TAMS 0x0000000708800000| PB 0x0000000708800000| Complete 
|  30|0x0000000708a00000, 0x0000000708c00000, 0x0000000708c00000|100%|HC|  |TAMS 0x0000000708a00000| PB 0x0000000708a00000| Complete 
|  31|0x0000000708c00000, 0x0000000708e00000, 0x0000000708e00000|100%|HC|  |TAMS 0x0000000708c00000| PB 0x0000000708c00000| Complete 
|  32|0x0000000708e00000, 0x0000000708e00000, 0x0000000709000000|  0%| F|  |TAMS 0x0000000708e00000| PB 0x0000000708e00000| Untracked 
|  33|0x0000000709000000, 0x0000000709000000, 0x0000000709200000|  0%| F|  |TAMS 0x0000000709000000| PB 0x0000000709000000| Untracked 
|  34|0x0000000709200000, 0x0000000709200000, 0x0000000709400000|  0%| F|  |TAMS 0x0000000709200000| PB 0x0000000709200000| Untracked 
|  35|0x0000000709400000, 0x0000000709400000, 0x0000000709600000|  0%| F|  |TAMS 0x0000000709400000| PB 0x0000000709400000| Untracked 
|  36|0x0000000709600000, 0x0000000709600000, 0x0000000709800000|  0%| F|  |TAMS 0x0000000709600000| PB 0x0000000709600000| Untracked 
|  37|0x0000000709800000, 0x0000000709800000, 0x0000000709a00000|  0%| F|  |TAMS 0x0000000709800000| PB 0x0000000709800000| Untracked 
|  38|0x0000000709a00000, 0x0000000709a00000, 0x0000000709c00000|  0%| F|  |TAMS 0x0000000709a00000| PB 0x0000000709a00000| Untracked 
|  39|0x0000000709c00000, 0x0000000709c00000, 0x0000000709e00000|  0%| F|  |TAMS 0x0000000709c00000| PB 0x0000000709c00000| Untracked 
|  40|0x0000000709e00000, 0x0000000709e00000, 0x000000070a000000|  0%| F|  |TAMS 0x0000000709e00000| PB 0x0000000709e00000| Untracked 
|  41|0x000000070a000000, 0x000000070a000000, 0x000000070a200000|  0%| F|  |TAMS 0x000000070a000000| PB 0x000000070a000000| Untracked 
|  42|0x000000070a200000, 0x000000070a200000, 0x000000070a400000|  0%| F|  |TAMS 0x000000070a200000| PB 0x000000070a200000| Untracked 
|  43|0x000000070a400000, 0x000000070a400000, 0x000000070a600000|  0%| F|  |TAMS 0x000000070a400000| PB 0x000000070a400000| Untracked 
|  44|0x000000070a600000, 0x000000070a600000, 0x000000070a800000|  0%| F|  |TAMS 0x000000070a600000| PB 0x000000070a600000| Untracked 
|  45|0x000000070a800000, 0x000000070a800000, 0x000000070aa00000|  0%| F|  |TAMS 0x000000070a800000| PB 0x000000070a800000| Untracked 
|  46|0x000000070aa00000, 0x000000070aa00000, 0x000000070ac00000|  0%| F|  |TAMS 0x000000070aa00000| PB 0x000000070aa00000| Untracked 
|  47|0x000000070ac00000, 0x000000070ac00000, 0x000000070ae00000|  0%| F|  |TAMS 0x000000070ac00000| PB 0x000000070ac00000| Untracked 
|  48|0x000000070ae00000, 0x000000070ae00000, 0x000000070b000000|  0%| F|  |TAMS 0x000000070ae00000| PB 0x000000070ae00000| Untracked 
|  49|0x000000070b000000, 0x000000070b000000, 0x000000070b200000|  0%| F|  |TAMS 0x000000070b000000| PB 0x000000070b000000| Untracked 
|  50|0x000000070b200000, 0x000000070b200000, 0x000000070b400000|  0%| F|  |TAMS 0x000000070b200000| PB 0x000000070b200000| Untracked 
|  51|0x000000070b400000, 0x000000070b400000, 0x000000070b600000|  0%| F|  |TAMS 0x000000070b400000| PB 0x000000070b400000| Untracked 
|  52|0x000000070b600000, 0x000000070b600000, 0x000000070b800000|  0%| F|  |TAMS 0x000000070b600000| PB 0x000000070b600000| Untracked 
|  53|0x000000070b800000, 0x000000070b800000, 0x000000070ba00000|  0%| F|  |TAMS 0x000000070b800000| PB 0x000000070b800000| Untracked 
|  54|0x000000070ba00000, 0x000000070ba00000, 0x000000070bc00000|  0%| F|  |TAMS 0x000000070ba00000| PB 0x000000070ba00000| Untracked 
|  55|0x000000070bc00000, 0x000000070bc00000, 0x000000070be00000|  0%| F|  |TAMS 0x000000070bc00000| PB 0x000000070bc00000| Untracked 
|  56|0x000000070be00000, 0x000000070be00000, 0x000000070c000000|  0%| F|  |TAMS 0x000000070be00000| PB 0x000000070be00000| Untracked 
|  57|0x000000070c000000, 0x000000070c000000, 0x000000070c200000|  0%| F|  |TAMS 0x000000070c000000| PB 0x000000070c000000| Untracked 
|  58|0x000000070c200000, 0x000000070c200000, 0x000000070c400000|  0%| F|  |TAMS 0x000000070c200000| PB 0x000000070c200000| Untracked 
|  59|0x000000070c400000, 0x000000070c400000, 0x000000070c600000|  0%| F|  |TAMS 0x000000070c400000| PB 0x000000070c400000| Untracked 
|  60|0x000000070c600000, 0x000000070c600000, 0x000000070c800000|  0%| F|  |TAMS 0x000000070c600000| PB 0x000000070c600000| Untracked 
|  61|0x000000070c800000, 0x000000070c800000, 0x000000070ca00000|  0%| F|  |TAMS 0x000000070c800000| PB 0x000000070c800000| Untracked 
|  62|0x000000070ca00000, 0x000000070ca00000, 0x000000070cc00000|  0%| F|  |TAMS 0x000000070ca00000| PB 0x000000070ca00000| Untracked 
|  63|0x000000070cc00000, 0x000000070cc00000, 0x000000070ce00000|  0%| F|  |TAMS 0x000000070cc00000| PB 0x000000070cc00000| Untracked 
|  64|0x000000070ce00000, 0x000000070ce00000, 0x000000070d000000|  0%| F|  |TAMS 0x000000070ce00000| PB 0x000000070ce00000| Untracked 
|  65|0x000000070d000000, 0x000000070d000000, 0x000000070d200000|  0%| F|  |TAMS 0x000000070d000000| PB 0x000000070d000000| Untracked 
|  66|0x000000070d200000, 0x000000070d200000, 0x000000070d400000|  0%| F|  |TAMS 0x000000070d200000| PB 0x000000070d200000| Untracked 
|  67|0x000000070d400000, 0x000000070d400000, 0x000000070d600000|  0%| F|  |TAMS 0x000000070d400000| PB 0x000000070d400000| Untracked 
|  68|0x000000070d600000, 0x000000070d600000, 0x000000070d800000|  0%| F|  |TAMS 0x000000070d600000| PB 0x000000070d600000| Untracked 
|  69|0x000000070d800000, 0x000000070d800000, 0x000000070da00000|  0%| F|  |TAMS 0x000000070d800000| PB 0x000000070d800000| Untracked 
|  70|0x000000070da00000, 0x000000070da00000, 0x000000070dc00000|  0%| F|  |TAMS 0x000000070da00000| PB 0x000000070da00000| Untracked 
|  71|0x000000070dc00000, 0x000000070dc00000, 0x000000070de00000|  0%| F|  |TAMS 0x000000070dc00000| PB 0x000000070dc00000| Untracked 
|  72|0x000000070de00000, 0x000000070de00000, 0x000000070e000000|  0%| F|  |TAMS 0x000000070de00000| PB 0x000000070de00000| Untracked 
|  73|0x000000070e000000, 0x000000070e000000, 0x000000070e200000|  0%| F|  |TAMS 0x000000070e000000| PB 0x000000070e000000| Untracked 
|  74|0x000000070e200000, 0x000000070e200000, 0x000000070e400000|  0%| F|  |TAMS 0x000000070e200000| PB 0x000000070e200000| Untracked 
|  75|0x000000070e400000, 0x000000070e400000, 0x000000070e600000|  0%| F|  |TAMS 0x000000070e400000| PB 0x000000070e400000| Untracked 
|  76|0x000000070e600000, 0x000000070e600000, 0x000000070e800000|  0%| F|  |TAMS 0x000000070e600000| PB 0x000000070e600000| Untracked 
|  77|0x000000070e800000, 0x000000070e800000, 0x000000070ea00000|  0%| F|  |TAMS 0x000000070e800000| PB 0x000000070e800000| Untracked 
|  78|0x000000070ea00000, 0x000000070ea00000, 0x000000070ec00000|  0%| F|  |TAMS 0x000000070ea00000| PB 0x000000070ea00000| Untracked 
|  79|0x000000070ec00000, 0x000000070ec00000, 0x000000070ee00000|  0%| F|  |TAMS 0x000000070ec00000| PB 0x000000070ec00000| Untracked 
|  80|0x000000070ee00000, 0x000000070ee00000, 0x000000070f000000|  0%| F|  |TAMS 0x000000070ee00000| PB 0x000000070ee00000| Untracked 
|  81|0x000000070f000000, 0x000000070f000000, 0x000000070f200000|  0%| F|  |TAMS 0x000000070f000000| PB 0x000000070f000000| Untracked 
|  82|0x000000070f200000, 0x000000070f200000, 0x000000070f400000|  0%| F|  |TAMS 0x000000070f200000| PB 0x000000070f200000| Untracked 
|  83|0x000000070f400000, 0x000000070f400000, 0x000000070f600000|  0%| F|  |TAMS 0x000000070f400000| PB 0x000000070f400000| Untracked 
|  84|0x000000070f600000, 0x000000070f600000, 0x000000070f800000|  0%| F|  |TAMS 0x000000070f600000| PB 0x000000070f600000| Untracked 
|  85|0x000000070f800000, 0x000000070f800000, 0x000000070fa00000|  0%| F|  |TAMS 0x000000070f800000| PB 0x000000070f800000| Untracked 
|  86|0x000000070fa00000, 0x000000070fa00000, 0x000000070fc00000|  0%| F|  |TAMS 0x000000070fa00000| PB 0x000000070fa00000| Untracked 
|  87|0x000000070fc00000, 0x000000070fc00000, 0x000000070fe00000|  0%| F|  |TAMS 0x000000070fc00000| PB 0x000000070fc00000| Untracked 
|  88|0x000000070fe00000, 0x000000070fe00000, 0x0000000710000000|  0%| F|  |TAMS 0x000000070fe00000| PB 0x000000070fe00000| Untracked 
|  89|0x0000000710000000, 0x0000000710000000, 0x0000000710200000|  0%| F|  |TAMS 0x0000000710000000| PB 0x0000000710000000| Untracked 
|  90|0x0000000710200000, 0x0000000710200000, 0x0000000710400000|  0%| F|  |TAMS 0x0000000710200000| PB 0x0000000710200000| Untracked 
|  91|0x0000000710400000, 0x0000000710400000, 0x0000000710600000|  0%| F|  |TAMS 0x0000000710400000| PB 0x0000000710400000| Untracked 
|  92|0x0000000710600000, 0x0000000710600000, 0x0000000710800000|  0%| F|  |TAMS 0x0000000710600000| PB 0x0000000710600000| Untracked 
|  93|0x0000000710800000, 0x0000000710800000, 0x0000000710a00000|  0%| F|  |TAMS 0x0000000710800000| PB 0x0000000710800000| Untracked 
|  94|0x0000000710a00000, 0x0000000710a00000, 0x0000000710c00000|  0%| F|  |TAMS 0x0000000710a00000| PB 0x0000000710a00000| Untracked 
|  95|0x0000000710c00000, 0x0000000710c00000, 0x0000000710e00000|  0%| F|  |TAMS 0x0000000710c00000| PB 0x0000000710c00000| Untracked 
|  96|0x0000000710e00000, 0x0000000710e00000, 0x0000000711000000|  0%| F|  |TAMS 0x0000000710e00000| PB 0x0000000710e00000| Untracked 
|  97|0x0000000711000000, 0x0000000711000000, 0x0000000711200000|  0%| F|  |TAMS 0x0000000711000000| PB 0x0000000711000000| Untracked 
|  98|0x0000000711200000, 0x0000000711200000, 0x0000000711400000|  0%| F|  |TAMS 0x0000000711200000| PB 0x0000000711200000| Untracked 
|  99|0x0000000711400000, 0x0000000711400000, 0x0000000711600000|  0%| F|  |TAMS 0x0000000711400000| PB 0x0000000711400000| Untracked 
| 100|0x0000000711600000, 0x0000000711600000, 0x0000000711800000|  0%| F|  |TAMS 0x0000000711600000| PB 0x0000000711600000| Untracked 
| 101|0x0000000711800000, 0x0000000711800000, 0x0000000711a00000|  0%| F|  |TAMS 0x0000000711800000| PB 0x0000000711800000| Untracked 
| 102|0x0000000711a00000, 0x0000000711a00000, 0x0000000711c00000|  0%| F|  |TAMS 0x0000000711a00000| PB 0x0000000711a00000| Untracked 
| 103|0x0000000711c00000, 0x0000000711c00000, 0x0000000711e00000|  0%| F|  |TAMS 0x0000000711c00000| PB 0x0000000711c00000| Untracked 
| 104|0x0000000711e00000, 0x0000000711e00000, 0x0000000712000000|  0%| F|  |TAMS 0x0000000711e00000| PB 0x0000000711e00000| Untracked 
| 105|0x0000000712000000, 0x0000000712000000, 0x0000000712200000|  0%| F|  |TAMS 0x0000000712000000| PB 0x0000000712000000| Untracked 
| 106|0x0000000712200000, 0x0000000712200000, 0x0000000712400000|  0%| F|  |TAMS 0x0000000712200000| PB 0x0000000712200000| Untracked 
| 107|0x0000000712400000, 0x0000000712400000, 0x0000000712600000|  0%| F|  |TAMS 0x0000000712400000| PB 0x0000000712400000| Untracked 
| 108|0x0000000712600000, 0x0000000712600000, 0x0000000712800000|  0%| F|  |TAMS 0x0000000712600000| PB 0x0000000712600000| Untracked 
| 109|0x0000000712800000, 0x0000000712800000, 0x0000000712a00000|  0%| F|  |TAMS 0x0000000712800000| PB 0x0000000712800000| Untracked 
| 110|0x0000000712a00000, 0x0000000712a00000, 0x0000000712c00000|  0%| F|  |TAMS 0x0000000712a00000| PB 0x0000000712a00000| Untracked 
| 111|0x0000000712c00000, 0x0000000712c00000, 0x0000000712e00000|  0%| F|  |TAMS 0x0000000712c00000| PB 0x0000000712c00000| Untracked 
| 112|0x0000000712e00000, 0x0000000712e00000, 0x0000000713000000|  0%| F|  |TAMS 0x0000000712e00000| PB 0x0000000712e00000| Untracked 
| 113|0x0000000713000000, 0x0000000713000000, 0x0000000713200000|  0%| F|  |TAMS 0x0000000713000000| PB 0x0000000713000000| Untracked 
| 114|0x0000000713200000, 0x0000000713200000, 0x0000000713400000|  0%| F|  |TAMS 0x0000000713200000| PB 0x0000000713200000| Untracked 
| 115|0x0000000713400000, 0x0000000713400000, 0x0000000713600000|  0%| F|  |TAMS 0x0000000713400000| PB 0x0000000713400000| Untracked 
| 116|0x0000000713600000, 0x00000007137c3150, 0x0000000713800000| 88%| E|  |TAMS 0x0000000713600000| PB 0x0000000713600000| Complete 
| 117|0x0000000713800000, 0x0000000713a00000, 0x0000000713a00000|100%| E|CS|TAMS 0x0000000713800000| PB 0x0000000713800000| Complete 
| 118|0x0000000713a00000, 0x0000000713c00000, 0x0000000713c00000|100%| E|CS|TAMS 0x0000000713a00000| PB 0x0000000713a00000| Complete 
| 119|0x0000000713c00000, 0x0000000713e00000, 0x0000000713e00000|100%| E|CS|TAMS 0x0000000713c00000| PB 0x0000000713c00000| Complete 
| 120|0x0000000713e00000, 0x0000000714000000, 0x0000000714000000|100%| E|CS|TAMS 0x0000000713e00000| PB 0x0000000713e00000| Complete 
| 121|0x0000000714000000, 0x0000000714200000, 0x0000000714200000|100%| E|CS|TAMS 0x0000000714000000| PB 0x0000000714000000| Complete 
| 122|0x0000000714200000, 0x0000000714400000, 0x0000000714400000|100%| E|CS|TAMS 0x0000000714200000| PB 0x0000000714200000| Complete 
| 123|0x0000000714400000, 0x0000000714600000, 0x0000000714600000|100%| E|CS|TAMS 0x0000000714400000| PB 0x0000000714400000| Complete 
| 124|0x0000000714600000, 0x0000000714800000, 0x0000000714800000|100%| E|CS|TAMS 0x0000000714600000| PB 0x0000000714600000| Complete 
| 125|0x0000000714800000, 0x0000000714a00000, 0x0000000714a00000|100%| E|CS|TAMS 0x0000000714800000| PB 0x0000000714800000| Complete 

Card table byte_map: [0x000002ab45d10000,0x000002ab464f0000] _byte_map_base: 0x000002ab424e9000

Marking Bits: (CMBitMap*) 0x000002ab2d68d570
 Bits: [0x000002ab464f0000, 0x000002ab4a3b8000)

Polling page: 0x000002ab2b600000

Metaspace:

Usage:
  Non-class:      6.59 MB used.
      Class:    772.46 KB used.
       Both:      7.34 MB used.

Virtual space:
  Non-class space:       64.00 MB reserved,       6.69 MB ( 10%) committed,  1 nodes.
      Class space:        1.00 GB reserved,     896.00 KB ( <1%) committed,  1 nodes.
             Both:        1.06 GB reserved,       7.56 MB ( <1%) committed. 

Chunk freelists:
   Non-Class:  9.00 MB
       Class:  15.11 MB
        Both:  24.11 MB

MaxMetaspaceSize: unlimited
CompressedClassSpaceSize: 1.00 GB
Initial GC threshold: 21.00 MB
Current GC threshold: 21.00 MB
CDS: on
 - commit_granule_bytes: 65536.
 - commit_granule_words: 8192.
 - virtual_space_node_default_size: 8388608.
 - enlarge_chunks_in_place: 1.
 - use_allocation_guard: 0.


Internal statistics:

num_allocs_failed_limit: 0.
num_arena_births: 152.
num_arena_deaths: 0.
num_vsnodes_births: 2.
num_vsnodes_deaths: 0.
num_space_committed: 121.
num_space_uncommitted: 0.
num_chunks_returned_to_freelist: 0.
num_chunks_taken_from_freelist: 191.
num_chunk_merges: 0.
num_chunk_splits: 112.
num_chunks_enlarged: 43.
num_inconsistent_stats: 0.

CodeHeap 'non-profiled nmethods': size=119168Kb used=367Kb max_used=367Kb free=118800Kb
 bounds [0x000002ab3d630000, 0x000002ab3d8a0000, 0x000002ab44a90000]
CodeHeap 'profiled nmethods': size=119104Kb used=2400Kb max_used=2400Kb free=116703Kb
 bounds [0x000002ab35a90000, 0x000002ab35d00000, 0x000002ab3cee0000]
CodeHeap 'non-nmethods': size=7488Kb used=1535Kb max_used=3238Kb free=5953Kb
 bounds [0x000002ab3cee0000, 0x000002ab3d210000, 0x000002ab3d630000]
 total_blobs=1884 nmethods=1279 adapters=510
 compilation: enabled
              stopped_count=0, restarted_count=0
 full_count=0

Compilation events (20 events):
Event: 165432.033 Thread 0x000002ab4d69a790 nmethod 1269 0x000002ab35ce4110 code [0x000002ab35ce42c0, 0x000002ab35ce4490]
Event: 165432.146 Thread 0x000002ab4d6996d0 1270  s    4       sun.awt.Win32GraphicsConfig::displayChanged (6 bytes)
Event: 165432.148 Thread 0x000002ab4d6996d0 nmethod 1270 0x000002ab3d68a410 code [0x000002ab3d68a5a0, 0x000002ab3d68a7c8]
Event: 165997.922 Thread 0x000002ab4d69a790 1271       3       java.util.WeakHashMap::indexFor (6 bytes)
Event: 165997.922 Thread 0x000002ab4d69a790 nmethod 1271 0x000002ab35ce4590 code [0x000002ab35ce4720, 0x000002ab35ce4818]
Event: 166023.520 Thread 0x000002ab4d69a790 1272       3       java.awt.RenderingHints$Key::hashCode (5 bytes)
Event: 166023.521 Thread 0x000002ab4d69a790 nmethod 1272 0x000002ab35ce4890 code [0x000002ab35ce4a40, 0x000002ab35ce4b80]
Event: 168212.428 Thread 0x000002ab4d69a790 1273       3       java.lang.ref.Reference::refersTo (6 bytes)
Event: 168212.428 Thread 0x000002ab4d69a790 nmethod 1273 0x000002ab35ce4c10 code [0x000002ab35ce4dc0, 0x000002ab35ce4f88]
Event: 168212.428 Thread 0x000002ab4d69a790 1274       3       java.lang.ref.Reference::refersToImpl (6 bytes)
Event: 168212.428 Thread 0x000002ab4d69a790 nmethod 1274 0x000002ab35ce5010 code [0x000002ab35ce51c0, 0x000002ab35ce52f8]
Event: 173760.262 Thread 0x000002ab4d6996d0 1276 %s    4       sun.java2d.loops.GraphicsPrimitiveMgr::locatePrim @ 28 (95 bytes)
Event: 173760.285 Thread 0x000002ab4d6996d0 nmethod 1276% 0x000002ab3d68ac90 code [0x000002ab3d68ae80, 0x000002ab3d68b8a8]
Event: 180320.530 Thread 0x000002ab4d69a790 1277       3       java.awt.geom.Rectangle2D::<init> (5 bytes)
Event: 180320.530 Thread 0x000002ab4d69a790 nmethod 1277 0x000002ab35ce5390 code [0x000002ab35ce5540, 0x000002ab35ce5708]
Event: 180320.530 Thread 0x000002ab4d69a790 1279   !   3       sun.awt.SunDisplayChanger::notifyListeners (133 bytes)
Event: 180320.535 Thread 0x000002ab4d69a790 nmethod 1279 0x000002ab35ce5810 code [0x000002ab35ce5bc0, 0x000002ab35ce75c0]
Event: 180320.535 Thread 0x000002ab4d69a790 1278       3       java.awt.geom.RectangularShape::<init> (5 bytes)
Event: 180320.536 Thread 0x000002ab4d69a790 nmethod 1278 0x000002ab35ce7f10 code [0x000002ab35ce80c0, 0x000002ab35ce8228]
Event: 180320.716 Thread 0x000002ab4d6996d0 1280       4       java.security.AccessControlContext::optimize (319 bytes)

GC Heap History (0 events):
No events

Dll operation events (10 events):
Event: 0.004 Loaded shared library C:\Program Files\Java\jdk-21\bin\java.dll
Event: 0.022 Loaded shared library C:\Program Files\Java\jdk-21\bin\jsvml.dll
Event: 0.038 Loaded shared library C:\Program Files\Java\jdk-21\bin\jimage.dll
Event: 0.040 Loaded shared library C:\Program Files\Java\jdk-21\bin\net.dll
Event: 0.041 Loaded shared library C:\Program Files\Java\jdk-21\bin\nio.dll
Event: 0.042 Loaded shared library C:\Program Files\Java\jdk-21\bin\zip.dll
Event: 0.053 Loaded shared library C:\Program Files\Java\jdk-21\bin\awt.dll
Event: 0.151 Loaded shared library C:\Program Files\Java\jdk-21\bin\javajpeg.dll
Event: 0.193 Loaded shared library C:\Program Files\Java\jdk-21\bin\freetype.dll
Event: 0.194 Loaded shared library C:\Program Files\Java\jdk-21\bin\fontmanager.dll

Deoptimization events (20 events):
Event: 0.173 Thread 0x000002ab95a47380 DEOPT PACKING pc=0x000002ab35bd755c sp=0x000000ba8d3fdfc0
Event: 0.173 Thread 0x000002ab95a47380 DEOPT UNPACKING pc=0x000002ab3cf34e42 sp=0x000000ba8d3fd450 mode 0
Event: 0.174 Thread 0x000002ab95a47380 DEOPT PACKING pc=0x000002ab35bd755c sp=0x000000ba8d3fdfc0
Event: 0.174 Thread 0x000002ab95a47380 DEOPT UNPACKING pc=0x000002ab3cf34e42 sp=0x000000ba8d3fd450 mode 0
Event: 0.174 Thread 0x000002ab95a47380 DEOPT PACKING pc=0x000002ab35bd755c sp=0x000000ba8d3fdfc0
Event: 0.174 Thread 0x000002ab95a47380 DEOPT UNPACKING pc=0x000002ab3cf34e42 sp=0x000000ba8d3fd450 mode 0
Event: 0.174 Thread 0x000002ab95a47380 DEOPT PACKING pc=0x000002ab35bd755c sp=0x000000ba8d3fdfc0
Event: 0.174 Thread 0x000002ab95a47380 DEOPT UNPACKING pc=0x000002ab3cf34e42 sp=0x000000ba8d3fd450 mode 0
Event: 0.174 Thread 0x000002ab95a47380 DEOPT PACKING pc=0x000002ab35bd755c sp=0x000000ba8d3fdfc0
Event: 0.174 Thread 0x000002ab95a47380 DEOPT UNPACKING pc=0x000002ab3cf34e42 sp=0x000000ba8d3fd450 mode 0
Event: 0.174 Thread 0x000002ab95a47380 DEOPT PACKING pc=0x000002ab35bd755c sp=0x000000ba8d3fdfc0
Event: 0.174 Thread 0x000002ab95a47380 DEOPT UNPACKING pc=0x000002ab3cf34e42 sp=0x000000ba8d3fd450 mode 0
Event: 0.197 Thread 0x000002ab2b3767c0 Uncommon trap: trap_request=0xffffff45 fr.pc=0x000002ab3d65c888 relative=0x00000000000001e8
Event: 0.197 Thread 0x000002ab2b3767c0 Uncommon trap: reason=unstable_if action=reinterpret pc=0x000002ab3d65c888 method=java.lang.StringUTF16.compress([CI[BII)I @ 20 c2
Event: 0.197 Thread 0x000002ab2b3767c0 DEOPT PACKING pc=0x000002ab3d65c888 sp=0x000000ba8bdfddc0
Event: 0.197 Thread 0x000002ab2b3767c0 DEOPT UNPACKING pc=0x000002ab3cf346a2 sp=0x000000ba8bdfdd30 mode 2
Event: 74.397 Thread 0x000002ab95ba95e0 Uncommon trap: trap_request=0xffffff45 fr.pc=0x000002ab3d673544 relative=0x00000000000000a4
Event: 74.397 Thread 0x000002ab95ba95e0 Uncommon trap: reason=unstable_if action=reinterpret pc=0x000002ab3d673544 method=java.awt.Component.inside(II)Z @ 9 c2
Event: 74.397 Thread 0x000002ab95ba95e0 DEOPT PACKING pc=0x000002ab3d673544 sp=0x000000ba8d7fe8b0
Event: 74.397 Thread 0x000002ab95ba95e0 DEOPT UNPACKING pc=0x000002ab3cf346a2 sp=0x000000ba8d7fe748 mode 2

Classes loaded (20 events):
Event: 1.549 Loading class javax/swing/event/ChangeEvent
Event: 1.549 Loading class javax/swing/event/ChangeEvent done
Event: 3.909 Loading class java/awt/LightweightDispatcher$2
Event: 3.909 Loading class java/awt/LightweightDispatcher$2 done
Event: 74.542 Loading class java/awt/Canvas
Event: 74.548 Loading class java/awt/Canvas done
Event: 74.548 Loading class java/awt/Scrollbar
Event: 74.548 Loading class java/awt/Adjustable
Event: 74.548 Loading class java/awt/Adjustable done
Event: 74.548 Loading class java/awt/Scrollbar done
Event: 76.407 Loading class java/awt/KeyboardFocusManager$2
Event: 76.407 Loading class java/awt/KeyboardFocusManager$2 done
Event: 76.408 Loading class sun/awt/SunToolkit$1
Event: 76.408 Loading class sun/awt/SunToolkit$1 done
Event: 3084.649 Loading class java/util/WeakHashMap$KeyIterator
Event: 3084.650 Loading class java/util/WeakHashMap$HashIterator
Event: 3084.651 Loading class java/util/WeakHashMap$HashIterator done
Event: 3084.651 Loading class java/util/WeakHashMap$KeyIterator done
Event: 3084.654 Loading class javax/swing/RepaintManager$DisplayChangedRunnable
Event: 3084.654 Loading class javax/swing/RepaintManager$DisplayChangedRunnable done

Classes unloaded (0 events):
No events

Classes redefined (0 events):
No events

Internal exceptions (12 events):
Event: 0.046 Thread 0x000002ab2b3767c0 Exception <a 'java/lang/ClassNotFoundException'{0x00000007146ab690}: sun/awt/resources/spi/awtProvider> (0x00000007146ab690) 
thrown [s\open\src\hotspot\share\classfile\systemDictionary.cpp, line 312]
Event: 0.058 Thread 0x000002ab2b3767c0 Exception <a 'java/io/FileNotFoundException'{0x00000007147055a8}> (0x00000007147055a8) 
thrown [s\open\src\hotspot\share\prims\jni.cpp, line 520]
Event: 0.062 Thread 0x000002ab2b3767c0 Exception <a 'java/io/FileNotFoundException'{0x000000071472f5a0}> (0x000000071472f5a0) 
thrown [s\open\src\hotspot\share\prims\jni.cpp, line 520]
Event: 0.103 Thread 0x000002ab2b3767c0 Exception <a 'java/lang/NoSuchMethodError'{0x00000007144759c0}: 'void java.lang.invoke.DirectMethodHandle$Holder.invokeSpecial(java.lang.Object, java.lang.Object, java.lang.Object)'> (0x00000007144759c0) 
thrown [s\open\src\hotspot\share\interpreter\linkResolver.cpp, line 773]
Event: 0.107 Thread 0x000002ab2b3767c0 Exception <a 'java/lang/NoSuchMethodError'{0x000000071449b3c0}: 'java.lang.Object java.lang.invoke.DirectMethodHandle$Holder.newInvokeSpecial(java.lang.Object, java.lang.Object, java.lang.Object, java.lang.Object, java.lang.Object)'> (0x000000071449b3c0) 
thrown [s\open\src\hotspot\share\interpreter\linkResolver.cpp, line 773]
Event: 0.110 Thread 0x000002ab2b3767c0 Exception <a 'java/lang/NoSuchMethodError'{0x00000007144c6f48}: 'java.lang.Object java.lang.invoke.DirectMethodHandle$Holder.invokeStatic(java.lang.Object, int, java.lang.Object)'> (0x00000007144c6f48) 
thrown [s\open\src\hotspot\share\interpreter\linkResolver.cpp, line 773]
Event: 0.119 Thread 0x000002ab2b3767c0 Exception <a 'java/lang/ClassNotFoundException'{0x00000007145d72a8}: com/sun/swing/internal/plaf/metal/resources/spi/metalProvider> (0x00000007145d72a8) 
thrown [s\open\src\hotspot\share\classfile\systemDictionary.cpp, line 312]
Event: 0.120 Thread 0x000002ab2b3767c0 Exception <a 'java/lang/ClassNotFoundException'{0x00000007145db1e8}: com/sun/swing/internal/plaf/basic/resources/spi/basicProvider> (0x00000007145db1e8) 
thrown [s\open\src\hotspot\share\classfile\systemDictionary.cpp, line 312]
Event: 0.124 Thread 0x000002ab2b3767c0 Exception <a 'java/lang/NoSuchMethodError'{0x00000007145fa960}: 'int java.lang.invoke.Invokers$Holder.invokeExact_MT(java.lang.Object, java.lang.Object)'> (0x00000007145fa960) 
thrown [s\open\src\hotspot\share\interpreter\linkResolver.cpp, line 773]
Event: 0.152 Thread 0x000002ab95a47380 Exception <a 'java/lang/NoSuchMethodError'{0x00000007140896a8}: 'java.lang.Object java.lang.invoke.DirectMethodHandle$Holder.newInvokeSpecial(java.lang.Object, java.lang.Object, java.lang.Object, int, int, int, int, int)'> (0x00000007140896a8) 
thrown [s\open\src\hotspot\share\interpreter\linkResolver.cpp, line 773]
Event: 0.184 Thread 0x000002ab4db68bb0 Exception <a 'java/lang/NoSuchMethodError'{0x000000071440e618}: 'void java.lang.invoke.DirectMethodHandle$Holder.invokeVirtual(java.lang.Object, java.lang.Object)'> (0x000000071440e618) 
thrown [s\open\src\hotspot\share\interpreter\linkResolver.cpp, line 773]
Event: 0.191 Thread 0x000002ab2b3767c0 Exception <a 'java/lang/NoSuchMethodError'{0x0000000714228c80}: 'void java.lang.invoke.DirectMethodHandle$Holder.invokeStaticInit(java.lang.Object)'> (0x0000000714228c80) 
thrown [s\open\src\hotspot\share\interpreter\linkResolver.cpp, line 773]

ZGC Phase Switch (0 events):
No events

VM Operations (20 events):
Event: 74088.383 Executing VM operation: Cleanup
Event: 74088.383 Executing VM operation: Cleanup done
Event: 76005.576 Executing VM operation: Cleanup
Event: 76005.577 Executing VM operation: Cleanup done
Event: 80285.793 Executing VM operation: Cleanup
Event: 80285.793 Executing VM operation: Cleanup done
Event: 102920.534 Executing VM operation: Cleanup
Event: 102920.534 Executing VM operation: Cleanup done
Event: 160482.975 Executing VM operation: Cleanup
Event: 160482.990 Executing VM operation: Cleanup done
Event: 160484.002 Executing VM operation: Cleanup
Event: 160484.003 Executing VM operation: Cleanup done
Event: 160965.356 Executing VM operation: Cleanup
Event: 160965.356 Executing VM operation: Cleanup done
Event: 160966.359 Executing VM operation: Cleanup
Event: 160966.360 Executing VM operation: Cleanup done
Event: 161519.278 Executing VM operation: Cleanup
Event: 161519.278 Executing VM operation: Cleanup done
Event: 161520.289 Executing VM operation: Cleanup
Event: 161520.289 Executing VM operation: Cleanup done

Events (20 events):
Event: 0.021 Thread 0x000002ab4d6996d0 Thread added: 0x000002ab4d6996d0
Event: 0.021 Thread 0x000002ab4d69a790 Thread added: 0x000002ab4d69a790
Event: 0.026 Thread 0x000002ab4d8a0150 Thread added: 0x000002ab4d8a0150
Event: 0.028 Thread 0x000002ab4d97ec40 Thread added: 0x000002ab4d97ec40
Event: 0.030 Thread 0x000002ab4d9838a0 Thread added: 0x000002ab4d9838a0
Event: 0.084 Thread 0x000002ab4db5bc40 Thread added: 0x000002ab4db5bc40
Event: 0.085 Thread 0x000002ab4db63660 Thread added: 0x000002ab4db63660
Event: 0.085 Thread 0x000002ab4db68bb0 Thread added: 0x000002ab4db68bb0
Event: 0.127 Thread 0x000002ab95a47380 Thread added: 0x000002ab95a47380
Event: 0.132 Thread 0x000002ab95a56770 Thread added: 0x000002ab95a56770
Event: 0.132 Thread 0x000002ab95a598e0 Thread added: 0x000002ab95a598e0
Event: 0.140 Thread 0x000002ab95b4f260 Thread added: 0x000002ab95b4f260
Event: 0.185 Thread 0x000002ab95ba95e0 Thread added: 0x000002ab95ba95e0
Event: 0.225 Thread 0x000002ab2b3767c0 Thread exited: 0x000002ab2b3767c0
Event: 0.225 Thread 0x000002ab2b3767c0 Thread added: 0x000002ab2b3767c0
Event: 0.835 Thread 0x000002ab95b4f260 Thread exited: 0x000002ab95b4f260
Event: 3.068 Thread 0x000002ab95a598e0 Thread exited: 0x000002ab95a598e0
Event: 3.547 Thread 0x000002ab95a56770 Thread exited: 0x000002ab95a56770
Event: 4.489 Thread 0x000002ab4d8a0150 Thread exited: 0x000002ab4d8a0150
Event: 5.179 Thread 0x000002ab95a47380 Thread exited: 0x000002ab95a47380


Dynamic libraries:
0x00007ff6dee10000 - 0x00007ff6dee20000 	C:\Program Files\Java\jdk-21\bin\javaw.exe
0x00007ffcfd3d0000 - 0x00007ffcfd5e7000 	C:\WINDOWS\SYSTEM32\ntdll.dll
0x00007ffcfc490000 - 0x00007ffcfc554000 	C:\WINDOWS\System32\KERNEL32.DLL
0x00007ffcfaac0000 - 0x00007ffcfae66000 	C:\WINDOWS\System32\KERNELBASE.dll
0x00007ffcfaee0000 - 0x00007ffcfaff1000 	C:\WINDOWS\System32\ucrtbase.dll
0x00007ffcee580000 - 0x00007ffcee599000 	C:\Program Files\Java\jdk-21\bin\jli.dll
0x00007ffcfb1b0000 - 0x00007ffcfb263000 	C:\WINDOWS\System32\ADVAPI32.dll
0x00007ffcee560000 - 0x00007ffcee57b000 	C:\Program Files\Java\jdk-21\bin\VCRUNTIME140.dll
0x00007ffcfb610000 - 0x00007ffcfb6b7000 	C:\WINDOWS\System32\msvcrt.dll
0x00007ffcfb6c0000 - 0x00007ffcfb768000 	C:\WINDOWS\System32\sechost.dll
0x00007ffcfaa90000 - 0x00007ffcfaab8000 	C:\WINDOWS\System32\bcrypt.dll
0x00007ffcfd270000 - 0x00007ffcfd387000 	C:\WINDOWS\System32\RPCRT4.dll
0x00007ffcfc9e0000 - 0x00007ffcfcb8e000 	C:\WINDOWS\System32\USER32.dll
0x00007ffcfa710000 - 0x00007ffcfa736000 	C:\WINDOWS\System32\win32u.dll
0x00007ffcfb860000 - 0x00007ffcfb889000 	C:\WINDOWS\System32\GDI32.dll
0x00007ffcd9000000 - 0x00007ffcd9293000 	C:\WINDOWS\WinSxS\amd64_microsoft.windows.common-controls_6595b64144ccf1df_6.0.22621.2506_none_270c5ae97388e100\COMCTL32.dll
0x00007ffcfb000000 - 0x00007ffcfb118000 	C:\WINDOWS\System32\gdi32full.dll
0x00007ffcfa740000 - 0x00007ffcfa7da000 	C:\WINDOWS\System32\msvcp_win.dll
0x00007ffcee850000 - 0x00007ffcee85a000 	C:\WINDOWS\SYSTEM32\VERSION.dll
0x00007ffcfc830000 - 0x00007ffcfc861000 	C:\WINDOWS\System32\IMM32.DLL
0x00007ffcf2bf0000 - 0x00007ffcf2bfc000 	C:\Program Files\Java\jdk-21\bin\vcruntime140_1.dll
0x00007ffcd6160000 - 0x00007ffcd61ee000 	C:\Program Files\Java\jdk-21\bin\msvcp140.dll
0x00007ffc343b0000 - 0x00007ffc350c7000 	C:\Program Files\Java\jdk-21\bin\server\jvm.dll
0x00007ffcfc7b0000 - 0x00007ffcfc821000 	C:\WINDOWS\System32\WS2_32.dll
0x00007ffcf9560000 - 0x00007ffcf95ad000 	C:\WINDOWS\SYSTEM32\POWRPROF.dll
0x00007ffcee1d0000 - 0x00007ffcee204000 	C:\WINDOWS\SYSTEM32\WINMM.dll
0x00007ffcf9540000 - 0x00007ffcf9553000 	C:\WINDOWS\SYSTEM32\UMPDC.dll
0x00007ffcf9810000 - 0x00007ffcf9828000 	C:\WINDOWS\SYSTEM32\kernel.appcore.dll
0x00007ffcf2ad0000 - 0x00007ffcf2ada000 	C:\Program Files\Java\jdk-21\bin\jimage.dll
0x00007ffcf7cb0000 - 0x00007ffcf7ee3000 	C:\WINDOWS\SYSTEM32\DBGHELP.DLL
0x00007ffcfc100000 - 0x00007ffcfc489000 	C:\WINDOWS\System32\combase.dll
0x00007ffcfb770000 - 0x00007ffcfb847000 	C:\WINDOWS\System32\OLEAUT32.dll
0x00007ffcec3b0000 - 0x00007ffcec3e2000 	C:\WINDOWS\SYSTEM32\dbgcore.DLL
0x00007ffcfa8a0000 - 0x00007ffcfa91a000 	C:\WINDOWS\System32\bcryptPrimitives.dll
0x00007ffcec510000 - 0x00007ffcec52f000 	C:\Program Files\Java\jdk-21\bin\java.dll
0x00007ffcfb890000 - 0x00007ffcfc0eb000 	C:\WINDOWS\System32\SHELL32.dll
0x00007ffcf8630000 - 0x00007ffcf8f26000 	C:\WINDOWS\SYSTEM32\windows.storage.dll
0x00007ffcf84f0000 - 0x00007ffcf862e000 	C:\WINDOWS\SYSTEM32\wintypes.dll
0x00007ffcfb370000 - 0x00007ffcfb463000 	C:\WINDOWS\System32\SHCORE.dll
0x00007ffcfc720000 - 0x00007ffcfc77e000 	C:\WINDOWS\System32\shlwapi.dll
0x00007ffcfa640000 - 0x00007ffcfa666000 	C:\WINDOWS\SYSTEM32\profapi.dll
0x00007ffccf5a0000 - 0x00007ffccf677000 	C:\Program Files\Java\jdk-21\bin\jsvml.dll
0x00007ffcf2a40000 - 0x00007ffcf2a50000 	C:\Program Files\Java\jdk-21\bin\net.dll
0x00007ffcf1180000 - 0x00007ffcf12b7000 	C:\WINDOWS\SYSTEM32\WINHTTP.dll
0x00007ffcf9c80000 - 0x00007ffcf9ce9000 	C:\WINDOWS\system32\mswsock.dll
0x00007ffcddba0000 - 0x00007ffcddbb6000 	C:\Program Files\Java\jdk-21\bin\nio.dll
0x00007ffcddb00000 - 0x00007ffcddb18000 	C:\Program Files\Java\jdk-21\bin\zip.dll
0x00007ffca55e0000 - 0x00007ffca576f000 	C:\Program Files\Java\jdk-21\bin\awt.dll
0x00007ffcf4940000 - 0x00007ffcf49d7000 	C:\WINDOWS\SYSTEM32\apphelp.dll
0x00007ffcf7280000 - 0x00007ffcf72ab000 	C:\WINDOWS\system32\DWMAPI.DLL
0x00007ffcf4a80000 - 0x00007ffcf4b2b000 	C:\WINDOWS\system32\uxtheme.dll
0x00007ffca3740000 - 0x00007ffca3840000 	C:\WINDOWS\system32\opengl32.dll
0x00007ffcd81e0000 - 0x00007ffcd820d000 	C:\WINDOWS\SYSTEM32\GLU32.dll
0x00007ffcf79a0000 - 0x00007ffcf79d9000 	C:\WINDOWS\SYSTEM32\dxcore.dll
0x00007ffcfc880000 - 0x00007ffcfc9d1000 	C:\WINDOWS\System32\MSCTF.dll
0x00007ffcfb470000 - 0x00007ffcfb610000 	C:\WINDOWS\System32\ole32.dll
0x00007ffcd6540000 - 0x00007ffcd656e000 	C:\Program Files\Java\jdk-21\bin\javajpeg.dll
0x00007ffcc0870000 - 0x00007ffcc08f7000 	C:\Program Files\Java\jdk-21\bin\freetype.dll
0x00007ffca5340000 - 0x00007ffca5422000 	C:\Program Files\Java\jdk-21\bin\fontmanager.dll
0x00007ffcdb4c0000 - 0x00007ffcdb60a000 	C:\WINDOWS\SYSTEM32\textinputframework.dll
0x00007ffcf4660000 - 0x00007ffcf4794000 	C:\WINDOWS\SYSTEM32\CoreMessaging.dll
0x00007ffcf02e0000 - 0x00007ffcf064c000 	C:\WINDOWS\SYSTEM32\CoreUIComponents.dll
0x00007ffcf9ee0000 - 0x00007ffcf9eec000 	C:\WINDOWS\SYSTEM32\CRYPTBASE.DLL
0x00007ffccc910000 - 0x00007ffccc9c0000 	C:\WINDOWS\SYSTEM32\TextShaping.dll

dbghelp: loaded successfully - version: 4.0.5 - missing functions: none
symbol engine: initialized successfully - sym options: 0x614 - pdb path: .;C:\Program Files\Java\jdk-21\bin;C:\WINDOWS\SYSTEM32;C:\WINDOWS\WinSxS\amd64_microsoft.windows.common-controls_6595b64144ccf1df_6.0.22621.2506_none_270c5ae97388e100;C:\Program Files\Java\jdk-21\bin\server

VM Arguments:
jvm_args: -Dfile.encoding=UTF-8 -Dstdout.encoding=UTF-8 -Dstderr.encoding=UTF-8 -XX:+ShowCodeDetailsInExceptionMessages 
java_command: BankManagementSystem.Transactions
java_class_path (initial): C:\Users\amrit\git\JavaBankManagement\BankManagementSystem\bin;C:\Users\amrit\Downloads\jcalendar-tz-1.3.3-4.jar;C:\Users\amrit\Downloads\mysql-connector-java-8.0.28.jar
Launcher Type: SUN_STANDARD

[Global flags]
     intx CICompilerCount                          = 12                                        {product} {ergonomic}
     uint ConcGCThreads                            = 4                                         {product} {ergonomic}
     uint G1ConcRefinementThreads                  = 15                                        {product} {ergonomic}
   size_t G1HeapRegionSize                         = 2097152                                   {product} {ergonomic}
    uintx GCDrainStackTargetSize                   = 64                                        {product} {ergonomic}
   size_t InitialHeapSize                          = 264241152                                 {product} {ergonomic}
   size_t MarkStackSize                            = 4194304                                   {product} {ergonomic}
   size_t MaxHeapSize                              = 4213178368                                {product} {ergonomic}
   size_t MaxNewSize                               = 2527068160                                {product} {ergonomic}
   size_t MinHeapDeltaBytes                        = 2097152                                   {product} {ergonomic}
   size_t MinHeapSize                              = 8388608                                   {product} {ergonomic}
    uintx NonNMethodCodeHeapSize                   = 7602480                                {pd product} {ergonomic}
    uintx NonProfiledCodeHeapSize                  = 122027880                              {pd product} {ergonomic}
    uintx ProfiledCodeHeapSize                     = 122027880                              {pd product} {ergonomic}
    uintx ReservedCodeCacheSize                    = 251658240                              {pd product} {ergonomic}
     bool SegmentedCodeCache                       = true                                      {product} {ergonomic}
     bool ShowCodeDetailsInExceptionMessages       = true                                   {manageable} {command line}
   size_t SoftMaxHeapSize                          = 4213178368                             {manageable} {ergonomic}
     bool UseCompressedOops                        = true                           {product lp64_product} {ergonomic}
     bool UseG1GC                                  = true                                      {product} {ergonomic}
     bool UseLargePagesIndividualAllocation        = false                                  {pd product} {ergonomic}

Logging:
Log output configuration:
 #0: stdout all=warning uptime,level,tags foldmultilines=false
 #1: stderr all=off uptime,level,tags foldmultilines=false

Environment Variables:
JAVA_HOME=C:\Program Files\Java\jdk-21
PATH=C:\Program Files\Common Files\Oracle\Java\javapath;C:\windows\system32;C:\windows;C:\windows\System32\Wbem;C:\windows\System32\WindowsPowerShell\v1.0\;C:\windows\System32\OpenSSH\;C:\Program Files (x86)\NVIDIA Corporation\PhysX\Common;C:\Program Files\NVIDIA Corporation\NVIDIA NvDLISR;C:\WINDOWS\system32;C:\WINDOWS;C:\WINDOWS\System32\Wbem;C:\WINDOWS\System32\WindowsPowerShell\v1.0\;C:\WINDOWS\System32\OpenSSH\;C:\Program Files\MySQL\MySQL Shell 8.0\bin\;C:\Users\amrit\AppData\Local\Microsoft\WindowsApps;
USERNAME=amrit
OS=Windows_NT
PROCESSOR_IDENTIFIER=Intel64 Family 6 Model 151 Stepping 2, GenuineIntel
TMP=C:\Users\amrit\AppData\Local\Temp
TEMP=C:\Users\amrit\AppData\Local\Temp




Periodic native trim disabled

---------------  S Y S T E M  ---------------

OS:
 Windows 11 , 64 bit Build 22621 (10.0.22621.3085)
OS uptime: 15 days 21:20 hours
Hyper-V role detected

CPU: total 20 (initial active 20) (10 cores per cpu, 2 threads per core) family 6 model 151 stepping 2 microcode 0x2e, cx8, cmov, fxsr, ht, mmx, 3dnowpref, sse, sse2, sse3, ssse3, sse4.1, sse4.2, popcnt, lzcnt, tsc, tscinvbit, avx, avx2, aes, erms, clmul, bmi1, bmi2, adx, sha, fma, vzeroupper, clflush, clflushopt, clwb, hv, serialize, rdtscp, rdpid, fsrm, f16c, cet_ibt, cet_ss
Processor Information for processor 0
  Max Mhz: 2100, Current Mhz: 2100, Mhz Limit: 2100
Processor Information for processor 1
  Max Mhz: 2100, Current Mhz: 2100, Mhz Limit: 2100
Processor Information for processor 2
  Max Mhz: 2100, Current Mhz: 2100, Mhz Limit: 2100
Processor Information for processor 3
  Max Mhz: 2100, Current Mhz: 2100, Mhz Limit: 2100
Processor Information for processor 4
  Max Mhz: 2100, Current Mhz: 2100, Mhz Limit: 2100
Processor Information for processor 5
  Max Mhz: 2100, Current Mhz: 2100, Mhz Limit: 2100
Processor Information for processor 6
  Max Mhz: 2100, Current Mhz: 2100, Mhz Limit: 2100
Processor Information for processor 7
  Max Mhz: 2100, Current Mhz: 2100, Mhz Limit: 2100
Processor Information for processor 8
  Max Mhz: 2100, Current Mhz: 2100, Mhz Limit: 2100
Processor Information for processor 9
  Max Mhz: 2100, Current Mhz: 2100, Mhz Limit: 2100
Processor Information for processor 10
  Max Mhz: 2100, Current Mhz: 2100, Mhz Limit: 2100
Processor Information for processor 11
  Max Mhz: 2100, Current Mhz: 2100, Mhz Limit: 2100
Processor Information for processor 12
  Max Mhz: 2100, Current Mhz: 2100, Mhz Limit: 2100
Processor Information for processor 13
  Max Mhz: 2100, Current Mhz: 2100, Mhz Limit: 2100
Processor Information for processor 14
  Max Mhz: 2100, Current Mhz: 2100, Mhz Limit: 2100
Processor Information for processor 15
  Max Mhz: 2100, Current Mhz: 2100, Mhz Limit: 2100
Processor Information for processor 16
  Max Mhz: 2100, Current Mhz: 1600, Mhz Limit: 1596
Processor Information for processor 17
  Max Mhz: 2100, Current Mhz: 1600, Mhz Limit: 1596
Processor Information for processor 18
  Max Mhz: 2100, Current Mhz: 1600, Mhz Limit: 1596
Processor Information for processor 19
  Max Mhz: 2100, Current Mhz: 1600, Mhz Limit: 1596

Memory: 4k page, system-wide physical 16065M (5251M free)
TotalPageFile size 65217M (AvailPageFile size 0M)
current process WorkingSet (physical memory assigned to process): 32M, peak: 94M
current process commit charge ("private bytes"): 369M, peak: 373M

vm_info: Java HotSpot(TM) 64-Bit Server VM (21.0.2+13-LTS-58) for windows-amd64 JRE (21.0.2+13-LTS-58), built on 2024-01-05T18:32:24Z by "mach5one" with MS VC++ 17.1 (VS2022)

END.
