#
# There is insufficient memory for the Java Runtime Environment to continue.
# Native memory allocation (malloc) failed to allocate 187776 bytes for Chunk::new
# Possible reasons:
#   The system is out of physical RAM or swap space
#   The process is running with CompressedOops enabled, and the Java Heap may be blocking the growth of the native heap
# Possible solutions:
#   Reduce memory load on the system
#   Increase physical memory or swap space
#   Check if swap backing store is full
#   Decrease Java heap size (-Xmx/-Xms)
#   Decrease number of Java threads
#   Decrease Java thread stack sizes (-Xss)
#   Set larger code cache with -XX:ReservedCodeCacheSize=
#   JVM is running with Zero Based Compressed Oops mode in which the Java heap is
#     placed in the first 32GB address space. The Java Heap base address is the
#     maximum limit for the native heap growth. Please use -XX:HeapBaseMinAddress
#     to set the Java Heap base and to place the Java Heap above 32GB virtual address.
# This output file may be truncated or incomplete.
#
#  Out of Memory Error (arena.cpp:168), pid=21052, tid=40984
#
# JRE version: Java(TM) SE Runtime Environment (21.0.2+13) (build 21.0.2+13-LTS-58)
# Java VM: Java HotSpot(TM) 64-Bit Server VM (21.0.2+13-LTS-58, mixed mode, sharing, tiered, compressed oops, compressed class ptrs, g1 gc, windows-amd64)
# No core dump will be written. Minidumps are not enabled by default on client versions of Windows
#

---------------  S U M M A R Y ------------

Command Line: -Dfile.encoding=UTF-8 -Dstdout.encoding=UTF-8 -Dstderr.encoding=UTF-8 -XX:+ShowCodeDetailsInExceptionMessages BankManagementSystem.Login

Host: 12th Gen Intel(R) Core(TM) i7-12700, 20 cores, 15G,  Windows 11 , 64 bit Build 22621 (10.0.22621.3085)
Time: Fri Mar 15 11:42:12 2024 Central Daylight Time elapsed time: 167896.760704 seconds (1d 22h 38m 16s)

---------------  T H R E A D  ---------------

Current thread (0x000001f716578170):  JavaThread "C2 CompilerThread0" daemon [_thread_in_native, id=40984, stack(0x0000007a9ca00000,0x0000007a9cb00000) (1024K)]


Current CompileTask:
C2:167896761 1970   !   4       java.awt.Toolkit::setDesktopProperty (81 bytes)

Stack: [0x0000007a9ca00000,0x0000007a9cb00000]
Native frames: (J=compiled Java code, j=interpreted, Vv=VM code, C=native code)
V  [jvm.dll+0x6cade9]
V  [jvm.dll+0x8569c1]
V  [jvm.dll+0x858d2e]
V  [jvm.dll+0x859413]
V  [jvm.dll+0x280e56]
V  [jvm.dll+0xc3f3d]
V  [jvm.dll+0xc4473]
V  [jvm.dll+0x2f437f]
V  [jvm.dll+0x5f5056]
V  [jvm.dll+0x252d7f]
V  [jvm.dll+0x24b25c]
V  [jvm.dll+0x2490a3]
V  [jvm.dll+0x1c9634]
V  [jvm.dll+0x258859]
V  [jvm.dll+0x256e3a]
V  [jvm.dll+0x3ef6c6]
V  [jvm.dll+0x7ff568]
V  [jvm.dll+0x6c953d]
C  [ucrtbase.dll+0x29363]
C  [KERNEL32.DLL+0x1257d]
C  [ntdll.dll+0x5aa58]


---------------  P R O C E S S  ---------------

Threads class SMR info:
_java_thread_list=0x000001f760250cb0, length=16, elements={
0x000001f71654b1f0, 0x000001f71654c110, 0x000001f71654e270, 0x000001f716550de0,
0x000001f716572fa0, 0x000001f716575a10, 0x000001f716578170, 0x000001f716579c20,
0x000001f7168a21e0, 0x000001f7168a5230, 0x000001f716a3bf40, 0x000001f716a4e5b0,
0x000001f716a53b00, 0x000001f75eca6690, 0x000001f774119310, 0x000001f75fa45610
}

Java Threads: ( => current thread )
  0x000001f71654b1f0 JavaThread "Reference Handler"          daemon [_thread_blocked, id=26740, stack(0x0000007a9c400000,0x0000007a9c500000) (1024K)]
  0x000001f71654c110 JavaThread "Finalizer"                  daemon [_thread_blocked, id=37920, stack(0x0000007a9c500000,0x0000007a9c600000) (1024K)]
  0x000001f71654e270 JavaThread "Signal Dispatcher"          daemon [_thread_blocked, id=42172, stack(0x0000007a9c600000,0x0000007a9c700000) (1024K)]
  0x000001f716550de0 JavaThread "Attach Listener"            daemon [_thread_blocked, id=37764, stack(0x0000007a9c700000,0x0000007a9c800000) (1024K)]
  0x000001f716572fa0 JavaThread "Service Thread"             daemon [_thread_blocked, id=35752, stack(0x0000007a9c800000,0x0000007a9c900000) (1024K)]
  0x000001f716575a10 JavaThread "Monitor Deflation Thread"   daemon [_thread_blocked, id=34012, stack(0x0000007a9c900000,0x0000007a9ca00000) (1024K)]
=>0x000001f716578170 JavaThread "C2 CompilerThread0"         daemon [_thread_in_native, id=40984, stack(0x0000007a9ca00000,0x0000007a9cb00000) (1024K)]
  0x000001f716579c20 JavaThread "C1 CompilerThread0"         daemon [_thread_blocked, id=6980, stack(0x0000007a9cb00000,0x0000007a9cc00000) (1024K)]
  0x000001f7168a21e0 JavaThread "Notification Thread"        daemon [_thread_blocked, id=36892, stack(0x0000007a9cd00000,0x0000007a9ce00000) (1024K)]
  0x000001f7168a5230 JavaThread "Common-Cleaner"             daemon [_thread_blocked, id=34676, stack(0x0000007a9ce00000,0x0000007a9cf00000) (1024K)]
  0x000001f716a3bf40 JavaThread "Java2D Disposer"            daemon [_thread_blocked, id=39148, stack(0x0000007a9cf00000,0x0000007a9d000000) (1024K)]
  0x000001f716a4e5b0 JavaThread "AWT-Shutdown"                      [_thread_blocked, id=40704, stack(0x0000007a9d000000,0x0000007a9d100000) (1024K)]
  0x000001f716a53b00 JavaThread "AWT-Windows"                daemon [_thread_in_native, id=42628, stack(0x0000007a9d100000,0x0000007a9d200000) (1024K)]
  0x000001f75eca6690 JavaThread "AWT-EventQueue-0"                  [_thread_blocked, id=19184, stack(0x0000007a9d600000,0x0000007a9d700000) (1024K)]
  0x000001f774119310 JavaThread "DestroyJavaVM"                     [_thread_blocked, id=29496, stack(0x0000007a9bc00000,0x0000007a9bd00000) (1024K)]
  0x000001f75fa45610 JavaThread "TimerQueue"                 daemon [_thread_blocked, id=41840, stack(0x0000007a9da00000,0x0000007a9db00000) (1024K)]
Total: 16

Other Threads:
  0x000001f71652b540 VMThread "VM Thread"                           [id=34120, stack(0x0000007a9c300000,0x0000007a9c400000) (1024K)]
  0x000001f716513060 WatcherThread "VM Periodic Task Thread"        [id=41080, stack(0x0000007a9c200000,0x0000007a9c300000) (1024K)]
  0x000001f77650da70 WorkerThread "GC Thread#0"                     [id=41736, stack(0x0000007a9bd00000,0x0000007a9be00000) (1024K)]
  0x000001f75f96fb10 WorkerThread "GC Thread#1"                     [id=36408, stack(0x0000007a9d500000,0x0000007a9d600000) (1024K)]
  0x000001f716931500 WorkerThread "GC Thread#2"                     [id=38732, stack(0x0000007a9db00000,0x0000007a9dc00000) (1024K)]
  0x000001f7169318a0 WorkerThread "GC Thread#3"                     [id=34408, stack(0x0000007a9dc00000,0x0000007a9dd00000) (1024K)]
  0x000001f75eae4c10 WorkerThread "GC Thread#4"                     [id=40300, stack(0x0000007a9dd00000,0x0000007a9de00000) (1024K)]
  0x000001f75eae4fb0 WorkerThread "GC Thread#5"                     [id=40392, stack(0x0000007a9de00000,0x0000007a9df00000) (1024K)]
  0x000001f75ec706a0 WorkerThread "GC Thread#6"                     [id=38296, stack(0x0000007a9df00000,0x0000007a9e000000) (1024K)]
  0x000001f75ef31d30 WorkerThread "GC Thread#7"                     [id=7740, stack(0x0000007a9e000000,0x0000007a9e100000) (1024K)]
  0x000001f75ef35010 WorkerThread "GC Thread#8"                     [id=21616, stack(0x0000007a9e100000,0x0000007a9e200000) (1024K)]
  0x000001f75ef35af0 WorkerThread "GC Thread#9"                     [id=2896, stack(0x0000007a9e200000,0x0000007a9e300000) (1024K)]
  0x000001f77651ec80 ConcurrentGCThread "G1 Main Marker"            [id=31476, stack(0x0000007a9be00000,0x0000007a9bf00000) (1024K)]
  0x000001f77651f690 WorkerThread "G1 Conc#0"                       [id=42860, stack(0x0000007a9bf00000,0x0000007a9c000000) (1024K)]
  0x000001f7163e7750 ConcurrentGCThread "G1 Refine#0"               [id=9504, stack(0x0000007a9c000000,0x0000007a9c100000) (1024K)]
  0x000001f7163e8f80 ConcurrentGCThread "G1 Service"                [id=23112, stack(0x0000007a9c100000,0x0000007a9c200000) (1024K)]
Total: 16

Threads with active compile tasks:
C2 CompilerThread0  167896771 1970   !   4       java.awt.Toolkit::setDesktopProperty (81 bytes)
Total: 1

VM state: not at safepoint (normal execution)

VM Mutex/Monitor currently owned by a thread: None

Heap address: 0x0000000704e00000, size: 4018 MB, Compressed Oops mode: Zero based, Oop shift amount: 3

CDS archive(s) mapped at: [0x000001f717000000-0x000001f717c90000-0x000001f717c90000), size 13172736, SharedBaseAddress: 0x000001f717000000, ArchiveRelocationMode: 1.
Compressed class space mapped at: 0x000001f718000000-0x000001f758000000, reserved size: 1073741824
Narrow klass base: 0x000001f717000000, Narrow klass shift: 0, Narrow klass range: 0x100000000

GC Precious Log:
 CardTable entry size: 512
 Card Set container configuration: InlinePtr #cards 4 size 8 Array Of Cards #cards 16 size 48 Howl #buckets 8 coarsen threshold 3686 Howl Bitmap #cards 512 size 80 coarsen threshold 460 Card regions per heap region 1 cards per card region 4096
 CPUs: 20 total, 20 available
 Memory: 16065M
 Large Page Support: Disabled
 NUMA Support: Disabled
 Compressed Oops: Enabled (Zero based)
 Heap Region Size: 2M
 Heap Min Capacity: 8M
 Heap Initial Capacity: 252M
 Heap Max Capacity: 4018M
 Pre-touch: Disabled
 Parallel Workers: 15
 Concurrent Workers: 4
 Concurrent Refinement Workers: 15
 Periodic GC: Disabled

Heap:
 garbage-first heap   total 258048K, used 41504K [0x0000000704e00000, 0x0000000800000000)
  region size 2048K, 8 young (16384K), 2 survivors (4096K)
 Metaspace       used 9545K, committed 9728K, reserved 1114112K
  class space    used 992K, committed 1088K, reserved 1048576K

Heap Regions: E=young(eden), S=young(survivor), O=old, HS=humongous(starts), HC=humongous(continues), CS=collection set, F=free, TAMS=top-at-mark-start, PB=parsable bottom
|   0|0x0000000704e00000, 0x0000000705000000, 0x0000000705000000|100%|HS|  |TAMS 0x0000000704e00000| PB 0x0000000704e00000| Complete 
|   1|0x0000000705000000, 0x0000000705200000, 0x0000000705200000|100%|HC|  |TAMS 0x0000000705000000| PB 0x0000000705000000| Complete 
|   2|0x0000000705200000, 0x0000000705400000, 0x0000000705400000|100%|HC|  |TAMS 0x0000000705200000| PB 0x0000000705200000| Complete 
|   3|0x0000000705400000, 0x0000000705488010, 0x0000000705600000| 26%| O|  |TAMS 0x0000000705400000| PB 0x0000000705400000| Untracked 
|   4|0x0000000705600000, 0x0000000705800000, 0x0000000705800000|100%|HS|  |TAMS 0x0000000705600000| PB 0x0000000705600000| Complete 
|   5|0x0000000705800000, 0x0000000705a00000, 0x0000000705a00000|100%|HC|  |TAMS 0x0000000705800000| PB 0x0000000705800000| Complete 
|   6|0x0000000705a00000, 0x0000000705c00000, 0x0000000705c00000|100%|HS|  |TAMS 0x0000000705a00000| PB 0x0000000705a00000| Complete 
|   7|0x0000000705c00000, 0x0000000705e00000, 0x0000000705e00000|100%|HC|  |TAMS 0x0000000705c00000| PB 0x0000000705c00000| Complete 
|   8|0x0000000705e00000, 0x0000000706000000, 0x0000000706000000|100%|HC|  |TAMS 0x0000000705e00000| PB 0x0000000705e00000| Complete 
|   9|0x0000000706000000, 0x0000000706200000, 0x0000000706200000|100%|HS|  |TAMS 0x0000000706000000| PB 0x0000000706000000| Complete 
|  10|0x0000000706200000, 0x0000000706400000, 0x0000000706400000|100%|HC|  |TAMS 0x0000000706200000| PB 0x0000000706200000| Complete 
|  11|0x0000000706400000, 0x0000000706600000, 0x0000000706600000|100%|HS|  |TAMS 0x0000000706400000| PB 0x0000000706400000| Complete 
|  12|0x0000000706600000, 0x0000000706800000, 0x0000000706800000|100%|HC|  |TAMS 0x0000000706600000| PB 0x0000000706600000| Complete 
|  13|0x0000000706800000, 0x0000000706a00000, 0x0000000706a00000|100%|HC|  |TAMS 0x0000000706800000| PB 0x0000000706800000| Complete 
|  14|0x0000000706a00000, 0x0000000706a00000, 0x0000000706c00000|  0%| F|  |TAMS 0x0000000706a00000| PB 0x0000000706a00000| Untracked 
|  15|0x0000000706c00000, 0x0000000706c00000, 0x0000000706e00000|  0%| F|  |TAMS 0x0000000706c00000| PB 0x0000000706c00000| Untracked 
|  16|0x0000000706e00000, 0x0000000706e00000, 0x0000000707000000|  0%| F|  |TAMS 0x0000000706e00000| PB 0x0000000706e00000| Untracked 
|  17|0x0000000707000000, 0x0000000707000000, 0x0000000707200000|  0%| F|  |TAMS 0x0000000707000000| PB 0x0000000707000000| Untracked 
|  18|0x0000000707200000, 0x0000000707200000, 0x0000000707400000|  0%| F|  |TAMS 0x0000000707200000| PB 0x0000000707200000| Untracked 
|  19|0x0000000707400000, 0x0000000707400000, 0x0000000707600000|  0%| F|  |TAMS 0x0000000707400000| PB 0x0000000707400000| Untracked 
|  20|0x0000000707600000, 0x0000000707600000, 0x0000000707800000|  0%| F|  |TAMS 0x0000000707600000| PB 0x0000000707600000| Untracked 
|  21|0x0000000707800000, 0x0000000707800000, 0x0000000707a00000|  0%| F|  |TAMS 0x0000000707800000| PB 0x0000000707800000| Untracked 
|  22|0x0000000707a00000, 0x0000000707a00000, 0x0000000707c00000|  0%| F|  |TAMS 0x0000000707a00000| PB 0x0000000707a00000| Untracked 
|  23|0x0000000707c00000, 0x0000000707c00000, 0x0000000707e00000|  0%| F|  |TAMS 0x0000000707c00000| PB 0x0000000707c00000| Untracked 
|  24|0x0000000707e00000, 0x0000000707e00000, 0x0000000708000000|  0%| F|  |TAMS 0x0000000707e00000| PB 0x0000000707e00000| Untracked 
|  25|0x0000000708000000, 0x0000000708000000, 0x0000000708200000|  0%| F|  |TAMS 0x0000000708000000| PB 0x0000000708000000| Untracked 
|  26|0x0000000708200000, 0x0000000708200000, 0x0000000708400000|  0%| F|  |TAMS 0x0000000708200000| PB 0x0000000708200000| Untracked 
|  27|0x0000000708400000, 0x0000000708400000, 0x0000000708600000|  0%| F|  |TAMS 0x0000000708400000| PB 0x0000000708400000| Untracked 
|  28|0x0000000708600000, 0x0000000708600000, 0x0000000708800000|  0%| F|  |TAMS 0x0000000708600000| PB 0x0000000708600000| Untracked 
|  29|0x0000000708800000, 0x0000000708800000, 0x0000000708a00000|  0%| F|  |TAMS 0x0000000708800000| PB 0x0000000708800000| Untracked 
|  30|0x0000000708a00000, 0x0000000708a00000, 0x0000000708c00000|  0%| F|  |TAMS 0x0000000708a00000| PB 0x0000000708a00000| Untracked 
|  31|0x0000000708c00000, 0x0000000708c00000, 0x0000000708e00000|  0%| F|  |TAMS 0x0000000708c00000| PB 0x0000000708c00000| Untracked 
|  32|0x0000000708e00000, 0x0000000708e00000, 0x0000000709000000|  0%| F|  |TAMS 0x0000000708e00000| PB 0x0000000708e00000| Untracked 
|  33|0x0000000709000000, 0x0000000709000000, 0x0000000709200000|  0%| F|  |TAMS 0x0000000709000000| PB 0x0000000709000000| Untracked 
|  34|0x0000000709200000, 0x0000000709200000, 0x0000000709400000|  0%| F|  |TAMS 0x0000000709200000| PB 0x0000000709200000| Untracked 
|  35|0x0000000709400000, 0x0000000709400000, 0x0000000709600000|  0%| F|  |TAMS 0x0000000709400000| PB 0x0000000709400000| Untracked 
|  36|0x0000000709600000, 0x0000000709600000, 0x0000000709800000|  0%| F|  |TAMS 0x0000000709600000| PB 0x0000000709600000| Untracked 
|  37|0x0000000709800000, 0x0000000709800000, 0x0000000709a00000|  0%| F|  |TAMS 0x0000000709800000| PB 0x0000000709800000| Untracked 
|  38|0x0000000709a00000, 0x0000000709a00000, 0x0000000709c00000|  0%| F|  |TAMS 0x0000000709a00000| PB 0x0000000709a00000| Untracked 
|  39|0x0000000709c00000, 0x0000000709c00000, 0x0000000709e00000|  0%| F|  |TAMS 0x0000000709c00000| PB 0x0000000709c00000| Untracked 
|  40|0x0000000709e00000, 0x0000000709e00000, 0x000000070a000000|  0%| F|  |TAMS 0x0000000709e00000| PB 0x0000000709e00000| Untracked 
|  41|0x000000070a000000, 0x000000070a000000, 0x000000070a200000|  0%| F|  |TAMS 0x000000070a000000| PB 0x000000070a000000| Untracked 
|  42|0x000000070a200000, 0x000000070a200000, 0x000000070a400000|  0%| F|  |TAMS 0x000000070a200000| PB 0x000000070a200000| Untracked 
|  43|0x000000070a400000, 0x000000070a400000, 0x000000070a600000|  0%| F|  |TAMS 0x000000070a400000| PB 0x000000070a400000| Untracked 
|  44|0x000000070a600000, 0x000000070a600000, 0x000000070a800000|  0%| F|  |TAMS 0x000000070a600000| PB 0x000000070a600000| Untracked 
|  45|0x000000070a800000, 0x000000070a800000, 0x000000070aa00000|  0%| F|  |TAMS 0x000000070a800000| PB 0x000000070a800000| Untracked 
|  46|0x000000070aa00000, 0x000000070aa00000, 0x000000070ac00000|  0%| F|  |TAMS 0x000000070aa00000| PB 0x000000070aa00000| Untracked 
|  47|0x000000070ac00000, 0x000000070ac00000, 0x000000070ae00000|  0%| F|  |TAMS 0x000000070ac00000| PB 0x000000070ac00000| Untracked 
|  48|0x000000070ae00000, 0x000000070ae00000, 0x000000070b000000|  0%| F|  |TAMS 0x000000070ae00000| PB 0x000000070ae00000| Untracked 
|  49|0x000000070b000000, 0x000000070b000000, 0x000000070b200000|  0%| F|  |TAMS 0x000000070b000000| PB 0x000000070b000000| Untracked 
|  50|0x000000070b200000, 0x000000070b200000, 0x000000070b400000|  0%| F|  |TAMS 0x000000070b200000| PB 0x000000070b200000| Untracked 
|  51|0x000000070b400000, 0x000000070b400000, 0x000000070b600000|  0%| F|  |TAMS 0x000000070b400000| PB 0x000000070b400000| Untracked 
|  52|0x000000070b600000, 0x000000070b600000, 0x000000070b800000|  0%| F|  |TAMS 0x000000070b600000| PB 0x000000070b600000| Untracked 
|  53|0x000000070b800000, 0x000000070b800000, 0x000000070ba00000|  0%| F|  |TAMS 0x000000070b800000| PB 0x000000070b800000| Untracked 
|  54|0x000000070ba00000, 0x000000070ba00000, 0x000000070bc00000|  0%| F|  |TAMS 0x000000070ba00000| PB 0x000000070ba00000| Untracked 
|  55|0x000000070bc00000, 0x000000070bc00000, 0x000000070be00000|  0%| F|  |TAMS 0x000000070bc00000| PB 0x000000070bc00000| Untracked 
|  56|0x000000070be00000, 0x000000070be00000, 0x000000070c000000|  0%| F|  |TAMS 0x000000070be00000| PB 0x000000070be00000| Untracked 
|  57|0x000000070c000000, 0x000000070c000000, 0x000000070c200000|  0%| F|  |TAMS 0x000000070c000000| PB 0x000000070c000000| Untracked 
|  58|0x000000070c200000, 0x000000070c200000, 0x000000070c400000|  0%| F|  |TAMS 0x000000070c200000| PB 0x000000070c200000| Untracked 
|  59|0x000000070c400000, 0x000000070c400000, 0x000000070c600000|  0%| F|  |TAMS 0x000000070c400000| PB 0x000000070c400000| Untracked 
|  60|0x000000070c600000, 0x000000070c600000, 0x000000070c800000|  0%| F|  |TAMS 0x000000070c600000| PB 0x000000070c600000| Untracked 
|  61|0x000000070c800000, 0x000000070c800000, 0x000000070ca00000|  0%| F|  |TAMS 0x000000070c800000| PB 0x000000070c800000| Untracked 
|  62|0x000000070ca00000, 0x000000070ca00000, 0x000000070cc00000|  0%| F|  |TAMS 0x000000070ca00000| PB 0x000000070ca00000| Untracked 
|  63|0x000000070cc00000, 0x000000070cc00000, 0x000000070ce00000|  0%| F|  |TAMS 0x000000070cc00000| PB 0x000000070cc00000| Untracked 
|  64|0x000000070ce00000, 0x000000070ce00000, 0x000000070d000000|  0%| F|  |TAMS 0x000000070ce00000| PB 0x000000070ce00000| Untracked 
|  65|0x000000070d000000, 0x000000070d000000, 0x000000070d200000|  0%| F|  |TAMS 0x000000070d000000| PB 0x000000070d000000| Untracked 
|  66|0x000000070d200000, 0x000000070d200000, 0x000000070d400000|  0%| F|  |TAMS 0x000000070d200000| PB 0x000000070d200000| Untracked 
|  67|0x000000070d400000, 0x000000070d400000, 0x000000070d600000|  0%| F|  |TAMS 0x000000070d400000| PB 0x000000070d400000| Untracked 
|  68|0x000000070d600000, 0x000000070d600000, 0x000000070d800000|  0%| F|  |TAMS 0x000000070d600000| PB 0x000000070d600000| Untracked 
|  69|0x000000070d800000, 0x000000070d800000, 0x000000070da00000|  0%| F|  |TAMS 0x000000070d800000| PB 0x000000070d800000| Untracked 
|  70|0x000000070da00000, 0x000000070da00000, 0x000000070dc00000|  0%| F|  |TAMS 0x000000070da00000| PB 0x000000070da00000| Untracked 
|  71|0x000000070dc00000, 0x000000070dc00000, 0x000000070de00000|  0%| F|  |TAMS 0x000000070dc00000| PB 0x000000070dc00000| Untracked 
|  72|0x000000070de00000, 0x000000070de00000, 0x000000070e000000|  0%| F|  |TAMS 0x000000070de00000| PB 0x000000070de00000| Untracked 
|  73|0x000000070e000000, 0x000000070e000000, 0x000000070e200000|  0%| F|  |TAMS 0x000000070e000000| PB 0x000000070e000000| Untracked 
|  74|0x000000070e200000, 0x000000070e200000, 0x000000070e400000|  0%| F|  |TAMS 0x000000070e200000| PB 0x000000070e200000| Untracked 
|  75|0x000000070e400000, 0x000000070e400000, 0x000000070e600000|  0%| F|  |TAMS 0x000000070e400000| PB 0x000000070e400000| Untracked 
|  76|0x000000070e600000, 0x000000070e600000, 0x000000070e800000|  0%| F|  |TAMS 0x000000070e600000| PB 0x000000070e600000| Untracked 
|  77|0x000000070e800000, 0x000000070e800000, 0x000000070ea00000|  0%| F|  |TAMS 0x000000070e800000| PB 0x000000070e800000| Untracked 
|  78|0x000000070ea00000, 0x000000070ea00000, 0x000000070ec00000|  0%| F|  |TAMS 0x000000070ea00000| PB 0x000000070ea00000| Untracked 
|  79|0x000000070ec00000, 0x000000070ec00000, 0x000000070ee00000|  0%| F|  |TAMS 0x000000070ec00000| PB 0x000000070ec00000| Untracked 
|  80|0x000000070ee00000, 0x000000070ee00000, 0x000000070f000000|  0%| F|  |TAMS 0x000000070ee00000| PB 0x000000070ee00000| Untracked 
|  81|0x000000070f000000, 0x000000070f000000, 0x000000070f200000|  0%| F|  |TAMS 0x000000070f000000| PB 0x000000070f000000| Untracked 
|  82|0x000000070f200000, 0x000000070f200000, 0x000000070f400000|  0%| F|  |TAMS 0x000000070f200000| PB 0x000000070f200000| Untracked 
|  83|0x000000070f400000, 0x000000070f400000, 0x000000070f600000|  0%| F|  |TAMS 0x000000070f400000| PB 0x000000070f400000| Untracked 
|  84|0x000000070f600000, 0x000000070f600000, 0x000000070f800000|  0%| F|  |TAMS 0x000000070f600000| PB 0x000000070f600000| Untracked 
|  85|0x000000070f800000, 0x000000070f800000, 0x000000070fa00000|  0%| F|  |TAMS 0x000000070f800000| PB 0x000000070f800000| Untracked 
|  86|0x000000070fa00000, 0x000000070fa00000, 0x000000070fc00000|  0%| F|  |TAMS 0x000000070fa00000| PB 0x000000070fa00000| Untracked 
|  87|0x000000070fc00000, 0x000000070fc00000, 0x000000070fe00000|  0%| F|  |TAMS 0x000000070fc00000| PB 0x000000070fc00000| Untracked 
|  88|0x000000070fe00000, 0x000000070fe00000, 0x0000000710000000|  0%| F|  |TAMS 0x000000070fe00000| PB 0x000000070fe00000| Untracked 
|  89|0x0000000710000000, 0x0000000710000000, 0x0000000710200000|  0%| F|  |TAMS 0x0000000710000000| PB 0x0000000710000000| Untracked 
|  90|0x0000000710200000, 0x0000000710200000, 0x0000000710400000|  0%| F|  |TAMS 0x0000000710200000| PB 0x0000000710200000| Untracked 
|  91|0x0000000710400000, 0x0000000710400000, 0x0000000710600000|  0%| F|  |TAMS 0x0000000710400000| PB 0x0000000710400000| Untracked 
|  92|0x0000000710600000, 0x0000000710600000, 0x0000000710800000|  0%| F|  |TAMS 0x0000000710600000| PB 0x0000000710600000| Untracked 
|  93|0x0000000710800000, 0x0000000710800000, 0x0000000710a00000|  0%| F|  |TAMS 0x0000000710800000| PB 0x0000000710800000| Untracked 
|  94|0x0000000710a00000, 0x0000000710a00000, 0x0000000710c00000|  0%| F|  |TAMS 0x0000000710a00000| PB 0x0000000710a00000| Untracked 
|  95|0x0000000710c00000, 0x0000000710c00000, 0x0000000710e00000|  0%| F|  |TAMS 0x0000000710c00000| PB 0x0000000710c00000| Untracked 
|  96|0x0000000710e00000, 0x0000000710e00000, 0x0000000711000000|  0%| F|  |TAMS 0x0000000710e00000| PB 0x0000000710e00000| Untracked 
|  97|0x0000000711000000, 0x0000000711000000, 0x0000000711200000|  0%| F|  |TAMS 0x0000000711000000| PB 0x0000000711000000| Untracked 
|  98|0x0000000711200000, 0x0000000711200000, 0x0000000711400000|  0%| F|  |TAMS 0x0000000711200000| PB 0x0000000711200000| Untracked 
|  99|0x0000000711400000, 0x0000000711400000, 0x0000000711600000|  0%| F|  |TAMS 0x0000000711400000| PB 0x0000000711400000| Untracked 
| 100|0x0000000711600000, 0x0000000711600000, 0x0000000711800000|  0%| F|  |TAMS 0x0000000711600000| PB 0x0000000711600000| Untracked 
| 101|0x0000000711800000, 0x0000000711800000, 0x0000000711a00000|  0%| F|  |TAMS 0x0000000711800000| PB 0x0000000711800000| Untracked 
| 102|0x0000000711a00000, 0x0000000711a00000, 0x0000000711c00000|  0%| F|  |TAMS 0x0000000711a00000| PB 0x0000000711a00000| Untracked 
| 103|0x0000000711c00000, 0x0000000711c00000, 0x0000000711e00000|  0%| F|  |TAMS 0x0000000711c00000| PB 0x0000000711c00000| Untracked 
| 104|0x0000000711e00000, 0x0000000711e00000, 0x0000000712000000|  0%| F|  |TAMS 0x0000000711e00000| PB 0x0000000711e00000| Untracked 
| 105|0x0000000712000000, 0x0000000712000000, 0x0000000712200000|  0%| F|  |TAMS 0x0000000712000000| PB 0x0000000712000000| Untracked 
| 106|0x0000000712200000, 0x0000000712200000, 0x0000000712400000|  0%| F|  |TAMS 0x0000000712200000| PB 0x0000000712200000| Untracked 
| 107|0x0000000712400000, 0x0000000712400000, 0x0000000712600000|  0%| F|  |TAMS 0x0000000712400000| PB 0x0000000712400000| Untracked 
| 108|0x0000000712600000, 0x0000000712600000, 0x0000000712800000|  0%| F|  |TAMS 0x0000000712600000| PB 0x0000000712600000| Untracked 
| 109|0x0000000712800000, 0x0000000712800000, 0x0000000712a00000|  0%| F|  |TAMS 0x0000000712800000| PB 0x0000000712800000| Untracked 
| 110|0x0000000712a00000, 0x0000000712a00000, 0x0000000712c00000|  0%| F|  |TAMS 0x0000000712a00000| PB 0x0000000712a00000| Untracked 
| 111|0x0000000712c00000, 0x0000000712c00000, 0x0000000712e00000|  0%| F|  |TAMS 0x0000000712c00000| PB 0x0000000712c00000| Untracked 
| 112|0x0000000712e00000, 0x0000000712e00000, 0x0000000713000000|  0%| F|  |TAMS 0x0000000712e00000| PB 0x0000000712e00000| Untracked 
| 113|0x0000000713000000, 0x0000000713200000, 0x0000000713200000|100%| S|CS|TAMS 0x0000000713000000| PB 0x0000000713000000| Complete 
| 114|0x0000000713200000, 0x0000000713400000, 0x0000000713400000|100%| S|CS|TAMS 0x0000000713200000| PB 0x0000000713200000| Complete 
| 115|0x0000000713400000, 0x0000000713400000, 0x0000000713600000|  0%| F|  |TAMS 0x0000000713400000| PB 0x0000000713400000| Untracked 
| 116|0x0000000713600000, 0x0000000713600000, 0x0000000713800000|  0%| F|  |TAMS 0x0000000713600000| PB 0x0000000713600000| Untracked 
| 117|0x0000000713800000, 0x0000000713800000, 0x0000000713a00000|  0%| F|  |TAMS 0x0000000713800000| PB 0x0000000713800000| Untracked 
| 118|0x0000000713a00000, 0x0000000713a00000, 0x0000000713c00000|  0%| F|  |TAMS 0x0000000713a00000| PB 0x0000000713a00000| Untracked 
| 119|0x0000000713c00000, 0x0000000713c00000, 0x0000000713e00000|  0%| F|  |TAMS 0x0000000713c00000| PB 0x0000000713c00000| Untracked 
| 120|0x0000000713e00000, 0x0000000713e5cae8, 0x0000000714000000| 18%| E|  |TAMS 0x0000000713e00000| PB 0x0000000713e00000| Complete 
| 121|0x0000000714000000, 0x0000000714200000, 0x0000000714200000|100%| E|CS|TAMS 0x0000000714000000| PB 0x0000000714000000| Complete 
| 122|0x0000000714200000, 0x0000000714400000, 0x0000000714400000|100%| E|CS|TAMS 0x0000000714200000| PB 0x0000000714200000| Complete 
| 123|0x0000000714400000, 0x0000000714600000, 0x0000000714600000|100%| E|CS|TAMS 0x0000000714400000| PB 0x0000000714400000| Complete 
| 124|0x0000000714600000, 0x0000000714800000, 0x0000000714800000|100%| E|CS|TAMS 0x0000000714600000| PB 0x0000000714600000| Complete 
| 125|0x0000000714800000, 0x0000000714a00000, 0x0000000714a00000|100%| E|CS|TAMS 0x0000000714800000| PB 0x0000000714800000| Complete 

Card table byte_map: [0x000001f70f000000,0x000001f70f7e0000] _byte_map_base: 0x000001f70b7d9000

Marking Bits: (CMBitMap*) 0x000001f77650e080
 Bits: [0x000001f70f7e0000, 0x000001f7136a8000)

Polling page: 0x000001f7744a0000

Metaspace:

Usage:
  Non-class:      8.35 MB used.
      Class:    992.62 KB used.
       Both:      9.32 MB used.

Virtual space:
  Non-class space:       64.00 MB reserved,       8.44 MB ( 13%) committed,  1 nodes.
      Class space:        1.00 GB reserved,       1.06 MB ( <1%) committed,  1 nodes.
             Both:        1.06 GB reserved,       9.50 MB ( <1%) committed. 

Chunk freelists:
   Non-Class:  7.00 MB
       Class:  14.75 MB
        Both:  21.76 MB

MaxMetaspaceSize: unlimited
CompressedClassSpaceSize: 1.00 GB
Initial GC threshold: 21.00 MB
Current GC threshold: 21.00 MB
CDS: on
 - commit_granule_bytes: 65536.
 - commit_granule_words: 8192.
 - virtual_space_node_default_size: 8388608.
 - enlarge_chunks_in_place: 1.
 - use_allocation_guard: 0.


Internal statistics:

num_allocs_failed_limit: 0.
num_arena_births: 166.
num_arena_deaths: 0.
num_vsnodes_births: 2.
num_vsnodes_deaths: 0.
num_space_committed: 152.
num_space_uncommitted: 0.
num_chunks_returned_to_freelist: 0.
num_chunks_taken_from_freelist: 228.
num_chunk_merges: 0.
num_chunk_splits: 128.
num_chunks_enlarged: 44.
num_inconsistent_stats: 0.

CodeHeap 'non-profiled nmethods': size=119168Kb used=812Kb max_used=812Kb free=118355Kb
 bounds [0x000001f707ba0000, 0x000001f707e10000, 0x000001f70f000000]
CodeHeap 'profiled nmethods': size=119104Kb used=3840Kb max_used=3840Kb free=115263Kb
 bounds [0x000001f700000000, 0x000001f7003d0000, 0x000001f707450000]
CodeHeap 'non-nmethods': size=7488Kb used=1576Kb max_used=3286Kb free=5911Kb
 bounds [0x000001f707450000, 0x000001f707790000, 0x000001f707ba0000]
 total_blobs=2605 nmethods=1969 adapters=540
 compilation: enabled
              stopped_count=0, restarted_count=0
 full_count=0

Compilation events (20 events):
Event: 107177.493 Thread 0x000001f716578170 nmethod 1960 0x000001f707c68f10 code [0x000001f707c690a0, 0x000001f707c69130]
Event: 107417.523 Thread 0x000001f716578170 1961       4       jdk.internal.misc.Unsafe::putIntOpaque (9 bytes)
Event: 107417.524 Thread 0x000001f716578170 nmethod 1961 0x000001f707c69210 code [0x000001f707c693a0, 0x000001f707c69438]
Event: 119842.281 Thread 0x000001f716579c20 1962       3       java.awt.image.PackedColorModel::countBits (44 bytes)
Event: 119842.281 Thread 0x000001f716578170 1963       4       java.beans.PropertyChangeSupport::firePropertyChange (35 bytes)
Event: 119842.281 Thread 0x000001f716579c20 nmethod 1962 0x000001f7003bf110 code [0x000001f7003bf2c0, 0x000001f7003bf5a0]
Event: 119842.286 Thread 0x000001f716578170 nmethod 1963 0x000001f707c69510 code [0x000001f707c696e0, 0x000001f707c69c58]
Event: 165539.138 Thread 0x000001f716578170 1965  s    4       sun.awt.Win32GraphicsConfig::displayChanged (6 bytes)
Event: 165539.138 Thread 0x000001f716579c20 1964       1       sun.awt.Win32GraphicsDevice::getScreen (5 bytes)
Event: 165539.139 Thread 0x000001f716579c20 nmethod 1964 0x000001f707c69e90 code [0x000001f707c6a020, 0x000001f707c6a0e8]
Event: 165539.139 Thread 0x000001f716578170 nmethod 1965 0x000001f707c6a190 code [0x000001f707c6a320, 0x000001f707c6a548]
Event: 167896.028 Thread 0x000001f716578170 1966       4       java.util.HashMap$EntryIterator::next (5 bytes)
Event: 167896.031 Thread 0x000001f716578170 nmethod 1966 0x000001f707c6a610 code [0x000001f707c6a7c0, 0x000001f707c6ac10]
Event: 167896.749 Thread 0x000001f716579c20 1967       3       java.util.WeakHashMap::size (18 bytes)
Event: 167896.749 Thread 0x000001f716579c20 nmethod 1967 0x000001f7003bf690 code [0x000001f7003bf840, 0x000001f7003bf9f8]
Event: 167896.749 Thread 0x000001f716579c20 1968       3       sun.awt.windows.WComponentPeer::getGraphicsConfiguration (23 bytes)
Event: 167896.749 Thread 0x000001f716578170 1969       4       java.util.ArrayList::iterator (9 bytes)
Event: 167896.751 Thread 0x000001f716579c20 nmethod 1968 0x000001f7003bfa90 code [0x000001f7003bfc40, 0x000001f7003bffa8]
Event: 167896.751 Thread 0x000001f716578170 nmethod 1969 0x000001f707c6ad90 code [0x000001f707c6af20, 0x000001f707c6b028]
Event: 167896.752 Thread 0x000001f716578170 1970   !   4       java.awt.Toolkit::setDesktopProperty (81 bytes)

GC Heap History (2 events):
Event: 5.729 GC heap before
{Heap before GC invocations=0 (full 0):
 garbage-first heap   total 258048K, used 28672K [0x0000000704e00000, 0x0000000800000000)
  region size 2048K, 11 young (22528K), 0 survivors (0K)
 Metaspace       used 9073K, committed 9216K, reserved 1114112K
  class space    used 960K, committed 1024K, reserved 1048576K
}
Event: 5.732 GC heap after
{Heap after GC invocations=1 (full 0):
 garbage-first heap   total 258048K, used 10784K [0x0000000704e00000, 0x0000000800000000)
  region size 2048K, 2 young (4096K), 2 survivors (4096K)
 Metaspace       used 9073K, committed 9216K, reserved 1114112K
  class space    used 960K, committed 1024K, reserved 1048576K
}

Dll operation events (10 events):
Event: 0.004 Loaded shared library C:\Program Files\Java\jdk-21\bin\java.dll
Event: 0.021 Loaded shared library C:\Program Files\Java\jdk-21\bin\jsvml.dll
Event: 0.037 Loaded shared library C:\Program Files\Java\jdk-21\bin\jimage.dll
Event: 0.040 Loaded shared library C:\Program Files\Java\jdk-21\bin\net.dll
Event: 0.041 Loaded shared library C:\Program Files\Java\jdk-21\bin\nio.dll
Event: 0.043 Loaded shared library C:\Program Files\Java\jdk-21\bin\zip.dll
Event: 0.052 Loaded shared library C:\Program Files\Java\jdk-21\bin\awt.dll
Event: 0.146 Loaded shared library C:\Program Files\Java\jdk-21\bin\javajpeg.dll
Event: 0.181 Loaded shared library C:\Program Files\Java\jdk-21\bin\freetype.dll
Event: 0.182 Loaded shared library C:\Program Files\Java\jdk-21\bin\fontmanager.dll

Deoptimization events (20 events):
Event: 34324.012 Thread 0x000001f716a53b00 Uncommon trap: trap_request=0xffffff76 fr.pc=0x000001f707c65670 relative=0x0000000000000230
Event: 34324.012 Thread 0x000001f716a53b00 Uncommon trap: reason=predicate action=maybe_recompile pc=0x000001f707c65670 method=java.util.HashMap.keysToArray([Ljava/lang/Object;)[Ljava/lang/Object; @ 48 c2
Event: 34324.012 Thread 0x000001f716a53b00 DEOPT PACKING pc=0x000001f707c65670 sp=0x0000007a9d1fe060
Event: 34324.014 Thread 0x000001f716a53b00 DEOPT UNPACKING pc=0x000001f7074a46a2 sp=0x0000007a9d1fe008 mode 2
Event: 81011.622 Thread 0x000001f716a53b00 Uncommon trap: trap_request=0xffffffd6 fr.pc=0x000001f707c65fd8 relative=0x0000000000000498
Event: 81011.622 Thread 0x000001f716a53b00 Uncommon trap: reason=array_check action=maybe_recompile pc=0x000001f707c65fd8 method=java.util.HashMap.keysToArray([Ljava/lang/Object;)[Ljava/lang/Object; @ 62 c2
Event: 81011.622 Thread 0x000001f716a53b00 DEOPT PACKING pc=0x000001f707c65fd8 sp=0x0000007a9d1fe050
Event: 81011.622 Thread 0x000001f716a53b00 DEOPT UNPACKING pc=0x000001f7074a46a2 sp=0x0000007a9d1fdff8 mode 2
Event: 81042.786 Thread 0x000001f716a53b00 Uncommon trap: trap_request=0xffffffd6 fr.pc=0x000001f707c65fd8 relative=0x0000000000000498
Event: 81042.786 Thread 0x000001f716a53b00 Uncommon trap: reason=array_check action=maybe_recompile pc=0x000001f707c65fd8 method=java.util.HashMap.keysToArray([Ljava/lang/Object;)[Ljava/lang/Object; @ 62 c2
Event: 81042.786 Thread 0x000001f716a53b00 DEOPT PACKING pc=0x000001f707c65fd8 sp=0x0000007a9d1fe050
Event: 81042.786 Thread 0x000001f716a53b00 DEOPT UNPACKING pc=0x000001f7074a46a2 sp=0x0000007a9d1fdff8 mode 2
Event: 81675.253 Thread 0x000001f716a53b00 Uncommon trap: trap_request=0xffffffd6 fr.pc=0x000001f707c65fd8 relative=0x0000000000000498
Event: 81675.253 Thread 0x000001f716a53b00 Uncommon trap: reason=array_check action=maybe_recompile pc=0x000001f707c65fd8 method=java.util.HashMap.keysToArray([Ljava/lang/Object;)[Ljava/lang/Object; @ 62 c2
Event: 81675.253 Thread 0x000001f716a53b00 DEOPT PACKING pc=0x000001f707c65fd8 sp=0x0000007a9d1fe050
Event: 81675.253 Thread 0x000001f716a53b00 DEOPT UNPACKING pc=0x000001f7074a46a2 sp=0x0000007a9d1fdff8 mode 2
Event: 81678.780 Thread 0x000001f716a53b00 Uncommon trap: trap_request=0xffffffd6 fr.pc=0x000001f707c65fd8 relative=0x0000000000000498
Event: 81678.780 Thread 0x000001f716a53b00 Uncommon trap: reason=array_check action=maybe_recompile pc=0x000001f707c65fd8 method=java.util.HashMap.keysToArray([Ljava/lang/Object;)[Ljava/lang/Object; @ 62 c2
Event: 81678.780 Thread 0x000001f716a53b00 DEOPT PACKING pc=0x000001f707c65fd8 sp=0x0000007a9d1fe050
Event: 81678.780 Thread 0x000001f716a53b00 DEOPT UNPACKING pc=0x000001f7074a46a2 sp=0x0000007a9d1fdff8 mode 2

Classes loaded (20 events):
Event: 5.768 Loading class javax/swing/text/AbstractDocument$DefaultDocumentEventUndoableWrapper
Event: 5.768 Loading class sun/swing/text/UndoableEditLockSupport
Event: 5.768 Loading class sun/swing/text/UndoableEditLockSupport done
Event: 5.768 Loading class javax/swing/text/AbstractDocument$DefaultDocumentEventUndoableWrapper done
Event: 5.768 Loading class javax/swing/event/UndoableEditListener
Event: 5.768 Loading class javax/swing/event/UndoableEditListener done
Event: 5.769 Loading class javax/swing/RepaintManager$3
Event: 5.769 Loading class javax/swing/RepaintManager$3 done
Event: 10.809 Loading class java/awt/KeyboardFocusManager$4
Event: 10.809 Loading class java/awt/KeyboardFocusManager$4 done
Event: 16.196 Loading class java/awt/KeyboardFocusManager$2
Event: 16.196 Loading class java/awt/KeyboardFocusManager$2 done
Event: 16.197 Loading class sun/awt/SunToolkit$1
Event: 16.197 Loading class sun/awt/SunToolkit$1 done
Event: 538.667 Loading class java/util/WeakHashMap$KeyIterator
Event: 538.667 Loading class java/util/WeakHashMap$HashIterator
Event: 538.667 Loading class java/util/WeakHashMap$HashIterator done
Event: 538.667 Loading class java/util/WeakHashMap$KeyIterator done
Event: 538.667 Loading class javax/swing/RepaintManager$DisplayChangedRunnable
Event: 538.667 Loading class javax/swing/RepaintManager$DisplayChangedRunnable done

Classes unloaded (0 events):
No events

Classes redefined (0 events):
No events

Internal exceptions (13 events):
Event: 0.046 Thread 0x000001f774119310 Exception <a 'java/lang/ClassNotFoundException'{0x00000007146adde0}: sun/awt/resources/spi/awtProvider> (0x00000007146adde0) 
thrown [s\open\src\hotspot\share\classfile\systemDictionary.cpp, line 312]
Event: 0.058 Thread 0x000001f774119310 Exception <a 'java/io/FileNotFoundException'{0x0000000714707b58}> (0x0000000714707b58) 
thrown [s\open\src\hotspot\share\prims\jni.cpp, line 520]
Event: 0.061 Thread 0x000001f774119310 Exception <a 'java/io/FileNotFoundException'{0x0000000714731ae8}> (0x0000000714731ae8) 
thrown [s\open\src\hotspot\share\prims\jni.cpp, line 520]
Event: 0.100 Thread 0x000001f774119310 Exception <a 'java/lang/NoSuchMethodError'{0x0000000714477e28}: 'void java.lang.invoke.DirectMethodHandle$Holder.invokeSpecial(java.lang.Object, java.lang.Object, java.lang.Object)'> (0x0000000714477e28) 
thrown [s\open\src\hotspot\share\interpreter\linkResolver.cpp, line 773]
Event: 0.103 Thread 0x000001f774119310 Exception <a 'java/lang/NoSuchMethodError'{0x000000071449d7b8}: 'java.lang.Object java.lang.invoke.DirectMethodHandle$Holder.newInvokeSpecial(java.lang.Object, java.lang.Object, java.lang.Object, java.lang.Object, java.lang.Object)'> (0x000000071449d7b8) 
thrown [s\open\src\hotspot\share\interpreter\linkResolver.cpp, line 773]
Event: 0.106 Thread 0x000001f774119310 Exception <a 'java/lang/NoSuchMethodError'{0x00000007144c9340}: 'java.lang.Object java.lang.invoke.DirectMethodHandle$Holder.invokeStatic(java.lang.Object, int, java.lang.Object)'> (0x00000007144c9340) 
thrown [s\open\src\hotspot\share\interpreter\linkResolver.cpp, line 773]
Event: 0.116 Thread 0x000001f774119310 Exception <a 'java/lang/ClassNotFoundException'{0x00000007145d9670}: com/sun/swing/internal/plaf/metal/resources/spi/metalProvider> (0x00000007145d9670) 
thrown [s\open\src\hotspot\share\classfile\systemDictionary.cpp, line 312]
Event: 0.116 Thread 0x000001f774119310 Exception <a 'java/lang/ClassNotFoundException'{0x00000007145dd5b0}: com/sun/swing/internal/plaf/basic/resources/spi/basicProvider> (0x00000007145dd5b0) 
thrown [s\open\src\hotspot\share\classfile\systemDictionary.cpp, line 312]
Event: 0.121 Thread 0x000001f774119310 Exception <a 'java/lang/NoSuchMethodError'{0x00000007145fced0}: 'int java.lang.invoke.Invokers$Holder.invokeExact_MT(java.lang.Object, java.lang.Object)'> (0x00000007145fced0) 
thrown [s\open\src\hotspot\share\interpreter\linkResolver.cpp, line 773]
Event: 0.147 Thread 0x000001f716abcd70 Exception <a 'java/lang/NoSuchMethodError'{0x00000007140c5fb8}: 'java.lang.Object java.lang.invoke.DirectMethodHandle$Holder.newInvokeSpecial(java.lang.Object, java.lang.Object, java.lang.Object, int, int, int, int, int)'> (0x00000007140c5fb8) 
thrown [s\open\src\hotspot\share\interpreter\linkResolver.cpp, line 773]
Event: 0.172 Thread 0x000001f716a53b00 Exception <a 'java/lang/NoSuchMethodError'{0x000000071440efa0}: 'void java.lang.invoke.DirectMethodHandle$Holder.invokeVirtual(java.lang.Object, java.lang.Object)'> (0x000000071440efa0) 
thrown [s\open\src\hotspot\share\interpreter\linkResolver.cpp, line 773]
Event: 0.179 Thread 0x000001f774119310 Exception <a 'java/lang/NoSuchMethodError'{0x00000007142508b0}: 'void java.lang.invoke.DirectMethodHandle$Holder.invokeStaticInit(java.lang.Object)'> (0x00000007142508b0) 
thrown [s\open\src\hotspot\share\interpreter\linkResolver.cpp, line 773]
Event: 5.754 Thread 0x000001f75eca6690 Exception <a 'java/lang/NoSuchMethodError'{0x00000007142b7b58}: 'void java.lang.invoke.DirectMethodHandle$Holder.invokeSpecial(java.lang.Object, java.lang.Object, java.lang.Object, java.lang.Object, java.lang.Object)'> (0x00000007142b7b58) 
thrown [s\open\src\hotspot\share\interpreter\linkResolver.cpp, line 773]

ZGC Phase Switch (0 events):
No events

VM Operations (20 events):
Event: 38883.037 Executing VM operation: Cleanup
Event: 38883.044 Executing VM operation: Cleanup done
Event: 80982.879 Executing VM operation: Cleanup
Event: 80982.880 Executing VM operation: Cleanup done
Event: 81675.516 Executing VM operation: Cleanup
Event: 81675.516 Executing VM operation: Cleanup done
Event: 82776.106 Executing VM operation: Cleanup
Event: 82776.107 Executing VM operation: Cleanup done
Event: 83327.705 Executing VM operation: Cleanup
Event: 83327.705 Executing VM operation: Cleanup done
Event: 90023.359 Executing VM operation: Cleanup
Event: 90023.359 Executing VM operation: Cleanup done
Event: 90024.371 Executing VM operation: Cleanup
Event: 90024.371 Executing VM operation: Cleanup done
Event: 95570.320 Executing VM operation: Cleanup
Event: 95570.320 Executing VM operation: Cleanup done
Event: 119842.359 Executing VM operation: Cleanup
Event: 119842.360 Executing VM operation: Cleanup done
Event: 165539.593 Executing VM operation: Cleanup
Event: 165539.593 Executing VM operation: Cleanup done

Events (20 events):
Event: 5.717 Thread 0x000001f75ea39a40 Thread added: 0x000001f75ea39a40
Event: 5.717 Thread 0x000001f75ea3a0f0 Thread added: 0x000001f75ea3a0f0
Event: 5.725 Thread 0x000001f71678ffe0 Thread added: 0x000001f71678ffe0
Event: 5.727 Thread 0x000001f75f96c350 Thread added: 0x000001f75f96c350
Event: 5.733 Thread 0x000001f716941700 Thread added: 0x000001f716941700
Event: 5.738 Thread 0x000001f75ecb7eb0 Thread added: 0x000001f75ecb7eb0
Event: 5.743 Thread 0x000001f75ebdd250 Thread added: 0x000001f75ebdd250
Event: 5.743 Thread 0x000001f75ed070a0 Thread added: 0x000001f75ed070a0
Event: 5.743 Thread 0x000001f75fa45c80 Thread added: 0x000001f75fa45c80
Event: 5.940 Thread 0x000001f75fa45c80 Thread exited: 0x000001f75fa45c80
Event: 5.965 Thread 0x000001f75ed070a0 Thread exited: 0x000001f75ed070a0
Event: 5.965 Thread 0x000001f75ebdd250 Thread exited: 0x000001f75ebdd250
Event: 5.980 Thread 0x000001f75ecb7eb0 Thread exited: 0x000001f75ecb7eb0
Event: 5.980 Thread 0x000001f716941700 Thread exited: 0x000001f716941700
Event: 6.118 Thread 0x000001f75f96c350 Thread exited: 0x000001f75f96c350
Event: 6.118 Thread 0x000001f71678ffe0 Thread exited: 0x000001f71678ffe0
Event: 7.531 Thread 0x000001f75ea3a0f0 Thread exited: 0x000001f75ea3a0f0
Event: 10.614 Thread 0x000001f75ea39a40 Thread exited: 0x000001f75ea39a40
Event: 11.684 Thread 0x000001f7600677c0 Thread added: 0x000001f7600677c0
Event: 16.196 Thread 0x000001f7600677c0 Thread exited: 0x000001f7600677c0


Dynamic libraries:
0x00007ff6dee10000 - 0x00007ff6dee20000 	C:\Program Files\Java\jdk-21\bin\javaw.exe
0x00007ffcfd3d0000 - 0x00007ffcfd5e7000 	C:\WINDOWS\SYSTEM32\ntdll.dll
0x00007ffcfc490000 - 0x00007ffcfc554000 	C:\WINDOWS\System32\KERNEL32.DLL
0x00007ffcfaac0000 - 0x00007ffcfae66000 	C:\WINDOWS\System32\KERNELBASE.dll
0x00007ffcfaee0000 - 0x00007ffcfaff1000 	C:\WINDOWS\System32\ucrtbase.dll
0x00007ffcee580000 - 0x00007ffcee599000 	C:\Program Files\Java\jdk-21\bin\jli.dll
0x00007ffcee560000 - 0x00007ffcee57b000 	C:\Program Files\Java\jdk-21\bin\VCRUNTIME140.dll
0x00007ffcfb1b0000 - 0x00007ffcfb263000 	C:\WINDOWS\System32\ADVAPI32.dll
0x00007ffcfb610000 - 0x00007ffcfb6b7000 	C:\WINDOWS\System32\msvcrt.dll
0x00007ffcfb6c0000 - 0x00007ffcfb768000 	C:\WINDOWS\System32\sechost.dll
0x00007ffcfaa90000 - 0x00007ffcfaab8000 	C:\WINDOWS\System32\bcrypt.dll
0x00007ffcfd270000 - 0x00007ffcfd387000 	C:\WINDOWS\System32\RPCRT4.dll
0x00007ffcfc9e0000 - 0x00007ffcfcb8e000 	C:\WINDOWS\System32\USER32.dll
0x00007ffcfa710000 - 0x00007ffcfa736000 	C:\WINDOWS\System32\win32u.dll
0x00007ffcd9000000 - 0x00007ffcd9293000 	C:\WINDOWS\WinSxS\amd64_microsoft.windows.common-controls_6595b64144ccf1df_6.0.22621.2506_none_270c5ae97388e100\COMCTL32.dll
0x00007ffcfb860000 - 0x00007ffcfb889000 	C:\WINDOWS\System32\GDI32.dll
0x00007ffcfb000000 - 0x00007ffcfb118000 	C:\WINDOWS\System32\gdi32full.dll
0x00007ffcfa740000 - 0x00007ffcfa7da000 	C:\WINDOWS\System32\msvcp_win.dll
0x00007ffcee850000 - 0x00007ffcee85a000 	C:\WINDOWS\SYSTEM32\VERSION.dll
0x00007ffcfc830000 - 0x00007ffcfc861000 	C:\WINDOWS\System32\IMM32.DLL
0x00007ffcf2bf0000 - 0x00007ffcf2bfc000 	C:\Program Files\Java\jdk-21\bin\vcruntime140_1.dll
0x00007ffcd6160000 - 0x00007ffcd61ee000 	C:\Program Files\Java\jdk-21\bin\msvcp140.dll
0x00007ffc343b0000 - 0x00007ffc350c7000 	C:\Program Files\Java\jdk-21\bin\server\jvm.dll
0x00007ffcfc7b0000 - 0x00007ffcfc821000 	C:\WINDOWS\System32\WS2_32.dll
0x00007ffcf9560000 - 0x00007ffcf95ad000 	C:\WINDOWS\SYSTEM32\POWRPROF.dll
0x00007ffcee1d0000 - 0x00007ffcee204000 	C:\WINDOWS\SYSTEM32\WINMM.dll
0x00007ffcf9540000 - 0x00007ffcf9553000 	C:\WINDOWS\SYSTEM32\UMPDC.dll
0x00007ffcf9810000 - 0x00007ffcf9828000 	C:\WINDOWS\SYSTEM32\kernel.appcore.dll
0x00007ffcf2ad0000 - 0x00007ffcf2ada000 	C:\Program Files\Java\jdk-21\bin\jimage.dll
0x00007ffcf7cb0000 - 0x00007ffcf7ee3000 	C:\WINDOWS\SYSTEM32\DBGHELP.DLL
0x00007ffcfc100000 - 0x00007ffcfc489000 	C:\WINDOWS\System32\combase.dll
0x00007ffcfb770000 - 0x00007ffcfb847000 	C:\WINDOWS\System32\OLEAUT32.dll
0x00007ffcec3b0000 - 0x00007ffcec3e2000 	C:\WINDOWS\SYSTEM32\dbgcore.DLL
0x00007ffcfa8a0000 - 0x00007ffcfa91a000 	C:\WINDOWS\System32\bcryptPrimitives.dll
0x00007ffcec510000 - 0x00007ffcec52f000 	C:\Program Files\Java\jdk-21\bin\java.dll
0x00007ffcfb890000 - 0x00007ffcfc0eb000 	C:\WINDOWS\System32\SHELL32.dll
0x00007ffcf8630000 - 0x00007ffcf8f26000 	C:\WINDOWS\SYSTEM32\windows.storage.dll
0x00007ffcf84f0000 - 0x00007ffcf862e000 	C:\WINDOWS\SYSTEM32\wintypes.dll
0x00007ffcfb370000 - 0x00007ffcfb463000 	C:\WINDOWS\System32\SHCORE.dll
0x00007ffcfc720000 - 0x00007ffcfc77e000 	C:\WINDOWS\System32\shlwapi.dll
0x00007ffcfa640000 - 0x00007ffcfa666000 	C:\WINDOWS\SYSTEM32\profapi.dll
0x00007ffccf5a0000 - 0x00007ffccf677000 	C:\Program Files\Java\jdk-21\bin\jsvml.dll
0x00007ffcf2a40000 - 0x00007ffcf2a50000 	C:\Program Files\Java\jdk-21\bin\net.dll
0x00007ffcf1180000 - 0x00007ffcf12b7000 	C:\WINDOWS\SYSTEM32\WINHTTP.dll
0x00007ffcf9c80000 - 0x00007ffcf9ce9000 	C:\WINDOWS\system32\mswsock.dll
0x00007ffcddba0000 - 0x00007ffcddbb6000 	C:\Program Files\Java\jdk-21\bin\nio.dll
0x00007ffcddb00000 - 0x00007ffcddb18000 	C:\Program Files\Java\jdk-21\bin\zip.dll
0x00007ffca55e0000 - 0x00007ffca576f000 	C:\Program Files\Java\jdk-21\bin\awt.dll
0x00007ffcf4940000 - 0x00007ffcf49d7000 	C:\WINDOWS\SYSTEM32\apphelp.dll
0x00007ffcf7280000 - 0x00007ffcf72ab000 	C:\WINDOWS\system32\DWMAPI.DLL
0x00007ffcf4a80000 - 0x00007ffcf4b2b000 	C:\WINDOWS\system32\uxtheme.dll
0x00007ffca3740000 - 0x00007ffca3840000 	C:\WINDOWS\system32\opengl32.dll
0x00007ffcd81e0000 - 0x00007ffcd820d000 	C:\WINDOWS\SYSTEM32\GLU32.dll
0x00007ffcf79a0000 - 0x00007ffcf79d9000 	C:\WINDOWS\SYSTEM32\dxcore.dll
0x00007ffcfc880000 - 0x00007ffcfc9d1000 	C:\WINDOWS\System32\MSCTF.dll
0x00007ffcfb470000 - 0x00007ffcfb610000 	C:\WINDOWS\System32\ole32.dll
0x00007ffcd6540000 - 0x00007ffcd656e000 	C:\Program Files\Java\jdk-21\bin\javajpeg.dll
0x00007ffcc0870000 - 0x00007ffcc08f7000 	C:\Program Files\Java\jdk-21\bin\freetype.dll
0x00007ffca5340000 - 0x00007ffca5422000 	C:\Program Files\Java\jdk-21\bin\fontmanager.dll
0x00007ffcfd110000 - 0x00007ffcfd1c0000 	C:\WINDOWS\System32\clbcatq.dll
0x00007ffcf3360000 - 0x00007ffcf3510000 	C:\WINDOWS\SYSTEM32\WindowsCodecs.dll
0x00007ffcbc890000 - 0x00007ffcbc8ee000 	C:\WINDOWS\system32\dataexchange.dll
0x00007ffcf2ce0000 - 0x00007ffcf2f67000 	C:\WINDOWS\system32\twinapi.appcore.dll
0x00007ffcdb4c0000 - 0x00007ffcdb60a000 	C:\WINDOWS\SYSTEM32\textinputframework.dll
0x00007ffcf4660000 - 0x00007ffcf4794000 	C:\WINDOWS\SYSTEM32\CoreMessaging.dll
0x00007ffcf02e0000 - 0x00007ffcf064c000 	C:\WINDOWS\SYSTEM32\CoreUIComponents.dll
0x00007ffcf9ee0000 - 0x00007ffcf9eec000 	C:\WINDOWS\SYSTEM32\CRYPTBASE.DLL
0x00007ffccc910000 - 0x00007ffccc9c0000 	C:\WINDOWS\SYSTEM32\TextShaping.dll

dbghelp: loaded successfully - version: 4.0.5 - missing functions: none
symbol engine: initialized successfully - sym options: 0x614 - pdb path: .;C:\Program Files\Java\jdk-21\bin;C:\WINDOWS\SYSTEM32;C:\WINDOWS\WinSxS\amd64_microsoft.windows.common-controls_6595b64144ccf1df_6.0.22621.2506_none_270c5ae97388e100;C:\Program Files\Java\jdk-21\bin\server

VM Arguments:
jvm_args: -Dfile.encoding=UTF-8 -Dstdout.encoding=UTF-8 -Dstderr.encoding=UTF-8 -XX:+ShowCodeDetailsInExceptionMessages 
java_command: BankManagementSystem.Login
java_class_path (initial): C:\Users\amrit\git\JavaBankManagement\BankManagementSystem\bin;C:\Users\amrit\Downloads\jcalendar-tz-1.3.3-4.jar;C:\Users\amrit\Downloads\mysql-connector-java-8.0.28.jar
Launcher Type: SUN_STANDARD

[Global flags]
     intx CICompilerCount                          = 12                                        {product} {ergonomic}
     uint ConcGCThreads                            = 4                                         {product} {ergonomic}
     uint G1ConcRefinementThreads                  = 15                                        {product} {ergonomic}
   size_t G1HeapRegionSize                         = 2097152                                   {product} {ergonomic}
    uintx GCDrainStackTargetSize                   = 64                                        {product} {ergonomic}
   size_t InitialHeapSize                          = 264241152                                 {product} {ergonomic}
   size_t MarkStackSize                            = 4194304                                   {product} {ergonomic}
   size_t MaxHeapSize                              = 4213178368                                {product} {ergonomic}
   size_t MaxNewSize                               = 2527068160                                {product} {ergonomic}
   size_t MinHeapDeltaBytes                        = 2097152                                   {product} {ergonomic}
   size_t MinHeapSize                              = 8388608                                   {product} {ergonomic}
    uintx NonNMethodCodeHeapSize                   = 7602480                                {pd product} {ergonomic}
    uintx NonProfiledCodeHeapSize                  = 122027880                              {pd product} {ergonomic}
    uintx ProfiledCodeHeapSize                     = 122027880                              {pd product} {ergonomic}
    uintx ReservedCodeCacheSize                    = 251658240                              {pd product} {ergonomic}
     bool SegmentedCodeCache                       = true                                      {product} {ergonomic}
     bool ShowCodeDetailsInExceptionMessages       = true                                   {manageable} {command line}
   size_t SoftMaxHeapSize                          = 4213178368                             {manageable} {ergonomic}
     bool UseCompressedOops                        = true                           {product lp64_product} {ergonomic}
     bool UseG1GC                                  = true                                      {product} {ergonomic}
     bool UseLargePagesIndividualAllocation        = false                                  {pd product} {ergonomic}

Logging:
Log output configuration:
 #0: stdout all=warning uptime,level,tags foldmultilines=false
 #1: stderr all=off uptime,level,tags foldmultilines=false

Environment Variables:
JAVA_HOME=C:\Program Files\Java\jdk-21
PATH=C:\Program Files\Common Files\Oracle\Java\javapath;C:\windows\system32;C:\windows;C:\windows\System32\Wbem;C:\windows\System32\WindowsPowerShell\v1.0\;C:\windows\System32\OpenSSH\;C:\Program Files (x86)\NVIDIA Corporation\PhysX\Common;C:\Program Files\NVIDIA Corporation\NVIDIA NvDLISR;C:\WINDOWS\system32;C:\WINDOWS;C:\WINDOWS\System32\Wbem;C:\WINDOWS\System32\WindowsPowerShell\v1.0\;C:\WINDOWS\System32\OpenSSH\;C:\Program Files\MySQL\MySQL Shell 8.0\bin\;C:\Users\amrit\AppData\Local\Microsoft\WindowsApps;
USERNAME=amrit
OS=Windows_NT
PROCESSOR_IDENTIFIER=Intel64 Family 6 Model 151 Stepping 2, GenuineIntel
TMP=C:\Users\amrit\AppData\Local\Temp
TEMP=C:\Users\amrit\AppData\Local\Temp




Periodic native trim disabled

---------------  S Y S T E M  ---------------

OS:
 Windows 11 , 64 bit Build 22621 (10.0.22621.3085)
OS uptime: 16 days 15:37 hours
Hyper-V role detected

CPU: total 20 (initial active 20) (10 cores per cpu, 2 threads per core) family 6 model 151 stepping 2 microcode 0x2e, cx8, cmov, fxsr, ht, mmx, 3dnowpref, sse, sse2, sse3, ssse3, sse4.1, sse4.2, popcnt, lzcnt, tsc, tscinvbit, avx, avx2, aes, erms, clmul, bmi1, bmi2, adx, sha, fma, vzeroupper, clflush, clflushopt, clwb, hv, serialize, rdtscp, rdpid, fsrm, f16c, cet_ibt, cet_ss
Processor Information for processor 0
  Max Mhz: 2100, Current Mhz: 2100, Mhz Limit: 2100
Processor Information for processor 1
  Max Mhz: 2100, Current Mhz: 2100, Mhz Limit: 2100
Processor Information for processor 2
  Max Mhz: 2100, Current Mhz: 2100, Mhz Limit: 2100
Processor Information for processor 3
  Max Mhz: 2100, Current Mhz: 2100, Mhz Limit: 2100
Processor Information for processor 4
  Max Mhz: 2100, Current Mhz: 2100, Mhz Limit: 2100
Processor Information for processor 5
  Max Mhz: 2100, Current Mhz: 2100, Mhz Limit: 2100
Processor Information for processor 6
  Max Mhz: 2100, Current Mhz: 2100, Mhz Limit: 2100
Processor Information for processor 7
  Max Mhz: 2100, Current Mhz: 2100, Mhz Limit: 2100
Processor Information for processor 8
  Max Mhz: 2100, Current Mhz: 2100, Mhz Limit: 2100
Processor Information for processor 9
  Max Mhz: 2100, Current Mhz: 2100, Mhz Limit: 2100
Processor Information for processor 10
  Max Mhz: 2100, Current Mhz: 2100, Mhz Limit: 2100
Processor Information for processor 11
  Max Mhz: 2100, Current Mhz: 2100, Mhz Limit: 2100
Processor Information for processor 12
  Max Mhz: 2100, Current Mhz: 2100, Mhz Limit: 2100
Processor Information for processor 13
  Max Mhz: 2100, Current Mhz: 2100, Mhz Limit: 2100
Processor Information for processor 14
  Max Mhz: 2100, Current Mhz: 2100, Mhz Limit: 2100
Processor Information for processor 15
  Max Mhz: 2100, Current Mhz: 2100, Mhz Limit: 2100
Processor Information for processor 16
  Max Mhz: 2100, Current Mhz: 1600, Mhz Limit: 1596
Processor Information for processor 17
  Max Mhz: 2100, Current Mhz: 1600, Mhz Limit: 1596
Processor Information for processor 18
  Max Mhz: 2100, Current Mhz: 1600, Mhz Limit: 1596
Processor Information for processor 19
  Max Mhz: 2100, Current Mhz: 1600, Mhz Limit: 1596

Memory: 4k page, system-wide physical 16065M (3792M free)
TotalPageFile size 65217M (AvailPageFile size 0M)
current process WorkingSet (physical memory assigned to process): 36M, peak: 140M
current process commit charge ("private bytes"): 376M, peak: 417M

vm_info: Java HotSpot(TM) 64-Bit Server VM (21.0.2+13-LTS-58) for windows-amd64 JRE (21.0.2+13-LTS-58), built on 2024-01-05T18:32:24Z by "mach5one" with MS VC++ 17.1 (VS2022)

END.
