#
# There is insufficient memory for the Java Runtime Environment to continue.
# Native memory allocation (malloc) failed to allocate 32744 bytes for Chunk::new
# Possible reasons:
#   The system is out of physical RAM or swap space
#   The process is running with CompressedOops enabled, and the Java Heap may be blocking the growth of the native heap
# Possible solutions:
#   Reduce memory load on the system
#   Increase physical memory or swap space
#   Check if swap backing store is full
#   Decrease Java heap size (-Xmx/-Xms)
#   Decrease number of Java threads
#   Decrease Java thread stack sizes (-Xss)
#   Set larger code cache with -XX:ReservedCodeCacheSize=
#   JVM is running with Zero Based Compressed Oops mode in which the Java heap is
#     placed in the first 32GB address space. The Java Heap base address is the
#     maximum limit for the native heap growth. Please use -XX:HeapBaseMinAddress
#     to set the Java Heap base and to place the Java Heap above 32GB virtual address.
# This output file may be truncated or incomplete.
#
#  Out of Memory Error (arena.cpp:168), pid=11120, tid=16040
#
# JRE version: Java(TM) SE Runtime Environment (21.0.2+13) (build 21.0.2+13-LTS-58)
# Java VM: Java HotSpot(TM) 64-Bit Server VM (21.0.2+13-LTS-58, mixed mode, sharing, tiered, compressed oops, compressed class ptrs, g1 gc, windows-amd64)
# No core dump will be written. Minidumps are not enabled by default on client versions of Windows
#

---------------  S U M M A R Y ------------

Command Line: -Dfile.encoding=UTF-8 -Dstdout.encoding=UTF-8 -Dstderr.encoding=UTF-8 -XX:+ShowCodeDetailsInExceptionMessages BankManagementSystem.Transactions

Host: 12th Gen Intel(R) Core(TM) i7-12700, 20 cores, 15G,  Windows 11 , 64 bit Build 22621 (10.0.22621.3085)
Time: Thu Mar 14 17:26:06 2024 Central Daylight Time elapsed time: 178041.399146 seconds (2d 1h 27m 21s)

---------------  T H R E A D  ---------------

Current thread (0x000001dc2cb8c370):  JavaThread "C2 CompilerThread0" daemon [_thread_in_native, id=16040, stack(0x00000021ed500000,0x00000021ed600000) (1024K)]


Current CompileTask:
C2:178041400 1522 %s    4       sun.java2d.loops.GraphicsPrimitiveMgr::locatePrim @ 28 (95 bytes)

Stack: [0x00000021ed500000,0x00000021ed600000]
Native frames: (J=compiled Java code, j=interpreted, Vv=VM code, C=native code)
V  [jvm.dll+0x6cade9]
V  [jvm.dll+0x8569c1]
V  [jvm.dll+0x858d2e]
V  [jvm.dll+0x859413]
V  [jvm.dll+0x280e56]
V  [jvm.dll+0xc3f3d]
V  [jvm.dll+0xc4473]
V  [jvm.dll+0x68bd42]
V  [jvm.dll+0x68b770]
V  [jvm.dll+0x1f68fd]
V  [jvm.dll+0x397968]
V  [jvm.dll+0x39e0e4]
V  [jvm.dll+0x6e023a]
V  [jvm.dll+0x6e1ddc]
V  [jvm.dll+0x6e50f0]
V  [jvm.dll+0x6dd596]
V  [jvm.dll+0x6dca2e]
V  [jvm.dll+0x6dac4c]
V  [jvm.dll+0x1cc90c]
V  [jvm.dll+0x2f358f]
V  [jvm.dll+0x6e52e4]
V  [jvm.dll+0x6dd596]
V  [jvm.dll+0x6dca2e]
V  [jvm.dll+0x6dac4c]
V  [jvm.dll+0x1cc90c]
V  [jvm.dll+0x2f358f]
V  [jvm.dll+0x6e52e4]
V  [jvm.dll+0x6dd596]
V  [jvm.dll+0x6dca2e]
V  [jvm.dll+0x6dac4c]
V  [jvm.dll+0x1cc90c]
V  [jvm.dll+0x2f358f]
V  [jvm.dll+0x6e52e4]
V  [jvm.dll+0x6dd596]
V  [jvm.dll+0x6dca2e]
V  [jvm.dll+0x6dac4c]
V  [jvm.dll+0x1cc90c]
V  [jvm.dll+0x248d3d]
V  [jvm.dll+0x1c9634]
V  [jvm.dll+0x258859]
V  [jvm.dll+0x256e3a]
V  [jvm.dll+0x3ef6c6]
V  [jvm.dll+0x7ff568]
V  [jvm.dll+0x6c953d]
C  [ucrtbase.dll+0x29363]
C  [KERNEL32.DLL+0x1257d]
C  [ntdll.dll+0x5aa58]


---------------  P R O C E S S  ---------------

Threads class SMR info:
_java_thread_list=0x000001dc7521ede0, length=15, elements={
0x000001dc2cb7d350, 0x000001dc2cb7e270, 0x000001dc2cb81f90, 0x000001dc2cb84cd0,
0x000001dc2cb87bf0, 0x000001dc2cb88260, 0x000001dc2cb8c370, 0x000001dc2cb91e70,
0x000001dc721c62c0, 0x000001dc721cb740, 0x000001dc72396b60, 0x000001dc7239cce0,
0x000001dc723a0220, 0x000001dc750543b0, 0x000001dc0a8967a0
}

Java Threads: ( => current thread )
  0x000001dc2cb7d350 JavaThread "Reference Handler"          daemon [_thread_blocked, id=2796, stack(0x00000021ecf00000,0x00000021ed000000) (1024K)]
  0x000001dc2cb7e270 JavaThread "Finalizer"                  daemon [_thread_blocked, id=27184, stack(0x00000021ed000000,0x00000021ed100000) (1024K)]
  0x000001dc2cb81f90 JavaThread "Signal Dispatcher"          daemon [_thread_blocked, id=7440, stack(0x00000021ed100000,0x00000021ed200000) (1024K)]
  0x000001dc2cb84cd0 JavaThread "Attach Listener"            daemon [_thread_blocked, id=21204, stack(0x00000021ed200000,0x00000021ed300000) (1024K)]
  0x000001dc2cb87bf0 JavaThread "Service Thread"             daemon [_thread_blocked, id=27888, stack(0x00000021ed300000,0x00000021ed400000) (1024K)]
  0x000001dc2cb88260 JavaThread "Monitor Deflation Thread"   daemon [_thread_blocked, id=24640, stack(0x00000021ed400000,0x00000021ed500000) (1024K)]
=>0x000001dc2cb8c370 JavaThread "C2 CompilerThread0"         daemon [_thread_in_native, id=16040, stack(0x00000021ed500000,0x00000021ed600000) (1024K)]
  0x000001dc2cb91e70 JavaThread "C1 CompilerThread0"         daemon [_thread_blocked, id=9756, stack(0x00000021ed600000,0x00000021ed700000) (1024K)]
  0x000001dc721c62c0 JavaThread "Notification Thread"        daemon [_thread_blocked, id=12240, stack(0x00000021ed800000,0x00000021ed900000) (1024K)]
  0x000001dc721cb740 JavaThread "Common-Cleaner"             daemon [_thread_blocked, id=24792, stack(0x00000021ed900000,0x00000021eda00000) (1024K)]
  0x000001dc72396b60 JavaThread "Java2D Disposer"            daemon [_thread_blocked, id=15404, stack(0x00000021eda00000,0x00000021edb00000) (1024K)]
  0x000001dc7239cce0 JavaThread "AWT-Shutdown"                      [_thread_blocked, id=13248, stack(0x00000021edb00000,0x00000021edc00000) (1024K)]
  0x000001dc723a0220 JavaThread "AWT-Windows"                daemon [_thread_in_native, id=21864, stack(0x00000021edc00000,0x00000021edd00000) (1024K)]
  0x000001dc750543b0 JavaThread "AWT-EventQueue-0"                  [_thread_blocked, id=15856, stack(0x00000021ee100000,0x00000021ee200000) (1024K)]
  0x000001dc0a8967a0 JavaThread "DestroyJavaVM"                     [_thread_blocked, id=22804, stack(0x00000021ec700000,0x00000021ec800000) (1024K)]
Total: 15

Other Threads:
  0x000001dc2cb5dfb0 VMThread "VM Thread"                           [id=24760, stack(0x00000021ece00000,0x00000021ecf00000) (1024K)]
  0x000001dc2cb45aa0 WatcherThread "VM Periodic Task Thread"        [id=16164, stack(0x00000021ecd00000,0x00000021ece00000) (1024K)]
  0x000001dc0cb7d880 WorkerThread "GC Thread#0"                     [id=19548, stack(0x00000021ec800000,0x00000021ec900000) (1024K)]
  0x000001dc752694f0 WorkerThread "GC Thread#1"                     [id=9176, stack(0x00000021ee200000,0x00000021ee300000) (1024K)]
  0x000001dc75269890 WorkerThread "GC Thread#2"                     [id=24600, stack(0x00000021ee300000,0x00000021ee400000) (1024K)]
  0x000001dc75269c30 WorkerThread "GC Thread#3"                     [id=13468, stack(0x00000021ee400000,0x00000021ee500000) (1024K)]
  0x000001dc7525eaa0 WorkerThread "GC Thread#4"                     [id=28044, stack(0x00000021ee500000,0x00000021ee600000) (1024K)]
  0x000001dc7525ee40 WorkerThread "GC Thread#5"                     [id=4800, stack(0x00000021ee600000,0x00000021ee700000) (1024K)]
  0x000001dc75227070 WorkerThread "GC Thread#6"                     [id=7700, stack(0x00000021ee700000,0x00000021ee800000) (1024K)]
  0x000001dc75227410 WorkerThread "GC Thread#7"                     [id=11288, stack(0x00000021ee800000,0x00000021ee900000) (1024K)]
  0x000001dc75229fd0 WorkerThread "GC Thread#8"                     [id=24932, stack(0x00000021ee900000,0x00000021eea00000) (1024K)]
  0x000001dc75230100 WorkerThread "GC Thread#9"                     [id=16000, stack(0x00000021eea00000,0x00000021eeb00000) (1024K)]
  0x000001dc0cb8ecc0 ConcurrentGCThread "G1 Main Marker"            [id=22056, stack(0x00000021ec900000,0x00000021eca00000) (1024K)]
  0x000001dc0cb8f7c0 WorkerThread "G1 Conc#0"                       [id=21812, stack(0x00000021eca00000,0x00000021ecb00000) (1024K)]
  0x000001dc2ca15bc0 ConcurrentGCThread "G1 Refine#0"               [id=14020, stack(0x00000021ecb00000,0x00000021ecc00000) (1024K)]
  0x000001dc2ca17740 ConcurrentGCThread "G1 Service"                [id=13512, stack(0x00000021ecc00000,0x00000021ecd00000) (1024K)]
Total: 16

Threads with active compile tasks:
C2 CompilerThread0  178041456 1522 %s    4       sun.java2d.loops.GraphicsPrimitiveMgr::locatePrim @ 28 (95 bytes)
Total: 1

VM state: not at safepoint (normal execution)

VM Mutex/Monitor currently owned by a thread: None

Heap address: 0x0000000704e00000, size: 4018 MB, Compressed Oops mode: Zero based, Oop shift amount: 3

CDS archive(s) mapped at: [0x000001dc2d000000-0x000001dc2dc90000-0x000001dc2dc90000), size 13172736, SharedBaseAddress: 0x000001dc2d000000, ArchiveRelocationMode: 1.
Compressed class space mapped at: 0x000001dc2e000000-0x000001dc6e000000, reserved size: 1073741824
Narrow klass base: 0x000001dc2d000000, Narrow klass shift: 0, Narrow klass range: 0x100000000

GC Precious Log:
 CardTable entry size: 512
 Card Set container configuration: InlinePtr #cards 4 size 8 Array Of Cards #cards 16 size 48 Howl #buckets 8 coarsen threshold 3686 Howl Bitmap #cards 512 size 80 coarsen threshold 460 Card regions per heap region 1 cards per card region 4096
 CPUs: 20 total, 20 available
 Memory: 16065M
 Large Page Support: Disabled
 NUMA Support: Disabled
 Compressed Oops: Enabled (Zero based)
 Heap Region Size: 2M
 Heap Min Capacity: 8M
 Heap Initial Capacity: 252M
 Heap Max Capacity: 4018M
 Pre-touch: Disabled
 Parallel Workers: 15
 Concurrent Workers: 4
 Concurrent Refinement Workers: 15
 Periodic GC: Disabled

Heap:
 garbage-first heap   total 258048K, used 63128K [0x0000000704e00000, 0x0000000800000000)
  region size 2048K, 6 young (12288K), 2 survivors (4096K)
 Metaspace       used 7643K, committed 7872K, reserved 1114112K
  class space    used 773K, committed 896K, reserved 1048576K

Heap Regions: E=young(eden), S=young(survivor), O=old, HS=humongous(starts), HC=humongous(continues), CS=collection set, F=free, TAMS=top-at-mark-start, PB=parsable bottom
|   0|0x0000000704e00000, 0x0000000705000000, 0x0000000705000000|100%|HS|  |TAMS 0x0000000704e00000| PB 0x0000000704e00000| Complete 
|   1|0x0000000705000000, 0x0000000705200000, 0x0000000705200000|100%|HC|  |TAMS 0x0000000705000000| PB 0x0000000705000000| Complete 
|   2|0x0000000705200000, 0x0000000705400000, 0x0000000705400000|100%|HS|  |TAMS 0x0000000705200000| PB 0x0000000705200000| Complete 
|   3|0x0000000705400000, 0x0000000705600000, 0x0000000705600000|100%|HC|  |TAMS 0x0000000705400000| PB 0x0000000705400000| Complete 
|   4|0x0000000705600000, 0x0000000705800000, 0x0000000705800000|100%|HS|  |TAMS 0x0000000705600000| PB 0x0000000705600000| Complete 
|   5|0x0000000705800000, 0x0000000705a00000, 0x0000000705a00000|100%|HC|  |TAMS 0x0000000705800000| PB 0x0000000705800000| Complete 
|   6|0x0000000705a00000, 0x0000000705c00000, 0x0000000705c00000|100%|HC|  |TAMS 0x0000000705a00000| PB 0x0000000705a00000| Complete 
|   7|0x0000000705c00000, 0x0000000705e00000, 0x0000000705e00000|100%|HC|  |TAMS 0x0000000705c00000| PB 0x0000000705c00000| Complete 
|   8|0x0000000705e00000, 0x0000000706000000, 0x0000000706000000|100%|HS|  |TAMS 0x0000000705e00000| PB 0x0000000705e00000| Complete 
|   9|0x0000000706000000, 0x0000000706200000, 0x0000000706200000|100%|HC|  |TAMS 0x0000000706000000| PB 0x0000000706000000| Complete 
|  10|0x0000000706200000, 0x0000000706400000, 0x0000000706400000|100%|HS|  |TAMS 0x0000000706200000| PB 0x0000000706200000| Complete 
|  11|0x0000000706400000, 0x0000000706600000, 0x0000000706600000|100%|HC|  |TAMS 0x0000000706400000| PB 0x0000000706400000| Complete 
|  12|0x0000000706600000, 0x0000000706800000, 0x0000000706800000|100%|HC|  |TAMS 0x0000000706600000| PB 0x0000000706600000| Complete 
|  13|0x0000000706800000, 0x0000000706a00000, 0x0000000706a00000|100%|HC|  |TAMS 0x0000000706800000| PB 0x0000000706800000| Complete 
|  14|0x0000000706a00000, 0x0000000706c00000, 0x0000000706c00000|100%|HS|  |TAMS 0x0000000706a00000| PB 0x0000000706a00000| Complete 
|  15|0x0000000706c00000, 0x0000000706e00000, 0x0000000706e00000|100%|HC|  |TAMS 0x0000000706c00000| PB 0x0000000706c00000| Complete 
|  16|0x0000000706e00000, 0x0000000707000000, 0x0000000707000000|100%|HS|  |TAMS 0x0000000706e00000| PB 0x0000000706e00000| Complete 
|  17|0x0000000707000000, 0x0000000707200000, 0x0000000707200000|100%|HC|  |TAMS 0x0000000707000000| PB 0x0000000707000000| Complete 
|  18|0x0000000707200000, 0x0000000707400000, 0x0000000707400000|100%|HC|  |TAMS 0x0000000707200000| PB 0x0000000707200000| Complete 
|  19|0x0000000707400000, 0x0000000707600000, 0x0000000707600000|100%|HC|  |TAMS 0x0000000707400000| PB 0x0000000707400000| Complete 
|  20|0x0000000707600000, 0x0000000707800000, 0x0000000707800000|100%|HS|  |TAMS 0x0000000707600000| PB 0x0000000707600000| Complete 
|  21|0x0000000707800000, 0x0000000707a00000, 0x0000000707a00000|100%|HC|  |TAMS 0x0000000707800000| PB 0x0000000707800000| Complete 
|  22|0x0000000707a00000, 0x0000000707c00000, 0x0000000707c00000|100%|HS|  |TAMS 0x0000000707a00000| PB 0x0000000707a00000| Complete 
|  23|0x0000000707c00000, 0x0000000707e00000, 0x0000000707e00000|100%|HC|  |TAMS 0x0000000707c00000| PB 0x0000000707c00000| Complete 
|  24|0x0000000707e00000, 0x0000000708000000, 0x0000000708000000|100%|HC|  |TAMS 0x0000000707e00000| PB 0x0000000707e00000| Complete 
|  25|0x0000000708000000, 0x0000000708200000, 0x0000000708200000|100%|HC|  |TAMS 0x0000000708000000| PB 0x0000000708000000| Complete 
|  26|0x0000000708200000, 0x0000000708200000, 0x0000000708400000|  0%| F|  |TAMS 0x0000000708200000| PB 0x0000000708200000| Untracked 
|  27|0x0000000708400000, 0x0000000708400000, 0x0000000708600000|  0%| F|  |TAMS 0x0000000708400000| PB 0x0000000708400000| Untracked 
|  28|0x0000000708600000, 0x0000000708600000, 0x0000000708800000|  0%| F|  |TAMS 0x0000000708600000| PB 0x0000000708600000| Untracked 
|  29|0x0000000708800000, 0x0000000708800000, 0x0000000708a00000|  0%| F|  |TAMS 0x0000000708800000| PB 0x0000000708800000| Untracked 
|  30|0x0000000708a00000, 0x0000000708a00000, 0x0000000708c00000|  0%| F|  |TAMS 0x0000000708a00000| PB 0x0000000708a00000| Untracked 
|  31|0x0000000708c00000, 0x0000000708c00000, 0x0000000708e00000|  0%| F|  |TAMS 0x0000000708c00000| PB 0x0000000708c00000| Untracked 
|  32|0x0000000708e00000, 0x0000000708e00000, 0x0000000709000000|  0%| F|  |TAMS 0x0000000708e00000| PB 0x0000000708e00000| Untracked 
|  33|0x0000000709000000, 0x0000000709000000, 0x0000000709200000|  0%| F|  |TAMS 0x0000000709000000| PB 0x0000000709000000| Untracked 
|  34|0x0000000709200000, 0x0000000709200000, 0x0000000709400000|  0%| F|  |TAMS 0x0000000709200000| PB 0x0000000709200000| Untracked 
|  35|0x0000000709400000, 0x0000000709400000, 0x0000000709600000|  0%| F|  |TAMS 0x0000000709400000| PB 0x0000000709400000| Untracked 
|  36|0x0000000709600000, 0x0000000709600000, 0x0000000709800000|  0%| F|  |TAMS 0x0000000709600000| PB 0x0000000709600000| Untracked 
|  37|0x0000000709800000, 0x0000000709800000, 0x0000000709a00000|  0%| F|  |TAMS 0x0000000709800000| PB 0x0000000709800000| Untracked 
|  38|0x0000000709a00000, 0x0000000709a00000, 0x0000000709c00000|  0%| F|  |TAMS 0x0000000709a00000| PB 0x0000000709a00000| Untracked 
|  39|0x0000000709c00000, 0x0000000709c00000, 0x0000000709e00000|  0%| F|  |TAMS 0x0000000709c00000| PB 0x0000000709c00000| Untracked 
|  40|0x0000000709e00000, 0x0000000709e00000, 0x000000070a000000|  0%| F|  |TAMS 0x0000000709e00000| PB 0x0000000709e00000| Untracked 
|  41|0x000000070a000000, 0x000000070a000000, 0x000000070a200000|  0%| F|  |TAMS 0x000000070a000000| PB 0x000000070a000000| Untracked 
|  42|0x000000070a200000, 0x000000070a200000, 0x000000070a400000|  0%| F|  |TAMS 0x000000070a200000| PB 0x000000070a200000| Untracked 
|  43|0x000000070a400000, 0x000000070a400000, 0x000000070a600000|  0%| F|  |TAMS 0x000000070a400000| PB 0x000000070a400000| Untracked 
|  44|0x000000070a600000, 0x000000070a600000, 0x000000070a800000|  0%| F|  |TAMS 0x000000070a600000| PB 0x000000070a600000| Untracked 
|  45|0x000000070a800000, 0x000000070a800000, 0x000000070aa00000|  0%| F|  |TAMS 0x000000070a800000| PB 0x000000070a800000| Untracked 
|  46|0x000000070aa00000, 0x000000070aa00000, 0x000000070ac00000|  0%| F|  |TAMS 0x000000070aa00000| PB 0x000000070aa00000| Untracked 
|  47|0x000000070ac00000, 0x000000070ac00000, 0x000000070ae00000|  0%| F|  |TAMS 0x000000070ac00000| PB 0x000000070ac00000| Untracked 
|  48|0x000000070ae00000, 0x000000070ae00000, 0x000000070b000000|  0%| F|  |TAMS 0x000000070ae00000| PB 0x000000070ae00000| Untracked 
|  49|0x000000070b000000, 0x000000070b000000, 0x000000070b200000|  0%| F|  |TAMS 0x000000070b000000| PB 0x000000070b000000| Untracked 
|  50|0x000000070b200000, 0x000000070b200000, 0x000000070b400000|  0%| F|  |TAMS 0x000000070b200000| PB 0x000000070b200000| Untracked 
|  51|0x000000070b400000, 0x000000070b400000, 0x000000070b600000|  0%| F|  |TAMS 0x000000070b400000| PB 0x000000070b400000| Untracked 
|  52|0x000000070b600000, 0x000000070b600000, 0x000000070b800000|  0%| F|  |TAMS 0x000000070b600000| PB 0x000000070b600000| Untracked 
|  53|0x000000070b800000, 0x000000070b800000, 0x000000070ba00000|  0%| F|  |TAMS 0x000000070b800000| PB 0x000000070b800000| Untracked 
|  54|0x000000070ba00000, 0x000000070ba00000, 0x000000070bc00000|  0%| F|  |TAMS 0x000000070ba00000| PB 0x000000070ba00000| Untracked 
|  55|0x000000070bc00000, 0x000000070bc00000, 0x000000070be00000|  0%| F|  |TAMS 0x000000070bc00000| PB 0x000000070bc00000| Untracked 
|  56|0x000000070be00000, 0x000000070be00000, 0x000000070c000000|  0%| F|  |TAMS 0x000000070be00000| PB 0x000000070be00000| Untracked 
|  57|0x000000070c000000, 0x000000070c000000, 0x000000070c200000|  0%| F|  |TAMS 0x000000070c000000| PB 0x000000070c000000| Untracked 
|  58|0x000000070c200000, 0x000000070c200000, 0x000000070c400000|  0%| F|  |TAMS 0x000000070c200000| PB 0x000000070c200000| Untracked 
|  59|0x000000070c400000, 0x000000070c400000, 0x000000070c600000|  0%| F|  |TAMS 0x000000070c400000| PB 0x000000070c400000| Untracked 
|  60|0x000000070c600000, 0x000000070c600000, 0x000000070c800000|  0%| F|  |TAMS 0x000000070c600000| PB 0x000000070c600000| Untracked 
|  61|0x000000070c800000, 0x000000070c800000, 0x000000070ca00000|  0%| F|  |TAMS 0x000000070c800000| PB 0x000000070c800000| Untracked 
|  62|0x000000070ca00000, 0x000000070ca00000, 0x000000070cc00000|  0%| F|  |TAMS 0x000000070ca00000| PB 0x000000070ca00000| Untracked 
|  63|0x000000070cc00000, 0x000000070cc00000, 0x000000070ce00000|  0%| F|  |TAMS 0x000000070cc00000| PB 0x000000070cc00000| Untracked 
|  64|0x000000070ce00000, 0x000000070ce00000, 0x000000070d000000|  0%| F|  |TAMS 0x000000070ce00000| PB 0x000000070ce00000| Untracked 
|  65|0x000000070d000000, 0x000000070d000000, 0x000000070d200000|  0%| F|  |TAMS 0x000000070d000000| PB 0x000000070d000000| Untracked 
|  66|0x000000070d200000, 0x000000070d200000, 0x000000070d400000|  0%| F|  |TAMS 0x000000070d200000| PB 0x000000070d200000| Untracked 
|  67|0x000000070d400000, 0x000000070d400000, 0x000000070d600000|  0%| F|  |TAMS 0x000000070d400000| PB 0x000000070d400000| Untracked 
|  68|0x000000070d600000, 0x000000070d600000, 0x000000070d800000|  0%| F|  |TAMS 0x000000070d600000| PB 0x000000070d600000| Untracked 
|  69|0x000000070d800000, 0x000000070d800000, 0x000000070da00000|  0%| F|  |TAMS 0x000000070d800000| PB 0x000000070d800000| Untracked 
|  70|0x000000070da00000, 0x000000070da00000, 0x000000070dc00000|  0%| F|  |TAMS 0x000000070da00000| PB 0x000000070da00000| Untracked 
|  71|0x000000070dc00000, 0x000000070dc00000, 0x000000070de00000|  0%| F|  |TAMS 0x000000070dc00000| PB 0x000000070dc00000| Untracked 
|  72|0x000000070de00000, 0x000000070de00000, 0x000000070e000000|  0%| F|  |TAMS 0x000000070de00000| PB 0x000000070de00000| Untracked 
|  73|0x000000070e000000, 0x000000070e000000, 0x000000070e200000|  0%| F|  |TAMS 0x000000070e000000| PB 0x000000070e000000| Untracked 
|  74|0x000000070e200000, 0x000000070e200000, 0x000000070e400000|  0%| F|  |TAMS 0x000000070e200000| PB 0x000000070e200000| Untracked 
|  75|0x000000070e400000, 0x000000070e400000, 0x000000070e600000|  0%| F|  |TAMS 0x000000070e400000| PB 0x000000070e400000| Untracked 
|  76|0x000000070e600000, 0x000000070e600000, 0x000000070e800000|  0%| F|  |TAMS 0x000000070e600000| PB 0x000000070e600000| Untracked 
|  77|0x000000070e800000, 0x000000070e800000, 0x000000070ea00000|  0%| F|  |TAMS 0x000000070e800000| PB 0x000000070e800000| Untracked 
|  78|0x000000070ea00000, 0x000000070ea00000, 0x000000070ec00000|  0%| F|  |TAMS 0x000000070ea00000| PB 0x000000070ea00000| Untracked 
|  79|0x000000070ec00000, 0x000000070ec00000, 0x000000070ee00000|  0%| F|  |TAMS 0x000000070ec00000| PB 0x000000070ec00000| Untracked 
|  80|0x000000070ee00000, 0x000000070ee00000, 0x000000070f000000|  0%| F|  |TAMS 0x000000070ee00000| PB 0x000000070ee00000| Untracked 
|  81|0x000000070f000000, 0x000000070f000000, 0x000000070f200000|  0%| F|  |TAMS 0x000000070f000000| PB 0x000000070f000000| Untracked 
|  82|0x000000070f200000, 0x000000070f200000, 0x000000070f400000|  0%| F|  |TAMS 0x000000070f200000| PB 0x000000070f200000| Untracked 
|  83|0x000000070f400000, 0x000000070f400000, 0x000000070f600000|  0%| F|  |TAMS 0x000000070f400000| PB 0x000000070f400000| Untracked 
|  84|0x000000070f600000, 0x000000070f600000, 0x000000070f800000|  0%| F|  |TAMS 0x000000070f600000| PB 0x000000070f600000| Untracked 
|  85|0x000000070f800000, 0x000000070f800000, 0x000000070fa00000|  0%| F|  |TAMS 0x000000070f800000| PB 0x000000070f800000| Untracked 
|  86|0x000000070fa00000, 0x000000070fa00000, 0x000000070fc00000|  0%| F|  |TAMS 0x000000070fa00000| PB 0x000000070fa00000| Untracked 
|  87|0x000000070fc00000, 0x000000070fc00000, 0x000000070fe00000|  0%| F|  |TAMS 0x000000070fc00000| PB 0x000000070fc00000| Untracked 
|  88|0x000000070fe00000, 0x000000070fe00000, 0x0000000710000000|  0%| F|  |TAMS 0x000000070fe00000| PB 0x000000070fe00000| Untracked 
|  89|0x0000000710000000, 0x0000000710000000, 0x0000000710200000|  0%| F|  |TAMS 0x0000000710000000| PB 0x0000000710000000| Untracked 
|  90|0x0000000710200000, 0x0000000710200000, 0x0000000710400000|  0%| F|  |TAMS 0x0000000710200000| PB 0x0000000710200000| Untracked 
|  91|0x0000000710400000, 0x0000000710400000, 0x0000000710600000|  0%| F|  |TAMS 0x0000000710400000| PB 0x0000000710400000| Untracked 
|  92|0x0000000710600000, 0x0000000710600000, 0x0000000710800000|  0%| F|  |TAMS 0x0000000710600000| PB 0x0000000710600000| Untracked 
|  93|0x0000000710800000, 0x0000000710800000, 0x0000000710a00000|  0%| F|  |TAMS 0x0000000710800000| PB 0x0000000710800000| Untracked 
|  94|0x0000000710a00000, 0x0000000710a00000, 0x0000000710c00000|  0%| F|  |TAMS 0x0000000710a00000| PB 0x0000000710a00000| Untracked 
|  95|0x0000000710c00000, 0x0000000710c00000, 0x0000000710e00000|  0%| F|  |TAMS 0x0000000710c00000| PB 0x0000000710c00000| Untracked 
|  96|0x0000000710e00000, 0x0000000710e00000, 0x0000000711000000|  0%| F|  |TAMS 0x0000000710e00000| PB 0x0000000710e00000| Untracked 
|  97|0x0000000711000000, 0x0000000711000000, 0x0000000711200000|  0%| F|  |TAMS 0x0000000711000000| PB 0x0000000711000000| Untracked 
|  98|0x0000000711200000, 0x0000000711200000, 0x0000000711400000|  0%| F|  |TAMS 0x0000000711200000| PB 0x0000000711200000| Untracked 
|  99|0x0000000711400000, 0x0000000711400000, 0x0000000711600000|  0%| F|  |TAMS 0x0000000711400000| PB 0x0000000711400000| Untracked 
| 100|0x0000000711600000, 0x0000000711600000, 0x0000000711800000|  0%| F|  |TAMS 0x0000000711600000| PB 0x0000000711600000| Untracked 
| 101|0x0000000711800000, 0x0000000711800000, 0x0000000711a00000|  0%| F|  |TAMS 0x0000000711800000| PB 0x0000000711800000| Untracked 
| 102|0x0000000711a00000, 0x0000000711a00000, 0x0000000711c00000|  0%| F|  |TAMS 0x0000000711a00000| PB 0x0000000711a00000| Untracked 
| 103|0x0000000711c00000, 0x0000000711c00000, 0x0000000711e00000|  0%| F|  |TAMS 0x0000000711c00000| PB 0x0000000711c00000| Untracked 
| 104|0x0000000711e00000, 0x0000000711e00000, 0x0000000712000000|  0%| F|  |TAMS 0x0000000711e00000| PB 0x0000000711e00000| Untracked 
| 105|0x0000000712000000, 0x0000000712000000, 0x0000000712200000|  0%| F|  |TAMS 0x0000000712000000| PB 0x0000000712000000| Untracked 
| 106|0x0000000712200000, 0x0000000712200000, 0x0000000712400000|  0%| F|  |TAMS 0x0000000712200000| PB 0x0000000712200000| Untracked 
| 107|0x0000000712400000, 0x0000000712400000, 0x0000000712600000|  0%| F|  |TAMS 0x0000000712400000| PB 0x0000000712400000| Untracked 
| 108|0x0000000712600000, 0x0000000712600000, 0x0000000712800000|  0%| F|  |TAMS 0x0000000712600000| PB 0x0000000712600000| Untracked 
| 109|0x0000000712800000, 0x0000000712800000, 0x0000000712a00000|  0%| F|  |TAMS 0x0000000712800000| PB 0x0000000712800000| Untracked 
| 110|0x0000000712a00000, 0x0000000712a00000, 0x0000000712c00000|  0%| F|  |TAMS 0x0000000712a00000| PB 0x0000000712a00000| Untracked 
| 111|0x0000000712c00000, 0x0000000712c00000, 0x0000000712e00000|  0%| F|  |TAMS 0x0000000712c00000| PB 0x0000000712c00000| Untracked 
| 112|0x0000000712e00000, 0x0000000712e00000, 0x0000000713000000|  0%| F|  |TAMS 0x0000000712e00000| PB 0x0000000712e00000| Untracked 
| 113|0x0000000713000000, 0x00000007131a6010, 0x0000000713200000| 82%| S|CS|TAMS 0x0000000713000000| PB 0x0000000713000000| Complete 
| 114|0x0000000713200000, 0x0000000713400000, 0x0000000713400000|100%| S|CS|TAMS 0x0000000713200000| PB 0x0000000713200000| Complete 
| 115|0x0000000713400000, 0x0000000713400000, 0x0000000713600000|  0%| F|  |TAMS 0x0000000713400000| PB 0x0000000713400000| Untracked 
| 116|0x0000000713600000, 0x0000000713600000, 0x0000000713800000|  0%| F|  |TAMS 0x0000000713600000| PB 0x0000000713600000| Untracked 
| 117|0x0000000713800000, 0x0000000713800000, 0x0000000713a00000|  0%| F|  |TAMS 0x0000000713800000| PB 0x0000000713800000| Untracked 
| 118|0x0000000713a00000, 0x0000000713a00000, 0x0000000713c00000|  0%| F|  |TAMS 0x0000000713a00000| PB 0x0000000713a00000| Untracked 
| 119|0x0000000713c00000, 0x0000000713c00000, 0x0000000713e00000|  0%| F|  |TAMS 0x0000000713c00000| PB 0x0000000713c00000| Untracked 
| 120|0x0000000713e00000, 0x0000000713e00000, 0x0000000714000000|  0%| F|  |TAMS 0x0000000713e00000| PB 0x0000000713e00000| Untracked 
| 121|0x0000000714000000, 0x0000000714000000, 0x0000000714200000|  0%| F|  |TAMS 0x0000000714000000| PB 0x0000000714000000| Untracked 
| 122|0x0000000714200000, 0x00000007142a3330, 0x0000000714400000| 31%| E|  |TAMS 0x0000000714200000| PB 0x0000000714200000| Complete 
| 123|0x0000000714400000, 0x0000000714600000, 0x0000000714600000|100%| E|CS|TAMS 0x0000000714400000| PB 0x0000000714400000| Complete 
| 124|0x0000000714600000, 0x0000000714800000, 0x0000000714800000|100%| E|CS|TAMS 0x0000000714600000| PB 0x0000000714600000| Complete 
| 125|0x0000000714800000, 0x0000000714a00000, 0x0000000714a00000|100%| E|CS|TAMS 0x0000000714800000| PB 0x0000000714800000| Complete 

Card table byte_map: [0x000001dc25200000,0x000001dc259e0000] _byte_map_base: 0x000001dc219d9000

Marking Bits: (CMBitMap*) 0x000001dc0cb7df80
 Bits: [0x000001dc259e0000, 0x000001dc298a8000)

Polling page: 0x000001dc0a9d0000

Metaspace:

Usage:
  Non-class:      6.71 MB used.
      Class:    773.57 KB used.
       Both:      7.46 MB used.

Virtual space:
  Non-class space:       64.00 MB reserved,       6.81 MB ( 11%) committed,  1 nodes.
      Class space:        1.00 GB reserved,     896.00 KB ( <1%) committed,  1 nodes.
             Both:        1.06 GB reserved,       7.69 MB ( <1%) committed. 

Chunk freelists:
   Non-Class:  9.00 MB
       Class:  15.11 MB
        Both:  24.11 MB

MaxMetaspaceSize: unlimited
CompressedClassSpaceSize: 1.00 GB
Initial GC threshold: 21.00 MB
Current GC threshold: 21.00 MB
CDS: on
 - commit_granule_bytes: 65536.
 - commit_granule_words: 8192.
 - virtual_space_node_default_size: 8388608.
 - enlarge_chunks_in_place: 1.
 - use_allocation_guard: 0.


Internal statistics:

num_allocs_failed_limit: 0.
num_arena_births: 152.
num_arena_deaths: 0.
num_vsnodes_births: 2.
num_vsnodes_deaths: 0.
num_space_committed: 123.
num_space_uncommitted: 0.
num_chunks_returned_to_freelist: 0.
num_chunks_taken_from_freelist: 191.
num_chunk_merges: 0.
num_chunk_splits: 112.
num_chunks_enlarged: 43.
num_inconsistent_stats: 0.

CodeHeap 'non-profiled nmethods': size=119168Kb used=456Kb max_used=456Kb free=118711Kb
 bounds [0x000001dc1cb20000, 0x000001dc1cd90000, 0x000001dc23f80000]
CodeHeap 'profiled nmethods': size=119104Kb used=2672Kb max_used=2672Kb free=116431Kb
 bounds [0x000001dc14f80000, 0x000001dc15220000, 0x000001dc1c3d0000]
CodeHeap 'non-nmethods': size=7488Kb used=1537Kb max_used=3257Kb free=5950Kb
 bounds [0x000001dc1c3d0000, 0x000001dc1c710000, 0x000001dc1cb20000]
 total_blobs=2129 nmethods=1521 adapters=513
 compilation: enabled
              stopped_count=0, restarted_count=0
 full_count=0

Compilation events (20 events):
Event: 161957.664 Thread 0x000001dc2cb91e70 nmethod 1513 0x000001dc15216310 code [0x000001dc152164c0, 0x000001dc15216758]
Event: 161957.664 Thread 0x000001dc2cb91e70 1514       3       java.awt.EventQueue::getAccessControlContextFrom (53 bytes)
Event: 161957.665 Thread 0x000001dc2cb91e70 nmethod 1514 0x000001dc15216810 code [0x000001dc15216a40, 0x000001dc152174e0]
Event: 161957.665 Thread 0x000001dc2cb91e70 1515       3       java.awt.AWTEvent::getAccessControlContext (22 bytes)
Event: 161957.665 Thread 0x000001dc2cb91e70 nmethod 1515 0x000001dc15217690 code [0x000001dc15217840, 0x000001dc15217a20]
Event: 161957.665 Thread 0x000001dc2cb91e70 1516       3       java.awt.EventQueue$4::run (5 bytes)
Event: 161957.665 Thread 0x000001dc2cb91e70 nmethod 1516 0x000001dc15217b10 code [0x000001dc15217cc0, 0x000001dc15217e18]
Event: 161957.665 Thread 0x000001dc2cb91e70 1511       3       java.awt.KeyboardFocusManager::getCurrentKeyboardFocusManager (7 bytes)
Event: 161957.666 Thread 0x000001dc2cb91e70 nmethod 1511 0x000001dc15217f10 code [0x000001dc15218120, 0x000001dc15218608]
Event: 161957.666 Thread 0x000001dc2cb91e70 1517       1       sun.awt.Win32GraphicsDevice::getScreen (5 bytes)
Event: 161957.666 Thread 0x000001dc2cb91e70 nmethod 1517 0x000001dc1cb91910 code [0x000001dc1cb91aa0, 0x000001dc1cb91b68]
Event: 163152.737 Thread 0x000001dc2cb91e70 1518       3       java.util.ComparableTimSort::mergeLo (656 bytes)
Event: 163152.741 Thread 0x000001dc2cb91e70 nmethod 1518 0x000001dc15218810 code [0x000001dc15218be0, 0x000001dc1521b358]
Event: 163152.796 Thread 0x000001dc2cb91e70 1520       3       java.util.WeakHashMap::size (18 bytes)
Event: 163152.797 Thread 0x000001dc2cb91e70 nmethod 1520 0x000001dc1521bb10 code [0x000001dc1521bcc0, 0x000001dc1521be78]
Event: 163152.797 Thread 0x000001dc2cb8c370 1519  s    4       sun.awt.Win32GraphicsConfig::displayChanged (6 bytes)
Event: 163152.798 Thread 0x000001dc2cb8c370 nmethod 1519 0x000001dc1cb91c10 code [0x000001dc1cb91da0, 0x000001dc1cb91fc8]
Event: 178041.235 Thread 0x000001dc2cb91e70 1521       3       java.util.WeakHashMap::indexFor (6 bytes)
Event: 178041.235 Thread 0x000001dc2cb91e70 nmethod 1521 0x000001dc1521bf10 code [0x000001dc1521c0a0, 0x000001dc1521c198]
Event: 178041.382 Thread 0x000001dc2cb8c370 1522 %s    4       sun.java2d.loops.GraphicsPrimitiveMgr::locatePrim @ 28 (95 bytes)

GC Heap History (2 events):
Event: 0.357 GC heap before
{Heap before GC invocations=0 (full 0):
 garbage-first heap   total 258048K, used 38912K [0x0000000704e00000, 0x0000000800000000)
  region size 2048K, 11 young (22528K), 0 survivors (0K)
 Metaspace       used 7254K, committed 7424K, reserved 1114112K
  class space    used 744K, committed 832K, reserved 1048576K
}
Event: 0.359 GC heap after
{Heap after GC invocations=1 (full 0):
 garbage-first heap   total 258048K, used 20120K [0x0000000704e00000, 0x0000000800000000)
  region size 2048K, 2 young (4096K), 2 survivors (4096K)
 Metaspace       used 7254K, committed 7424K, reserved 1114112K
  class space    used 744K, committed 832K, reserved 1048576K
}

Dll operation events (10 events):
Event: 0.004 Loaded shared library C:\Program Files\Java\jdk-21\bin\java.dll
Event: 0.021 Loaded shared library C:\Program Files\Java\jdk-21\bin\jsvml.dll
Event: 0.037 Loaded shared library C:\Program Files\Java\jdk-21\bin\jimage.dll
Event: 0.040 Loaded shared library C:\Program Files\Java\jdk-21\bin\net.dll
Event: 0.041 Loaded shared library C:\Program Files\Java\jdk-21\bin\nio.dll
Event: 0.042 Loaded shared library C:\Program Files\Java\jdk-21\bin\zip.dll
Event: 0.051 Loaded shared library C:\Program Files\Java\jdk-21\bin\awt.dll
Event: 0.154 Loaded shared library C:\Program Files\Java\jdk-21\bin\javajpeg.dll
Event: 0.198 Loaded shared library C:\Program Files\Java\jdk-21\bin\freetype.dll
Event: 0.199 Loaded shared library C:\Program Files\Java\jdk-21\bin\fontmanager.dll

Deoptimization events (20 events):
Event: 74495.733 Thread 0x000001dc723a0220 Uncommon trap: trap_request=0xffffff76 fr.pc=0x000001dc1cb85370 relative=0x0000000000000230
Event: 74495.733 Thread 0x000001dc723a0220 Uncommon trap: reason=predicate action=maybe_recompile pc=0x000001dc1cb85370 method=java.util.HashMap.keysToArray([Ljava/lang/Object;)[Ljava/lang/Object; @ 48 c2
Event: 74495.733 Thread 0x000001dc723a0220 DEOPT PACKING pc=0x000001dc1cb85370 sp=0x00000021edcfe090
Event: 74495.733 Thread 0x000001dc723a0220 DEOPT UNPACKING pc=0x000001dc1c4246a2 sp=0x00000021edcfe038 mode 2
Event: 74500.228 Thread 0x000001dc723a0220 Uncommon trap: trap_request=0xffffffd6 fr.pc=0x000001dc1cb85cd8 relative=0x0000000000000498
Event: 74500.228 Thread 0x000001dc723a0220 Uncommon trap: reason=array_check action=maybe_recompile pc=0x000001dc1cb85cd8 method=java.util.HashMap.keysToArray([Ljava/lang/Object;)[Ljava/lang/Object; @ 62 c2
Event: 74500.228 Thread 0x000001dc723a0220 DEOPT PACKING pc=0x000001dc1cb85cd8 sp=0x00000021edcfe0b0
Event: 74500.228 Thread 0x000001dc723a0220 DEOPT UNPACKING pc=0x000001dc1c4246a2 sp=0x00000021edcfe058 mode 2
Event: 76449.206 Thread 0x000001dc723a0220 Uncommon trap: trap_request=0xffffffd6 fr.pc=0x000001dc1cb85cd8 relative=0x0000000000000498
Event: 76449.206 Thread 0x000001dc723a0220 Uncommon trap: reason=array_check action=maybe_recompile pc=0x000001dc1cb85cd8 method=java.util.HashMap.keysToArray([Ljava/lang/Object;)[Ljava/lang/Object; @ 62 c2
Event: 76449.206 Thread 0x000001dc723a0220 DEOPT PACKING pc=0x000001dc1cb85cd8 sp=0x00000021edcfe080
Event: 76449.206 Thread 0x000001dc723a0220 DEOPT UNPACKING pc=0x000001dc1c4246a2 sp=0x00000021edcfe028 mode 2
Event: 76449.509 Thread 0x000001dc723a0220 Uncommon trap: trap_request=0xffffffd6 fr.pc=0x000001dc1cb85cd8 relative=0x0000000000000498
Event: 76449.509 Thread 0x000001dc723a0220 Uncommon trap: reason=array_check action=maybe_recompile pc=0x000001dc1cb85cd8 method=java.util.HashMap.keysToArray([Ljava/lang/Object;)[Ljava/lang/Object; @ 62 c2
Event: 76449.509 Thread 0x000001dc723a0220 DEOPT PACKING pc=0x000001dc1cb85cd8 sp=0x00000021edcfe0b0
Event: 76449.509 Thread 0x000001dc723a0220 DEOPT UNPACKING pc=0x000001dc1c4246a2 sp=0x00000021edcfe058 mode 2
Event: 76449.681 Thread 0x000001dc723a0220 Uncommon trap: trap_request=0xffffffd6 fr.pc=0x000001dc1cb85cd8 relative=0x0000000000000498
Event: 76449.681 Thread 0x000001dc723a0220 Uncommon trap: reason=array_check action=maybe_recompile pc=0x000001dc1cb85cd8 method=java.util.HashMap.keysToArray([Ljava/lang/Object;)[Ljava/lang/Object; @ 62 c2
Event: 76449.681 Thread 0x000001dc723a0220 DEOPT PACKING pc=0x000001dc1cb85cd8 sp=0x00000021edcfe080
Event: 76449.681 Thread 0x000001dc723a0220 DEOPT UNPACKING pc=0x000001dc1c4246a2 sp=0x00000021edcfe028 mode 2

Classes loaded (20 events):
Event: 3.661 Loading class java/awt/event/AWTEventListenerProxy
Event: 3.661 Loading class java/awt/event/AWTEventListenerProxy done
Event: 3.662 Loading class java/awt/Toolkit$SelectiveAWTEventListener
Event: 3.662 Loading class java/awt/Toolkit$SelectiveAWTEventListener done
Event: 3.662 Loading class java/awt/Toolkit$ToolkitEventMulticaster
Event: 3.662 Loading class java/awt/Toolkit$ToolkitEventMulticaster done
Event: 3.662 Loading class java/awt/event/MouseWheelEvent
Event: 3.662 Loading class java/awt/event/MouseWheelEvent done
Event: 3.872 Loading class java/awt/LightweightDispatcher$2
Event: 3.872 Loading class java/awt/LightweightDispatcher$2 done
Event: 5.497 Loading class java/awt/KeyboardFocusManager$2
Event: 5.497 Loading class java/awt/KeyboardFocusManager$2 done
Event: 5.498 Loading class sun/awt/SunToolkit$1
Event: 5.498 Loading class sun/awt/SunToolkit$1 done
Event: 805.349 Loading class java/util/WeakHashMap$KeyIterator
Event: 805.349 Loading class java/util/WeakHashMap$HashIterator
Event: 805.349 Loading class java/util/WeakHashMap$HashIterator done
Event: 805.349 Loading class java/util/WeakHashMap$KeyIterator done
Event: 805.350 Loading class javax/swing/RepaintManager$DisplayChangedRunnable
Event: 805.350 Loading class javax/swing/RepaintManager$DisplayChangedRunnable done

Classes unloaded (0 events):
No events

Classes redefined (0 events):
No events

Internal exceptions (12 events):
Event: 0.046 Thread 0x000001dc0a8967a0 Exception <a 'java/lang/ClassNotFoundException'{0x00000007146aba58}: sun/awt/resources/spi/awtProvider> (0x00000007146aba58) 
thrown [s\open\src\hotspot\share\classfile\systemDictionary.cpp, line 312]
Event: 0.057 Thread 0x000001dc0a8967a0 Exception <a 'java/io/FileNotFoundException'{0x0000000714705630}> (0x0000000714705630) 
thrown [s\open\src\hotspot\share\prims\jni.cpp, line 520]
Event: 0.060 Thread 0x000001dc0a8967a0 Exception <a 'java/io/FileNotFoundException'{0x000000071472f628}> (0x000000071472f628) 
thrown [s\open\src\hotspot\share\prims\jni.cpp, line 520]
Event: 0.103 Thread 0x000001dc0a8967a0 Exception <a 'java/lang/NoSuchMethodError'{0x0000000714475ea0}: 'void java.lang.invoke.DirectMethodHandle$Holder.invokeSpecial(java.lang.Object, java.lang.Object, java.lang.Object)'> (0x0000000714475ea0) 
thrown [s\open\src\hotspot\share\interpreter\linkResolver.cpp, line 773]
Event: 0.107 Thread 0x000001dc0a8967a0 Exception <a 'java/lang/NoSuchMethodError'{0x000000071449b8a0}: 'java.lang.Object java.lang.invoke.DirectMethodHandle$Holder.newInvokeSpecial(java.lang.Object, java.lang.Object, java.lang.Object, java.lang.Object, java.lang.Object)'> (0x000000071449b8a0) 
thrown [s\open\src\hotspot\share\interpreter\linkResolver.cpp, line 773]
Event: 0.109 Thread 0x000001dc0a8967a0 Exception <a 'java/lang/NoSuchMethodError'{0x00000007144c7428}: 'java.lang.Object java.lang.invoke.DirectMethodHandle$Holder.invokeStatic(java.lang.Object, int, java.lang.Object)'> (0x00000007144c7428) 
thrown [s\open\src\hotspot\share\interpreter\linkResolver.cpp, line 773]
Event: 0.120 Thread 0x000001dc0a8967a0 Exception <a 'java/lang/ClassNotFoundException'{0x00000007145d77c0}: com/sun/swing/internal/plaf/metal/resources/spi/metalProvider> (0x00000007145d77c0) 
thrown [s\open\src\hotspot\share\classfile\systemDictionary.cpp, line 312]
Event: 0.120 Thread 0x000001dc0a8967a0 Exception <a 'java/lang/ClassNotFoundException'{0x00000007145db700}: com/sun/swing/internal/plaf/basic/resources/spi/basicProvider> (0x00000007145db700) 
thrown [s\open\src\hotspot\share\classfile\systemDictionary.cpp, line 312]
Event: 0.125 Thread 0x000001dc0a8967a0 Exception <a 'java/lang/NoSuchMethodError'{0x00000007145fae78}: 'int java.lang.invoke.Invokers$Holder.invokeExact_MT(java.lang.Object, java.lang.Object)'> (0x00000007145fae78) 
thrown [s\open\src\hotspot\share\interpreter\linkResolver.cpp, line 773]
Event: 0.155 Thread 0x000001dc723fa1e0 Exception <a 'java/lang/NoSuchMethodError'{0x0000000714089698}: 'java.lang.Object java.lang.invoke.DirectMethodHandle$Holder.newInvokeSpecial(java.lang.Object, java.lang.Object, java.lang.Object, int, int, int, int, int)'> (0x0000000714089698) 
thrown [s\open\src\hotspot\share\interpreter\linkResolver.cpp, line 773]
Event: 0.188 Thread 0x000001dc723a0220 Exception <a 'java/lang/NoSuchMethodError'{0x000000071440e618}: 'void java.lang.invoke.DirectMethodHandle$Holder.invokeVirtual(java.lang.Object, java.lang.Object)'> (0x000000071440e618) 
thrown [s\open\src\hotspot\share\interpreter\linkResolver.cpp, line 773]
Event: 0.196 Thread 0x000001dc0a8967a0 Exception <a 'java/lang/NoSuchMethodError'{0x000000071422ce28}: 'void java.lang.invoke.DirectMethodHandle$Holder.invokeStaticInit(java.lang.Object)'> (0x000000071422ce28) 
thrown [s\open\src\hotspot\share\interpreter\linkResolver.cpp, line 773]

ZGC Phase Switch (0 events):
No events

VM Operations (20 events):
Event: 81547.604 Executing VM operation: Cleanup
Event: 81547.604 Executing VM operation: Cleanup done
Event: 81548.605 Executing VM operation: Cleanup
Event: 81548.605 Executing VM operation: Cleanup done
Event: 87311.565 Executing VM operation: Cleanup
Event: 87311.566 Executing VM operation: Cleanup done
Event: 101320.890 Executing VM operation: Cleanup
Event: 101320.890 Executing VM operation: Cleanup done
Event: 112052.715 Executing VM operation: Cleanup
Event: 112052.715 Executing VM operation: Cleanup done
Event: 158203.899 Executing VM operation: Cleanup
Event: 158203.899 Executing VM operation: Cleanup done
Event: 158362.980 Executing VM operation: Cleanup
Event: 158362.980 Executing VM operation: Cleanup done
Event: 158687.413 Executing VM operation: Cleanup
Event: 158687.413 Executing VM operation: Cleanup done
Event: 159239.797 Executing VM operation: Cleanup
Event: 159239.797 Executing VM operation: Cleanup done
Event: 159809.435 Executing VM operation: Cleanup
Event: 159809.435 Executing VM operation: Cleanup done

Events (20 events):
Event: 0.020 Thread 0x000001dc2cb8c370 Thread added: 0x000001dc2cb8c370
Event: 0.020 Thread 0x000001dc2cb91e70 Thread added: 0x000001dc2cb91e70
Event: 0.025 Thread 0x000001dc720e38c0 Thread added: 0x000001dc720e38c0
Event: 0.028 Thread 0x000001dc721c62c0 Thread added: 0x000001dc721c62c0
Event: 0.029 Thread 0x000001dc721cb740 Thread added: 0x000001dc721cb740
Event: 0.084 Thread 0x000001dc72396b60 Thread added: 0x000001dc72396b60
Event: 0.084 Thread 0x000001dc7239cce0 Thread added: 0x000001dc7239cce0
Event: 0.085 Thread 0x000001dc723a0220 Thread added: 0x000001dc723a0220
Event: 0.128 Thread 0x000001dc723fa1e0 Thread added: 0x000001dc723fa1e0
Event: 0.132 Thread 0x000001dc74f060c0 Thread added: 0x000001dc74f060c0
Event: 0.133 Thread 0x000001dc74f0b450 Thread added: 0x000001dc74f0b450
Event: 0.142 Thread 0x000001dc74f4def0 Thread added: 0x000001dc74f4def0
Event: 0.189 Thread 0x000001dc750543b0 Thread added: 0x000001dc750543b0
Event: 0.240 Thread 0x000001dc0a8967a0 Thread exited: 0x000001dc0a8967a0
Event: 0.240 Thread 0x000001dc0a8967a0 Thread added: 0x000001dc0a8967a0
Event: 3.661 Thread 0x000001dc74f4def0 Thread exited: 0x000001dc74f4def0
Event: 3.661 Thread 0x000001dc74f0b450 Thread exited: 0x000001dc74f0b450
Event: 3.662 Thread 0x000001dc74f060c0 Thread exited: 0x000001dc74f060c0
Event: 5.188 Thread 0x000001dc723fa1e0 Thread exited: 0x000001dc723fa1e0
Event: 10.621 Thread 0x000001dc720e38c0 Thread exited: 0x000001dc720e38c0


Dynamic libraries:
0x00007ff6dee10000 - 0x00007ff6dee20000 	C:\Program Files\Java\jdk-21\bin\javaw.exe
0x00007ffcfd3d0000 - 0x00007ffcfd5e7000 	C:\WINDOWS\SYSTEM32\ntdll.dll
0x00007ffcfc490000 - 0x00007ffcfc554000 	C:\WINDOWS\System32\KERNEL32.DLL
0x00007ffcfaac0000 - 0x00007ffcfae66000 	C:\WINDOWS\System32\KERNELBASE.dll
0x00007ffcfaee0000 - 0x00007ffcfaff1000 	C:\WINDOWS\System32\ucrtbase.dll
0x00007ffcee580000 - 0x00007ffcee599000 	C:\Program Files\Java\jdk-21\bin\jli.dll
0x00007ffcee560000 - 0x00007ffcee57b000 	C:\Program Files\Java\jdk-21\bin\VCRUNTIME140.dll
0x00007ffcfb1b0000 - 0x00007ffcfb263000 	C:\WINDOWS\System32\ADVAPI32.dll
0x00007ffcfb610000 - 0x00007ffcfb6b7000 	C:\WINDOWS\System32\msvcrt.dll
0x00007ffcfb6c0000 - 0x00007ffcfb768000 	C:\WINDOWS\System32\sechost.dll
0x00007ffcfaa90000 - 0x00007ffcfaab8000 	C:\WINDOWS\System32\bcrypt.dll
0x00007ffcfd270000 - 0x00007ffcfd387000 	C:\WINDOWS\System32\RPCRT4.dll
0x00007ffcfc9e0000 - 0x00007ffcfcb8e000 	C:\WINDOWS\System32\USER32.dll
0x00007ffcfa710000 - 0x00007ffcfa736000 	C:\WINDOWS\System32\win32u.dll
0x00007ffcd9000000 - 0x00007ffcd9293000 	C:\WINDOWS\WinSxS\amd64_microsoft.windows.common-controls_6595b64144ccf1df_6.0.22621.2506_none_270c5ae97388e100\COMCTL32.dll
0x00007ffcfb860000 - 0x00007ffcfb889000 	C:\WINDOWS\System32\GDI32.dll
0x00007ffcfb000000 - 0x00007ffcfb118000 	C:\WINDOWS\System32\gdi32full.dll
0x00007ffcfa740000 - 0x00007ffcfa7da000 	C:\WINDOWS\System32\msvcp_win.dll
0x00007ffcee850000 - 0x00007ffcee85a000 	C:\WINDOWS\SYSTEM32\VERSION.dll
0x00007ffcfc830000 - 0x00007ffcfc861000 	C:\WINDOWS\System32\IMM32.DLL
0x00007ffcf2bf0000 - 0x00007ffcf2bfc000 	C:\Program Files\Java\jdk-21\bin\vcruntime140_1.dll
0x00007ffcd6160000 - 0x00007ffcd61ee000 	C:\Program Files\Java\jdk-21\bin\msvcp140.dll
0x00007ffc343b0000 - 0x00007ffc350c7000 	C:\Program Files\Java\jdk-21\bin\server\jvm.dll
0x00007ffcfc7b0000 - 0x00007ffcfc821000 	C:\WINDOWS\System32\WS2_32.dll
0x00007ffcf9560000 - 0x00007ffcf95ad000 	C:\WINDOWS\SYSTEM32\POWRPROF.dll
0x00007ffcee1d0000 - 0x00007ffcee204000 	C:\WINDOWS\SYSTEM32\WINMM.dll
0x00007ffcf9540000 - 0x00007ffcf9553000 	C:\WINDOWS\SYSTEM32\UMPDC.dll
0x00007ffcf9810000 - 0x00007ffcf9828000 	C:\WINDOWS\SYSTEM32\kernel.appcore.dll
0x00007ffcf2ad0000 - 0x00007ffcf2ada000 	C:\Program Files\Java\jdk-21\bin\jimage.dll
0x00007ffcf7cb0000 - 0x00007ffcf7ee3000 	C:\WINDOWS\SYSTEM32\DBGHELP.DLL
0x00007ffcfc100000 - 0x00007ffcfc489000 	C:\WINDOWS\System32\combase.dll
0x00007ffcfb770000 - 0x00007ffcfb847000 	C:\WINDOWS\System32\OLEAUT32.dll
0x00007ffcec3b0000 - 0x00007ffcec3e2000 	C:\WINDOWS\SYSTEM32\dbgcore.DLL
0x00007ffcfa8a0000 - 0x00007ffcfa91a000 	C:\WINDOWS\System32\bcryptPrimitives.dll
0x00007ffcec510000 - 0x00007ffcec52f000 	C:\Program Files\Java\jdk-21\bin\java.dll
0x00007ffcfb890000 - 0x00007ffcfc0eb000 	C:\WINDOWS\System32\SHELL32.dll
0x00007ffcf8630000 - 0x00007ffcf8f26000 	C:\WINDOWS\SYSTEM32\windows.storage.dll
0x00007ffcf84f0000 - 0x00007ffcf862e000 	C:\WINDOWS\SYSTEM32\wintypes.dll
0x00007ffcfb370000 - 0x00007ffcfb463000 	C:\WINDOWS\System32\SHCORE.dll
0x00007ffcfc720000 - 0x00007ffcfc77e000 	C:\WINDOWS\System32\shlwapi.dll
0x00007ffcfa640000 - 0x00007ffcfa666000 	C:\WINDOWS\SYSTEM32\profapi.dll
0x00007ffccf5a0000 - 0x00007ffccf677000 	C:\Program Files\Java\jdk-21\bin\jsvml.dll
0x00007ffcf2a40000 - 0x00007ffcf2a50000 	C:\Program Files\Java\jdk-21\bin\net.dll
0x00007ffcf1180000 - 0x00007ffcf12b7000 	C:\WINDOWS\SYSTEM32\WINHTTP.dll
0x00007ffcf9c80000 - 0x00007ffcf9ce9000 	C:\WINDOWS\system32\mswsock.dll
0x00007ffcddba0000 - 0x00007ffcddbb6000 	C:\Program Files\Java\jdk-21\bin\nio.dll
0x00007ffcddb00000 - 0x00007ffcddb18000 	C:\Program Files\Java\jdk-21\bin\zip.dll
0x00007ffca55e0000 - 0x00007ffca576f000 	C:\Program Files\Java\jdk-21\bin\awt.dll
0x00007ffcf4940000 - 0x00007ffcf49d7000 	C:\WINDOWS\SYSTEM32\apphelp.dll
0x00007ffcf7280000 - 0x00007ffcf72ab000 	C:\WINDOWS\system32\DWMAPI.DLL
0x00007ffcf4a80000 - 0x00007ffcf4b2b000 	C:\WINDOWS\system32\uxtheme.dll
0x00007ffca3740000 - 0x00007ffca3840000 	C:\WINDOWS\system32\opengl32.dll
0x00007ffcd81e0000 - 0x00007ffcd820d000 	C:\WINDOWS\SYSTEM32\GLU32.dll
0x00007ffcf79a0000 - 0x00007ffcf79d9000 	C:\WINDOWS\SYSTEM32\dxcore.dll
0x00007ffcfc880000 - 0x00007ffcfc9d1000 	C:\WINDOWS\System32\MSCTF.dll
0x00007ffcfb470000 - 0x00007ffcfb610000 	C:\WINDOWS\System32\ole32.dll
0x00007ffcd6540000 - 0x00007ffcd656e000 	C:\Program Files\Java\jdk-21\bin\javajpeg.dll
0x00007ffcc0870000 - 0x00007ffcc08f7000 	C:\Program Files\Java\jdk-21\bin\freetype.dll
0x00007ffca5340000 - 0x00007ffca5422000 	C:\Program Files\Java\jdk-21\bin\fontmanager.dll
0x00007ffcdb4c0000 - 0x00007ffcdb60a000 	C:\WINDOWS\SYSTEM32\textinputframework.dll
0x00007ffcf4660000 - 0x00007ffcf4794000 	C:\WINDOWS\SYSTEM32\CoreMessaging.dll
0x00007ffcf02e0000 - 0x00007ffcf064c000 	C:\WINDOWS\SYSTEM32\CoreUIComponents.dll
0x00007ffcf9ee0000 - 0x00007ffcf9eec000 	C:\WINDOWS\SYSTEM32\CRYPTBASE.DLL
0x00007ffccc910000 - 0x00007ffccc9c0000 	C:\WINDOWS\SYSTEM32\TextShaping.dll

dbghelp: loaded successfully - version: 4.0.5 - missing functions: none
symbol engine: initialized successfully - sym options: 0x614 - pdb path: .;C:\Program Files\Java\jdk-21\bin;C:\WINDOWS\SYSTEM32;C:\WINDOWS\WinSxS\amd64_microsoft.windows.common-controls_6595b64144ccf1df_6.0.22621.2506_none_270c5ae97388e100;C:\Program Files\Java\jdk-21\bin\server

VM Arguments:
jvm_args: -Dfile.encoding=UTF-8 -Dstdout.encoding=UTF-8 -Dstderr.encoding=UTF-8 -XX:+ShowCodeDetailsInExceptionMessages 
java_command: BankManagementSystem.Transactions
java_class_path (initial): C:\Users\amrit\git\JavaBankManagement\BankManagementSystem\bin;C:\Users\amrit\Downloads\jcalendar-tz-1.3.3-4.jar;C:\Users\amrit\Downloads\mysql-connector-java-8.0.28.jar
Launcher Type: SUN_STANDARD

[Global flags]
     intx CICompilerCount                          = 12                                        {product} {ergonomic}
     uint ConcGCThreads                            = 4                                         {product} {ergonomic}
     uint G1ConcRefinementThreads                  = 15                                        {product} {ergonomic}
   size_t G1HeapRegionSize                         = 2097152                                   {product} {ergonomic}
    uintx GCDrainStackTargetSize                   = 64                                        {product} {ergonomic}
   size_t InitialHeapSize                          = 264241152                                 {product} {ergonomic}
   size_t MarkStackSize                            = 4194304                                   {product} {ergonomic}
   size_t MaxHeapSize                              = 4213178368                                {product} {ergonomic}
   size_t MaxNewSize                               = 2527068160                                {product} {ergonomic}
   size_t MinHeapDeltaBytes                        = 2097152                                   {product} {ergonomic}
   size_t MinHeapSize                              = 8388608                                   {product} {ergonomic}
    uintx NonNMethodCodeHeapSize                   = 7602480                                {pd product} {ergonomic}
    uintx NonProfiledCodeHeapSize                  = 122027880                              {pd product} {ergonomic}
    uintx ProfiledCodeHeapSize                     = 122027880                              {pd product} {ergonomic}
    uintx ReservedCodeCacheSize                    = 251658240                              {pd product} {ergonomic}
     bool SegmentedCodeCache                       = true                                      {product} {ergonomic}
     bool ShowCodeDetailsInExceptionMessages       = true                                   {manageable} {command line}
   size_t SoftMaxHeapSize                          = 4213178368                             {manageable} {ergonomic}
     bool UseCompressedOops                        = true                           {product lp64_product} {ergonomic}
     bool UseG1GC                                  = true                                      {product} {ergonomic}
     bool UseLargePagesIndividualAllocation        = false                                  {pd product} {ergonomic}

Logging:
Log output configuration:
 #0: stdout all=warning uptime,level,tags foldmultilines=false
 #1: stderr all=off uptime,level,tags foldmultilines=false

Environment Variables:
JAVA_HOME=C:\Program Files\Java\jdk-21
PATH=C:\Program Files\Common Files\Oracle\Java\javapath;C:\windows\system32;C:\windows;C:\windows\System32\Wbem;C:\windows\System32\WindowsPowerShell\v1.0\;C:\windows\System32\OpenSSH\;C:\Program Files (x86)\NVIDIA Corporation\PhysX\Common;C:\Program Files\NVIDIA Corporation\NVIDIA NvDLISR;C:\WINDOWS\system32;C:\WINDOWS;C:\WINDOWS\System32\Wbem;C:\WINDOWS\System32\WindowsPowerShell\v1.0\;C:\WINDOWS\System32\OpenSSH\;C:\Program Files\MySQL\MySQL Shell 8.0\bin\;C:\Users\amrit\AppData\Local\Microsoft\WindowsApps;
USERNAME=amrit
OS=Windows_NT
PROCESSOR_IDENTIFIER=Intel64 Family 6 Model 151 Stepping 2, GenuineIntel
TMP=C:\Users\amrit\AppData\Local\Temp
TEMP=C:\Users\amrit\AppData\Local\Temp




Periodic native trim disabled

---------------  S Y S T E M  ---------------

OS:
 Windows 11 , 64 bit Build 22621 (10.0.22621.3085)
OS uptime: 15 days 21:20 hours
Hyper-V role detected

CPU: total 20 (initial active 20) (10 cores per cpu, 2 threads per core) family 6 model 151 stepping 2 microcode 0x2e, cx8, cmov, fxsr, ht, mmx, 3dnowpref, sse, sse2, sse3, ssse3, sse4.1, sse4.2, popcnt, lzcnt, tsc, tscinvbit, avx, avx2, aes, erms, clmul, bmi1, bmi2, adx, sha, fma, vzeroupper, clflush, clflushopt, clwb, hv, serialize, rdtscp, rdpid, fsrm, f16c, cet_ibt, cet_ss
Processor Information for processor 0
  Max Mhz: 2100, Current Mhz: 2100, Mhz Limit: 2100
Processor Information for processor 1
  Max Mhz: 2100, Current Mhz: 2100, Mhz Limit: 2100
Processor Information for processor 2
  Max Mhz: 2100, Current Mhz: 2100, Mhz Limit: 2100
Processor Information for processor 3
  Max Mhz: 2100, Current Mhz: 2100, Mhz Limit: 2100
Processor Information for processor 4
  Max Mhz: 2100, Current Mhz: 2100, Mhz Limit: 2100
Processor Information for processor 5
  Max Mhz: 2100, Current Mhz: 2100, Mhz Limit: 2100
Processor Information for processor 6
  Max Mhz: 2100, Current Mhz: 2100, Mhz Limit: 2100
Processor Information for processor 7
  Max Mhz: 2100, Current Mhz: 2100, Mhz Limit: 2100
Processor Information for processor 8
  Max Mhz: 2100, Current Mhz: 2100, Mhz Limit: 2100
Processor Information for processor 9
  Max Mhz: 2100, Current Mhz: 2100, Mhz Limit: 2100
Processor Information for processor 10
  Max Mhz: 2100, Current Mhz: 2100, Mhz Limit: 2100
Processor Information for processor 11
  Max Mhz: 2100, Current Mhz: 2100, Mhz Limit: 2100
Processor Information for processor 12
  Max Mhz: 2100, Current Mhz: 2100, Mhz Limit: 2100
Processor Information for processor 13
  Max Mhz: 2100, Current Mhz: 2100, Mhz Limit: 2100
Processor Information for processor 14
  Max Mhz: 2100, Current Mhz: 2100, Mhz Limit: 2100
Processor Information for processor 15
  Max Mhz: 2100, Current Mhz: 2100, Mhz Limit: 2100
Processor Information for processor 16
  Max Mhz: 2100, Current Mhz: 1600, Mhz Limit: 1596
Processor Information for processor 17
  Max Mhz: 2100, Current Mhz: 1600, Mhz Limit: 1596
Processor Information for processor 18
  Max Mhz: 2100, Current Mhz: 1600, Mhz Limit: 1596
Processor Information for processor 19
  Max Mhz: 2100, Current Mhz: 1600, Mhz Limit: 1596

Memory: 4k page, system-wide physical 16065M (5259M free)
TotalPageFile size 65217M (AvailPageFile size 0M)
current process WorkingSet (physical memory assigned to process): 30M, peak: 110M
current process commit charge ("private bytes"): 370M, peak: 380M

vm_info: Java HotSpot(TM) 64-Bit Server VM (21.0.2+13-LTS-58) for windows-amd64 JRE (21.0.2+13-LTS-58), built on 2024-01-05T18:32:24Z by "mach5one" with MS VC++ 17.1 (VS2022)

END.
