#
# There is insufficient memory for the Java Runtime Environment to continue.
# Native memory allocation (malloc) failed to allocate 32744 bytes for Chunk::new
# Possible reasons:
#   The system is out of physical RAM or swap space
#   The process is running with CompressedOops enabled, and the Java Heap may be blocking the growth of the native heap
# Possible solutions:
#   Reduce memory load on the system
#   Increase physical memory or swap space
#   Check if swap backing store is full
#   Decrease Java heap size (-Xmx/-Xms)
#   Decrease number of Java threads
#   Decrease Java thread stack sizes (-Xss)
#   Set larger code cache with -XX:ReservedCodeCacheSize=
#   JVM is running with Zero Based Compressed Oops mode in which the Java heap is
#     placed in the first 32GB address space. The Java Heap base address is the
#     maximum limit for the native heap growth. Please use -XX:HeapBaseMinAddress
#     to set the Java Heap base and to place the Java Heap above 32GB virtual address.
# This output file may be truncated or incomplete.
#
#  Out of Memory Error (arena.cpp:168), pid=23796, tid=27940
#
# JRE version: Java(TM) SE Runtime Environment (21.0.2+13) (build 21.0.2+13-LTS-58)
# Java VM: Java HotSpot(TM) 64-Bit Server VM (21.0.2+13-LTS-58, mixed mode, sharing, tiered, compressed oops, compressed class ptrs, g1 gc, windows-amd64)
# No core dump will be written. Minidumps are not enabled by default on client versions of Windows
#

---------------  S U M M A R Y ------------

Command Line: -Dfile.encoding=UTF-8 -Dstdout.encoding=UTF-8 -Dstderr.encoding=UTF-8 -XX:+ShowCodeDetailsInExceptionMessages BankManagementSystem.Transactions

Host: 12th Gen Intel(R) Core(TM) i7-12700, 20 cores, 15G,  Windows 11 , 64 bit Build 22621 (10.0.22621.3085)
Time: Thu Mar 14 17:26:06 2024 Central Daylight Time elapsed time: 177700.372484 seconds (2d 1h 21m 40s)

---------------  T H R E A D  ---------------

Current thread (0x00000187f907d690):  JavaThread "C2 CompilerThread0" daemon [_thread_in_native, id=27940, stack(0x0000006d8e000000,0x0000006d8e100000) (1024K)]


Current CompileTask:
C2:177700372 1783  s    4       sun.java2d.loops.GraphicsPrimitiveMgr::locatePrim (95 bytes)

Stack: [0x0000006d8e000000,0x0000006d8e100000]
Native frames: (J=compiled Java code, j=interpreted, Vv=VM code, C=native code)
V  [jvm.dll+0x6cade9]
V  [jvm.dll+0x8569c1]
V  [jvm.dll+0x858d2e]
V  [jvm.dll+0x859413]
V  [jvm.dll+0x280e56]
V  [jvm.dll+0xc3f3d]
V  [jvm.dll+0xc4473]
V  [jvm.dll+0x2e85b6]
V  [jvm.dll+0x2e83ab]
V  [jvm.dll+0x812a60]
V  [jvm.dll+0x6f2511]
V  [jvm.dll+0x6e7f06]
V  [jvm.dll+0x6e7cd6]
V  [jvm.dll+0x6e316b]
V  [jvm.dll+0x6dd596]
V  [jvm.dll+0x6dca2e]
V  [jvm.dll+0x6dac4c]
V  [jvm.dll+0x1cc90c]
V  [jvm.dll+0x1cd48a]
V  [jvm.dll+0x2f358f]
V  [jvm.dll+0x6e52e4]
V  [jvm.dll+0x6dd596]
V  [jvm.dll+0x6dca2e]
V  [jvm.dll+0x6dac4c]
V  [jvm.dll+0x1cc90c]
V  [jvm.dll+0x2f358f]
V  [jvm.dll+0x6e52e4]
V  [jvm.dll+0x6dd596]
V  [jvm.dll+0x6dca2e]
V  [jvm.dll+0x6dac4c]
V  [jvm.dll+0x1cc90c]
V  [jvm.dll+0x248d3d]
V  [jvm.dll+0x1c9634]
V  [jvm.dll+0x258859]
V  [jvm.dll+0x256e3a]
V  [jvm.dll+0x3ef6c6]
V  [jvm.dll+0x7ff568]
V  [jvm.dll+0x6c953d]
C  [ucrtbase.dll+0x29363]
C  [KERNEL32.DLL+0x1257d]
C  [ntdll.dll+0x5aa58]


---------------  P R O C E S S  ---------------

Threads class SMR info:
_java_thread_list=0x00000187fe2d7110, length=15, elements={
0x00000187f90676c0, 0x00000187f90685e0, 0x00000187f906b720, 0x00000187f906e640,
0x00000187f9077260, 0x00000187f9077fa0, 0x00000187f907d690, 0x00000187f907f2f0,
0x00000187f93231e0, 0x00000187f93298a0, 0x00000187f952d200, 0x00000187f9533b90,
0x00000187f9539b10, 0x00000187fe18ee50, 0x00000187d8ff9410
}

Java Threads: ( => current thread )
  0x00000187f90676c0 JavaThread "Reference Handler"          daemon [_thread_blocked, id=8088, stack(0x0000006d8da00000,0x0000006d8db00000) (1024K)]
  0x00000187f90685e0 JavaThread "Finalizer"                  daemon [_thread_blocked, id=21700, stack(0x0000006d8db00000,0x0000006d8dc00000) (1024K)]
  0x00000187f906b720 JavaThread "Signal Dispatcher"          daemon [_thread_blocked, id=25060, stack(0x0000006d8dc00000,0x0000006d8dd00000) (1024K)]
  0x00000187f906e640 JavaThread "Attach Listener"            daemon [_thread_blocked, id=3892, stack(0x0000006d8dd00000,0x0000006d8de00000) (1024K)]
  0x00000187f9077260 JavaThread "Service Thread"             daemon [_thread_blocked, id=16468, stack(0x0000006d8de00000,0x0000006d8df00000) (1024K)]
  0x00000187f9077fa0 JavaThread "Monitor Deflation Thread"   daemon [_thread_blocked, id=5592, stack(0x0000006d8df00000,0x0000006d8e000000) (1024K)]
=>0x00000187f907d690 JavaThread "C2 CompilerThread0"         daemon [_thread_in_native, id=27940, stack(0x0000006d8e000000,0x0000006d8e100000) (1024K)]
  0x00000187f907f2f0 JavaThread "C1 CompilerThread0"         daemon [_thread_blocked, id=14180, stack(0x0000006d8e100000,0x0000006d8e200000) (1024K)]
  0x00000187f93231e0 JavaThread "Notification Thread"        daemon [_thread_blocked, id=5028, stack(0x0000006d8e400000,0x0000006d8e500000) (1024K)]
  0x00000187f93298a0 JavaThread "Common-Cleaner"             daemon [_thread_blocked, id=4232, stack(0x0000006d8e500000,0x0000006d8e600000) (1024K)]
  0x00000187f952d200 JavaThread "Java2D Disposer"            daemon [_thread_blocked, id=25616, stack(0x0000006d8e600000,0x0000006d8e700000) (1024K)]
  0x00000187f9533b90 JavaThread "AWT-Shutdown"                      [_thread_blocked, id=12592, stack(0x0000006d8e700000,0x0000006d8e800000) (1024K)]
  0x00000187f9539b10 JavaThread "AWT-Windows"                daemon [_thread_in_native, id=7660, stack(0x0000006d8e800000,0x0000006d8e900000) (1024K)]
  0x00000187fe18ee50 JavaThread "AWT-EventQueue-0"                  [_thread_blocked, id=20484, stack(0x0000006d8ec00000,0x0000006d8ed00000) (1024K)]
  0x00000187d8ff9410 JavaThread "DestroyJavaVM"                     [_thread_blocked, id=11880, stack(0x0000006d8d200000,0x0000006d8d300000) (1024K)]
Total: 15

Other Threads:
  0x00000187f9046920 VMThread "VM Thread"                           [id=13244, stack(0x0000006d8d900000,0x0000006d8da00000) (1024K)]
  0x00000187f90300c0 WatcherThread "VM Periodic Task Thread"        [id=5380, stack(0x0000006d8d800000,0x0000006d8d900000) (1024K)]
  0x00000187d905ecd0 WorkerThread "GC Thread#0"                     [id=5920, stack(0x0000006d8d300000,0x0000006d8d400000) (1024K)]
  0x00000187fe2ab750 WorkerThread "GC Thread#1"                     [id=24488, stack(0x0000006d8ed00000,0x0000006d8ee00000) (1024K)]
  0x00000187fe2abaf0 WorkerThread "GC Thread#2"                     [id=10636, stack(0x0000006d8ee00000,0x0000006d8ef00000) (1024K)]
  0x00000187fe2abe90 WorkerThread "GC Thread#3"                     [id=16548, stack(0x0000006d8ef00000,0x0000006d8f000000) (1024K)]
  0x00000187fe2ac340 WorkerThread "GC Thread#4"                     [id=11640, stack(0x0000006d8f000000,0x0000006d8f100000) (1024K)]
  0x00000187fe2af1a0 WorkerThread "GC Thread#5"                     [id=16760, stack(0x0000006d8f100000,0x0000006d8f200000) (1024K)]
  0x00000187fe2e82a0 WorkerThread "GC Thread#6"                     [id=24980, stack(0x0000006d8f200000,0x0000006d8f300000) (1024K)]
  0x00000187fe2e8640 WorkerThread "GC Thread#7"                     [id=13348, stack(0x0000006d8f300000,0x0000006d8f400000) (1024K)]
  0x00000187fe2e91f0 WorkerThread "GC Thread#8"                     [id=22328, stack(0x0000006d8f400000,0x0000006d8f500000) (1024K)]
  0x00000187fe2ec0a0 WorkerThread "GC Thread#9"                     [id=12372, stack(0x0000006d8f500000,0x0000006d8f600000) (1024K)]
  0x00000187d9070110 ConcurrentGCThread "G1 Main Marker"            [id=1684, stack(0x0000006d8d400000,0x0000006d8d500000) (1024K)]
  0x00000187d9070c10 WorkerThread "G1 Conc#0"                       [id=19992, stack(0x0000006d8d500000,0x0000006d8d600000) (1024K)]
  0x00000187f8f04650 ConcurrentGCThread "G1 Refine#0"               [id=4368, stack(0x0000006d8d600000,0x0000006d8d700000) (1024K)]
  0x00000187f8f061d0 ConcurrentGCThread "G1 Service"                [id=29292, stack(0x0000006d8d700000,0x0000006d8d800000) (1024K)]
Total: 16

Threads with active compile tasks:
C2 CompilerThread0  177700417 1783  s    4       sun.java2d.loops.GraphicsPrimitiveMgr::locatePrim (95 bytes)
Total: 1

VM state: not at safepoint (normal execution)

VM Mutex/Monitor currently owned by a thread: None

Heap address: 0x0000000704e00000, size: 4018 MB, Compressed Oops mode: Zero based, Oop shift amount: 3

CDS archive(s) mapped at: [0x0000018780000000-0x0000018780c90000-0x0000018780c90000), size 13172736, SharedBaseAddress: 0x0000018780000000, ArchiveRelocationMode: 1.
Compressed class space mapped at: 0x0000018781000000-0x00000187c1000000, reserved size: 1073741824
Narrow klass base: 0x0000018780000000, Narrow klass shift: 0, Narrow klass range: 0x100000000

GC Precious Log:
 CardTable entry size: 512
 Card Set container configuration: InlinePtr #cards 4 size 8 Array Of Cards #cards 16 size 48 Howl #buckets 8 coarsen threshold 3686 Howl Bitmap #cards 512 size 80 coarsen threshold 460 Card regions per heap region 1 cards per card region 4096
 CPUs: 20 total, 20 available
 Memory: 16065M
 Large Page Support: Disabled
 NUMA Support: Disabled
 Compressed Oops: Enabled (Zero based)
 Heap Region Size: 2M
 Heap Min Capacity: 8M
 Heap Initial Capacity: 252M
 Heap Max Capacity: 4018M
 Pre-touch: Disabled
 Parallel Workers: 15
 Concurrent Workers: 4
 Concurrent Refinement Workers: 15
 Periodic GC: Disabled

Heap:
 garbage-first heap   total 258048K, used 75408K [0x0000000704e00000, 0x0000000800000000)
  region size 2048K, 6 young (12288K), 2 survivors (4096K)
 Metaspace       used 7927K, committed 8128K, reserved 1114112K
  class space    used 776K, committed 896K, reserved 1048576K

Heap Regions: E=young(eden), S=young(survivor), O=old, HS=humongous(starts), HC=humongous(continues), CS=collection set, F=free, TAMS=top-at-mark-start, PB=parsable bottom
|   0|0x0000000704e00000, 0x0000000705000000, 0x0000000705000000|100%|HS|  |TAMS 0x0000000704e00000| PB 0x0000000704e00000| Complete 
|   1|0x0000000705000000, 0x0000000705200000, 0x0000000705200000|100%|HC|  |TAMS 0x0000000705000000| PB 0x0000000705000000| Complete 
|   2|0x0000000705200000, 0x0000000705400000, 0x0000000705400000|100%|HS|  |TAMS 0x0000000705200000| PB 0x0000000705200000| Complete 
|   3|0x0000000705400000, 0x0000000705600000, 0x0000000705600000|100%|HC|  |TAMS 0x0000000705400000| PB 0x0000000705400000| Complete 
|   4|0x0000000705600000, 0x0000000705800000, 0x0000000705800000|100%|HS|  |TAMS 0x0000000705600000| PB 0x0000000705600000| Complete 
|   5|0x0000000705800000, 0x0000000705a00000, 0x0000000705a00000|100%|HC|  |TAMS 0x0000000705800000| PB 0x0000000705800000| Complete 
|   6|0x0000000705a00000, 0x0000000705c00000, 0x0000000705c00000|100%|HC|  |TAMS 0x0000000705a00000| PB 0x0000000705a00000| Complete 
|   7|0x0000000705c00000, 0x0000000705e00000, 0x0000000705e00000|100%|HC|  |TAMS 0x0000000705c00000| PB 0x0000000705c00000| Complete 
|   8|0x0000000705e00000, 0x0000000706000000, 0x0000000706000000|100%|HS|  |TAMS 0x0000000705e00000| PB 0x0000000705e00000| Complete 
|   9|0x0000000706000000, 0x0000000706200000, 0x0000000706200000|100%|HC|  |TAMS 0x0000000706000000| PB 0x0000000706000000| Complete 
|  10|0x0000000706200000, 0x0000000706400000, 0x0000000706400000|100%|HS|  |TAMS 0x0000000706200000| PB 0x0000000706200000| Complete 
|  11|0x0000000706400000, 0x0000000706600000, 0x0000000706600000|100%|HC|  |TAMS 0x0000000706400000| PB 0x0000000706400000| Complete 
|  12|0x0000000706600000, 0x0000000706800000, 0x0000000706800000|100%|HC|  |TAMS 0x0000000706600000| PB 0x0000000706600000| Complete 
|  13|0x0000000706800000, 0x0000000706a00000, 0x0000000706a00000|100%|HC|  |TAMS 0x0000000706800000| PB 0x0000000706800000| Complete 
|  14|0x0000000706a00000, 0x0000000706c00000, 0x0000000706c00000|100%|HS|  |TAMS 0x0000000706a00000| PB 0x0000000706a00000| Complete 
|  15|0x0000000706c00000, 0x0000000706e00000, 0x0000000706e00000|100%|HC|  |TAMS 0x0000000706c00000| PB 0x0000000706c00000| Complete 
|  16|0x0000000706e00000, 0x0000000707000000, 0x0000000707000000|100%|HS|  |TAMS 0x0000000706e00000| PB 0x0000000706e00000| Complete 
|  17|0x0000000707000000, 0x0000000707200000, 0x0000000707200000|100%|HC|  |TAMS 0x0000000707000000| PB 0x0000000707000000| Complete 
|  18|0x0000000707200000, 0x0000000707400000, 0x0000000707400000|100%|HC|  |TAMS 0x0000000707200000| PB 0x0000000707200000| Complete 
|  19|0x0000000707400000, 0x0000000707600000, 0x0000000707600000|100%|HC|  |TAMS 0x0000000707400000| PB 0x0000000707400000| Complete 
|  20|0x0000000707600000, 0x0000000707800000, 0x0000000707800000|100%|HS|  |TAMS 0x0000000707600000| PB 0x0000000707600000| Complete 
|  21|0x0000000707800000, 0x0000000707a00000, 0x0000000707a00000|100%|HC|  |TAMS 0x0000000707800000| PB 0x0000000707800000| Complete 
|  22|0x0000000707a00000, 0x0000000707c00000, 0x0000000707c00000|100%|HS|  |TAMS 0x0000000707a00000| PB 0x0000000707a00000| Complete 
|  23|0x0000000707c00000, 0x0000000707e00000, 0x0000000707e00000|100%|HC|  |TAMS 0x0000000707c00000| PB 0x0000000707c00000| Complete 
|  24|0x0000000707e00000, 0x0000000708000000, 0x0000000708000000|100%|HC|  |TAMS 0x0000000707e00000| PB 0x0000000707e00000| Complete 
|  25|0x0000000708000000, 0x0000000708200000, 0x0000000708200000|100%|HC|  |TAMS 0x0000000708000000| PB 0x0000000708000000| Complete 
|  26|0x0000000708200000, 0x0000000708400000, 0x0000000708400000|100%|HS|  |TAMS 0x0000000708200000| PB 0x0000000708200000| Complete 
|  27|0x0000000708400000, 0x0000000708600000, 0x0000000708600000|100%|HC|  |TAMS 0x0000000708400000| PB 0x0000000708400000| Complete 
|  28|0x0000000708600000, 0x0000000708800000, 0x0000000708800000|100%|HS|  |TAMS 0x0000000708600000| PB 0x0000000708600000| Complete 
|  29|0x0000000708800000, 0x0000000708a00000, 0x0000000708a00000|100%|HC|  |TAMS 0x0000000708800000| PB 0x0000000708800000| Complete 
|  30|0x0000000708a00000, 0x0000000708c00000, 0x0000000708c00000|100%|HC|  |TAMS 0x0000000708a00000| PB 0x0000000708a00000| Complete 
|  31|0x0000000708c00000, 0x0000000708e00000, 0x0000000708e00000|100%|HC|  |TAMS 0x0000000708c00000| PB 0x0000000708c00000| Complete 
|  32|0x0000000708e00000, 0x0000000708e00000, 0x0000000709000000|  0%| F|  |TAMS 0x0000000708e00000| PB 0x0000000708e00000| Untracked 
|  33|0x0000000709000000, 0x0000000709000000, 0x0000000709200000|  0%| F|  |TAMS 0x0000000709000000| PB 0x0000000709000000| Untracked 
|  34|0x0000000709200000, 0x0000000709200000, 0x0000000709400000|  0%| F|  |TAMS 0x0000000709200000| PB 0x0000000709200000| Untracked 
|  35|0x0000000709400000, 0x0000000709400000, 0x0000000709600000|  0%| F|  |TAMS 0x0000000709400000| PB 0x0000000709400000| Untracked 
|  36|0x0000000709600000, 0x0000000709600000, 0x0000000709800000|  0%| F|  |TAMS 0x0000000709600000| PB 0x0000000709600000| Untracked 
|  37|0x0000000709800000, 0x0000000709800000, 0x0000000709a00000|  0%| F|  |TAMS 0x0000000709800000| PB 0x0000000709800000| Untracked 
|  38|0x0000000709a00000, 0x0000000709a00000, 0x0000000709c00000|  0%| F|  |TAMS 0x0000000709a00000| PB 0x0000000709a00000| Untracked 
|  39|0x0000000709c00000, 0x0000000709c00000, 0x0000000709e00000|  0%| F|  |TAMS 0x0000000709c00000| PB 0x0000000709c00000| Untracked 
|  40|0x0000000709e00000, 0x0000000709e00000, 0x000000070a000000|  0%| F|  |TAMS 0x0000000709e00000| PB 0x0000000709e00000| Untracked 
|  41|0x000000070a000000, 0x000000070a000000, 0x000000070a200000|  0%| F|  |TAMS 0x000000070a000000| PB 0x000000070a000000| Untracked 
|  42|0x000000070a200000, 0x000000070a200000, 0x000000070a400000|  0%| F|  |TAMS 0x000000070a200000| PB 0x000000070a200000| Untracked 
|  43|0x000000070a400000, 0x000000070a400000, 0x000000070a600000|  0%| F|  |TAMS 0x000000070a400000| PB 0x000000070a400000| Untracked 
|  44|0x000000070a600000, 0x000000070a600000, 0x000000070a800000|  0%| F|  |TAMS 0x000000070a600000| PB 0x000000070a600000| Untracked 
|  45|0x000000070a800000, 0x000000070a800000, 0x000000070aa00000|  0%| F|  |TAMS 0x000000070a800000| PB 0x000000070a800000| Untracked 
|  46|0x000000070aa00000, 0x000000070aa00000, 0x000000070ac00000|  0%| F|  |TAMS 0x000000070aa00000| PB 0x000000070aa00000| Untracked 
|  47|0x000000070ac00000, 0x000000070ac00000, 0x000000070ae00000|  0%| F|  |TAMS 0x000000070ac00000| PB 0x000000070ac00000| Untracked 
|  48|0x000000070ae00000, 0x000000070ae00000, 0x000000070b000000|  0%| F|  |TAMS 0x000000070ae00000| PB 0x000000070ae00000| Untracked 
|  49|0x000000070b000000, 0x000000070b000000, 0x000000070b200000|  0%| F|  |TAMS 0x000000070b000000| PB 0x000000070b000000| Untracked 
|  50|0x000000070b200000, 0x000000070b200000, 0x000000070b400000|  0%| F|  |TAMS 0x000000070b200000| PB 0x000000070b200000| Untracked 
|  51|0x000000070b400000, 0x000000070b400000, 0x000000070b600000|  0%| F|  |TAMS 0x000000070b400000| PB 0x000000070b400000| Untracked 
|  52|0x000000070b600000, 0x000000070b600000, 0x000000070b800000|  0%| F|  |TAMS 0x000000070b600000| PB 0x000000070b600000| Untracked 
|  53|0x000000070b800000, 0x000000070b800000, 0x000000070ba00000|  0%| F|  |TAMS 0x000000070b800000| PB 0x000000070b800000| Untracked 
|  54|0x000000070ba00000, 0x000000070ba00000, 0x000000070bc00000|  0%| F|  |TAMS 0x000000070ba00000| PB 0x000000070ba00000| Untracked 
|  55|0x000000070bc00000, 0x000000070bc00000, 0x000000070be00000|  0%| F|  |TAMS 0x000000070bc00000| PB 0x000000070bc00000| Untracked 
|  56|0x000000070be00000, 0x000000070be00000, 0x000000070c000000|  0%| F|  |TAMS 0x000000070be00000| PB 0x000000070be00000| Untracked 
|  57|0x000000070c000000, 0x000000070c000000, 0x000000070c200000|  0%| F|  |TAMS 0x000000070c000000| PB 0x000000070c000000| Untracked 
|  58|0x000000070c200000, 0x000000070c200000, 0x000000070c400000|  0%| F|  |TAMS 0x000000070c200000| PB 0x000000070c200000| Untracked 
|  59|0x000000070c400000, 0x000000070c400000, 0x000000070c600000|  0%| F|  |TAMS 0x000000070c400000| PB 0x000000070c400000| Untracked 
|  60|0x000000070c600000, 0x000000070c600000, 0x000000070c800000|  0%| F|  |TAMS 0x000000070c600000| PB 0x000000070c600000| Untracked 
|  61|0x000000070c800000, 0x000000070c800000, 0x000000070ca00000|  0%| F|  |TAMS 0x000000070c800000| PB 0x000000070c800000| Untracked 
|  62|0x000000070ca00000, 0x000000070ca00000, 0x000000070cc00000|  0%| F|  |TAMS 0x000000070ca00000| PB 0x000000070ca00000| Untracked 
|  63|0x000000070cc00000, 0x000000070cc00000, 0x000000070ce00000|  0%| F|  |TAMS 0x000000070cc00000| PB 0x000000070cc00000| Untracked 
|  64|0x000000070ce00000, 0x000000070ce00000, 0x000000070d000000|  0%| F|  |TAMS 0x000000070ce00000| PB 0x000000070ce00000| Untracked 
|  65|0x000000070d000000, 0x000000070d000000, 0x000000070d200000|  0%| F|  |TAMS 0x000000070d000000| PB 0x000000070d000000| Untracked 
|  66|0x000000070d200000, 0x000000070d200000, 0x000000070d400000|  0%| F|  |TAMS 0x000000070d200000| PB 0x000000070d200000| Untracked 
|  67|0x000000070d400000, 0x000000070d400000, 0x000000070d600000|  0%| F|  |TAMS 0x000000070d400000| PB 0x000000070d400000| Untracked 
|  68|0x000000070d600000, 0x000000070d600000, 0x000000070d800000|  0%| F|  |TAMS 0x000000070d600000| PB 0x000000070d600000| Untracked 
|  69|0x000000070d800000, 0x000000070d800000, 0x000000070da00000|  0%| F|  |TAMS 0x000000070d800000| PB 0x000000070d800000| Untracked 
|  70|0x000000070da00000, 0x000000070da00000, 0x000000070dc00000|  0%| F|  |TAMS 0x000000070da00000| PB 0x000000070da00000| Untracked 
|  71|0x000000070dc00000, 0x000000070dc00000, 0x000000070de00000|  0%| F|  |TAMS 0x000000070dc00000| PB 0x000000070dc00000| Untracked 
|  72|0x000000070de00000, 0x000000070de00000, 0x000000070e000000|  0%| F|  |TAMS 0x000000070de00000| PB 0x000000070de00000| Untracked 
|  73|0x000000070e000000, 0x000000070e000000, 0x000000070e200000|  0%| F|  |TAMS 0x000000070e000000| PB 0x000000070e000000| Untracked 
|  74|0x000000070e200000, 0x000000070e200000, 0x000000070e400000|  0%| F|  |TAMS 0x000000070e200000| PB 0x000000070e200000| Untracked 
|  75|0x000000070e400000, 0x000000070e400000, 0x000000070e600000|  0%| F|  |TAMS 0x000000070e400000| PB 0x000000070e400000| Untracked 
|  76|0x000000070e600000, 0x000000070e600000, 0x000000070e800000|  0%| F|  |TAMS 0x000000070e600000| PB 0x000000070e600000| Untracked 
|  77|0x000000070e800000, 0x000000070e800000, 0x000000070ea00000|  0%| F|  |TAMS 0x000000070e800000| PB 0x000000070e800000| Untracked 
|  78|0x000000070ea00000, 0x000000070ea00000, 0x000000070ec00000|  0%| F|  |TAMS 0x000000070ea00000| PB 0x000000070ea00000| Untracked 
|  79|0x000000070ec00000, 0x000000070ec00000, 0x000000070ee00000|  0%| F|  |TAMS 0x000000070ec00000| PB 0x000000070ec00000| Untracked 
|  80|0x000000070ee00000, 0x000000070ee00000, 0x000000070f000000|  0%| F|  |TAMS 0x000000070ee00000| PB 0x000000070ee00000| Untracked 
|  81|0x000000070f000000, 0x000000070f000000, 0x000000070f200000|  0%| F|  |TAMS 0x000000070f000000| PB 0x000000070f000000| Untracked 
|  82|0x000000070f200000, 0x000000070f200000, 0x000000070f400000|  0%| F|  |TAMS 0x000000070f200000| PB 0x000000070f200000| Untracked 
|  83|0x000000070f400000, 0x000000070f400000, 0x000000070f600000|  0%| F|  |TAMS 0x000000070f400000| PB 0x000000070f400000| Untracked 
|  84|0x000000070f600000, 0x000000070f600000, 0x000000070f800000|  0%| F|  |TAMS 0x000000070f600000| PB 0x000000070f600000| Untracked 
|  85|0x000000070f800000, 0x000000070f800000, 0x000000070fa00000|  0%| F|  |TAMS 0x000000070f800000| PB 0x000000070f800000| Untracked 
|  86|0x000000070fa00000, 0x000000070fa00000, 0x000000070fc00000|  0%| F|  |TAMS 0x000000070fa00000| PB 0x000000070fa00000| Untracked 
|  87|0x000000070fc00000, 0x000000070fc00000, 0x000000070fe00000|  0%| F|  |TAMS 0x000000070fc00000| PB 0x000000070fc00000| Untracked 
|  88|0x000000070fe00000, 0x000000070fe00000, 0x0000000710000000|  0%| F|  |TAMS 0x000000070fe00000| PB 0x000000070fe00000| Untracked 
|  89|0x0000000710000000, 0x0000000710000000, 0x0000000710200000|  0%| F|  |TAMS 0x0000000710000000| PB 0x0000000710000000| Untracked 
|  90|0x0000000710200000, 0x0000000710200000, 0x0000000710400000|  0%| F|  |TAMS 0x0000000710200000| PB 0x0000000710200000| Untracked 
|  91|0x0000000710400000, 0x0000000710400000, 0x0000000710600000|  0%| F|  |TAMS 0x0000000710400000| PB 0x0000000710400000| Untracked 
|  92|0x0000000710600000, 0x0000000710600000, 0x0000000710800000|  0%| F|  |TAMS 0x0000000710600000| PB 0x0000000710600000| Untracked 
|  93|0x0000000710800000, 0x0000000710800000, 0x0000000710a00000|  0%| F|  |TAMS 0x0000000710800000| PB 0x0000000710800000| Untracked 
|  94|0x0000000710a00000, 0x0000000710a00000, 0x0000000710c00000|  0%| F|  |TAMS 0x0000000710a00000| PB 0x0000000710a00000| Untracked 
|  95|0x0000000710c00000, 0x0000000710c00000, 0x0000000710e00000|  0%| F|  |TAMS 0x0000000710c00000| PB 0x0000000710c00000| Untracked 
|  96|0x0000000710e00000, 0x0000000710e00000, 0x0000000711000000|  0%| F|  |TAMS 0x0000000710e00000| PB 0x0000000710e00000| Untracked 
|  97|0x0000000711000000, 0x0000000711000000, 0x0000000711200000|  0%| F|  |TAMS 0x0000000711000000| PB 0x0000000711000000| Untracked 
|  98|0x0000000711200000, 0x0000000711200000, 0x0000000711400000|  0%| F|  |TAMS 0x0000000711200000| PB 0x0000000711200000| Untracked 
|  99|0x0000000711400000, 0x0000000711400000, 0x0000000711600000|  0%| F|  |TAMS 0x0000000711400000| PB 0x0000000711400000| Untracked 
| 100|0x0000000711600000, 0x0000000711600000, 0x0000000711800000|  0%| F|  |TAMS 0x0000000711600000| PB 0x0000000711600000| Untracked 
| 101|0x0000000711800000, 0x0000000711800000, 0x0000000711a00000|  0%| F|  |TAMS 0x0000000711800000| PB 0x0000000711800000| Untracked 
| 102|0x0000000711a00000, 0x0000000711a00000, 0x0000000711c00000|  0%| F|  |TAMS 0x0000000711a00000| PB 0x0000000711a00000| Untracked 
| 103|0x0000000711c00000, 0x0000000711c00000, 0x0000000711e00000|  0%| F|  |TAMS 0x0000000711c00000| PB 0x0000000711c00000| Untracked 
| 104|0x0000000711e00000, 0x0000000711e00000, 0x0000000712000000|  0%| F|  |TAMS 0x0000000711e00000| PB 0x0000000711e00000| Untracked 
| 105|0x0000000712000000, 0x0000000712000000, 0x0000000712200000|  0%| F|  |TAMS 0x0000000712000000| PB 0x0000000712000000| Untracked 
| 106|0x0000000712200000, 0x0000000712200000, 0x0000000712400000|  0%| F|  |TAMS 0x0000000712200000| PB 0x0000000712200000| Untracked 
| 107|0x0000000712400000, 0x0000000712400000, 0x0000000712600000|  0%| F|  |TAMS 0x0000000712400000| PB 0x0000000712400000| Untracked 
| 108|0x0000000712600000, 0x0000000712600000, 0x0000000712800000|  0%| F|  |TAMS 0x0000000712600000| PB 0x0000000712600000| Untracked 
| 109|0x0000000712800000, 0x0000000712800000, 0x0000000712a00000|  0%| F|  |TAMS 0x0000000712800000| PB 0x0000000712800000| Untracked 
| 110|0x0000000712a00000, 0x0000000712a00000, 0x0000000712c00000|  0%| F|  |TAMS 0x0000000712a00000| PB 0x0000000712a00000| Untracked 
| 111|0x0000000712c00000, 0x0000000712c00000, 0x0000000712e00000|  0%| F|  |TAMS 0x0000000712c00000| PB 0x0000000712c00000| Untracked 
| 112|0x0000000712e00000, 0x0000000712e00000, 0x0000000713000000|  0%| F|  |TAMS 0x0000000712e00000| PB 0x0000000712e00000| Untracked 
| 113|0x0000000713000000, 0x00000007131a4000, 0x0000000713200000| 82%| S|CS|TAMS 0x0000000713000000| PB 0x0000000713000000| Complete 
| 114|0x0000000713200000, 0x0000000713400000, 0x0000000713400000|100%| S|CS|TAMS 0x0000000713200000| PB 0x0000000713200000| Complete 
| 115|0x0000000713400000, 0x0000000713400000, 0x0000000713600000|  0%| F|  |TAMS 0x0000000713400000| PB 0x0000000713400000| Untracked 
| 116|0x0000000713600000, 0x0000000713600000, 0x0000000713800000|  0%| F|  |TAMS 0x0000000713600000| PB 0x0000000713600000| Untracked 
| 117|0x0000000713800000, 0x0000000713800000, 0x0000000713a00000|  0%| F|  |TAMS 0x0000000713800000| PB 0x0000000713800000| Untracked 
| 118|0x0000000713a00000, 0x0000000713a00000, 0x0000000713c00000|  0%| F|  |TAMS 0x0000000713a00000| PB 0x0000000713a00000| Untracked 
| 119|0x0000000713c00000, 0x0000000713c00000, 0x0000000713e00000|  0%| F|  |TAMS 0x0000000713c00000| PB 0x0000000713c00000| Untracked 
| 120|0x0000000713e00000, 0x0000000713e00000, 0x0000000714000000|  0%| F|  |TAMS 0x0000000713e00000| PB 0x0000000713e00000| Untracked 
| 121|0x0000000714000000, 0x0000000714000000, 0x0000000714200000|  0%| F|  |TAMS 0x0000000714000000| PB 0x0000000714000000| Untracked 
| 122|0x0000000714200000, 0x00000007143b8328, 0x0000000714400000| 85%| E|  |TAMS 0x0000000714200000| PB 0x0000000714200000| Complete 
| 123|0x0000000714400000, 0x0000000714600000, 0x0000000714600000|100%| E|CS|TAMS 0x0000000714400000| PB 0x0000000714400000| Complete 
| 124|0x0000000714600000, 0x0000000714800000, 0x0000000714800000|100%| E|CS|TAMS 0x0000000714600000| PB 0x0000000714600000| Complete 
| 125|0x0000000714800000, 0x0000000714a00000, 0x0000000714a00000|100%| E|CS|TAMS 0x0000000714800000| PB 0x0000000714800000| Complete 

Card table byte_map: [0x00000187f16e0000,0x00000187f1ec0000] _byte_map_base: 0x00000187edeb9000

Marking Bits: (CMBitMap*) 0x00000187d905f3d0
 Bits: [0x00000187f1ec0000, 0x00000187f5d88000)

Polling page: 0x00000187d6fa0000

Metaspace:

Usage:
  Non-class:      6.98 MB used.
      Class:    776.16 KB used.
       Both:      7.74 MB used.

Virtual space:
  Non-class space:       64.00 MB reserved,       7.06 MB ( 11%) committed,  1 nodes.
      Class space:        1.00 GB reserved,     896.00 KB ( <1%) committed,  1 nodes.
             Both:        1.06 GB reserved,       7.94 MB ( <1%) committed. 

Chunk freelists:
   Non-Class:  8.00 MB
       Class:  15.11 MB
        Both:  23.11 MB

MaxMetaspaceSize: unlimited
CompressedClassSpaceSize: 1.00 GB
Initial GC threshold: 21.00 MB
Current GC threshold: 21.00 MB
CDS: on
 - commit_granule_bytes: 65536.
 - commit_granule_words: 8192.
 - virtual_space_node_default_size: 8388608.
 - enlarge_chunks_in_place: 1.
 - use_allocation_guard: 0.


Internal statistics:

num_allocs_failed_limit: 0.
num_arena_births: 152.
num_arena_deaths: 0.
num_vsnodes_births: 2.
num_vsnodes_deaths: 0.
num_space_committed: 127.
num_space_uncommitted: 0.
num_chunks_returned_to_freelist: 0.
num_chunks_taken_from_freelist: 185.
num_chunk_merges: 0.
num_chunk_splits: 112.
num_chunks_enlarged: 50.
num_inconsistent_stats: 0.

CodeHeap 'non-profiled nmethods': size=119168Kb used=539Kb max_used=539Kb free=118629Kb
 bounds [0x00000187e9000000, 0x00000187e9270000, 0x00000187f0460000]
CodeHeap 'profiled nmethods': size=119104Kb used=3329Kb max_used=3329Kb free=115774Kb
 bounds [0x00000187e1460000, 0x00000187e17b0000, 0x00000187e88b0000]
CodeHeap 'non-nmethods': size=7488Kb used=1537Kb max_used=3258Kb free=5950Kb
 bounds [0x00000187e88b0000, 0x00000187e8bf0000, 0x00000187e9000000]
 total_blobs=2391 nmethods=1782 adapters=514
 compilation: enabled
              stopped_count=0, restarted_count=0
 full_count=0

Compilation events (20 events):
Event: 161616.584 Thread 0x00000187f907f2f0 nmethod 1773 0x00000187e9085810 code [0x00000187e90859a0, 0x00000187e9085a68]
Event: 161616.586 Thread 0x00000187f907d690 1774       4       sun.awt.AppContext::getAppContext (51 bytes)
Event: 161616.586 Thread 0x00000187f907f2f0 1775       3       java.awt.RenderingHints$Key::hashCode (5 bytes)
Event: 161616.587 Thread 0x00000187f907f2f0 nmethod 1775 0x00000187e179c790 code [0x00000187e179c940, 0x00000187e179ca80]
Event: 161616.590 Thread 0x00000187f907d690 nmethod 1774 0x00000187e9085b10 code [0x00000187e9085ca0, 0x00000187e9085d68]
Event: 162811.653 Thread 0x00000187f907f2f0 1776       3       java.util.WeakHashMap::size (18 bytes)
Event: 162811.653 Thread 0x00000187f907f2f0 nmethod 1776 0x00000187e179cb10 code [0x00000187e179ccc0, 0x00000187e179ce78]
Event: 162811.654 Thread 0x00000187f907d690 1777  s    4       sun.awt.Win32GraphicsConfig::displayChanged (6 bytes)
Event: 162811.655 Thread 0x00000187f907d690 nmethod 1777 0x00000187e9085e10 code [0x00000187e9085fa0, 0x00000187e90861c8]
Event: 163377.535 Thread 0x00000187f907f2f0 1778       3       java.util.WeakHashMap::indexFor (6 bytes)
Event: 163377.535 Thread 0x00000187f907f2f0 nmethod 1778 0x00000187e179cf10 code [0x00000187e179d0a0, 0x00000187e179d198]
Event: 163378.078 Thread 0x00000187f907f2f0 1779       3       java.util.ComparableTimSort::mergeLo (656 bytes)
Event: 163378.082 Thread 0x00000187f907f2f0 nmethod 1779 0x00000187e179d210 code [0x00000187e179d5e0, 0x00000187e179fd58]
Event: 165592.080 Thread 0x00000187f907d690 1780       4       java.util.ArrayList::iterator (9 bytes)
Event: 165592.083 Thread 0x00000187f907d690 nmethod 1780 0x00000187e9086290 code [0x00000187e9086420, 0x00000187e9086528]
Event: 177700.339 Thread 0x00000187f907d690 1781       4       java.lang.ref.Reference::refersTo (6 bytes)
Event: 177700.342 Thread 0x00000187f907d690 nmethod 1781 0x00000187e9086610 code [0x00000187e90867a0, 0x00000187e9086880]
Event: 177700.342 Thread 0x00000187f907d690 1782       4       java.lang.ref.Reference::refersToImpl (6 bytes)
Event: 177700.342 Thread 0x00000187f907d690 nmethod 1782 0x00000187e9086910 code [0x00000187e9086aa0, 0x00000187e9086b38]
Event: 177700.345 Thread 0x00000187f907d690 1783  s    4       sun.java2d.loops.GraphicsPrimitiveMgr::locatePrim (95 bytes)

GC Heap History (2 events):
Event: 0.349 GC heap before
{Heap before GC invocations=0 (full 0):
 garbage-first heap   total 258048K, used 38912K [0x0000000704e00000, 0x0000000800000000)
  region size 2048K, 11 young (22528K), 0 survivors (0K)
 Metaspace       used 7262K, committed 7488K, reserved 1114112K
  class space    used 745K, committed 896K, reserved 1048576K
}
Event: 0.352 GC heap after
{Heap after GC invocations=1 (full 0):
 garbage-first heap   total 258048K, used 20112K [0x0000000704e00000, 0x0000000800000000)
  region size 2048K, 2 young (4096K), 2 survivors (4096K)
 Metaspace       used 7262K, committed 7488K, reserved 1114112K
  class space    used 745K, committed 896K, reserved 1048576K
}

Dll operation events (10 events):
Event: 0.004 Loaded shared library C:\Program Files\Java\jdk-21\bin\java.dll
Event: 0.022 Loaded shared library C:\Program Files\Java\jdk-21\bin\jsvml.dll
Event: 0.040 Loaded shared library C:\Program Files\Java\jdk-21\bin\jimage.dll
Event: 0.043 Loaded shared library C:\Program Files\Java\jdk-21\bin\net.dll
Event: 0.044 Loaded shared library C:\Program Files\Java\jdk-21\bin\nio.dll
Event: 0.046 Loaded shared library C:\Program Files\Java\jdk-21\bin\zip.dll
Event: 0.057 Loaded shared library C:\Program Files\Java\jdk-21\bin\awt.dll
Event: 0.157 Loaded shared library C:\Program Files\Java\jdk-21\bin\javajpeg.dll
Event: 0.201 Loaded shared library C:\Program Files\Java\jdk-21\bin\freetype.dll
Event: 0.202 Loaded shared library C:\Program Files\Java\jdk-21\bin\fontmanager.dll

Deoptimization events (20 events):
Event: 74154.655 Thread 0x00000187f9539b10 Uncommon trap: trap_request=0xffffff76 fr.pc=0x00000187e907cf70 relative=0x0000000000000230
Event: 74154.655 Thread 0x00000187f9539b10 Uncommon trap: reason=predicate action=maybe_recompile pc=0x00000187e907cf70 method=java.util.HashMap.keysToArray([Ljava/lang/Object;)[Ljava/lang/Object; @ 48 c2
Event: 74154.655 Thread 0x00000187f9539b10 DEOPT PACKING pc=0x00000187e907cf70 sp=0x0000006d8e8fe6d0
Event: 74154.655 Thread 0x00000187f9539b10 DEOPT UNPACKING pc=0x00000187e89046a2 sp=0x0000006d8e8fe678 mode 2
Event: 74159.134 Thread 0x00000187f9539b10 Uncommon trap: trap_request=0xffffffd6 fr.pc=0x00000187e907d8d8 relative=0x0000000000000498
Event: 74159.134 Thread 0x00000187f9539b10 Uncommon trap: reason=array_check action=maybe_recompile pc=0x00000187e907d8d8 method=java.util.HashMap.keysToArray([Ljava/lang/Object;)[Ljava/lang/Object; @ 62 c2
Event: 74159.134 Thread 0x00000187f9539b10 DEOPT PACKING pc=0x00000187e907d8d8 sp=0x0000006d8e8fe6f0
Event: 74159.134 Thread 0x00000187f9539b10 DEOPT UNPACKING pc=0x00000187e89046a2 sp=0x0000006d8e8fe698 mode 2
Event: 76108.136 Thread 0x00000187f9539b10 Uncommon trap: trap_request=0xffffffd6 fr.pc=0x00000187e907d8d8 relative=0x0000000000000498
Event: 76108.136 Thread 0x00000187f9539b10 Uncommon trap: reason=array_check action=maybe_recompile pc=0x00000187e907d8d8 method=java.util.HashMap.keysToArray([Ljava/lang/Object;)[Ljava/lang/Object; @ 62 c2
Event: 76108.136 Thread 0x00000187f9539b10 DEOPT PACKING pc=0x00000187e907d8d8 sp=0x0000006d8e8fe6c0
Event: 76108.136 Thread 0x00000187f9539b10 DEOPT UNPACKING pc=0x00000187e89046a2 sp=0x0000006d8e8fe668 mode 2
Event: 76108.413 Thread 0x00000187f9539b10 Uncommon trap: trap_request=0xffffffd6 fr.pc=0x00000187e907d8d8 relative=0x0000000000000498
Event: 76108.413 Thread 0x00000187f9539b10 Uncommon trap: reason=array_check action=maybe_recompile pc=0x00000187e907d8d8 method=java.util.HashMap.keysToArray([Ljava/lang/Object;)[Ljava/lang/Object; @ 62 c2
Event: 76108.413 Thread 0x00000187f9539b10 DEOPT PACKING pc=0x00000187e907d8d8 sp=0x0000006d8e8fe6f0
Event: 76108.413 Thread 0x00000187f9539b10 DEOPT UNPACKING pc=0x00000187e89046a2 sp=0x0000006d8e8fe698 mode 2
Event: 76108.585 Thread 0x00000187f9539b10 Uncommon trap: trap_request=0xffffffd6 fr.pc=0x00000187e907d8d8 relative=0x0000000000000498
Event: 76108.585 Thread 0x00000187f9539b10 Uncommon trap: reason=array_check action=maybe_recompile pc=0x00000187e907d8d8 method=java.util.HashMap.keysToArray([Ljava/lang/Object;)[Ljava/lang/Object; @ 62 c2
Event: 76108.585 Thread 0x00000187f9539b10 DEOPT PACKING pc=0x00000187e907d8d8 sp=0x0000006d8e8fe6c0
Event: 76108.585 Thread 0x00000187f9539b10 DEOPT UNPACKING pc=0x00000187e89046a2 sp=0x0000006d8e8fe668 mode 2

Classes loaded (20 events):
Event: 3.521 Loading class javax/swing/event/ChangeEvent
Event: 3.521 Loading class javax/swing/event/ChangeEvent done
Event: 4.012 Loading class javax/swing/ClientPropertyKey
Event: 4.012 Loading class javax/swing/ClientPropertyKey done
Event: 4.013 Loading class javax/swing/ClientPropertyKey$1
Event: 4.013 Loading class sun/awt/AWTAccessor$ClientPropertyKeyAccessor
Event: 4.013 Loading class sun/awt/AWTAccessor$ClientPropertyKeyAccessor done
Event: 4.013 Loading class javax/swing/ClientPropertyKey$1 done
Event: 7.455 Loading class java/awt/LightweightDispatcher$2
Event: 7.455 Loading class java/awt/LightweightDispatcher$2 done
Event: 10.442 Loading class java/awt/KeyboardFocusManager$2
Event: 10.442 Loading class java/awt/KeyboardFocusManager$2 done
Event: 10.442 Loading class sun/awt/SunToolkit$1
Event: 10.442 Loading class sun/awt/SunToolkit$1 done
Event: 464.272 Loading class java/util/WeakHashMap$KeyIterator
Event: 464.272 Loading class java/util/WeakHashMap$HashIterator
Event: 464.272 Loading class java/util/WeakHashMap$HashIterator done
Event: 464.272 Loading class java/util/WeakHashMap$KeyIterator done
Event: 464.272 Loading class javax/swing/RepaintManager$DisplayChangedRunnable
Event: 464.272 Loading class javax/swing/RepaintManager$DisplayChangedRunnable done

Classes unloaded (0 events):
No events

Classes redefined (0 events):
No events

Internal exceptions (12 events):
Event: 0.050 Thread 0x00000187d8ff9410 Exception <a 'java/lang/ClassNotFoundException'{0x00000007146aba80}: sun/awt/resources/spi/awtProvider> (0x00000007146aba80) 
thrown [s\open\src\hotspot\share\classfile\systemDictionary.cpp, line 312]
Event: 0.063 Thread 0x00000187d8ff9410 Exception <a 'java/io/FileNotFoundException'{0x0000000714705640}> (0x0000000714705640) 
thrown [s\open\src\hotspot\share\prims\jni.cpp, line 520]
Event: 0.066 Thread 0x00000187d8ff9410 Exception <a 'java/io/FileNotFoundException'{0x000000071472f638}> (0x000000071472f638) 
thrown [s\open\src\hotspot\share\prims\jni.cpp, line 520]
Event: 0.109 Thread 0x00000187d8ff9410 Exception <a 'java/lang/NoSuchMethodError'{0x0000000714438748}: 'void java.lang.invoke.DirectMethodHandle$Holder.invokeSpecial(java.lang.Object, java.lang.Object, java.lang.Object)'> (0x0000000714438748) 
thrown [s\open\src\hotspot\share\interpreter\linkResolver.cpp, line 773]
Event: 0.113 Thread 0x00000187d8ff9410 Exception <a 'java/lang/NoSuchMethodError'{0x000000071445e148}: 'java.lang.Object java.lang.invoke.DirectMethodHandle$Holder.newInvokeSpecial(java.lang.Object, java.lang.Object, java.lang.Object, java.lang.Object, java.lang.Object)'> (0x000000071445e148) 
thrown [s\open\src\hotspot\share\interpreter\linkResolver.cpp, line 773]
Event: 0.116 Thread 0x00000187d8ff9410 Exception <a 'java/lang/NoSuchMethodError'{0x000000071456b578}: 'java.lang.Object java.lang.invoke.DirectMethodHandle$Holder.invokeStatic(java.lang.Object, int, java.lang.Object)'> (0x000000071456b578) 
thrown [s\open\src\hotspot\share\interpreter\linkResolver.cpp, line 773]
Event: 0.126 Thread 0x00000187d8ff9410 Exception <a 'java/lang/ClassNotFoundException'{0x000000071420b2f0}: com/sun/swing/internal/plaf/metal/resources/spi/metalProvider> (0x000000071420b2f0) 
thrown [s\open\src\hotspot\share\classfile\systemDictionary.cpp, line 312]
Event: 0.126 Thread 0x00000187d8ff9410 Exception <a 'java/lang/ClassNotFoundException'{0x000000071420f230}: com/sun/swing/internal/plaf/basic/resources/spi/basicProvider> (0x000000071420f230) 
thrown [s\open\src\hotspot\share\classfile\systemDictionary.cpp, line 312]
Event: 0.132 Thread 0x00000187d8ff9410 Exception <a 'java/lang/NoSuchMethodError'{0x000000071422e9a8}: 'int java.lang.invoke.Invokers$Holder.invokeExact_MT(java.lang.Object, java.lang.Object)'> (0x000000071422e9a8) 
thrown [s\open\src\hotspot\share\interpreter\linkResolver.cpp, line 773]
Event: 0.158 Thread 0x00000187f959bf90 Exception <a 'java/lang/NoSuchMethodError'{0x000000071408a858}: 'java.lang.Object java.lang.invoke.DirectMethodHandle$Holder.newInvokeSpecial(java.lang.Object, java.lang.Object, java.lang.Object, int, int, int, int, int)'> (0x000000071408a858) 
thrown [s\open\src\hotspot\share\interpreter\linkResolver.cpp, line 773]
Event: 0.190 Thread 0x00000187f9539b10 Exception <a 'java/lang/NoSuchMethodError'{0x00000007144effd8}: 'void java.lang.invoke.DirectMethodHandle$Holder.invokeVirtual(java.lang.Object, java.lang.Object)'> (0x00000007144effd8) 
thrown [s\open\src\hotspot\share\interpreter\linkResolver.cpp, line 773]
Event: 0.199 Thread 0x00000187d8ff9410 Exception <a 'java/lang/NoSuchMethodError'{0x0000000714260490}: 'void java.lang.invoke.DirectMethodHandle$Holder.invokeStaticInit(java.lang.Object)'> (0x0000000714260490) 
thrown [s\open\src\hotspot\share\interpreter\linkResolver.cpp, line 773]

ZGC Phase Switch (0 events):
No events

VM Operations (20 events):
Event: 79098.057 Executing VM operation: Cleanup
Event: 79098.058 Executing VM operation: Cleanup done
Event: 79104.107 Executing VM operation: Cleanup
Event: 79104.107 Executing VM operation: Cleanup done
Event: 81206.647 Executing VM operation: Cleanup
Event: 81206.647 Executing VM operation: Cleanup done
Event: 81207.650 Executing VM operation: Cleanup
Event: 81207.650 Executing VM operation: Cleanup done
Event: 157862.849 Executing VM operation: Cleanup
Event: 157862.850 Executing VM operation: Cleanup done
Event: 158021.917 Executing VM operation: Cleanup
Event: 158021.918 Executing VM operation: Cleanup done
Event: 158345.375 Executing VM operation: Cleanup
Event: 158345.375 Executing VM operation: Cleanup done
Event: 158898.797 Executing VM operation: Cleanup
Event: 158898.797 Executing VM operation: Cleanup done
Event: 161617.055 Executing VM operation: Cleanup
Event: 161617.055 Executing VM operation: Cleanup done
Event: 171140.299 Executing VM operation: Cleanup
Event: 171140.299 Executing VM operation: Cleanup done

Events (20 events):
Event: 0.021 Thread 0x00000187f907d690 Thread added: 0x00000187f907d690
Event: 0.021 Thread 0x00000187f907f2f0 Thread added: 0x00000187f907f2f0
Event: 0.028 Thread 0x00000187f92d33e0 Thread added: 0x00000187f92d33e0
Event: 0.029 Thread 0x00000187f93119e0 Thread added: 0x00000187f93119e0
Event: 0.030 Thread 0x00000187f93231e0 Thread added: 0x00000187f93231e0
Event: 0.031 Thread 0x00000187f93298a0 Thread added: 0x00000187f93298a0
Event: 0.090 Thread 0x00000187f952d200 Thread added: 0x00000187f952d200
Event: 0.091 Thread 0x00000187f9533b90 Thread added: 0x00000187f9533b90
Event: 0.091 Thread 0x00000187f9539b10 Thread added: 0x00000187f9539b10
Event: 0.134 Thread 0x00000187f959bf90 Thread added: 0x00000187f959bf90
Event: 0.139 Thread 0x00000187fe00b2c0 Thread added: 0x00000187fe00b2c0
Event: 0.147 Thread 0x00000187fe142440 Thread added: 0x00000187fe142440
Event: 0.191 Thread 0x00000187fe18ee50 Thread added: 0x00000187fe18ee50
Event: 0.236 Thread 0x00000187d8ff9410 Thread exited: 0x00000187d8ff9410
Event: 0.236 Thread 0x00000187d8ff9410 Thread added: 0x00000187d8ff9410
Event: 0.551 Thread 0x00000187fe142440 Thread exited: 0x00000187fe142440
Event: 3.250 Thread 0x00000187fe00b2c0 Thread exited: 0x00000187fe00b2c0
Event: 3.289 Thread 0x00000187f93119e0 Thread exited: 0x00000187f93119e0
Event: 5.185 Thread 0x00000187f959bf90 Thread exited: 0x00000187f959bf90
Event: 8.021 Thread 0x00000187f92d33e0 Thread exited: 0x00000187f92d33e0


Dynamic libraries:
0x00007ff6dee10000 - 0x00007ff6dee20000 	C:\Program Files\Java\jdk-21\bin\javaw.exe
0x00007ffcfd3d0000 - 0x00007ffcfd5e7000 	C:\WINDOWS\SYSTEM32\ntdll.dll
0x00007ffcfc490000 - 0x00007ffcfc554000 	C:\WINDOWS\System32\KERNEL32.DLL
0x00007ffcfaac0000 - 0x00007ffcfae66000 	C:\WINDOWS\System32\KERNELBASE.dll
0x00007ffcfaee0000 - 0x00007ffcfaff1000 	C:\WINDOWS\System32\ucrtbase.dll
0x00007ffcee580000 - 0x00007ffcee599000 	C:\Program Files\Java\jdk-21\bin\jli.dll
0x00007ffcee560000 - 0x00007ffcee57b000 	C:\Program Files\Java\jdk-21\bin\VCRUNTIME140.dll
0x00007ffcfb1b0000 - 0x00007ffcfb263000 	C:\WINDOWS\System32\ADVAPI32.dll
0x00007ffcfb610000 - 0x00007ffcfb6b7000 	C:\WINDOWS\System32\msvcrt.dll
0x00007ffcfb6c0000 - 0x00007ffcfb768000 	C:\WINDOWS\System32\sechost.dll
0x00007ffcfaa90000 - 0x00007ffcfaab8000 	C:\WINDOWS\System32\bcrypt.dll
0x00007ffcfd270000 - 0x00007ffcfd387000 	C:\WINDOWS\System32\RPCRT4.dll
0x00007ffcfc9e0000 - 0x00007ffcfcb8e000 	C:\WINDOWS\System32\USER32.dll
0x00007ffcfa710000 - 0x00007ffcfa736000 	C:\WINDOWS\System32\win32u.dll
0x00007ffcfb860000 - 0x00007ffcfb889000 	C:\WINDOWS\System32\GDI32.dll
0x00007ffcd9000000 - 0x00007ffcd9293000 	C:\WINDOWS\WinSxS\amd64_microsoft.windows.common-controls_6595b64144ccf1df_6.0.22621.2506_none_270c5ae97388e100\COMCTL32.dll
0x00007ffcfb000000 - 0x00007ffcfb118000 	C:\WINDOWS\System32\gdi32full.dll
0x00007ffcfa740000 - 0x00007ffcfa7da000 	C:\WINDOWS\System32\msvcp_win.dll
0x00007ffcee850000 - 0x00007ffcee85a000 	C:\WINDOWS\SYSTEM32\VERSION.dll
0x00007ffcfc830000 - 0x00007ffcfc861000 	C:\WINDOWS\System32\IMM32.DLL
0x00007ffcf2bf0000 - 0x00007ffcf2bfc000 	C:\Program Files\Java\jdk-21\bin\vcruntime140_1.dll
0x00007ffcd6160000 - 0x00007ffcd61ee000 	C:\Program Files\Java\jdk-21\bin\msvcp140.dll
0x00007ffc343b0000 - 0x00007ffc350c7000 	C:\Program Files\Java\jdk-21\bin\server\jvm.dll
0x00007ffcfc7b0000 - 0x00007ffcfc821000 	C:\WINDOWS\System32\WS2_32.dll
0x00007ffcf9560000 - 0x00007ffcf95ad000 	C:\WINDOWS\SYSTEM32\POWRPROF.dll
0x00007ffcee1d0000 - 0x00007ffcee204000 	C:\WINDOWS\SYSTEM32\WINMM.dll
0x00007ffcf9540000 - 0x00007ffcf9553000 	C:\WINDOWS\SYSTEM32\UMPDC.dll
0x00007ffcf9810000 - 0x00007ffcf9828000 	C:\WINDOWS\SYSTEM32\kernel.appcore.dll
0x00007ffcf2ad0000 - 0x00007ffcf2ada000 	C:\Program Files\Java\jdk-21\bin\jimage.dll
0x00007ffcf7cb0000 - 0x00007ffcf7ee3000 	C:\WINDOWS\SYSTEM32\DBGHELP.DLL
0x00007ffcfc100000 - 0x00007ffcfc489000 	C:\WINDOWS\System32\combase.dll
0x00007ffcfb770000 - 0x00007ffcfb847000 	C:\WINDOWS\System32\OLEAUT32.dll
0x00007ffcec3b0000 - 0x00007ffcec3e2000 	C:\WINDOWS\SYSTEM32\dbgcore.DLL
0x00007ffcfa8a0000 - 0x00007ffcfa91a000 	C:\WINDOWS\System32\bcryptPrimitives.dll
0x00007ffcec510000 - 0x00007ffcec52f000 	C:\Program Files\Java\jdk-21\bin\java.dll
0x00007ffcfb890000 - 0x00007ffcfc0eb000 	C:\WINDOWS\System32\SHELL32.dll
0x00007ffcf8630000 - 0x00007ffcf8f26000 	C:\WINDOWS\SYSTEM32\windows.storage.dll
0x00007ffcf84f0000 - 0x00007ffcf862e000 	C:\WINDOWS\SYSTEM32\wintypes.dll
0x00007ffcfb370000 - 0x00007ffcfb463000 	C:\WINDOWS\System32\SHCORE.dll
0x00007ffcfc720000 - 0x00007ffcfc77e000 	C:\WINDOWS\System32\shlwapi.dll
0x00007ffcfa640000 - 0x00007ffcfa666000 	C:\WINDOWS\SYSTEM32\profapi.dll
0x00007ffccf5a0000 - 0x00007ffccf677000 	C:\Program Files\Java\jdk-21\bin\jsvml.dll
0x00007ffcf2a40000 - 0x00007ffcf2a50000 	C:\Program Files\Java\jdk-21\bin\net.dll
0x00007ffcf1180000 - 0x00007ffcf12b7000 	C:\WINDOWS\SYSTEM32\WINHTTP.dll
0x00007ffcf9c80000 - 0x00007ffcf9ce9000 	C:\WINDOWS\system32\mswsock.dll
0x00007ffcddba0000 - 0x00007ffcddbb6000 	C:\Program Files\Java\jdk-21\bin\nio.dll
0x00007ffcddb00000 - 0x00007ffcddb18000 	C:\Program Files\Java\jdk-21\bin\zip.dll
0x00007ffca55e0000 - 0x00007ffca576f000 	C:\Program Files\Java\jdk-21\bin\awt.dll
0x00007ffcf4940000 - 0x00007ffcf49d7000 	C:\WINDOWS\SYSTEM32\apphelp.dll
0x00007ffcf7280000 - 0x00007ffcf72ab000 	C:\WINDOWS\system32\DWMAPI.DLL
0x00007ffcf4a80000 - 0x00007ffcf4b2b000 	C:\WINDOWS\system32\uxtheme.dll
0x00007ffca3740000 - 0x00007ffca3840000 	C:\WINDOWS\system32\opengl32.dll
0x00007ffcd81e0000 - 0x00007ffcd820d000 	C:\WINDOWS\SYSTEM32\GLU32.dll
0x00007ffcf79a0000 - 0x00007ffcf79d9000 	C:\WINDOWS\SYSTEM32\dxcore.dll
0x00007ffcfc880000 - 0x00007ffcfc9d1000 	C:\WINDOWS\System32\MSCTF.dll
0x00007ffcfb470000 - 0x00007ffcfb610000 	C:\WINDOWS\System32\ole32.dll
0x00007ffcd6540000 - 0x00007ffcd656e000 	C:\Program Files\Java\jdk-21\bin\javajpeg.dll
0x00007ffcc0870000 - 0x00007ffcc08f7000 	C:\Program Files\Java\jdk-21\bin\freetype.dll
0x00007ffca5340000 - 0x00007ffca5422000 	C:\Program Files\Java\jdk-21\bin\fontmanager.dll
0x00007ffcdb4c0000 - 0x00007ffcdb60a000 	C:\WINDOWS\SYSTEM32\textinputframework.dll
0x00007ffcf4660000 - 0x00007ffcf4794000 	C:\WINDOWS\SYSTEM32\CoreMessaging.dll
0x00007ffcf02e0000 - 0x00007ffcf064c000 	C:\WINDOWS\SYSTEM32\CoreUIComponents.dll
0x00007ffcf9ee0000 - 0x00007ffcf9eec000 	C:\WINDOWS\SYSTEM32\CRYPTBASE.DLL
0x00007ffccc910000 - 0x00007ffccc9c0000 	C:\WINDOWS\SYSTEM32\TextShaping.dll

dbghelp: loaded successfully - version: 4.0.5 - missing functions: none
symbol engine: initialized successfully - sym options: 0x614 - pdb path: .;C:\Program Files\Java\jdk-21\bin;C:\WINDOWS\SYSTEM32;C:\WINDOWS\WinSxS\amd64_microsoft.windows.common-controls_6595b64144ccf1df_6.0.22621.2506_none_270c5ae97388e100;C:\Program Files\Java\jdk-21\bin\server

VM Arguments:
jvm_args: -Dfile.encoding=UTF-8 -Dstdout.encoding=UTF-8 -Dstderr.encoding=UTF-8 -XX:+ShowCodeDetailsInExceptionMessages 
java_command: BankManagementSystem.Transactions
java_class_path (initial): C:\Users\amrit\git\JavaBankManagement\BankManagementSystem\bin;C:\Users\amrit\Downloads\jcalendar-tz-1.3.3-4.jar;C:\Users\amrit\Downloads\mysql-connector-java-8.0.28.jar
Launcher Type: SUN_STANDARD

[Global flags]
     intx CICompilerCount                          = 12                                        {product} {ergonomic}
     uint ConcGCThreads                            = 4                                         {product} {ergonomic}
     uint G1ConcRefinementThreads                  = 15                                        {product} {ergonomic}
   size_t G1HeapRegionSize                         = 2097152                                   {product} {ergonomic}
    uintx GCDrainStackTargetSize                   = 64                                        {product} {ergonomic}
   size_t InitialHeapSize                          = 264241152                                 {product} {ergonomic}
   size_t MarkStackSize                            = 4194304                                   {product} {ergonomic}
   size_t MaxHeapSize                              = 4213178368                                {product} {ergonomic}
   size_t MaxNewSize                               = 2527068160                                {product} {ergonomic}
   size_t MinHeapDeltaBytes                        = 2097152                                   {product} {ergonomic}
   size_t MinHeapSize                              = 8388608                                   {product} {ergonomic}
    uintx NonNMethodCodeHeapSize                   = 7602480                                {pd product} {ergonomic}
    uintx NonProfiledCodeHeapSize                  = 122027880                              {pd product} {ergonomic}
    uintx ProfiledCodeHeapSize                     = 122027880                              {pd product} {ergonomic}
    uintx ReservedCodeCacheSize                    = 251658240                              {pd product} {ergonomic}
     bool SegmentedCodeCache                       = true                                      {product} {ergonomic}
     bool ShowCodeDetailsInExceptionMessages       = true                                   {manageable} {command line}
   size_t SoftMaxHeapSize                          = 4213178368                             {manageable} {ergonomic}
     bool UseCompressedOops                        = true                           {product lp64_product} {ergonomic}
     bool UseG1GC                                  = true                                      {product} {ergonomic}
     bool UseLargePagesIndividualAllocation        = false                                  {pd product} {ergonomic}

Logging:
Log output configuration:
 #0: stdout all=warning uptime,level,tags foldmultilines=false
 #1: stderr all=off uptime,level,tags foldmultilines=false

Environment Variables:
JAVA_HOME=C:\Program Files\Java\jdk-21
PATH=C:\Program Files\Common Files\Oracle\Java\javapath;C:\windows\system32;C:\windows;C:\windows\System32\Wbem;C:\windows\System32\WindowsPowerShell\v1.0\;C:\windows\System32\OpenSSH\;C:\Program Files (x86)\NVIDIA Corporation\PhysX\Common;C:\Program Files\NVIDIA Corporation\NVIDIA NvDLISR;C:\WINDOWS\system32;C:\WINDOWS;C:\WINDOWS\System32\Wbem;C:\WINDOWS\System32\WindowsPowerShell\v1.0\;C:\WINDOWS\System32\OpenSSH\;C:\Program Files\MySQL\MySQL Shell 8.0\bin\;C:\Users\amrit\AppData\Local\Microsoft\WindowsApps;
USERNAME=amrit
OS=Windows_NT
PROCESSOR_IDENTIFIER=Intel64 Family 6 Model 151 Stepping 2, GenuineIntel
TMP=C:\Users\amrit\AppData\Local\Temp
TEMP=C:\Users\amrit\AppData\Local\Temp




Periodic native trim disabled

---------------  S Y S T E M  ---------------

OS:
 Windows 11 , 64 bit Build 22621 (10.0.22621.3085)
OS uptime: 15 days 21:20 hours
Hyper-V role detected

CPU: total 20 (initial active 20) (10 cores per cpu, 2 threads per core) family 6 model 151 stepping 2 microcode 0x2e, cx8, cmov, fxsr, ht, mmx, 3dnowpref, sse, sse2, sse3, ssse3, sse4.1, sse4.2, popcnt, lzcnt, tsc, tscinvbit, avx, avx2, aes, erms, clmul, bmi1, bmi2, adx, sha, fma, vzeroupper, clflush, clflushopt, clwb, hv, serialize, rdtscp, rdpid, fsrm, f16c, cet_ibt, cet_ss
Processor Information for processor 0
  Max Mhz: 2100, Current Mhz: 2100, Mhz Limit: 2100
Processor Information for processor 1
  Max Mhz: 2100, Current Mhz: 2100, Mhz Limit: 2100
Processor Information for processor 2
  Max Mhz: 2100, Current Mhz: 2100, Mhz Limit: 2100
Processor Information for processor 3
  Max Mhz: 2100, Current Mhz: 2100, Mhz Limit: 2100
Processor Information for processor 4
  Max Mhz: 2100, Current Mhz: 2100, Mhz Limit: 2100
Processor Information for processor 5
  Max Mhz: 2100, Current Mhz: 2100, Mhz Limit: 2100
Processor Information for processor 6
  Max Mhz: 2100, Current Mhz: 2100, Mhz Limit: 2100
Processor Information for processor 7
  Max Mhz: 2100, Current Mhz: 2100, Mhz Limit: 2100
Processor Information for processor 8
  Max Mhz: 2100, Current Mhz: 2100, Mhz Limit: 2100
Processor Information for processor 9
  Max Mhz: 2100, Current Mhz: 2100, Mhz Limit: 2100
Processor Information for processor 10
  Max Mhz: 2100, Current Mhz: 2100, Mhz Limit: 2100
Processor Information for processor 11
  Max Mhz: 2100, Current Mhz: 2100, Mhz Limit: 2100
Processor Information for processor 12
  Max Mhz: 2100, Current Mhz: 2100, Mhz Limit: 2100
Processor Information for processor 13
  Max Mhz: 2100, Current Mhz: 2100, Mhz Limit: 2100
Processor Information for processor 14
  Max Mhz: 2100, Current Mhz: 2100, Mhz Limit: 2100
Processor Information for processor 15
  Max Mhz: 2100, Current Mhz: 2100, Mhz Limit: 2100
Processor Information for processor 16
  Max Mhz: 2100, Current Mhz: 1600, Mhz Limit: 1596
Processor Information for processor 17
  Max Mhz: 2100, Current Mhz: 1600, Mhz Limit: 1596
Processor Information for processor 18
  Max Mhz: 2100, Current Mhz: 1600, Mhz Limit: 1596
Processor Information for processor 19
  Max Mhz: 2100, Current Mhz: 1600, Mhz Limit: 1596

Memory: 4k page, system-wide physical 16065M (5171M free)
TotalPageFile size 65217M (AvailPageFile size 0M)
current process WorkingSet (physical memory assigned to process): 31M, peak: 110M
current process commit charge ("private bytes"): 371M, peak: 380M

vm_info: Java HotSpot(TM) 64-Bit Server VM (21.0.2+13-LTS-58) for windows-amd64 JRE (21.0.2+13-LTS-58), built on 2024-01-05T18:32:24Z by "mach5one" with MS VC++ 17.1 (VS2022)

END.
