#
# There is insufficient memory for the Java Runtime Environment to continue.
# Native memory allocation (malloc) failed to allocate 32744 bytes for Chunk::new
# Possible reasons:
#   The system is out of physical RAM or swap space
#   The process is running with CompressedOops enabled, and the Java Heap may be blocking the growth of the native heap
# Possible solutions:
#   Reduce memory load on the system
#   Increase physical memory or swap space
#   Check if swap backing store is full
#   Decrease Java heap size (-Xmx/-Xms)
#   Decrease number of Java threads
#   Decrease Java thread stack sizes (-Xss)
#   Set larger code cache with -XX:ReservedCodeCacheSize=
#   JVM is running with Zero Based Compressed Oops mode in which the Java heap is
#     placed in the first 32GB address space. The Java Heap base address is the
#     maximum limit for the native heap growth. Please use -XX:HeapBaseMinAddress
#     to set the Java Heap base and to place the Java Heap above 32GB virtual address.
# This output file may be truncated or incomplete.
#
#  Out of Memory Error (arena.cpp:168), pid=22532, tid=24464
#
# JRE version: Java(TM) SE Runtime Environment (21.0.2+13) (build 21.0.2+13-LTS-58)
# Java VM: Java HotSpot(TM) 64-Bit Server VM (21.0.2+13-LTS-58, mixed mode, sharing, tiered, compressed oops, compressed class ptrs, g1 gc, windows-amd64)
# No core dump will be written. Minidumps are not enabled by default on client versions of Windows
#

---------------  S U M M A R Y ------------

Command Line: -Dfile.encoding=UTF-8 -Dstdout.encoding=UTF-8 -Dstderr.encoding=UTF-8 -XX:+ShowCodeDetailsInExceptionMessages BankManagementSystem.Transactions

Host: 12th Gen Intel(R) Core(TM) i7-12700, 20 cores, 15G,  Windows 11 , 64 bit Build 22621 (10.0.22621.3085)
Time: Thu Mar 14 17:26:06 2024 Central Daylight Time elapsed time: 179282.633825 seconds (2d 1h 48m 2s)

---------------  T H R E A D  ---------------

Current thread (0x000002b7cf115a50):  JavaThread "AWT-EventQueue-0"        [_thread_in_vm, id=24464, stack(0x000000e4e2700000,0x000000e4e2800000) (1024K)]

Stack: [0x000000e4e2700000,0x000000e4e2800000]
Native frames: (J=compiled Java code, j=interpreted, Vv=VM code, C=native code)
V  [jvm.dll+0x6cade9]
V  [jvm.dll+0x8569c1]
V  [jvm.dll+0x858d2e]
V  [jvm.dll+0x859413]
V  [jvm.dll+0x280e56]
V  [jvm.dll+0xc3f3d]
V  [jvm.dll+0xc4473]
V  [jvm.dll+0x84c588]
V  [jvm.dll+0x84bc01]
V  [jvm.dll+0x480824]
C  0x000002b7f6a34729

The last pc belongs to native nmethod (printed below).
Java frames: (J=compiled Java code, j=interpreted, Vv=VM code)
J 1387  java.security.AccessController.getStackAccessControlContext()Ljava/security/AccessControlContext; java.base@21.0.2 (0 bytes) @ 0x000002b7f6a34696 [0x000002b7f6a34640+0x0000000000000056]
J 1386 c1 java.security.AccessController.getContext()Ljava/security/AccessControlContext; java.base@21.0.2 (23 bytes) @ 0x000002b7ef08e6bc [0x000002b7ef08e660+0x000000000000005c]
j  java.awt.AWTEvent.<init>(Ljava/lang/Object;I)V+11 java.desktop@21.0.2
j  java.awt.event.InvocationEvent.<init>(Ljava/lang/Object;ILjava/lang/Runnable;Ljava/lang/Object;Ljava/lang/Runnable;Z)V+3 java.desktop@21.0.2
j  java.awt.event.InvocationEvent.<init>(Ljava/lang/Object;Ljava/lang/Runnable;)V+9 java.desktop@21.0.2
j  javax.swing.RepaintManager$DisplayChangedHandler.scheduleDisplayChanges()V+69 java.desktop@21.0.2
j  javax.swing.RepaintManager$DisplayChangedHandler.displayChanged()V+0 java.desktop@21.0.2
j  sun.awt.SunDisplayChanger.notifyListeners()V+108 java.desktop@21.0.2
j  sun.awt.Win32GraphicsEnvironment.displayChanged()V+291 java.desktop@21.0.2
j  sun.awt.windows.WToolkit.lambda$displayChanged$4()V+15 java.desktop@21.0.2
j  sun.awt.windows.WToolkit$$Lambda+0x000002b7880a49c8.run()V+0 java.desktop@21.0.2
j  java.awt.event.InvocationEvent.dispatch()V+47 java.desktop@21.0.2
j  java.awt.EventQueue.dispatchEventImpl(Ljava/awt/AWTEvent;Ljava/lang/Object;)V+21 java.desktop@21.0.2
j  java.awt.EventQueue$4.run()Ljava/lang/Void;+32 java.desktop@21.0.2
j  java.awt.EventQueue$4.run()Ljava/lang/Object;+1 java.desktop@21.0.2
J 1461 c1 java.security.ProtectionDomain$JavaSecurityAccessImpl.doIntersectionPrivilege(Ljava/security/PrivilegedAction;Ljava/security/AccessControlContext;Ljava/security/AccessControlContext;)Ljava/lang/Object; java.base@21.0.2 (22 bytes) @ 0x000002b7ef0a9174 [0x000002b7ef0a8ec0+0x00000000000002b4]
j  java.awt.EventQueue.dispatchEvent(Ljava/awt/AWTEvent;)V+46 java.desktop@21.0.2
j  java.awt.EventDispatchThread.pumpOneEventForFilters(I)V+81 java.desktop@21.0.2
j  java.awt.EventDispatchThread.pumpEventsForFilter(ILjava/awt/Conditional;Ljava/awt/EventFilter;)V+35 java.desktop@21.0.2
j  java.awt.EventDispatchThread.pumpEventsForHierarchy(ILjava/awt/Conditional;Ljava/awt/Component;)V+11 java.desktop@21.0.2
j  java.awt.EventDispatchThread.pumpEvents(ILjava/awt/Conditional;)V+4 java.desktop@21.0.2
j  java.awt.EventDispatchThread.pumpEvents(Ljava/awt/Conditional;)V+3 java.desktop@21.0.2
j  java.awt.EventDispatchThread.run()V+9 java.desktop@21.0.2
v  ~StubRoutines::call_stub 0x000002b7f628100d

Compiled method (n/a) 179282659 1387     n 0       java.security.AccessController::getStackAccessControlContext (native)
 total in heap  [0x000002b7f6a34490,0x000002b7f6a34a70] = 1504
 relocation     [0x000002b7f6a345f0,0x000002b7f6a34628] = 56
 main code      [0x000002b7f6a34640,0x000002b7f6a34a6c] = 1068
 stub code      [0x000002b7f6a34a6c,0x000002b7f6a34a70] = 4

[Constant Pool (empty)]

[MachCode]
[Entry Point]
  # {method} {0x000002b787478310} 'getStackAccessControlContext' '()Ljava/security/AccessControlContext;' in 'java/security/AccessController'
  #           [sp+0x70]  (sp of caller)
  0x000002b7f6a34640: 448b 5208 | 49bb 0000 | 0087 b702 | 0000 4d03 | d349 3bc2 | 0f84 0600 

  0x000002b7f6a34658: ;   {runtime_call ic_miss_stub}
  0x000002b7f6a34658: 0000 e921 | a189 ff90 
[Verified Entry Point]
  0x000002b7f6a34660: 8984 2400 | 80ff ff55 | 488b ec48 | 83ec 6090 | 4181 7f20 | 0100 0000 

  0x000002b7f6a34678: ;   {runtime_call StubRoutines (final stubs)}
  0x000002b7f6a34678: 7405 e8e1 

  0x000002b7f6a3467c: ;   {oop(a 'java/lang/Class'{0x00000007133286d8} = 'java/security/AccessController')}
  0x000002b7f6a3467c: 0688 ff49 | bed8 8632 | 1307 0000 | 004c 8974 | 2450 4c8d | 7424 5049 | 8bd6 c5f8 

  0x000002b7f6a34698: ;   {internal_word}
  0x000002b7f6a34698: 7749 ba96 | 46a3 f6b7 | 0200 004d | 8997 a003 | 0000 4989 | a798 0300 

  0x000002b7f6a346b0: ;   {external_word}
  0x000002b7f6a346b0: 0049 baf9 | 45fd 34fc | 7f00 0041 | 803a 000f | 8446 0000 

  0x000002b7f6a346c4: ;   {metadata({method} {0x000002b787478310} 'getStackAccessControlContext' '()Ljava/security/AccessControlContext;' in 'java/security/AccessController')}
  0x000002b7f6a346c4: 0052 48ba | 0883 4787 | b702 0000 | 498b cf48 | 83ec 2040 | f6c4 0f0f | 8419 0000 | 0048 83ec 
  0x000002b7f6a346e4: ;   {runtime_call}
  0x000002b7f6a346e4: 0848 b840 | 09ae 34fc | 7f00 00ff | d048 83c4 | 08e9 0c00 

  0x000002b7f6a346f8: ;   {runtime_call}
  0x000002b7f6a346f8: 0000 48b8 | 4009 ae34 | fc7f 0000 | ffd0 4883 | c420 5a49 | 8d8f b803 | 0000 41c7 | 874c 0400 
  0x000002b7f6a34718: 0004 0000 

  0x000002b7f6a3471c: ;   {runtime_call}
  0x000002b7f6a3471c: 0048 b814 | 1051 ecfc | 7f00 00ff | d0c5 f877 | 41c7 874c | 0400 0005 | 0000 00f0 | 8344 24c0 
  0x000002b7f6a3473c: 0049 3baf | 5004 0000 | 0f87 0e00 | 0000 4183 | bf48 0400 | 0000 0f84 | 2b00 0000 | c5f8 7748 
  0x000002b7f6a3475c: 8945 f849 | 8bcf 4c8b | e448 83ec | 2048 83e4 

  0x000002b7f6a3476c: ;   {runtime_call}
  0x000002b7f6a3476c: f048 b8d0 | c379 34fc | 7f00 00ff | d049 8be4 | 4d33 e448 | 8b45 f841 | c787 4c04 | 0000 0800 
  0x000002b7f6a3478c: 0000 4183 | bfc8 0400 | 0002 0f84 | a302 0000 

  0x000002b7f6a3479c: ;   {external_word}
  0x000002b7f6a3479c: 49ba f945 | fd34 fc7f | 0000 4180 | 3a00 0f84 | 4c00 0000 | 4889 45f8 

  0x000002b7f6a347b4: ;   {metadata({method} {0x000002b787478310} 'getStackAccessControlContext' '()Ljava/security/AccessControlContext;' in 'java/security/AccessController')}
  0x000002b7f6a347b4: 48ba 0883 | 4787 b702 | 0000 498b | cf48 83ec | 2040 f6c4 | 0f0f 8419 | 0000 0048 

  0x000002b7f6a347d0: ;   {runtime_call}
  0x000002b7f6a347d0: 83ec 0848 | b840 09ae | 34fc 7f00 | 00ff d048 | 83c4 08e9 | 0c00 0000 

  0x000002b7f6a347e8: ;   {runtime_call}
  0x000002b7f6a347e8: 48b8 4009 | ae34 fc7f | 0000 ffd0 | 4883 c420 | 488b 45f8 | 49c7 8798 | 0300 0000 | 0000 0049 
  0x000002b7f6a34808: c787 a003 | 0000 0000 | 0000 c5f8 | 7748 85c0 | 0f84 fe01 | 0000 a803 | 0f85 0800 | 0000 488b 
  0x000002b7f6a34828: 00e9 ee01 | 0000 a801 | 0f85 0900 | 0000 488b | 40fe e9dd | 0100 0048 | 8b40 ff41 | 807f 4000 
  0x000002b7f6a34848: 0f84 ce01 | 0000 4883 | f800 0f84 | c401 0000 | 498b 4f28 | 4883 f900 | 0f84 1400 | 0000 4883 
  0x000002b7f6a34868: e908 4989 | 4f28 4903 | 4f38 4889 | 01e9 a201 | 0000 4881 | ecd0 0000 | 0048 8904 | 2448 894c 
  0x000002b7f6a34888: 2408 4889 | 5424 1048 | 8974 2418 | 4889 7c24 | 204c 8944 | 2428 4c89 | 4c24 304c | 8954 2438 
  0x000002b7f6a348a8: 4c89 5c24 | 40c5 fb11 | 4424 50c5 | fb11 4c24 | 58c5 fb11 | 5424 60c5 | fb11 5c24 | 68c5 fb11 
  0x000002b7f6a348c8: 6424 70c5 | fb11 6c24 | 78c5 fb11 | b424 8000 | 0000 c5fb | 11bc 2488 | 0000 00c5 

  0x000002b7f6a348e4: ;   {no_reloc}
  0x000002b7f6a348e4: 7b11 8424 | 9000 0000 | c57b 118c | 2498 0000 | 00c5 7b11 | 9424 a000 | 0000 c57b | 119c 24a8 
  0x000002b7f6a34904: 0000 00c5 | 7b11 a424 | b000 0000 | c57b 11ac | 24b8 0000 | 00c5 7b11 | b424 c000 | 0000 c57b 
  0x000002b7f6a34924: 11bc 24c8 | 0000 0049 | 8bd7 488b | c848 83ec | 2040 f6c4 | 0f0f 8419 | 0000 0048 

  0x000002b7f6a34940: ;   {runtime_call}
  0x000002b7f6a34940: 83ec 0848 | b890 266d | 34fc 7f00 | 00ff d048 | 83c4 08e9 | 0c00 0000 

  0x000002b7f6a34958: ;   {runtime_call}
  0x000002b7f6a34958: 48b8 9026 | 6d34 fc7f | 0000 ffd0 | 4883 c420 | c57b 10bc | 24c8 0000 | 00c5 7b10 | b424 c000 
  0x000002b7f6a34978: 0000 c57b | 10ac 24b8 | 0000 00c5 | 7b10 a424 | b000 0000 | c57b 109c | 24a8 0000 | 00c5 7b10 
  0x000002b7f6a34998: 9424 a000 | 0000 c57b | 108c 2498 | 0000 00c5 | 7b10 8424 | 9000 0000 | c5fb 10bc | 2488 0000 
  0x000002b7f6a349b8: 00c5 fb10 | b424 8000 | 0000 c5fb | 106c 2478 | c5fb 1064 | 2470 c5fb | 105c 2468 | c5fb 1054 
  0x000002b7f6a349d8: 2460 c5fb | 104c 2458 | c5fb 1044 | 2450 4c8b | 5c24 404c | 8b54 2438 | 4c8b 4c24 | 304c 8b44 
  0x000002b7f6a349f8: 2428 488b | 7c24 2048 | 8b74 2418 | 488b 5424 | 1048 8b4c | 2408 488b | 0424 4881 | c4d0 0000 
  0x000002b7f6a34a18: 00c5 f877 | 498b 8f28 | 0400 00c7 | 8100 0100 | 0000 0000 | 00c9 4983 | 7f08 000f | 8501 0000 
  0x000002b7f6a34a38: ;   {runtime_call StubRoutines (initial stubs)}
  0x000002b7f6a34a38: 00c3 e9c1 | c484 ffc5 | f877 4889 | 45f8 4c8b | e448 83ec | 2048 83e4 

  0x000002b7f6a34a50: ;   {runtime_call}
  0x000002b7f6a34a50: f048 b870 | 41ae 34fc | 7f00 00ff | d049 8be4 | 4d33 e448 | 8b45 f8e9 | 30fd ffff 
[Stub Code]
  0x000002b7f6a34a6c: f4f4 f4f4 
[/MachCode]


Compiled method (c1) 179282669 1386       3       java.security.AccessController::getContext (23 bytes)
 total in heap  [0x000002b7ef08e490,0x000002b7ef08ea38] = 1448
 relocation     [0x000002b7ef08e5f0,0x000002b7ef08e660] = 112
 main code      [0x000002b7ef08e660,0x000002b7ef08e8e8] = 648
 stub code      [0x000002b7ef08e8e8,0x000002b7ef08e938] = 80
 metadata       [0x000002b7ef08e938,0x000002b7ef08e950] = 24
 scopes data    [0x000002b7ef08e950,0x000002b7ef08e990] = 64
 scopes pcs     [0x000002b7ef08e990,0x000002b7ef08ea20] = 144
 dependencies   [0x000002b7ef08ea20,0x000002b7ef08ea28] = 8
 nul chk table  [0x000002b7ef08ea28,0x000002b7ef08ea38] = 16

[Constant Pool (empty)]

[MachCode]
[Verified Entry Point]
  # {method} {0x000002b787478438} 'getContext' '()Ljava/security/AccessControlContext;' in 'java/security/AccessController'
  #           [sp+0x60]  (sp of caller)
  0x000002b7ef08e660: 8984 2400 | 80ff ff55 | 4883 ec50 | 4181 7f20 | 0100 0000 

  0x000002b7ef08e674: ;   {runtime_call StubRoutines (final stubs)}
  0x000002b7ef08e674: 7405 e8e5 

  0x000002b7ef08e678: ;   {metadata(method data for {method} {0x000002b787478438} 'getContext' '()Ljava/security/AccessControlContext;' in 'java/security/AccessController')}
  0x000002b7ef08e678: 6622 0748 | be00 566a | c8b7 0200 | 008b becc | 0000 0083 | c702 89be | cc00 0000 | 81e7 fe07 
  0x000002b7ef08e698: 0000 85ff | 0f84 7d01 

  0x000002b7ef08e6a0: ;   {metadata(method data for {method} {0x000002b787478438} 'getContext' '()Ljava/security/AccessControlContext;' in 'java/security/AccessController')}
  0x000002b7ef08e6a0: 0000 48be | 0056 6ac8 | b702 0000 | 4883 8610 | 0100 0001 

  0x000002b7ef08e6b4: ;   {static_call}
  0x000002b7ef08e6b4: 6666 90e8 

  0x000002b7ef08e6b8: ; ImmutableOopMap {}
                      ;*invokestatic getStackAccessControlContext {reexecute=0 rethrow=0 return_oop=0}
                      ; - java.security.AccessController::getContext@0 (line 1006)
  0x000002b7ef08e6b8: a45f 9a07 

  0x000002b7ef08e6bc: ;   {other}
  0x000002b7ef08e6bc: 0f1f 8400 | 2c02 0000 

  0x000002b7ef08e6c4: ;   {metadata(method data for {method} {0x000002b787478438} 'getContext' '()Ljava/security/AccessControlContext;' in 'java/security/AccessController')}
  0x000002b7ef08e6c4: 4885 c048 | ba00 566a | c8b7 0200 | 0048 be20 | 0100 0000 | 0000 0075 | 0a48 be30 | 0100 0000 
  0x000002b7ef08e6e4: 0000 0048 | 8b3c 3248 | 8d7f 0148 | 893c 320f | 85eb 0000 

  0x000002b7ef08e6f8: ;   {metadata('java/security/AccessControlContext')}
  0x000002b7ef08e6f8: 0048 ba00 | 9802 87b7 | 0200 0049 | 8b87 b801 | 0000 488d | 7828 493b | bfc8 0100 | 000f 8725 
  0x000002b7ef08e718: 0100 0049 | 89bf b801 | 0000 48c7 | 0001 0000 | 0048 8bca | 49ba 0000 | 0087 b702 | 0000 492b 
  0x000002b7ef08e738: ca89 4808 | 4833 c989 | 480c 4833 | c948 8948 | 1048 8948 | 1848 8948 | 2048 8bd0 

  0x000002b7ef08e754: ;   {metadata(method data for {method} {0x000002b787478438} 'getContext' '()Ljava/security/AccessControlContext;' in 'java/security/AccessController')}
  0x000002b7ef08e754: 48be 0056 | 6ac8 b702 | 0000 4883 | 8640 0100 

  0x000002b7ef08e764: ;   {metadata(method data for {method} {0x000002b78741b6c8} '<init>' '([Ljava/security/ProtectionDomain;Z)V' in 'java/security/AccessControlContext')}
  0x000002b7ef08e764: 0001 48ba | c057 6ac8 | b702 0000 | 8bb2 cc00 | 0000 83c6 | 0289 b2cc | 0000 0081 | e6fe ff1f 
  0x000002b7ef08e784: 0085 f60f | 84c0 0000 | 0048 8bd0 

  0x000002b7ef08e790: ;   {metadata(method data for {method} {0x000002b78741b6c8} '<init>' '([Ljava/security/ProtectionDomain;Z)V' in 'java/security/AccessControlContext')}
  0x000002b7ef08e790: 48be c057 | 6ac8 b702 | 0000 4883 | 8610 0100 

  0x000002b7ef08e7a0: ;   {metadata(method data for {method} {0x000002b78747c8f0} '<init>' '()V' in 'java/lang/Object')}
  0x000002b7ef08e7a0: 0001 48ba | 207d 00c8 | b702 0000 | 8bb2 cc00 | 0000 83c6 | 0289 b2cc | 0000 0081 | e6fe ff1f 
  0x000002b7ef08e7c0: 0085 f60f | 84a5 0000 | 00c6 400c | 01c6 400d | 0148 83c4 

  0x000002b7ef08e7d4: ;   {poll_return}
  0x000002b7ef08e7d4: 505d 493b | a750 0400 | 000f 87ac | 0000 00c3 

  0x000002b7ef08e7e4: ; implicit exception: dispatches to 0x000002b7ef08e8a5
  0x000002b7ef08e7e4: 483b 0048 

  0x000002b7ef08e7e8: ;   {metadata(method data for {method} {0x000002b787478438} 'getContext' '()Ljava/security/AccessControlContext;' in 'java/security/AccessController')}
  0x000002b7ef08e7e8: 8bd0 48be | 0056 6ac8 | b702 0000 | 4883 8650 | 0100 0001 

  0x000002b7ef08e7fc: ;   {optimized virtual_call}
  0x000002b7ef08e7fc: 488b d0e8 

  0x000002b7ef08e800: ; ImmutableOopMap {}
                      ;*invokevirtual optimize {reexecute=0 rethrow=0 return_oop=0}
                      ; - java.security.AccessController::getContext@19 (line 1012)
  0x000002b7ef08e800: 5cee feff 

  0x000002b7ef08e804: ;   {other}
  0x000002b7ef08e804: 0f1f 8400 | 7403 0001 | 4883 c450 

  0x000002b7ef08e810: ;   {poll_return}
  0x000002b7ef08e810: 5d49 3ba7 | 5004 0000 | 0f87 8c00 

  0x000002b7ef08e81c: ;   {metadata({method} {0x000002b787478438} 'getContext' '()Ljava/security/AccessControlContext;' in 'java/security/AccessController')}
  0x000002b7ef08e81c: 0000 c349 | ba30 8447 | 87b7 0200 | 004c 8954 | 2408 48c7 | 0424 ffff 

  0x000002b7ef08e834: ;   {runtime_call counter_overflow Runtime1 stub}
  0x000002b7ef08e834: ffff e845 

  0x000002b7ef08e838: ; ImmutableOopMap {}
                      ;*synchronization entry
                      ; - java.security.AccessController::getContext@-1 (line 1006)
  0x000002b7ef08e838: 9630 07e9 | 62fe ffff 

  0x000002b7ef08e840: ;   {runtime_call fast_new_instance Runtime1 stub}
  0x000002b7ef08e840: 488b d2e8 

  0x000002b7ef08e844: ; ImmutableOopMap {}
                      ;*new {reexecute=0 rethrow=0 return_oop=0}
                      ; - java.security.AccessController::getContext@8 (line 1010)
  0x000002b7ef08e844: b83b 3007 | e904 ffff 

  0x000002b7ef08e84c: ;   {metadata({method} {0x000002b78741b6c8} '<init>' '([Ljava/security/ProtectionDomain;Z)V' in 'java/security/AccessControlContext')}
  0x000002b7ef08e84c: ff49 bac0 | b641 87b7 | 0200 004c | 8954 2408 | 48c7 0424 | ffff ffff 

  0x000002b7ef08e864: ;   {runtime_call counter_overflow Runtime1 stub}
  0x000002b7ef08e864: e817 9630 

  0x000002b7ef08e868: ; ImmutableOopMap {rax=Oop }
                      ;*synchronization entry
                      ; - java.security.AccessControlContext::<init>@-1 (line 301)
                      ; - java.security.AccessController::getContext@14 (line 1010)
  0x000002b7ef08e868: 07e9 1fff 

  0x000002b7ef08e86c: ;   {metadata({method} {0x000002b78747c8f0} '<init>' '()V' in 'java/lang/Object')}
  0x000002b7ef08e86c: ffff 49ba | e8c8 4787 | b702 0000 | 4c89 5424 | 0848 c704 | 24ff ffff 

  0x000002b7ef08e884: ;   {runtime_call counter_overflow Runtime1 stub}
  0x000002b7ef08e884: ffe8 f695 

  0x000002b7ef08e888: ; ImmutableOopMap {rax=Oop }
                      ;*synchronization entry
                      ; - java.lang.Object::<init>@-1 (line 45)
                      ; - java.security.AccessControlContext::<init>@1 (line 301)
                      ; - java.security.AccessController::getContext@14 (line 1010)
  0x000002b7ef08e888: 3007 e93a 

  0x000002b7ef08e88c: ;   {internal_word}
  0x000002b7ef08e88c: ffff ff49 | bad6 e708 | efb7 0200 | 004d 8997 | 6804 0000 

  0x000002b7ef08e8a0: ;   {runtime_call SafepointBlob}
  0x000002b7ef08e8a0: e95b 6e24 

  0x000002b7ef08e8a4: ;   {runtime_call throw_null_pointer_exception Runtime1 stub}
  0x000002b7ef08e8a4: 07e8 d628 

  0x000002b7ef08e8a8: ; ImmutableOopMap {rax=Oop }
                      ;*invokevirtual optimize {reexecute=0 rethrow=0 return_oop=0}
                      ; - java.security.AccessController::getContext@19 (line 1012)
                      ;   {internal_word}
  0x000002b7ef08e8a8: 3007 49ba | 11e8 08ef | b702 0000 | 4d89 9768 

  0x000002b7ef08e8b8: ;   {runtime_call SafepointBlob}
  0x000002b7ef08e8b8: 0400 00e9 | 406e 2407 | 498b 8700 | 0500 0049 | c787 0005 | 0000 0000 | 0000 49c7 | 8708 0500 
  0x000002b7ef08e8d8: 0000 0000 | 0048 83c4 

  0x000002b7ef08e8e0: ;   {runtime_call unwind_exception Runtime1 stub}
  0x000002b7ef08e8e0: 505d e999 | 1030 07f4 
[Stub Code]
  0x000002b7ef08e8e8: ;   {no_reloc}
  0x000002b7ef08e8e8: 48bb 0000 | 0000 0000 

  0x000002b7ef08e8f0: ;   {runtime_call}
  0x000002b7ef08e8f0: 0000 e9fb 

  0x000002b7ef08e8f4: ;   {static_stub}
  0x000002b7ef08e8f4: ffff ff48 | bb00 0000 | 0000 0000 

  0x000002b7ef08e900: ;   {runtime_call}
  0x000002b7ef08e900: 00e9 fbff 

  0x000002b7ef08e904: ;   {runtime_call handle_exception_from_callee Runtime1 stub}
  0x000002b7ef08e904: ffff e8f5 

  0x000002b7ef08e908: ;   {external_word}
  0x000002b7ef08e908: 5d30 0748 | b900 48d5 | 34fc 7f00 | 0048 83e4 

  0x000002b7ef08e918: ;   {runtime_call}
  0x000002b7ef08e918: f048 b840 | 249d 34fc | 7f00 00ff 

  0x000002b7ef08e924: ;   {section_word}
  0x000002b7ef08e924: d0f4 49ba | 26e9 08ef | b702 0000 

  0x000002b7ef08e930: ;   {runtime_call DeoptimizationBlob}
  0x000002b7ef08e930: 4152 e969 | 6024 07f4 
[/MachCode]


Compiled method (c1) 179282678 1461       3       java.security.ProtectionDomain$JavaSecurityAccessImpl::doIntersectionPrivilege (22 bytes)
 total in heap  [0x000002b7ef0a8c90,0x000002b7ef0a9678] = 2536
 relocation     [0x000002b7ef0a8df0,0x000002b7ef0a8eb0] = 192
 main code      [0x000002b7ef0a8ec0,0x000002b7ef0a93d0] = 1296
 stub code      [0x000002b7ef0a93d0,0x000002b7ef0a9460] = 144
 metadata       [0x000002b7ef0a9460,0x000002b7ef0a9480] = 32
 scopes data    [0x000002b7ef0a9480,0x000002b7ef0a9560] = 224
 scopes pcs     [0x000002b7ef0a9560,0x000002b7ef0a9660] = 256
 dependencies   [0x000002b7ef0a9660,0x000002b7ef0a9668] = 8
 nul chk table  [0x000002b7ef0a9668,0x000002b7ef0a9678] = 16

[Constant Pool (empty)]

[MachCode]
[Entry Point]
  # {method} {0x000002b78711c788} 'doIntersectionPrivilege' '(Ljava/security/PrivilegedAction;Ljava/security/AccessControlContext;Ljava/security/AccessControlContext;)Ljava/lang/Object;' in 'java/security/ProtectionDomain$JavaSecurityAccessImpl'
  # this:     rdx:rdx   = 'java/security/ProtectionDomain$JavaSecurityAccessImpl'
  # parm0:    r8:r8     = 'java/security/PrivilegedAction'
  # parm1:    r9:r9     = 'java/security/AccessControlContext'
  # parm2:    rdi:rdi   = 'java/security/AccessControlContext'
  #           [sp+0xa0]  (sp of caller)
  0x000002b7ef0a8ec0: 448b 5208 | 49bb 0000 | 0087 b702 | 0000 4d03 | d34c 3bd0 

  0x000002b7ef0a8ed4: ;   {runtime_call ic_miss_stub}
  0x000002b7ef0a8ed4: 0f85 a658 | 2207 660f | 1f44 0000 
[Verified Entry Point]
  0x000002b7ef0a8ee0: 8984 2400 | 80ff ff55 | 4881 ec90 | 0000 0090 | 4181 7f20 | 0100 0000 

  0x000002b7ef0a8ef8: ;   {runtime_call StubRoutines (final stubs)}
  0x000002b7ef0a8ef8: 7405 e861 

  0x000002b7ef0a8efc: ;   {metadata(method data for {method} {0x000002b78711c788} 'doIntersectionPrivilege' '(Ljava/security/PrivilegedAction;Ljava/security/AccessControlContext;Ljava/security/AccessControlContext;)Ljava/lang/Object;' in 'java/security/ProtectionDomain$JavaSecurityAccessImpl')}
  0x000002b7ef0a8efc: be20 0748 | bef8 df6a | c8b7 0200 | 008b 9ecc | 0000 0083 | c302 899e | cc00 0000 | 81e3 fe07 
  0x000002b7ef0a8f1c: 0000 85db | 0f84 9303 | 0000 4d85 

  0x000002b7ef0a8f28: ;   {metadata(method data for {method} {0x000002b78711c788} 'doIntersectionPrivilege' '(Ljava/security/PrivilegedAction;Ljava/security/AccessControlContext;Ljava/security/AccessControlContext;)Ljava/lang/Object;' in 'java/security/ProtectionDomain$JavaSecurityAccessImpl')}
  0x000002b7ef0a8f28: c048 baf8 | df6a c8b7 | 0200 0048 | be20 0100 | 0000 0000 | 0074 0a48 | be10 0100 | 0000 0000 
  0x000002b7ef0a8f48: 0048 8b1c | 3248 8d5b | 0148 891c | 320f 84be | 0200 004c | 8944 2460 

  0x000002b7ef0a8f60: ;   {metadata(method data for {method} {0x000002b78711c788} 'doIntersectionPrivilege' '(Ljava/security/PrivilegedAction;Ljava/security/AccessControlContext;Ljava/security/AccessControlContext;)Ljava/lang/Object;' in 'java/security/ProtectionDomain$JavaSecurityAccessImpl')}
  0x000002b7ef0a8f60: 48ba f8df | 6ac8 b702 | 0000 4883 | 8240 0100 | 0001 488b | d74d 8bc1 | 0f1f 8000 

  0x000002b7ef0a8f7c: ;   {static_call}
  0x000002b7ef0a8f7c: 0000 00e8 

  0x000002b7ef0a8f80: ; ImmutableOopMap {[96]=Oop }
                      ;*invokestatic getCombinedACC {reexecute=0 rethrow=0 return_oop=0}
                      ; - java.security.ProtectionDomain$JavaSecurityAccessImpl::doIntersectionPrivilege@15 (line 89)
  0x000002b7ef0a8f80: dc08 0000 

  0x000002b7ef0a8f84: ;   {other}
  0x000002b7ef0a8f84: 0f1f 8400 | f402 0000 

  0x000002b7ef0a8f8c: ;   {metadata(method data for {method} {0x000002b78711c788} 'doIntersectionPrivilege' '(Ljava/security/PrivilegedAction;Ljava/security/AccessControlContext;Ljava/security/AccessControlContext;)Ljava/lang/Object;' in 'java/security/ProtectionDomain$JavaSecurityAccessImpl')}
  0x000002b7ef0a8f8c: 48be f8df | 6ac8 b702 | 0000 4883 | 8650 0100 

  0x000002b7ef0a8f9c: ;   {metadata(method data for {method} {0x000002b787478648} 'doPrivileged' '(Ljava/security/PrivilegedAction;Ljava/security/AccessControlContext;)Ljava/lang/Object;' in 'java/security/AccessController')}
  0x000002b7ef0a8f9c: 0001 48be | e8e0 52c8 | b702 0000 | 8bbe cc00 | 0000 83c7 | 0289 becc | 0000 0081 | e7fe ff1f 
  0x000002b7ef0a8fbc: 0085 ff0f | 8415 0300 

  0x000002b7ef0a8fc4: ;   {metadata(method data for {method} {0x000002b787478648} 'doPrivileged' '(Ljava/security/PrivilegedAction;Ljava/security/AccessControlContext;)Ljava/lang/Object;' in 'java/security/AccessController')}
  0x000002b7ef0a8fc4: 0048 bee8 | e052 c8b7 | 0200 0048 | 8386 1001 | 0000 0148 | 8944 2468 

  0x000002b7ef0a8fdc: ;   {static_call}
  0x000002b7ef0a8fdc: 6666 90e8 

  0x000002b7ef0a8fe0: ; ImmutableOopMap {[96]=Oop [104]=Oop }
                      ;*invokestatic getCallerClass {reexecute=0 rethrow=0 return_oop=0}
                      ; - java.security.AccessController::doPrivileged@0 (line 398)
                      ; - java.security.ProtectionDomain$JavaSecurityAccessImpl::doIntersectionPrivilege@18 (line 87)
  0x000002b7ef0a8fe0: 7c26 9507 

  0x000002b7ef0a8fe4: ;   {other}
  0x000002b7ef0a8fe4: 0f1f 8400 | 5403 0001 

  0x000002b7ef0a8fec: ;   {metadata(method data for {method} {0x000002b787478648} 'doPrivileged' '(Ljava/security/PrivilegedAction;Ljava/security/AccessControlContext;)Ljava/lang/Object;' in 'java/security/AccessController')}
  0x000002b7ef0a8fec: 48ba e8e0 | 52c8 b702 | 0000 4883 | 8220 0100 | 0001 488b | 5424 684c | 8bc0 4889 | 4424 700f 
  0x000002b7ef0a900c: ;   {static_call}
  0x000002b7ef0a900c: 1f40 00e8 

  0x000002b7ef0a9010: ; ImmutableOopMap {[96]=Oop [112]=Oop }
                      ;*invokestatic checkContext {reexecute=0 rethrow=0 return_oop=0}
                      ; - java.security.AccessController::doPrivileged@6 (line 399)
                      ; - java.security.ProtectionDomain$JavaSecurityAccessImpl::doIntersectionPrivilege@18 (line 87)
  0x000002b7ef0a9010: 2c63 ecff 

  0x000002b7ef0a9014: ;   {other}
  0x000002b7ef0a9014: 0f1f 8400 | 8403 0002 | 4889 4424 

  0x000002b7ef0a9020: ;   {metadata(method data for {method} {0x000002b787478648} 'doPrivileged' '(Ljava/security/PrivilegedAction;Ljava/security/AccessControlContext;)Ljava/lang/Object;' in 'java/security/AccessController')}
  0x000002b7ef0a9020: 7848 bae8 | e052 c8b7 | 0200 0048 | 8382 3001 

  0x000002b7ef0a9030: ;   {metadata(method data for {method} {0x000002b7874788d0} 'executePrivileged' '(Ljava/security/PrivilegedAction;Ljava/security/AccessControlContext;Ljava/lang/Class;)Ljava/lang/Object;' in 'java/security/AccessController')}
  0x000002b7ef0a9030: 0000 0148 | ba18 7e0e | c8b7 0200 | 008b b2cc | 0000 0083 | c602 89b2 | cc00 0000 | 81e6 feff 
  0x000002b7ef0a9050: 1f00 85f6 | 0f84 a102 | 0000 4885 

  0x000002b7ef0a905c: ;   {metadata(method data for {method} {0x000002b7874788d0} 'executePrivileged' '(Ljava/security/PrivilegedAction;Ljava/security/AccessControlContext;Ljava/lang/Class;)Ljava/lang/Object;' in 'java/security/AccessController')}
  0x000002b7ef0a905c: c048 ba18 | 7e0e c8b7 | 0200 0048 | be10 0100 | 0000 0000 | 0074 0a48 | be20 0100 | 0000 0000 
  0x000002b7ef0a907c: 0048 8b3c | 3248 8d7f | 0148 893c | 320f 8425 

  0x000002b7ef0a908c: ;   {metadata(method data for {method} {0x000002b7874788d0} 'executePrivileged' '(Ljava/security/PrivilegedAction;Ljava/security/AccessControlContext;Ljava/lang/Class;)Ljava/lang/Object;' in 'java/security/AccessController')}
  0x000002b7ef0a908c: 0000 0048 | ba18 7e0e | c8b7 0200 | 0048 8382 | 3001 0000 | 0148 8bd0 

  0x000002b7ef0a90a4: ;   {static_call}
  0x000002b7ef0a90a4: 6666 90e8 

  0x000002b7ef0a90a8: ; ImmutableOopMap {[96]=Oop [112]=Oop [120]=Oop }
                      ;*invokestatic ensureMaterializedForStackWalk {reexecute=0 rethrow=0 return_oop=0}
                      ; - java.security.AccessController::executePrivileged@5 (line 774)
                      ; - java.security.AccessController::doPrivileged@13 (line 400)
                      ; - java.security.ProtectionDomain$JavaSecurityAccessImpl::doIntersectionPrivilege@18 (line 87)
  0x000002b7ef0a90a8: 345e 9507 

  0x000002b7ef0a90ac: ;   {other}
  0x000002b7ef0a90ac: 0f1f 8400 | 1c04 0003 

  0x000002b7ef0a90b4: ;   {metadata(method data for {method} {0x000002b7874788d0} 'executePrivileged' '(Ljava/security/PrivilegedAction;Ljava/security/AccessControlContext;Ljava/lang/Class;)Ljava/lang/Object;' in 'java/security/AccessController')}
  0x000002b7ef0a90b4: 48ba 187e | 0ec8 b702 | 0000 ff82 | 4001 0000 | 4c8b 4424 | 6049 3b00 

  0x000002b7ef0a90cc: ;   {metadata(method data for {method} {0x000002b7874788d0} 'executePrivileged' '(Ljava/security/PrivilegedAction;Ljava/security/AccessControlContext;Ljava/lang/Class;)Ljava/lang/Object;' in 'java/security/AccessController')}
  0x000002b7ef0a90cc: 498b d048 | be18 7e0e | c8b7 0200 | 008b 5208 | 49ba 0000 | 0087 b702 | 0000 4903 | d248 3b96 
  0x000002b7ef0a90ec: b001 0000 | 750d 4883 | 86b8 0100 | 0001 e960 | 0000 0048 | 3b96 c001 | 0000 750d | 4883 86c8 
  0x000002b7ef0a910c: 0100 0001 | e94a 0000 | 0048 83be | b001 0000 | 0075 1748 | 8996 b001 | 0000 48c7 | 86b8 0100 
  0x000002b7ef0a912c: 0001 0000 | 00e9 2900 | 0000 4883 | bec0 0100 | 0000 7517 | 4889 96c0 | 0100 0048 | c786 c801 
  0x000002b7ef0a914c: 0000 0100 | 0000 e908 | 0000 0048 | 8386 a001 | 0000 0149 | 8bd0 6666 | 9048 b810 | cf3f ccb7 
  0x000002b7ef0a916c: ;   {virtual_call}
  0x000002b7ef0a916c: 0200 00e8 

  0x000002b7ef0a9170: ; ImmutableOopMap {[112]=Oop [120]=Oop }
                      ;*invokeinterface run {reexecute=0 rethrow=0 return_oop=0}
                      ; - java.security.AccessController::executePrivileged@29 (line 778)
                      ; - java.security.AccessController::doPrivileged@13 (line 400)
                      ; - java.security.ProtectionDomain$JavaSecurityAccessImpl::doIntersectionPrivilege@18 (line 87)
  0x000002b7ef0a9170: 1c4f 2f07 

  0x000002b7ef0a9174: ;   {other}
  0x000002b7ef0a9174: 0f1f 8400 | e404 0004 

  0x000002b7ef0a917c: ;   {metadata(method data for {method} {0x000002b7874788d0} 'executePrivileged' '(Ljava/security/PrivilegedAction;Ljava/security/AccessControlContext;Ljava/lang/Class;)Ljava/lang/Object;' in 'java/security/AccessController')}
  0x000002b7ef0a917c: 48ba 187e | 0ec8 b702 | 0000 ff82 | d801 0000 | 488b 5424 

  0x000002b7ef0a9190: ;   {metadata(method data for {method} {0x000002b7874788d0} 'executePrivileged' '(Ljava/security/PrivilegedAction;Ljava/security/AccessControlContext;Ljava/lang/Class;)Ljava/lang/Object;' in 'java/security/AccessController')}
  0x000002b7ef0a9190: 7048 be18 | 7e0e c8b7 | 0200 0048 | 8386 3802 

  0x000002b7ef0a91a0: ;   {metadata(method data for {method} {0x000002b78703d400} 'reachabilityFence' '(Ljava/lang/Object;)V' in 'java/lang/ref/Reference')}
  0x000002b7ef0a91a0: 0000 0148 | be20 860a | c8b7 0200 | 008b becc | 0000 0083 | c702 89be | cc00 0000 | 81e7 feff 
  0x000002b7ef0a91c0: 1f00 85ff | 0f84 5701 

  0x000002b7ef0a91c8: ;   {metadata(method data for {method} {0x000002b7874788d0} 'executePrivileged' '(Ljava/security/PrivilegedAction;Ljava/security/AccessControlContext;Ljava/lang/Class;)Ljava/lang/Object;' in 'java/security/AccessController')}
  0x000002b7ef0a91c8: 0000 48ba | 187e 0ec8 | b702 0000 | 4883 8248 | 0200 0001 

  0x000002b7ef0a91dc: ;   {metadata(method data for {method} {0x000002b78703d400} 'reachabilityFence' '(Ljava/lang/Object;)V' in 'java/lang/ref/Reference')}
  0x000002b7ef0a91dc: 48ba 2086 | 0ac8 b702 | 0000 8bb2 | cc00 0000 | 83c6 0289 | b2cc 0000 | 0081 e6fe | ff1f 0085 
  0x000002b7ef0a91fc: f60f 843f | 0100 0048 | 81c4 9000 

  0x000002b7ef0a9208: ;   {poll_return}
  0x000002b7ef0a9208: 0000 5d49 | 3ba7 5004 | 0000 0f87 | 4b01 0000 | c30f 1f80 | 0000 0000 

  0x000002b7ef0a9220: ;   {no_reloc}
  0x000002b7ef0a9220: e963 0100 | 0000 0000 | 0000 498b | 87b8 0100 | 0048 8d78 | 3049 3bbf | c801 0000 | 0f87 5001 
  0x000002b7ef0a9240: 0000 4989 | bfb8 0100 | 0048 c700 | 0100 0000 | 488b ca49 | ba00 0000 | 87b7 0200 | 0049 2bca 
  0x000002b7ef0a9260: 8948 0848 | 33c9 8948 | 0c48 33c9 | 4889 4810 | 4889 4818 | 4889 4820 | 4889 4828 

  0x000002b7ef0a927c: ;   {metadata(method data for {method} {0x000002b78711c788} 'doIntersectionPrivilege' '(Ljava/security/PrivilegedAction;Ljava/security/AccessControlContext;Ljava/security/AccessControlContext;)Ljava/lang/Object;' in 'java/security/ProtectionDomain$JavaSecurityAccessImpl')}
  0x000002b7ef0a927c: 488b d048 | bef8 df6a | c8b7 0200 | 0048 8386 | 3001 0000 | 0148 8bd0 | 4889 8424 | 8000 0000 
  0x000002b7ef0a929c: ;   {optimized virtual_call}
  0x000002b7ef0a929c: 6666 90e8 

  0x000002b7ef0a92a0: ; ImmutableOopMap {[128]=Oop }
                      ;*invokespecial <init> {reexecute=0 rethrow=0 return_oop=0}
                      ; - java.security.ProtectionDomain$JavaSecurityAccessImpl::doIntersectionPrivilege@8 (line 84)
  0x000002b7ef0a92a0: dc57 2207 

  0x000002b7ef0a92a4: ;   {other}
  0x000002b7ef0a92a4: 0f1f 8400 | 1406 0005 | 488b 8424 | 8000 0000 | e903 0100 

  0x000002b7ef0a92b8: ;   {metadata({method} {0x000002b78711c788} 'doIntersectionPrivilege' '(Ljava/security/PrivilegedAction;Ljava/security/AccessControlContext;Ljava/security/AccessControlContext;)Ljava/lang/Object;' in 'java/security/ProtectionDomain$JavaSecurityAccessImpl')}
  0x000002b7ef0a92b8: 0049 ba80 | c711 87b7 | 0200 004c | 8954 2408 | 48c7 0424 | ffff ffff 

  0x000002b7ef0a92d0: ;   {runtime_call counter_overflow Runtime1 stub}
  0x000002b7ef0a92d0: e8ab eb2e 

  0x000002b7ef0a92d4: ; ImmutableOopMap {rdx=Oop r8=Oop r9=Oop rdi=Oop }
                      ;*synchronization entry
                      ; - java.security.ProtectionDomain$JavaSecurityAccessImpl::doIntersectionPrivilege@-1 (line 83)
  0x000002b7ef0a92d4: 07e9 4cfc 

  0x000002b7ef0a92d8: ;   {metadata({method} {0x000002b787478648} 'doPrivileged' '(Ljava/security/PrivilegedAction;Ljava/security/AccessControlContext;)Ljava/lang/Object;' in 'java/security/AccessController')}
  0x000002b7ef0a92d8: ffff 49ba | 4086 4787 | b702 0000 | 4c89 5424 | 0848 c704 | 24ff ffff 

  0x000002b7ef0a92f0: ;   {runtime_call counter_overflow Runtime1 stub}
  0x000002b7ef0a92f0: ffe8 8aeb 

  0x000002b7ef0a92f4: ; ImmutableOopMap {rax=Oop [96]=Oop }
                      ;*synchronization entry
                      ; - java.security.AccessController::doPrivileged@-1 (line 398)
                      ; - java.security.ProtectionDomain$JavaSecurityAccessImpl::doIntersectionPrivilege@18 (line 87)
  0x000002b7ef0a92f4: 2e07 e9ca 

  0x000002b7ef0a92f8: ;   {metadata({method} {0x000002b7874788d0} 'executePrivileged' '(Ljava/security/PrivilegedAction;Ljava/security/AccessControlContext;Ljava/lang/Class;)Ljava/lang/Object;' in 'java/security/AccessController')}
  0x000002b7ef0a92f8: fcff ff49 | bac8 8847 | 87b7 0200 | 004c 8954 | 2408 48c7 | 0424 ffff 

  0x000002b7ef0a9310: ;   {runtime_call counter_overflow Runtime1 stub}
  0x000002b7ef0a9310: ffff e869 

  0x000002b7ef0a9314: ; ImmutableOopMap {rax=Oop [96]=Oop [112]=Oop [120]=Oop }
                      ;*synchronization entry
                      ; - java.security.AccessController::executePrivileged@-1 (line 773)
                      ; - java.security.AccessController::doPrivileged@13 (line 400)
                      ; - java.security.ProtectionDomain$JavaSecurityAccessImpl::doIntersectionPrivilege@18 (line 87)
  0x000002b7ef0a9314: eb2e 07e9 | 3efd ffff 

  0x000002b7ef0a931c: ;   {runtime_call throw_null_pointer_exception Runtime1 stub}
  0x000002b7ef0a931c: e85f 7e2e 

  0x000002b7ef0a9320: ; ImmutableOopMap {r8=Oop [112]=Oop [120]=Oop }
                      ;*invokeinterface run {reexecute=0 rethrow=0 return_oop=0}
                      ; - java.security.AccessController::executePrivileged@29 (line 778)
                      ; - java.security.AccessController::doPrivileged@13 (line 400)
                      ; - java.security.ProtectionDomain$JavaSecurityAccessImpl::doIntersectionPrivilege@18 (line 87)
                      ;   {metadata({method} {0x000002b78703d400} 'reachabilityFence' '(Ljava/lang/Object;)V' in 'java/lang/ref/Reference')}
  0x000002b7ef0a9320: 0749 baf8 | d303 87b7 | 0200 004c | 8954 2408 | 48c7 0424 | ffff ffff 

  0x000002b7ef0a9338: ;   {runtime_call counter_overflow Runtime1 stub}
  0x000002b7ef0a9338: e843 eb2e 

  0x000002b7ef0a933c: ; ImmutableOopMap {rax=Oop rdx=Oop }
                      ;*synchronization entry
                      ; - java.lang.ref.Reference::reachabilityFence@-1 (line 628)
                      ; - java.security.AccessController::executePrivileged@56 (line 783)
                      ; - java.security.AccessController::doPrivileged@13 (line 400)
                      ; - java.security.ProtectionDomain$JavaSecurityAccessImpl::doIntersectionPrivilege@18 (line 87)
  0x000002b7ef0a933c: 07e9 88fe 

  0x000002b7ef0a9340: ;   {metadata({method} {0x000002b78703d400} 'reachabilityFence' '(Ljava/lang/Object;)V' in 'java/lang/ref/Reference')}
  0x000002b7ef0a9340: ffff 49ba | f8d3 0387 | b702 0000 | 4c89 5424 | 0848 c704 | 24ff ffff 

  0x000002b7ef0a9358: ;   {runtime_call counter_overflow Runtime1 stub}
  0x000002b7ef0a9358: ffe8 22eb 

  0x000002b7ef0a935c: ; ImmutableOopMap {rax=Oop }
                      ;*synchronization entry
                      ; - java.lang.ref.Reference::reachabilityFence@-1 (line 628)
                      ; - java.security.AccessController::executePrivileged@60 (line 784)
                      ; - java.security.AccessController::doPrivileged@13 (line 400)
                      ; - java.security.ProtectionDomain$JavaSecurityAccessImpl::doIntersectionPrivilege@18 (line 87)
  0x000002b7ef0a935c: 2e07 e9a0 

  0x000002b7ef0a9360: ;   {internal_word}
  0x000002b7ef0a9360: feff ff49 | ba0b 920a | efb7 0200 | 004d 8997 | 6804 0000 

  0x000002b7ef0a9374: ;   {runtime_call SafepointBlob}
  0x000002b7ef0a9374: e987 c322 

  0x000002b7ef0a9378: ;   {metadata(nullptr)}
  0x000002b7ef0a9378: 0748 ba00 | 0000 0000 | 0000 00b8 | 000f 050a 

  0x000002b7ef0a9388: ;   {runtime_call load_klass_patching Runtime1 stub}
  0x000002b7ef0a9388: e8f3 d52e 

  0x000002b7ef0a938c: ; ImmutableOopMap {}
                      ;*new {reexecute=1 rethrow=0 return_oop=0}
                      ; - (reexecute) java.security.ProtectionDomain$JavaSecurityAccessImpl::doIntersectionPrivilege@4 (line 84)
  0x000002b7ef0a938c: 07e9 8efe | ffff 488b 

  0x000002b7ef0a9394: ;   {runtime_call fast_new_instance Runtime1 stub}
  0x000002b7ef0a9394: d2e8 6690 

  0x000002b7ef0a9398: ; ImmutableOopMap {}
                      ;*new {reexecute=0 rethrow=0 return_oop=0}
                      ; - java.security.ProtectionDomain$JavaSecurityAccessImpl::doIntersectionPrivilege@4 (line 84)
  0x000002b7ef0a9398: 2e07 e9dd | feff ff49 | 8b87 0005 | 0000 49c7 | 8700 0500 | 0000 0000 | 0049 c787 | 0805 0000 
  0x000002b7ef0a93b8: 0000 0000 | 4881 c490 | 0000 005d 

  0x000002b7ef0a93c4: ;   {runtime_call unwind_exception Runtime1 stub}
  0x000002b7ef0a93c4: e9b7 652e | 07f4 f4f4 | f4f4 f4f4 
[Stub Code]
  0x000002b7ef0a93d0: ;   {no_reloc}
  0x000002b7ef0a93d0: 0f1f 4400 

  0x000002b7ef0a93d4: ;   {static_stub}
  0x000002b7ef0a93d4: 0048 bb00 | 0000 0000 

  0x000002b7ef0a93dc: ;   {runtime_call}
  0x000002b7ef0a93dc: 0000 00e9 | fbff ffff 

  0x000002b7ef0a93e4: ;   {static_stub}
  0x000002b7ef0a93e4: 48bb 0000 | 0000 0000 

  0x000002b7ef0a93ec: ;   {runtime_call}
  0x000002b7ef0a93ec: 0000 e9fb 

  0x000002b7ef0a93f0: ;   {static_stub}
  0x000002b7ef0a93f0: ffff ff48 | bb00 0000 | 0000 0000 

  0x000002b7ef0a93fc: ;   {runtime_call}
  0x000002b7ef0a93fc: 00e9 fbff 

  0x000002b7ef0a9400: ;   {static_stub}
  0x000002b7ef0a9400: ffff 48bb | 0000 0000 | 0000 0000 

  0x000002b7ef0a940c: ;   {runtime_call}
  0x000002b7ef0a940c: e9fb ffff 

  0x000002b7ef0a9410: ;   {static_stub}
  0x000002b7ef0a9410: ff48 bb00 | 0000 0000 

  0x000002b7ef0a9418: ;   {runtime_call}
  0x000002b7ef0a9418: 0000 00e9 | fbff ffff 

  0x000002b7ef0a9420: ;   {static_stub}
  0x000002b7ef0a9420: 48bb 0000 | 0000 0000 

  0x000002b7ef0a9428: ;   {runtime_call}
  0x000002b7ef0a9428: 0000 e9fb 

  0x000002b7ef0a942c: ;   {runtime_call handle_exception_from_callee Runtime1 stub}
  0x000002b7ef0a942c: ffff ffe8 | ccb2 2e07 

  0x000002b7ef0a9434: ;   {external_word}
  0x000002b7ef0a9434: 48b9 0048 | d534 fc7f | 0000 4883 

  0x000002b7ef0a9440: ;   {runtime_call}
  0x000002b7ef0a9440: e4f0 48b8 | 4024 9d34 | fc7f 0000 

  0x000002b7ef0a944c: ;   {section_word}
  0x000002b7ef0a944c: ffd0 f449 | ba4f 940a | efb7 0200 

  0x000002b7ef0a9458: ;   {runtime_call DeoptimizationBlob}
  0x000002b7ef0a9458: 0041 52e9 | 40b5 2207 
[/MachCode]


---------------  P R O C E S S  ---------------

Threads class SMR info:
_java_thread_list=0x000002b7cf0a1580, length=15, elements={
0x000002b786b39a50, 0x000002b786b3ab20, 0x000002b786b3d6a0, 0x000002b786b405a0,
0x000002b786b41360, 0x000002b786b41ef0, 0x000002b786b47de0, 0x000002b786b4b4b0,
0x000002b7cc16fcb0, 0x000002b7cc175150, 0x000002b7cc36ac00, 0x000002b7cc372140,
0x000002b7cc375350, 0x000002b7cf115a50, 0x000002b7e46b8b30
}

Java Threads: ( => current thread )
  0x000002b786b39a50 JavaThread "Reference Handler"          daemon [_thread_blocked, id=8364, stack(0x000000e4e1500000,0x000000e4e1600000) (1024K)]
  0x000002b786b3ab20 JavaThread "Finalizer"                  daemon [_thread_blocked, id=13228, stack(0x000000e4e1600000,0x000000e4e1700000) (1024K)]
  0x000002b786b3d6a0 JavaThread "Signal Dispatcher"          daemon [_thread_blocked, id=27096, stack(0x000000e4e1700000,0x000000e4e1800000) (1024K)]
  0x000002b786b405a0 JavaThread "Attach Listener"            daemon [_thread_blocked, id=23688, stack(0x000000e4e1800000,0x000000e4e1900000) (1024K)]
  0x000002b786b41360 JavaThread "Service Thread"             daemon [_thread_blocked, id=23284, stack(0x000000e4e1900000,0x000000e4e1a00000) (1024K)]
  0x000002b786b41ef0 JavaThread "Monitor Deflation Thread"   daemon [_thread_blocked, id=6644, stack(0x000000e4e1a00000,0x000000e4e1b00000) (1024K)]
  0x000002b786b47de0 JavaThread "C2 CompilerThread0"         daemon [_thread_blocked, id=27056, stack(0x000000e4e1b00000,0x000000e4e1c00000) (1024K)]
  0x000002b786b4b4b0 JavaThread "C1 CompilerThread0"         daemon [_thread_in_native, id=23488, stack(0x000000e4e1c00000,0x000000e4e1d00000) (1024K)]
  0x000002b7cc16fcb0 JavaThread "Notification Thread"        daemon [_thread_blocked, id=11220, stack(0x000000e4e1f00000,0x000000e4e2000000) (1024K)]
  0x000002b7cc175150 JavaThread "Common-Cleaner"             daemon [_thread_blocked, id=24616, stack(0x000000e4e2000000,0x000000e4e2100000) (1024K)]
  0x000002b7cc36ac00 JavaThread "Java2D Disposer"            daemon [_thread_blocked, id=26228, stack(0x000000e4e2100000,0x000000e4e2200000) (1024K)]
  0x000002b7cc372140 JavaThread "AWT-Shutdown"                      [_thread_blocked, id=13184, stack(0x000000e4e2200000,0x000000e4e2300000) (1024K)]
  0x000002b7cc375350 JavaThread "AWT-Windows"                daemon [_thread_in_native, id=2052, stack(0x000000e4e2300000,0x000000e4e2400000) (1024K)]
=>0x000002b7cf115a50 JavaThread "AWT-EventQueue-0"                  [_thread_in_vm, id=24464, stack(0x000000e4e2700000,0x000000e4e2800000) (1024K)]
  0x000002b7e46b8b30 JavaThread "DestroyJavaVM"                     [_thread_blocked, id=28304, stack(0x000000e4e0d00000,0x000000e4e0e00000) (1024K)]
Total: 15

Other Threads:
  0x000002b786b16cc0 VMThread "VM Thread"                           [id=15452, stack(0x000000e4e1400000,0x000000e4e1500000) (1024K)]
  0x000002b786afc7e0 WatcherThread "VM Periodic Task Thread"        [id=23708, stack(0x000000e4e1300000,0x000000e4e1400000) (1024K)]
  0x000002b7e6a2dc00 WorkerThread "GC Thread#0"                     [id=7400, stack(0x000000e4e0e00000,0x000000e4e0f00000) (1024K)]
  0x000002b7cf223ee0 WorkerThread "GC Thread#1"                     [id=17272, stack(0x000000e4e2800000,0x000000e4e2900000) (1024K)]
  0x000002b7cf216b90 WorkerThread "GC Thread#2"                     [id=24296, stack(0x000000e4e2900000,0x000000e4e2a00000) (1024K)]
  0x000002b7cf216f30 WorkerThread "GC Thread#3"                     [id=6348, stack(0x000000e4e2a00000,0x000000e4e2b00000) (1024K)]
  0x000002b7cf2172d0 WorkerThread "GC Thread#4"                     [id=10416, stack(0x000000e4e2b00000,0x000000e4e2c00000) (1024K)]
  0x000002b7cf218290 WorkerThread "GC Thread#5"                     [id=28108, stack(0x000000e4e2c00000,0x000000e4e2d00000) (1024K)]
  0x000002b7cf24bda0 WorkerThread "GC Thread#6"                     [id=28816, stack(0x000000e4e2d00000,0x000000e4e2e00000) (1024K)]
  0x000002b7cf24c140 WorkerThread "GC Thread#7"                     [id=19264, stack(0x000000e4e2e00000,0x000000e4e2f00000) (1024K)]
  0x000002b7cf24c880 WorkerThread "GC Thread#8"                     [id=19840, stack(0x000000e4e2f00000,0x000000e4e3000000) (1024K)]
  0x000002b7e6a3f760 ConcurrentGCThread "G1 Main Marker"            [id=16408, stack(0x000000e4e0f00000,0x000000e4e1000000) (1024K)]
  0x000002b7e6a40170 WorkerThread "G1 Conc#0"                       [id=12272, stack(0x000000e4e1000000,0x000000e4e1100000) (1024K)]
  0x000002b7869cfdd0 ConcurrentGCThread "G1 Refine#0"               [id=16984, stack(0x000000e4e1100000,0x000000e4e1200000) (1024K)]
  0x000002b7869d1760 ConcurrentGCThread "G1 Service"                [id=28348, stack(0x000000e4e1200000,0x000000e4e1300000) (1024K)]
Total: 15

Threads with active compile tasks:
C1 CompilerThread0  179282710 1479   !   3       sun.awt.SunDisplayChanger::notifyListeners (133 bytes)
Total: 1

VM state: not at safepoint (normal execution)

VM Mutex/Monitor currently owned by a thread: None

Heap address: 0x0000000704e00000, size: 4018 MB, Compressed Oops mode: Zero based, Oop shift amount: 3

CDS archive(s) mapped at: [0x000002b787000000-0x000002b787c90000-0x000002b787c90000), size 13172736, SharedBaseAddress: 0x000002b787000000, ArchiveRelocationMode: 1.
Compressed class space mapped at: 0x000002b788000000-0x000002b7c8000000, reserved size: 1073741824
Narrow klass base: 0x000002b787000000, Narrow klass shift: 0, Narrow klass range: 0x100000000

GC Precious Log:
 CardTable entry size: 512
 Card Set container configuration: InlinePtr #cards 4 size 8 Array Of Cards #cards 16 size 48 Howl #buckets 8 coarsen threshold 3686 Howl Bitmap #cards 512 size 80 coarsen threshold 460 Card regions per heap region 1 cards per card region 4096
 CPUs: 20 total, 20 available
 Memory: 16065M
 Large Page Support: Disabled
 NUMA Support: Disabled
 Compressed Oops: Enabled (Zero based)
 Heap Region Size: 2M
 Heap Min Capacity: 8M
 Heap Initial Capacity: 252M
 Heap Max Capacity: 4018M
 Pre-touch: Disabled
 Parallel Workers: 15
 Concurrent Workers: 4
 Concurrent Refinement Workers: 15
 Periodic GC: Disabled

Heap:
 garbage-first heap   total 258048K, used 63072K [0x0000000704e00000, 0x0000000800000000)
  region size 2048K, 6 young (12288K), 2 survivors (4096K)
 Metaspace       used 7575K, committed 7808K, reserved 1114112K
  class space    used 766K, committed 896K, reserved 1048576K

Heap Regions: E=young(eden), S=young(survivor), O=old, HS=humongous(starts), HC=humongous(continues), CS=collection set, F=free, TAMS=top-at-mark-start, PB=parsable bottom
|   0|0x0000000704e00000, 0x0000000705000000, 0x0000000705000000|100%|HS|  |TAMS 0x0000000704e00000| PB 0x0000000704e00000| Complete 
|   1|0x0000000705000000, 0x0000000705200000, 0x0000000705200000|100%|HC|  |TAMS 0x0000000705000000| PB 0x0000000705000000| Complete 
|   2|0x0000000705200000, 0x0000000705400000, 0x0000000705400000|100%|HS|  |TAMS 0x0000000705200000| PB 0x0000000705200000| Complete 
|   3|0x0000000705400000, 0x0000000705600000, 0x0000000705600000|100%|HC|  |TAMS 0x0000000705400000| PB 0x0000000705400000| Complete 
|   4|0x0000000705600000, 0x0000000705800000, 0x0000000705800000|100%|HS|  |TAMS 0x0000000705600000| PB 0x0000000705600000| Complete 
|   5|0x0000000705800000, 0x0000000705a00000, 0x0000000705a00000|100%|HC|  |TAMS 0x0000000705800000| PB 0x0000000705800000| Complete 
|   6|0x0000000705a00000, 0x0000000705c00000, 0x0000000705c00000|100%|HC|  |TAMS 0x0000000705a00000| PB 0x0000000705a00000| Complete 
|   7|0x0000000705c00000, 0x0000000705e00000, 0x0000000705e00000|100%|HC|  |TAMS 0x0000000705c00000| PB 0x0000000705c00000| Complete 
|   8|0x0000000705e00000, 0x0000000706000000, 0x0000000706000000|100%|HS|  |TAMS 0x0000000705e00000| PB 0x0000000705e00000| Complete 
|   9|0x0000000706000000, 0x0000000706200000, 0x0000000706200000|100%|HC|  |TAMS 0x0000000706000000| PB 0x0000000706000000| Complete 
|  10|0x0000000706200000, 0x0000000706400000, 0x0000000706400000|100%|HS|  |TAMS 0x0000000706200000| PB 0x0000000706200000| Complete 
|  11|0x0000000706400000, 0x0000000706600000, 0x0000000706600000|100%|HC|  |TAMS 0x0000000706400000| PB 0x0000000706400000| Complete 
|  12|0x0000000706600000, 0x0000000706800000, 0x0000000706800000|100%|HC|  |TAMS 0x0000000706600000| PB 0x0000000706600000| Complete 
|  13|0x0000000706800000, 0x0000000706a00000, 0x0000000706a00000|100%|HC|  |TAMS 0x0000000706800000| PB 0x0000000706800000| Complete 
|  14|0x0000000706a00000, 0x0000000706c00000, 0x0000000706c00000|100%|HS|  |TAMS 0x0000000706a00000| PB 0x0000000706a00000| Complete 
|  15|0x0000000706c00000, 0x0000000706e00000, 0x0000000706e00000|100%|HC|  |TAMS 0x0000000706c00000| PB 0x0000000706c00000| Complete 
|  16|0x0000000706e00000, 0x0000000707000000, 0x0000000707000000|100%|HS|  |TAMS 0x0000000706e00000| PB 0x0000000706e00000| Complete 
|  17|0x0000000707000000, 0x0000000707200000, 0x0000000707200000|100%|HC|  |TAMS 0x0000000707000000| PB 0x0000000707000000| Complete 
|  18|0x0000000707200000, 0x0000000707400000, 0x0000000707400000|100%|HC|  |TAMS 0x0000000707200000| PB 0x0000000707200000| Complete 
|  19|0x0000000707400000, 0x0000000707600000, 0x0000000707600000|100%|HC|  |TAMS 0x0000000707400000| PB 0x0000000707400000| Complete 
|  20|0x0000000707600000, 0x0000000707800000, 0x0000000707800000|100%|HS|  |TAMS 0x0000000707600000| PB 0x0000000707600000| Complete 
|  21|0x0000000707800000, 0x0000000707a00000, 0x0000000707a00000|100%|HC|  |TAMS 0x0000000707800000| PB 0x0000000707800000| Complete 
|  22|0x0000000707a00000, 0x0000000707c00000, 0x0000000707c00000|100%|HS|  |TAMS 0x0000000707a00000| PB 0x0000000707a00000| Complete 
|  23|0x0000000707c00000, 0x0000000707e00000, 0x0000000707e00000|100%|HC|  |TAMS 0x0000000707c00000| PB 0x0000000707c00000| Complete 
|  24|0x0000000707e00000, 0x0000000708000000, 0x0000000708000000|100%|HC|  |TAMS 0x0000000707e00000| PB 0x0000000707e00000| Complete 
|  25|0x0000000708000000, 0x0000000708200000, 0x0000000708200000|100%|HC|  |TAMS 0x0000000708000000| PB 0x0000000708000000| Complete 
|  26|0x0000000708200000, 0x0000000708200000, 0x0000000708400000|  0%| F|  |TAMS 0x0000000708200000| PB 0x0000000708200000| Untracked 
|  27|0x0000000708400000, 0x0000000708400000, 0x0000000708600000|  0%| F|  |TAMS 0x0000000708400000| PB 0x0000000708400000| Untracked 
|  28|0x0000000708600000, 0x0000000708600000, 0x0000000708800000|  0%| F|  |TAMS 0x0000000708600000| PB 0x0000000708600000| Untracked 
|  29|0x0000000708800000, 0x0000000708800000, 0x0000000708a00000|  0%| F|  |TAMS 0x0000000708800000| PB 0x0000000708800000| Untracked 
|  30|0x0000000708a00000, 0x0000000708a00000, 0x0000000708c00000|  0%| F|  |TAMS 0x0000000708a00000| PB 0x0000000708a00000| Untracked 
|  31|0x0000000708c00000, 0x0000000708c00000, 0x0000000708e00000|  0%| F|  |TAMS 0x0000000708c00000| PB 0x0000000708c00000| Untracked 
|  32|0x0000000708e00000, 0x0000000708e00000, 0x0000000709000000|  0%| F|  |TAMS 0x0000000708e00000| PB 0x0000000708e00000| Untracked 
|  33|0x0000000709000000, 0x0000000709000000, 0x0000000709200000|  0%| F|  |TAMS 0x0000000709000000| PB 0x0000000709000000| Untracked 
|  34|0x0000000709200000, 0x0000000709200000, 0x0000000709400000|  0%| F|  |TAMS 0x0000000709200000| PB 0x0000000709200000| Untracked 
|  35|0x0000000709400000, 0x0000000709400000, 0x0000000709600000|  0%| F|  |TAMS 0x0000000709400000| PB 0x0000000709400000| Untracked 
|  36|0x0000000709600000, 0x0000000709600000, 0x0000000709800000|  0%| F|  |TAMS 0x0000000709600000| PB 0x0000000709600000| Untracked 
|  37|0x0000000709800000, 0x0000000709800000, 0x0000000709a00000|  0%| F|  |TAMS 0x0000000709800000| PB 0x0000000709800000| Untracked 
|  38|0x0000000709a00000, 0x0000000709a00000, 0x0000000709c00000|  0%| F|  |TAMS 0x0000000709a00000| PB 0x0000000709a00000| Untracked 
|  39|0x0000000709c00000, 0x0000000709c00000, 0x0000000709e00000|  0%| F|  |TAMS 0x0000000709c00000| PB 0x0000000709c00000| Untracked 
|  40|0x0000000709e00000, 0x0000000709e00000, 0x000000070a000000|  0%| F|  |TAMS 0x0000000709e00000| PB 0x0000000709e00000| Untracked 
|  41|0x000000070a000000, 0x000000070a000000, 0x000000070a200000|  0%| F|  |TAMS 0x000000070a000000| PB 0x000000070a000000| Untracked 
|  42|0x000000070a200000, 0x000000070a200000, 0x000000070a400000|  0%| F|  |TAMS 0x000000070a200000| PB 0x000000070a200000| Untracked 
|  43|0x000000070a400000, 0x000000070a400000, 0x000000070a600000|  0%| F|  |TAMS 0x000000070a400000| PB 0x000000070a400000| Untracked 
|  44|0x000000070a600000, 0x000000070a600000, 0x000000070a800000|  0%| F|  |TAMS 0x000000070a600000| PB 0x000000070a600000| Untracked 
|  45|0x000000070a800000, 0x000000070a800000, 0x000000070aa00000|  0%| F|  |TAMS 0x000000070a800000| PB 0x000000070a800000| Untracked 
|  46|0x000000070aa00000, 0x000000070aa00000, 0x000000070ac00000|  0%| F|  |TAMS 0x000000070aa00000| PB 0x000000070aa00000| Untracked 
|  47|0x000000070ac00000, 0x000000070ac00000, 0x000000070ae00000|  0%| F|  |TAMS 0x000000070ac00000| PB 0x000000070ac00000| Untracked 
|  48|0x000000070ae00000, 0x000000070ae00000, 0x000000070b000000|  0%| F|  |TAMS 0x000000070ae00000| PB 0x000000070ae00000| Untracked 
|  49|0x000000070b000000, 0x000000070b000000, 0x000000070b200000|  0%| F|  |TAMS 0x000000070b000000| PB 0x000000070b000000| Untracked 
|  50|0x000000070b200000, 0x000000070b200000, 0x000000070b400000|  0%| F|  |TAMS 0x000000070b200000| PB 0x000000070b200000| Untracked 
|  51|0x000000070b400000, 0x000000070b400000, 0x000000070b600000|  0%| F|  |TAMS 0x000000070b400000| PB 0x000000070b400000| Untracked 
|  52|0x000000070b600000, 0x000000070b600000, 0x000000070b800000|  0%| F|  |TAMS 0x000000070b600000| PB 0x000000070b600000| Untracked 
|  53|0x000000070b800000, 0x000000070b800000, 0x000000070ba00000|  0%| F|  |TAMS 0x000000070b800000| PB 0x000000070b800000| Untracked 
|  54|0x000000070ba00000, 0x000000070ba00000, 0x000000070bc00000|  0%| F|  |TAMS 0x000000070ba00000| PB 0x000000070ba00000| Untracked 
|  55|0x000000070bc00000, 0x000000070bc00000, 0x000000070be00000|  0%| F|  |TAMS 0x000000070bc00000| PB 0x000000070bc00000| Untracked 
|  56|0x000000070be00000, 0x000000070be00000, 0x000000070c000000|  0%| F|  |TAMS 0x000000070be00000| PB 0x000000070be00000| Untracked 
|  57|0x000000070c000000, 0x000000070c000000, 0x000000070c200000|  0%| F|  |TAMS 0x000000070c000000| PB 0x000000070c000000| Untracked 
|  58|0x000000070c200000, 0x000000070c200000, 0x000000070c400000|  0%| F|  |TAMS 0x000000070c200000| PB 0x000000070c200000| Untracked 
|  59|0x000000070c400000, 0x000000070c400000, 0x000000070c600000|  0%| F|  |TAMS 0x000000070c400000| PB 0x000000070c400000| Untracked 
|  60|0x000000070c600000, 0x000000070c600000, 0x000000070c800000|  0%| F|  |TAMS 0x000000070c600000| PB 0x000000070c600000| Untracked 
|  61|0x000000070c800000, 0x000000070c800000, 0x000000070ca00000|  0%| F|  |TAMS 0x000000070c800000| PB 0x000000070c800000| Untracked 
|  62|0x000000070ca00000, 0x000000070ca00000, 0x000000070cc00000|  0%| F|  |TAMS 0x000000070ca00000| PB 0x000000070ca00000| Untracked 
|  63|0x000000070cc00000, 0x000000070cc00000, 0x000000070ce00000|  0%| F|  |TAMS 0x000000070cc00000| PB 0x000000070cc00000| Untracked 
|  64|0x000000070ce00000, 0x000000070ce00000, 0x000000070d000000|  0%| F|  |TAMS 0x000000070ce00000| PB 0x000000070ce00000| Untracked 
|  65|0x000000070d000000, 0x000000070d000000, 0x000000070d200000|  0%| F|  |TAMS 0x000000070d000000| PB 0x000000070d000000| Untracked 
|  66|0x000000070d200000, 0x000000070d200000, 0x000000070d400000|  0%| F|  |TAMS 0x000000070d200000| PB 0x000000070d200000| Untracked 
|  67|0x000000070d400000, 0x000000070d400000, 0x000000070d600000|  0%| F|  |TAMS 0x000000070d400000| PB 0x000000070d400000| Untracked 
|  68|0x000000070d600000, 0x000000070d600000, 0x000000070d800000|  0%| F|  |TAMS 0x000000070d600000| PB 0x000000070d600000| Untracked 
|  69|0x000000070d800000, 0x000000070d800000, 0x000000070da00000|  0%| F|  |TAMS 0x000000070d800000| PB 0x000000070d800000| Untracked 
|  70|0x000000070da00000, 0x000000070da00000, 0x000000070dc00000|  0%| F|  |TAMS 0x000000070da00000| PB 0x000000070da00000| Untracked 
|  71|0x000000070dc00000, 0x000000070dc00000, 0x000000070de00000|  0%| F|  |TAMS 0x000000070dc00000| PB 0x000000070dc00000| Untracked 
|  72|0x000000070de00000, 0x000000070de00000, 0x000000070e000000|  0%| F|  |TAMS 0x000000070de00000| PB 0x000000070de00000| Untracked 
|  73|0x000000070e000000, 0x000000070e000000, 0x000000070e200000|  0%| F|  |TAMS 0x000000070e000000| PB 0x000000070e000000| Untracked 
|  74|0x000000070e200000, 0x000000070e200000, 0x000000070e400000|  0%| F|  |TAMS 0x000000070e200000| PB 0x000000070e200000| Untracked 
|  75|0x000000070e400000, 0x000000070e400000, 0x000000070e600000|  0%| F|  |TAMS 0x000000070e400000| PB 0x000000070e400000| Untracked 
|  76|0x000000070e600000, 0x000000070e600000, 0x000000070e800000|  0%| F|  |TAMS 0x000000070e600000| PB 0x000000070e600000| Untracked 
|  77|0x000000070e800000, 0x000000070e800000, 0x000000070ea00000|  0%| F|  |TAMS 0x000000070e800000| PB 0x000000070e800000| Untracked 
|  78|0x000000070ea00000, 0x000000070ea00000, 0x000000070ec00000|  0%| F|  |TAMS 0x000000070ea00000| PB 0x000000070ea00000| Untracked 
|  79|0x000000070ec00000, 0x000000070ec00000, 0x000000070ee00000|  0%| F|  |TAMS 0x000000070ec00000| PB 0x000000070ec00000| Untracked 
|  80|0x000000070ee00000, 0x000000070ee00000, 0x000000070f000000|  0%| F|  |TAMS 0x000000070ee00000| PB 0x000000070ee00000| Untracked 
|  81|0x000000070f000000, 0x000000070f000000, 0x000000070f200000|  0%| F|  |TAMS 0x000000070f000000| PB 0x000000070f000000| Untracked 
|  82|0x000000070f200000, 0x000000070f200000, 0x000000070f400000|  0%| F|  |TAMS 0x000000070f200000| PB 0x000000070f200000| Untracked 
|  83|0x000000070f400000, 0x000000070f400000, 0x000000070f600000|  0%| F|  |TAMS 0x000000070f400000| PB 0x000000070f400000| Untracked 
|  84|0x000000070f600000, 0x000000070f600000, 0x000000070f800000|  0%| F|  |TAMS 0x000000070f600000| PB 0x000000070f600000| Untracked 
|  85|0x000000070f800000, 0x000000070f800000, 0x000000070fa00000|  0%| F|  |TAMS 0x000000070f800000| PB 0x000000070f800000| Untracked 
|  86|0x000000070fa00000, 0x000000070fa00000, 0x000000070fc00000|  0%| F|  |TAMS 0x000000070fa00000| PB 0x000000070fa00000| Untracked 
|  87|0x000000070fc00000, 0x000000070fc00000, 0x000000070fe00000|  0%| F|  |TAMS 0x000000070fc00000| PB 0x000000070fc00000| Untracked 
|  88|0x000000070fe00000, 0x000000070fe00000, 0x0000000710000000|  0%| F|  |TAMS 0x000000070fe00000| PB 0x000000070fe00000| Untracked 
|  89|0x0000000710000000, 0x0000000710000000, 0x0000000710200000|  0%| F|  |TAMS 0x0000000710000000| PB 0x0000000710000000| Untracked 
|  90|0x0000000710200000, 0x0000000710200000, 0x0000000710400000|  0%| F|  |TAMS 0x0000000710200000| PB 0x0000000710200000| Untracked 
|  91|0x0000000710400000, 0x0000000710400000, 0x0000000710600000|  0%| F|  |TAMS 0x0000000710400000| PB 0x0000000710400000| Untracked 
|  92|0x0000000710600000, 0x0000000710600000, 0x0000000710800000|  0%| F|  |TAMS 0x0000000710600000| PB 0x0000000710600000| Untracked 
|  93|0x0000000710800000, 0x0000000710800000, 0x0000000710a00000|  0%| F|  |TAMS 0x0000000710800000| PB 0x0000000710800000| Untracked 
|  94|0x0000000710a00000, 0x0000000710a00000, 0x0000000710c00000|  0%| F|  |TAMS 0x0000000710a00000| PB 0x0000000710a00000| Untracked 
|  95|0x0000000710c00000, 0x0000000710c00000, 0x0000000710e00000|  0%| F|  |TAMS 0x0000000710c00000| PB 0x0000000710c00000| Untracked 
|  96|0x0000000710e00000, 0x0000000710e00000, 0x0000000711000000|  0%| F|  |TAMS 0x0000000710e00000| PB 0x0000000710e00000| Untracked 
|  97|0x0000000711000000, 0x0000000711000000, 0x0000000711200000|  0%| F|  |TAMS 0x0000000711000000| PB 0x0000000711000000| Untracked 
|  98|0x0000000711200000, 0x0000000711200000, 0x0000000711400000|  0%| F|  |TAMS 0x0000000711200000| PB 0x0000000711200000| Untracked 
|  99|0x0000000711400000, 0x0000000711400000, 0x0000000711600000|  0%| F|  |TAMS 0x0000000711400000| PB 0x0000000711400000| Untracked 
| 100|0x0000000711600000, 0x0000000711600000, 0x0000000711800000|  0%| F|  |TAMS 0x0000000711600000| PB 0x0000000711600000| Untracked 
| 101|0x0000000711800000, 0x0000000711800000, 0x0000000711a00000|  0%| F|  |TAMS 0x0000000711800000| PB 0x0000000711800000| Untracked 
| 102|0x0000000711a00000, 0x0000000711a00000, 0x0000000711c00000|  0%| F|  |TAMS 0x0000000711a00000| PB 0x0000000711a00000| Untracked 
| 103|0x0000000711c00000, 0x0000000711c00000, 0x0000000711e00000|  0%| F|  |TAMS 0x0000000711c00000| PB 0x0000000711c00000| Untracked 
| 104|0x0000000711e00000, 0x0000000711e00000, 0x0000000712000000|  0%| F|  |TAMS 0x0000000711e00000| PB 0x0000000711e00000| Untracked 
| 105|0x0000000712000000, 0x0000000712000000, 0x0000000712200000|  0%| F|  |TAMS 0x0000000712000000| PB 0x0000000712000000| Untracked 
| 106|0x0000000712200000, 0x0000000712200000, 0x0000000712400000|  0%| F|  |TAMS 0x0000000712200000| PB 0x0000000712200000| Untracked 
| 107|0x0000000712400000, 0x0000000712400000, 0x0000000712600000|  0%| F|  |TAMS 0x0000000712400000| PB 0x0000000712400000| Untracked 
| 108|0x0000000712600000, 0x0000000712600000, 0x0000000712800000|  0%| F|  |TAMS 0x0000000712600000| PB 0x0000000712600000| Untracked 
| 109|0x0000000712800000, 0x0000000712800000, 0x0000000712a00000|  0%| F|  |TAMS 0x0000000712800000| PB 0x0000000712800000| Untracked 
| 110|0x0000000712a00000, 0x0000000712a00000, 0x0000000712c00000|  0%| F|  |TAMS 0x0000000712a00000| PB 0x0000000712a00000| Untracked 
| 111|0x0000000712c00000, 0x0000000712c00000, 0x0000000712e00000|  0%| F|  |TAMS 0x0000000712c00000| PB 0x0000000712c00000| Untracked 
| 112|0x0000000712e00000, 0x0000000712e00000, 0x0000000713000000|  0%| F|  |TAMS 0x0000000712e00000| PB 0x0000000712e00000| Untracked 
| 113|0x0000000713000000, 0x0000000713198020, 0x0000000713200000| 79%| S|CS|TAMS 0x0000000713000000| PB 0x0000000713000000| Complete 
| 114|0x0000000713200000, 0x0000000713400000, 0x0000000713400000|100%| S|CS|TAMS 0x0000000713200000| PB 0x0000000713200000| Complete 
| 115|0x0000000713400000, 0x0000000713400000, 0x0000000713600000|  0%| F|  |TAMS 0x0000000713400000| PB 0x0000000713400000| Untracked 
| 116|0x0000000713600000, 0x0000000713600000, 0x0000000713800000|  0%| F|  |TAMS 0x0000000713600000| PB 0x0000000713600000| Untracked 
| 117|0x0000000713800000, 0x0000000713800000, 0x0000000713a00000|  0%| F|  |TAMS 0x0000000713800000| PB 0x0000000713800000| Untracked 
| 118|0x0000000713a00000, 0x0000000713a00000, 0x0000000713c00000|  0%| F|  |TAMS 0x0000000713a00000| PB 0x0000000713a00000| Untracked 
| 119|0x0000000713c00000, 0x0000000713c00000, 0x0000000713e00000|  0%| F|  |TAMS 0x0000000713c00000| PB 0x0000000713c00000| Untracked 
| 120|0x0000000713e00000, 0x0000000713e00000, 0x0000000714000000|  0%| F|  |TAMS 0x0000000713e00000| PB 0x0000000713e00000| Untracked 
| 121|0x0000000714000000, 0x0000000714000000, 0x0000000714200000|  0%| F|  |TAMS 0x0000000714000000| PB 0x0000000714000000| Untracked 
| 122|0x0000000714200000, 0x00000007142feb10, 0x0000000714400000| 49%| E|  |TAMS 0x0000000714200000| PB 0x0000000714200000| Complete 
| 123|0x0000000714400000, 0x0000000714600000, 0x0000000714600000|100%| E|CS|TAMS 0x0000000714400000| PB 0x0000000714400000| Complete 
| 124|0x0000000714600000, 0x0000000714800000, 0x0000000714800000|100%| E|CS|TAMS 0x0000000714600000| PB 0x0000000714600000| Complete 
| 125|0x0000000714800000, 0x0000000714a00000, 0x0000000714a00000|100%| E|CS|TAMS 0x0000000714800000| PB 0x0000000714800000| Complete 

Card table byte_map: [0x000002b7ff0c0000,0x000002b7ff8a0000] _byte_map_base: 0x000002b7fb899000

Marking Bits: (CMBitMap*) 0x000002b7e6a2ea20
 Bits: [0x000002b780000000, 0x000002b783ec8000)

Polling page: 0x000002b7e4890000

Metaspace:

Usage:
  Non-class:      6.65 MB used.
      Class:    766.58 KB used.
       Both:      7.40 MB used.

Virtual space:
  Non-class space:       64.00 MB reserved,       6.75 MB ( 11%) committed,  1 nodes.
      Class space:        1.00 GB reserved,     896.00 KB ( <1%) committed,  1 nodes.
             Both:        1.06 GB reserved,       7.62 MB ( <1%) committed. 

Chunk freelists:
   Non-Class:  9.00 MB
       Class:  15.11 MB
        Both:  24.11 MB

MaxMetaspaceSize: unlimited
CompressedClassSpaceSize: 1.00 GB
Initial GC threshold: 21.00 MB
Current GC threshold: 21.00 MB
CDS: on
 - commit_granule_bytes: 65536.
 - commit_granule_words: 8192.
 - virtual_space_node_default_size: 8388608.
 - enlarge_chunks_in_place: 1.
 - use_allocation_guard: 0.


Internal statistics:

num_allocs_failed_limit: 0.
num_arena_births: 152.
num_arena_deaths: 0.
num_vsnodes_births: 2.
num_vsnodes_deaths: 0.
num_space_committed: 122.
num_space_uncommitted: 0.
num_chunks_returned_to_freelist: 0.
num_chunks_taken_from_freelist: 191.
num_chunk_merges: 0.
num_chunk_splits: 112.
num_chunks_enlarged: 43.
num_inconsistent_stats: 0.

CodeHeap 'non-profiled nmethods': size=119168Kb used=459Kb max_used=459Kb free=118708Kb
 bounds [0x000002b7f69d0000, 0x000002b7f6c40000, 0x000002b7fde30000]
CodeHeap 'profiled nmethods': size=119104Kb used=2575Kb max_used=2575Kb free=116528Kb
 bounds [0x000002b7eee30000, 0x000002b7ef0c0000, 0x000002b7f6280000]
CodeHeap 'non-nmethods': size=7488Kb used=1534Kb max_used=3256Kb free=5954Kb
 bounds [0x000002b7f6280000, 0x000002b7f65c0000, 0x000002b7f69d0000]
 total_blobs=2084 nmethods=1478 adapters=511
 compilation: enabled
              stopped_count=0, restarted_count=0
 full_count=0

Compilation events (20 events):
Event: 163198.879 Thread 0x000002b786b4b4b0 nmethod 1469 0x000002b7f6a41690 code [0x000002b7f6a41820, 0x000002b7f6a418e8]
Event: 164393.171 Thread 0x000002b786b4b4b0 1470       3       sun.awt.SunToolkit::getAppContext (42 bytes)
Event: 164393.173 Thread 0x000002b786b4b4b0 nmethod 1470 0x000002b7ef0b0210 code [0x000002b7ef0b0500, 0x000002b7ef0b1360]
Event: 164393.173 Thread 0x000002b786b4b4b0 1471       3       sun.awt.SunToolkit::targetToAppContext (30 bytes)
Event: 164393.174 Thread 0x000002b786b4b4b0 nmethod 1471 0x000002b7ef0b1910 code [0x000002b7ef0b1b00, 0x000002b7ef0b2018]
Event: 164394.057 Thread 0x000002b786b47de0 1472  s    4       sun.awt.Win32GraphicsConfig::displayChanged (6 bytes)
Event: 164394.058 Thread 0x000002b786b4b4b0 1473       3       java.util.WeakHashMap::size (18 bytes)
Event: 164394.058 Thread 0x000002b786b4b4b0 nmethod 1473 0x000002b7ef0b2210 code [0x000002b7ef0b23c0, 0x000002b7ef0b2578]
Event: 164394.059 Thread 0x000002b786b47de0 nmethod 1472 0x000002b7f6a41990 code [0x000002b7f6a41b20, 0x000002b7f6a41d48]
Event: 164394.060 Thread 0x000002b786b4b4b0 1474       3       java.awt.RenderingHints$Key::hashCode (5 bytes)
Event: 164394.060 Thread 0x000002b786b4b4b0 nmethod 1474 0x000002b7ef0b2610 code [0x000002b7ef0b27c0, 0x000002b7ef0b2900]
Event: 167174.380 Thread 0x000002b786b4b4b0 1475       3       java.util.WeakHashMap::indexFor (6 bytes)
Event: 167174.381 Thread 0x000002b786b4b4b0 nmethod 1475 0x000002b7ef0b2990 code [0x000002b7ef0b2b20, 0x000002b7ef0b2c18]
Event: 167174.381 Thread 0x000002b786b4b4b0 1476       3       java.lang.Math::max (12 bytes)
Event: 167174.381 Thread 0x000002b786b4b4b0 nmethod 1476 0x000002b7ef0b2c90 code [0x000002b7ef0b2e20, 0x000002b7ef0b2f58]
Event: 172722.183 Thread 0x000002b786b4b4b0 1477   !   3       java.awt.EventQueue::postEventPrivate (104 bytes)
Event: 172722.188 Thread 0x000002b786b47de0 1478 %s    4       sun.java2d.loops.GraphicsPrimitiveMgr::locatePrim @ 28 (95 bytes)
Event: 172722.189 Thread 0x000002b786b4b4b0 nmethod 1477 0x000002b7ef0b3010 code [0x000002b7ef0b3280, 0x000002b7ef0b3af8]
Event: 172722.206 Thread 0x000002b786b47de0 nmethod 1478% 0x000002b7f6a41e10 code [0x000002b7f6a42000, 0x000002b7f6a42a28]
Event: 179282.627 Thread 0x000002b786b4b4b0 1479   !   3       sun.awt.SunDisplayChanger::notifyListeners (133 bytes)

GC Heap History (2 events):
Event: 0.334 GC heap before
{Heap before GC invocations=0 (full 0):
 garbage-first heap   total 258048K, used 38912K [0x0000000704e00000, 0x0000000800000000)
  region size 2048K, 11 young (22528K), 0 survivors (0K)
 Metaspace       used 7244K, committed 7424K, reserved 1114112K
  class space    used 744K, committed 832K, reserved 1048576K
}
Event: 0.337 GC heap after
{Heap after GC invocations=1 (full 0):
 garbage-first heap   total 258048K, used 20064K [0x0000000704e00000, 0x0000000800000000)
  region size 2048K, 2 young (4096K), 2 survivors (4096K)
 Metaspace       used 7244K, committed 7424K, reserved 1114112K
  class space    used 744K, committed 832K, reserved 1048576K
}

Dll operation events (10 events):
Event: 0.004 Loaded shared library C:\Program Files\Java\jdk-21\bin\java.dll
Event: 0.021 Loaded shared library C:\Program Files\Java\jdk-21\bin\jsvml.dll
Event: 0.037 Loaded shared library C:\Program Files\Java\jdk-21\bin\jimage.dll
Event: 0.040 Loaded shared library C:\Program Files\Java\jdk-21\bin\net.dll
Event: 0.041 Loaded shared library C:\Program Files\Java\jdk-21\bin\nio.dll
Event: 0.042 Loaded shared library C:\Program Files\Java\jdk-21\bin\zip.dll
Event: 0.052 Loaded shared library C:\Program Files\Java\jdk-21\bin\awt.dll
Event: 0.151 Loaded shared library C:\Program Files\Java\jdk-21\bin\javajpeg.dll
Event: 0.191 Loaded shared library C:\Program Files\Java\jdk-21\bin\freetype.dll
Event: 0.191 Loaded shared library C:\Program Files\Java\jdk-21\bin\fontmanager.dll

Deoptimization events (20 events):
Event: 73066.347 Thread 0x000002b7cc375350 Uncommon trap: trap_request=0xffffff76 fr.pc=0x000002b7f6a33770 relative=0x0000000000000230
Event: 73066.347 Thread 0x000002b7cc375350 Uncommon trap: reason=predicate action=maybe_recompile pc=0x000002b7f6a33770 method=java.util.HashMap.keysToArray([Ljava/lang/Object;)[Ljava/lang/Object; @ 48 c2
Event: 73066.347 Thread 0x000002b7cc375350 DEOPT PACKING pc=0x000002b7f6a33770 sp=0x000000e4e23fe480
Event: 73066.347 Thread 0x000002b7cc375350 DEOPT UNPACKING pc=0x000002b7f62d46a2 sp=0x000000e4e23fe428 mode 2
Event: 75741.369 Thread 0x000002b7cc375350 Uncommon trap: trap_request=0xffffffd6 fr.pc=0x000002b7f6a340d8 relative=0x0000000000000498
Event: 75741.369 Thread 0x000002b7cc375350 Uncommon trap: reason=array_check action=maybe_recompile pc=0x000002b7f6a340d8 method=java.util.HashMap.keysToArray([Ljava/lang/Object;)[Ljava/lang/Object; @ 62 c2
Event: 75741.369 Thread 0x000002b7cc375350 DEOPT PACKING pc=0x000002b7f6a340d8 sp=0x000000e4e23fe470
Event: 75741.369 Thread 0x000002b7cc375350 DEOPT UNPACKING pc=0x000002b7f62d46a2 sp=0x000000e4e23fe418 mode 2
Event: 75741.474 Thread 0x000002b7cc375350 Uncommon trap: trap_request=0xffffffd6 fr.pc=0x000002b7f6a340d8 relative=0x0000000000000498
Event: 75741.474 Thread 0x000002b7cc375350 Uncommon trap: reason=array_check action=maybe_recompile pc=0x000002b7f6a340d8 method=java.util.HashMap.keysToArray([Ljava/lang/Object;)[Ljava/lang/Object; @ 62 c2
Event: 75741.474 Thread 0x000002b7cc375350 DEOPT PACKING pc=0x000002b7f6a340d8 sp=0x000000e4e23fe4a0
Event: 75741.474 Thread 0x000002b7cc375350 DEOPT UNPACKING pc=0x000002b7f62d46a2 sp=0x000000e4e23fe448 mode 2
Event: 77690.436 Thread 0x000002b7cc375350 Uncommon trap: trap_request=0xffffffd6 fr.pc=0x000002b7f6a340d8 relative=0x0000000000000498
Event: 77690.436 Thread 0x000002b7cc375350 Uncommon trap: reason=array_check action=maybe_recompile pc=0x000002b7f6a340d8 method=java.util.HashMap.keysToArray([Ljava/lang/Object;)[Ljava/lang/Object; @ 62 c2
Event: 77690.436 Thread 0x000002b7cc375350 DEOPT PACKING pc=0x000002b7f6a340d8 sp=0x000000e4e23fe470
Event: 77690.436 Thread 0x000002b7cc375350 DEOPT UNPACKING pc=0x000002b7f62d46a2 sp=0x000000e4e23fe418 mode 2
Event: 77690.749 Thread 0x000002b7cc375350 Uncommon trap: trap_request=0xffffffd6 fr.pc=0x000002b7f6a340d8 relative=0x0000000000000498
Event: 77690.749 Thread 0x000002b7cc375350 Uncommon trap: reason=array_check action=maybe_recompile pc=0x000002b7f6a340d8 method=java.util.HashMap.keysToArray([Ljava/lang/Object;)[Ljava/lang/Object; @ 62 c2
Event: 77690.749 Thread 0x000002b7cc375350 DEOPT PACKING pc=0x000002b7f6a340d8 sp=0x000000e4e23fe4a0
Event: 77690.749 Thread 0x000002b7cc375350 DEOPT UNPACKING pc=0x000002b7f62d46a2 sp=0x000000e4e23fe448 mode 2

Classes loaded (20 events):
Event: 0.366 Loading class java/text/AttributedCharacterIterator done
Event: 0.366 Loading class java/text/AttributedString$AttributedStringIterator done
Event: 0.366 Loading class java/awt/event/ContainerEvent
Event: 0.367 Loading class java/awt/event/ContainerEvent done
Event: 0.367 Loading class java/awt/TextComponent
Event: 0.367 Loading class java/awt/TextComponent done
Event: 0.367 Loading class javax/swing/text/JTextComponent
Event: 0.368 Loading class javax/swing/Scrollable
Event: 0.368 Loading class javax/swing/Scrollable done
Event: 0.368 Loading class javax/swing/text/JTextComponent done
Event: 3.847 Loading class java/awt/KeyboardFocusManager$2
Event: 3.847 Loading class java/awt/KeyboardFocusManager$2 done
Event: 3.847 Loading class sun/awt/SunToolkit$1
Event: 3.847 Loading class sun/awt/SunToolkit$1 done
Event: 2046.641 Loading class java/util/WeakHashMap$KeyIterator
Event: 2046.642 Loading class java/util/WeakHashMap$HashIterator
Event: 2046.643 Loading class java/util/WeakHashMap$HashIterator done
Event: 2046.643 Loading class java/util/WeakHashMap$KeyIterator done
Event: 2046.645 Loading class javax/swing/RepaintManager$DisplayChangedRunnable
Event: 2046.646 Loading class javax/swing/RepaintManager$DisplayChangedRunnable done

Classes unloaded (0 events):
No events

Classes redefined (0 events):
No events

Internal exceptions (12 events):
Event: 0.046 Thread 0x000002b7e46b8b30 Exception <a 'java/lang/ClassNotFoundException'{0x00000007146ab7c8}: sun/awt/resources/spi/awtProvider> (0x00000007146ab7c8) 
thrown [s\open\src\hotspot\share\classfile\systemDictionary.cpp, line 312]
Event: 0.058 Thread 0x000002b7e46b8b30 Exception <a 'java/io/FileNotFoundException'{0x00000007147e69a0}> (0x00000007147e69a0) 
thrown [s\open\src\hotspot\share\prims\jni.cpp, line 520]
Event: 0.061 Thread 0x000002b7e46b8b30 Exception <a 'java/io/FileNotFoundException'{0x0000000714410fa0}> (0x0000000714410fa0) 
thrown [s\open\src\hotspot\share\prims\jni.cpp, line 520]
Event: 0.104 Thread 0x000002b7e46b8b30 Exception <a 'java/lang/NoSuchMethodError'{0x00000007144a91d0}: 'void java.lang.invoke.DirectMethodHandle$Holder.invokeSpecial(java.lang.Object, java.lang.Object, java.lang.Object)'> (0x00000007144a91d0) 
thrown [s\open\src\hotspot\share\interpreter\linkResolver.cpp, line 773]
Event: 0.108 Thread 0x000002b7e46b8b30 Exception <a 'java/lang/NoSuchMethodError'{0x00000007144cebd0}: 'java.lang.Object java.lang.invoke.DirectMethodHandle$Holder.newInvokeSpecial(java.lang.Object, java.lang.Object, java.lang.Object, java.lang.Object, java.lang.Object)'> (0x00000007144cebd0) 
thrown [s\open\src\hotspot\share\interpreter\linkResolver.cpp, line 773]
Event: 0.110 Thread 0x000002b7e46b8b30 Exception <a 'java/lang/NoSuchMethodError'{0x00000007145dc1d0}: 'java.lang.Object java.lang.invoke.DirectMethodHandle$Holder.invokeStatic(java.lang.Object, int, java.lang.Object)'> (0x00000007145dc1d0) 
thrown [s\open\src\hotspot\share\interpreter\linkResolver.cpp, line 773]
Event: 0.120 Thread 0x000002b7e46b8b30 Exception <a 'java/lang/ClassNotFoundException'{0x000000071427c138}: com/sun/swing/internal/plaf/metal/resources/spi/metalProvider> (0x000000071427c138) 
thrown [s\open\src\hotspot\share\classfile\systemDictionary.cpp, line 312]
Event: 0.121 Thread 0x000002b7e46b8b30 Exception <a 'java/lang/ClassNotFoundException'{0x0000000714280078}: com/sun/swing/internal/plaf/basic/resources/spi/basicProvider> (0x0000000714280078) 
thrown [s\open\src\hotspot\share\classfile\systemDictionary.cpp, line 312]
Event: 0.126 Thread 0x000002b7e46b8b30 Exception <a 'java/lang/NoSuchMethodError'{0x000000071429f7f0}: 'int java.lang.invoke.Invokers$Holder.invokeExact_MT(java.lang.Object, java.lang.Object)'> (0x000000071429f7f0) 
thrown [s\open\src\hotspot\share\interpreter\linkResolver.cpp, line 773]
Event: 0.152 Thread 0x000002b7cef127d0 Exception <a 'java/lang/NoSuchMethodError'{0x00000007140c5fc8}: 'java.lang.Object java.lang.invoke.DirectMethodHandle$Holder.newInvokeSpecial(java.lang.Object, java.lang.Object, java.lang.Object, int, int, int, int, int)'> (0x00000007140c5fc8) 
thrown [s\open\src\hotspot\share\interpreter\linkResolver.cpp, line 773]
Event: 0.182 Thread 0x000002b7cc375350 Exception <a 'java/lang/NoSuchMethodError'{0x0000000714560c30}: 'void java.lang.invoke.DirectMethodHandle$Holder.invokeVirtual(java.lang.Object, java.lang.Object)'> (0x0000000714560c30) 
thrown [s\open\src\hotspot\share\interpreter\linkResolver.cpp, line 773]
Event: 0.189 Thread 0x000002b7e46b8b30 Exception <a 'java/lang/NoSuchMethodError'{0x00000007142ce568}: 'void java.lang.invoke.DirectMethodHandle$Holder.invokeStaticInit(java.lang.Object)'> (0x00000007142ce568) 
thrown [s\open\src\hotspot\share\interpreter\linkResolver.cpp, line 773]

ZGC Phase Switch (0 events):
No events

VM Operations (20 events):
Event: 82899.981 Executing VM operation: Cleanup
Event: 82899.981 Executing VM operation: Cleanup done
Event: 102561.450 Executing VM operation: Cleanup
Event: 102561.458 Executing VM operation: Cleanup done
Event: 102562.464 Executing VM operation: Cleanup
Event: 102562.464 Executing VM operation: Cleanup done
Event: 111476.894 Executing VM operation: Cleanup
Event: 111476.894 Executing VM operation: Cleanup done
Event: 112052.922 Executing VM operation: Cleanup
Event: 112052.922 Executing VM operation: Cleanup done
Event: 159445.468 Executing VM operation: Cleanup
Event: 159445.468 Executing VM operation: Cleanup done
Event: 160479.752 Executing VM operation: Cleanup
Event: 160479.752 Executing VM operation: Cleanup done
Event: 160480.758 Executing VM operation: Cleanup
Event: 160480.758 Executing VM operation: Cleanup done
Event: 160481.765 Executing VM operation: Cleanup
Event: 160481.765 Executing VM operation: Cleanup done
Event: 161050.363 Executing VM operation: Cleanup
Event: 161050.363 Executing VM operation: Cleanup done

Events (20 events):
Event: 0.020 Thread 0x000002b786b47de0 Thread added: 0x000002b786b47de0
Event: 0.020 Thread 0x000002b786b4b4b0 Thread added: 0x000002b786b4b4b0
Event: 0.026 Thread 0x000002b7cc1402a0 Thread added: 0x000002b7cc1402a0
Event: 0.027 Thread 0x000002b7cc15f1c0 Thread added: 0x000002b7cc15f1c0
Event: 0.027 Thread 0x000002b7cc16fcb0 Thread added: 0x000002b7cc16fcb0
Event: 0.029 Thread 0x000002b7cc175150 Thread added: 0x000002b7cc175150
Event: 0.084 Thread 0x000002b7cc36ac00 Thread added: 0x000002b7cc36ac00
Event: 0.085 Thread 0x000002b7cc372140 Thread added: 0x000002b7cc372140
Event: 0.086 Thread 0x000002b7cc375350 Thread added: 0x000002b7cc375350
Event: 0.129 Thread 0x000002b7cef127d0 Thread added: 0x000002b7cef127d0
Event: 0.134 Thread 0x000002b7cc3fdce0 Thread added: 0x000002b7cc3fdce0
Event: 0.142 Thread 0x000002b7cf02b520 Thread added: 0x000002b7cf02b520
Event: 0.183 Thread 0x000002b7cf115a50 Thread added: 0x000002b7cf115a50
Event: 0.226 Thread 0x000002b7e46b8b30 Thread exited: 0x000002b7e46b8b30
Event: 0.226 Thread 0x000002b7e46b8b30 Thread added: 0x000002b7e46b8b30
Event: 5.179 Thread 0x000002b7cef127d0 Thread exited: 0x000002b7cef127d0
Event: 5.367 Thread 0x000002b7cc3fdce0 Thread exited: 0x000002b7cc3fdce0
Event: 5.382 Thread 0x000002b7cc15f1c0 Thread exited: 0x000002b7cc15f1c0
Event: 5.382 Thread 0x000002b7cf02b520 Thread exited: 0x000002b7cf02b520
Event: 10.368 Thread 0x000002b7cc1402a0 Thread exited: 0x000002b7cc1402a0


Dynamic libraries:
0x00007ff6dee10000 - 0x00007ff6dee20000 	C:\Program Files\Java\jdk-21\bin\javaw.exe
0x00007ffcfd3d0000 - 0x00007ffcfd5e7000 	C:\WINDOWS\SYSTEM32\ntdll.dll
0x00007ffcfc490000 - 0x00007ffcfc554000 	C:\WINDOWS\System32\KERNEL32.DLL
0x00007ffcfaac0000 - 0x00007ffcfae66000 	C:\WINDOWS\System32\KERNELBASE.dll
0x00007ffcfaee0000 - 0x00007ffcfaff1000 	C:\WINDOWS\System32\ucrtbase.dll
0x00007ffcee580000 - 0x00007ffcee599000 	C:\Program Files\Java\jdk-21\bin\jli.dll
0x00007ffcee560000 - 0x00007ffcee57b000 	C:\Program Files\Java\jdk-21\bin\VCRUNTIME140.dll
0x00007ffcfb1b0000 - 0x00007ffcfb263000 	C:\WINDOWS\System32\ADVAPI32.dll
0x00007ffcfb610000 - 0x00007ffcfb6b7000 	C:\WINDOWS\System32\msvcrt.dll
0x00007ffcfb6c0000 - 0x00007ffcfb768000 	C:\WINDOWS\System32\sechost.dll
0x00007ffcfaa90000 - 0x00007ffcfaab8000 	C:\WINDOWS\System32\bcrypt.dll
0x00007ffcfd270000 - 0x00007ffcfd387000 	C:\WINDOWS\System32\RPCRT4.dll
0x00007ffcfc9e0000 - 0x00007ffcfcb8e000 	C:\WINDOWS\System32\USER32.dll
0x00007ffcfa710000 - 0x00007ffcfa736000 	C:\WINDOWS\System32\win32u.dll
0x00007ffcfb860000 - 0x00007ffcfb889000 	C:\WINDOWS\System32\GDI32.dll
0x00007ffcd9000000 - 0x00007ffcd9293000 	C:\WINDOWS\WinSxS\amd64_microsoft.windows.common-controls_6595b64144ccf1df_6.0.22621.2506_none_270c5ae97388e100\COMCTL32.dll
0x00007ffcfb000000 - 0x00007ffcfb118000 	C:\WINDOWS\System32\gdi32full.dll
0x00007ffcfa740000 - 0x00007ffcfa7da000 	C:\WINDOWS\System32\msvcp_win.dll
0x00007ffcee850000 - 0x00007ffcee85a000 	C:\WINDOWS\SYSTEM32\VERSION.dll
0x00007ffcfc830000 - 0x00007ffcfc861000 	C:\WINDOWS\System32\IMM32.DLL
0x00007ffcf2bf0000 - 0x00007ffcf2bfc000 	C:\Program Files\Java\jdk-21\bin\vcruntime140_1.dll
0x00007ffcd6160000 - 0x00007ffcd61ee000 	C:\Program Files\Java\jdk-21\bin\msvcp140.dll
0x00007ffc343b0000 - 0x00007ffc350c7000 	C:\Program Files\Java\jdk-21\bin\server\jvm.dll
0x00007ffcfc7b0000 - 0x00007ffcfc821000 	C:\WINDOWS\System32\WS2_32.dll
0x00007ffcf9560000 - 0x00007ffcf95ad000 	C:\WINDOWS\SYSTEM32\POWRPROF.dll
0x00007ffcee1d0000 - 0x00007ffcee204000 	C:\WINDOWS\SYSTEM32\WINMM.dll
0x00007ffcf9540000 - 0x00007ffcf9553000 	C:\WINDOWS\SYSTEM32\UMPDC.dll
0x00007ffcf9810000 - 0x00007ffcf9828000 	C:\WINDOWS\SYSTEM32\kernel.appcore.dll
0x00007ffcf2ad0000 - 0x00007ffcf2ada000 	C:\Program Files\Java\jdk-21\bin\jimage.dll
0x00007ffcf7cb0000 - 0x00007ffcf7ee3000 	C:\WINDOWS\SYSTEM32\DBGHELP.DLL
0x00007ffcfc100000 - 0x00007ffcfc489000 	C:\WINDOWS\System32\combase.dll
0x00007ffcfb770000 - 0x00007ffcfb847000 	C:\WINDOWS\System32\OLEAUT32.dll
0x00007ffcec3b0000 - 0x00007ffcec3e2000 	C:\WINDOWS\SYSTEM32\dbgcore.DLL
0x00007ffcfa8a0000 - 0x00007ffcfa91a000 	C:\WINDOWS\System32\bcryptPrimitives.dll
0x00007ffcec510000 - 0x00007ffcec52f000 	C:\Program Files\Java\jdk-21\bin\java.dll
0x00007ffcfb890000 - 0x00007ffcfc0eb000 	C:\WINDOWS\System32\SHELL32.dll
0x00007ffcf8630000 - 0x00007ffcf8f26000 	C:\WINDOWS\SYSTEM32\windows.storage.dll
0x00007ffcf84f0000 - 0x00007ffcf862e000 	C:\WINDOWS\SYSTEM32\wintypes.dll
0x00007ffcfb370000 - 0x00007ffcfb463000 	C:\WINDOWS\System32\SHCORE.dll
0x00007ffcfc720000 - 0x00007ffcfc77e000 	C:\WINDOWS\System32\shlwapi.dll
0x00007ffcfa640000 - 0x00007ffcfa666000 	C:\WINDOWS\SYSTEM32\profapi.dll
0x00007ffccf5a0000 - 0x00007ffccf677000 	C:\Program Files\Java\jdk-21\bin\jsvml.dll
0x00007ffcf2a40000 - 0x00007ffcf2a50000 	C:\Program Files\Java\jdk-21\bin\net.dll
0x00007ffcf1180000 - 0x00007ffcf12b7000 	C:\WINDOWS\SYSTEM32\WINHTTP.dll
0x00007ffcf9c80000 - 0x00007ffcf9ce9000 	C:\WINDOWS\system32\mswsock.dll
0x00007ffcddba0000 - 0x00007ffcddbb6000 	C:\Program Files\Java\jdk-21\bin\nio.dll
0x00007ffcddb00000 - 0x00007ffcddb18000 	C:\Program Files\Java\jdk-21\bin\zip.dll
0x00007ffca55e0000 - 0x00007ffca576f000 	C:\Program Files\Java\jdk-21\bin\awt.dll
0x00007ffcf4940000 - 0x00007ffcf49d7000 	C:\WINDOWS\SYSTEM32\apphelp.dll
0x00007ffcf7280000 - 0x00007ffcf72ab000 	C:\WINDOWS\system32\DWMAPI.DLL
0x00007ffcf4a80000 - 0x00007ffcf4b2b000 	C:\WINDOWS\system32\uxtheme.dll
0x00007ffca3740000 - 0x00007ffca3840000 	C:\WINDOWS\system32\opengl32.dll
0x00007ffcd81e0000 - 0x00007ffcd820d000 	C:\WINDOWS\SYSTEM32\GLU32.dll
0x00007ffcf79a0000 - 0x00007ffcf79d9000 	C:\WINDOWS\SYSTEM32\dxcore.dll
0x00007ffcfc880000 - 0x00007ffcfc9d1000 	C:\WINDOWS\System32\MSCTF.dll
0x00007ffcfb470000 - 0x00007ffcfb610000 	C:\WINDOWS\System32\ole32.dll
0x00007ffcd6540000 - 0x00007ffcd656e000 	C:\Program Files\Java\jdk-21\bin\javajpeg.dll
0x00007ffcc0870000 - 0x00007ffcc08f7000 	C:\Program Files\Java\jdk-21\bin\freetype.dll
0x00007ffca5340000 - 0x00007ffca5422000 	C:\Program Files\Java\jdk-21\bin\fontmanager.dll
0x00007ffcdb4c0000 - 0x00007ffcdb60a000 	C:\WINDOWS\SYSTEM32\textinputframework.dll
0x00007ffcf4660000 - 0x00007ffcf4794000 	C:\WINDOWS\SYSTEM32\CoreMessaging.dll
0x00007ffcf02e0000 - 0x00007ffcf064c000 	C:\WINDOWS\SYSTEM32\CoreUIComponents.dll
0x00007ffcf9ee0000 - 0x00007ffcf9eec000 	C:\WINDOWS\SYSTEM32\CRYPTBASE.DLL
0x00007ffccc910000 - 0x00007ffccc9c0000 	C:\WINDOWS\SYSTEM32\TextShaping.dll

dbghelp: loaded successfully - version: 4.0.5 - missing functions: none
symbol engine: initialized successfully - sym options: 0x614 - pdb path: .;C:\Program Files\Java\jdk-21\bin;C:\WINDOWS\SYSTEM32;C:\WINDOWS\WinSxS\amd64_microsoft.windows.common-controls_6595b64144ccf1df_6.0.22621.2506_none_270c5ae97388e100;C:\Program Files\Java\jdk-21\bin\server

VM Arguments:
jvm_args: -Dfile.encoding=UTF-8 -Dstdout.encoding=UTF-8 -Dstderr.encoding=UTF-8 -XX:+ShowCodeDetailsInExceptionMessages 
java_command: BankManagementSystem.Transactions
java_class_path (initial): C:\Users\amrit\git\JavaBankManagement\BankManagementSystem\bin;C:\Users\amrit\Downloads\jcalendar-tz-1.3.3-4.jar;C:\Users\amrit\Downloads\mysql-connector-java-8.0.28.jar
Launcher Type: SUN_STANDARD

[Global flags]
     intx CICompilerCount                          = 12                                        {product} {ergonomic}
     uint ConcGCThreads                            = 4                                         {product} {ergonomic}
     uint G1ConcRefinementThreads                  = 15                                        {product} {ergonomic}
   size_t G1HeapRegionSize                         = 2097152                                   {product} {ergonomic}
    uintx GCDrainStackTargetSize                   = 64                                        {product} {ergonomic}
   size_t InitialHeapSize                          = 264241152                                 {product} {ergonomic}
   size_t MarkStackSize                            = 4194304                                   {product} {ergonomic}
   size_t MaxHeapSize                              = 4213178368                                {product} {ergonomic}
   size_t MaxNewSize                               = 2527068160                                {product} {ergonomic}
   size_t MinHeapDeltaBytes                        = 2097152                                   {product} {ergonomic}
   size_t MinHeapSize                              = 8388608                                   {product} {ergonomic}
    uintx NonNMethodCodeHeapSize                   = 7602480                                {pd product} {ergonomic}
    uintx NonProfiledCodeHeapSize                  = 122027880                              {pd product} {ergonomic}
    uintx ProfiledCodeHeapSize                     = 122027880                              {pd product} {ergonomic}
    uintx ReservedCodeCacheSize                    = 251658240                              {pd product} {ergonomic}
     bool SegmentedCodeCache                       = true                                      {product} {ergonomic}
     bool ShowCodeDetailsInExceptionMessages       = true                                   {manageable} {command line}
   size_t SoftMaxHeapSize                          = 4213178368                             {manageable} {ergonomic}
     bool UseCompressedOops                        = true                           {product lp64_product} {ergonomic}
     bool UseG1GC                                  = true                                      {product} {ergonomic}
     bool UseLargePagesIndividualAllocation        = false                                  {pd product} {ergonomic}

Logging:
Log output configuration:
 #0: stdout all=warning uptime,level,tags foldmultilines=false
 #1: stderr all=off uptime,level,tags foldmultilines=false

Environment Variables:
JAVA_HOME=C:\Program Files\Java\jdk-21
PATH=C:\Program Files\Common Files\Oracle\Java\javapath;C:\windows\system32;C:\windows;C:\windows\System32\Wbem;C:\windows\System32\WindowsPowerShell\v1.0\;C:\windows\System32\OpenSSH\;C:\Program Files (x86)\NVIDIA Corporation\PhysX\Common;C:\Program Files\NVIDIA Corporation\NVIDIA NvDLISR;C:\WINDOWS\system32;C:\WINDOWS;C:\WINDOWS\System32\Wbem;C:\WINDOWS\System32\WindowsPowerShell\v1.0\;C:\WINDOWS\System32\OpenSSH\;C:\Program Files\MySQL\MySQL Shell 8.0\bin\;C:\Users\amrit\AppData\Local\Microsoft\WindowsApps;
USERNAME=amrit
OS=Windows_NT
PROCESSOR_IDENTIFIER=Intel64 Family 6 Model 151 Stepping 2, GenuineIntel
TMP=C:\Users\amrit\AppData\Local\Temp
TEMP=C:\Users\amrit\AppData\Local\Temp




Periodic native trim disabled

---------------  S Y S T E M  ---------------

OS:
 Windows 11 , 64 bit Build 22621 (10.0.22621.3085)
OS uptime: 15 days 21:20 hours
Hyper-V role detected

CPU: total 20 (initial active 20) (10 cores per cpu, 2 threads per core) family 6 model 151 stepping 2 microcode 0x2e, cx8, cmov, fxsr, ht, mmx, 3dnowpref, sse, sse2, sse3, ssse3, sse4.1, sse4.2, popcnt, lzcnt, tsc, tscinvbit, avx, avx2, aes, erms, clmul, bmi1, bmi2, adx, sha, fma, vzeroupper, clflush, clflushopt, clwb, hv, serialize, rdtscp, rdpid, fsrm, f16c, cet_ibt, cet_ss
Processor Information for processor 0
  Max Mhz: 2100, Current Mhz: 2100, Mhz Limit: 2100
Processor Information for processor 1
  Max Mhz: 2100, Current Mhz: 2100, Mhz Limit: 2100
Processor Information for processor 2
  Max Mhz: 2100, Current Mhz: 2100, Mhz Limit: 2100
Processor Information for processor 3
  Max Mhz: 2100, Current Mhz: 2100, Mhz Limit: 2100
Processor Information for processor 4
  Max Mhz: 2100, Current Mhz: 2100, Mhz Limit: 2100
Processor Information for processor 5
  Max Mhz: 2100, Current Mhz: 2100, Mhz Limit: 2100
Processor Information for processor 6
  Max Mhz: 2100, Current Mhz: 2100, Mhz Limit: 2100
Processor Information for processor 7
  Max Mhz: 2100, Current Mhz: 2100, Mhz Limit: 2100
Processor Information for processor 8
  Max Mhz: 2100, Current Mhz: 2100, Mhz Limit: 2100
Processor Information for processor 9
  Max Mhz: 2100, Current Mhz: 2100, Mhz Limit: 2100
Processor Information for processor 10
  Max Mhz: 2100, Current Mhz: 2100, Mhz Limit: 2100
Processor Information for processor 11
  Max Mhz: 2100, Current Mhz: 2100, Mhz Limit: 2100
Processor Information for processor 12
  Max Mhz: 2100, Current Mhz: 2100, Mhz Limit: 2100
Processor Information for processor 13
  Max Mhz: 2100, Current Mhz: 2100, Mhz Limit: 2100
Processor Information for processor 14
  Max Mhz: 2100, Current Mhz: 2100, Mhz Limit: 2100
Processor Information for processor 15
  Max Mhz: 2100, Current Mhz: 2100, Mhz Limit: 2100
Processor Information for processor 16
  Max Mhz: 2100, Current Mhz: 1600, Mhz Limit: 1596
Processor Information for processor 17
  Max Mhz: 2100, Current Mhz: 1600, Mhz Limit: 1596
Processor Information for processor 18
  Max Mhz: 2100, Current Mhz: 1600, Mhz Limit: 1596
Processor Information for processor 19
  Max Mhz: 2100, Current Mhz: 1600, Mhz Limit: 1596

Memory: 4k page, system-wide physical 16065M (5227M free)
TotalPageFile size 65217M (AvailPageFile size 0M)
current process WorkingSet (physical memory assigned to process): 32M, peak: 110M
current process commit charge ("private bytes"): 370M, peak: 380M

vm_info: Java HotSpot(TM) 64-Bit Server VM (21.0.2+13-LTS-58) for windows-amd64 JRE (21.0.2+13-LTS-58), built on 2024-01-05T18:32:24Z by "mach5one" with MS VC++ 17.1 (VS2022)

END.
